16:11:30.641 [main                     ] DEBUG Logger               - Configured Logger
16:11:30.664 [main                     ] DEBUG GameApplication      - Logging settings
Title: Escape
Version: 0.1
Width: 800
Height: 500
Fullscreen: false
Intro: false
Profiling: false
Single step:false
App Mode: DEVELOPER
Menu Key: ESCAPE
Stage Style: DECORATED
Scene Factory: class com.almasb.fxgl.app.scene.SceneFactory

16:11:31.590 [JavaFX Application Thread] DEBUG FXGLApplication      - Initializing FXGL
16:11:31.595 [JavaFX Application Thread] INFO  Engine               - FXGL-17.2 (20.08.2022 16.50) on WINDOWS (J:17.0.5 FX:18)
16:11:31.596 [JavaFX Application Thread] DEBUG Engine               - JRE Vendor Name: Oracle Corporation
16:11:31.596 [JavaFX Application Thread] DEBUG Engine               - Running on OS: Windows 11 version 10.0
16:11:31.596 [JavaFX Application Thread] DEBUG Engine               - Architecture: amd64
16:11:31.596 [JavaFX Application Thread] INFO  Engine               - Source code and latest versions at: https://github.com/AlmasB/FXGL
16:11:31.596 [JavaFX Application Thread] INFO  Engine               -       Ask questions and discuss at: https://github.com/AlmasB/FXGL/discussions
16:11:31.596 [JavaFX Application Thread] INFO  Engine               -              Join the FXGL chat at: https://gitter.im/AlmasB/FXGL
16:11:31.682 [JavaFX Application Thread] DEBUG PrimaryStageWindow   - Creating a JavaFX scene
16:11:31.751 [JavaFX Application Thread] DEBUG PrimaryStageWindow   - Target settings size: 800.0 x 500.0
16:11:31.751 [JavaFX Application Thread] DEBUG PrimaryStageWindow   - Scaled scene size:    800.0 x 500.0
16:11:31.752 [JavaFX Application Thread] DEBUG PrimaryStageWindow   - Scaled ratio: (1.0, 1.0)
16:11:31.752 [JavaFX Application Thread] DEBUG PrimaryStageWindow   - Set initial scene to FXGLStartupScene
16:11:31.758 [JavaFX Application Thread] DEBUG PrimaryStageWindow   - Opening main window
16:11:31.832 [JavaFX Application Thread] DEBUG PrimaryStageWindow   - Window border size: (14.66668701171875, 37.33331298828125)
16:11:31.833 [JavaFX Application Thread] DEBUG PrimaryStageWindow   - Scaled size: 800.0 x 500.0
16:11:31.833 [JavaFX Application Thread] DEBUG PrimaryStageWindow   - Scaled ratio: (1.0, 1.0)
16:11:31.833 [JavaFX Application Thread] DEBUG PrimaryStageWindow   - Scene size: 800.0 x 500.0
16:11:31.833 [JavaFX Application Thread] DEBUG PrimaryStageWindow   - Stage size: 814.6666870117188 x 537.3333129882812
16:11:31.843 [FXGL Background Thread 1 ] DEBUG Engine               - Initializing environment variables
16:11:31.873 [FXGL Background Thread 1 ] DEBUG FXGLAssetLoaderServi - User app class for loading assets: class com.Moonhalf.JavaGame.Escape
16:11:31.873 [FXGL Background Thread 1 ] DEBUG GameApplicationServi - Applying CSS: fxgl_dark.css
16:11:31.873 [FXGL Background Thread 1 ] DEBUG FXGLAssetLoaderServi - Loading from file system: jar:file:///C:/Users/Lenovo/.m2/repository/com/github/almasb/fxgl/17.2/fxgl-17.2.jar!/fxglassets/ui/css/fxgl_dark.css
16:11:31.922 [FXGL Background Thread 1 ] DEBUG GameApplicationServi - Initializing application scenes
16:11:32.012 [FXGL Background Thread 1 ] DEBUG GameWorld            - Game world initialized
16:11:32.069 [FXGL Background Thread 1 ] DEBUG PhysicsWorld         - Physics world initialized: appHeight=500, physics.ppm=50.0
16:11:32.070 [FXGL Background Thread 1 ] DEBUG PhysicsWorld         - Using strategy: BRUTE_FORCE
16:11:32.075 [FXGL Background Thread 1 ] DEBUG GameScene            - Game scene initialized: 800x500
16:11:32.087 [FXGL Background Thread 1 ] WARN  FXGL.DefaultMenu     - FXGLDefaultMenu is not designed for resolutions < 800x600
16:11:32.088 [FXGL Background Thread 1 ] DEBUG FXGL.DefaultMenu     - createMenuBodyGameMenu()
16:11:32.099 [FXGL Background Thread 1 ] DEBUG FXGL.DefaultMenu     - createOptionsMenu()
16:11:32.108 [FXGL Background Thread 1 ] DEBUG FXGLAssetLoaderServi - Loading from file system: jar:file:///C:/Users/Lenovo/.m2/repository/com/github/almasb/fxgl/17.2/fxgl-17.2.jar!/fxglassets/textures/particles/smoke.png
16:11:32.254 [FXGL Background Thread 1 ] DEBUG FXGLAssetLoaderServi - Loading from file system: jar:file:///C:/Users/Lenovo/.m2/repository/com/github/almasb/fxgl/17.2/fxgl-17.2.jar!/fxglassets/textures/particles/trace_horizontal.png
16:11:32.275 [FXGL Background Thread 1 ] DEBUG GameApplicationServi - Application scenes initialized
16:11:32.284 [FXGL Background Thread 1 ] DEBUG SystemBundleService  - Loading FXGL system data
16:11:32.288 [FXGL Background Thread 1 ] DEBUG FileSystemAccess     - Reading from: C:\Users\Lenovo\OneDrive - CUHK-Shenzhen\桌面\javaGame\system\fxgl.bundle
16:11:32.293 [FXGL Background Thread 1 ] DEBUG SystemBundleService  - Bundle FXGL: {}
16:11:32.293 [FXGL Background Thread 1 ] DEBUG UpdaterService       - Checking for updates
16:11:32.296 [FXGL Background Thread 4 ] DEBUG FXGLApplication      - Loading fonts
16:11:32.296 [FXGL Background Thread 1 ] DEBUG FXGLApplication      - Loading default localization
16:11:32.296 [FXGL Background Thread 4 ] DEBUG FXGLAssetLoaderServi - Loading from file system: jar:file:///C:/Users/Lenovo/.m2/repository/com/github/almasb/fxgl/17.2/fxgl-17.2.jar!/fxglassets/ui/fonts/VarelaRound-Regular.ttf
16:11:32.297 [FXGL Background Thread 1 ] DEBUG FXGLAssetLoaderServi - Loading from file system: jar:file:///C:/Users/Lenovo/.m2/repository/com/github/almasb/fxgl/17.2/fxgl-17.2.jar!/fxglassets/languages/english.lang
16:11:32.330 [FXGL Background Thread 1 ] INFO  FXGLApplication      - FXGL initialization took: 0.486 sec
16:11:32.332 [JavaFX Application Thread] DEBUG FXGLAssetLoaderServi - Loading from file system: file:/C:/Users/Lenovo/OneDrive%20-%20CUHK-Shenzhen/桌面/javaGame/target/classes/assets/textures/Escape.png
16:11:32.337 [FXGL Background Thread 4 ] DEBUG FXGLAssetLoaderServi - Loading from file system: jar:file:///C:/Users/Lenovo/.m2/repository/com/github/almasb/fxgl/17.2/fxgl-17.2.jar!/fxglassets/ui/fonts/Abel-Regular.ttf
16:11:32.340 [FXGL Background Thread 4 ] DEBUG FXGLAssetLoaderServi - Loading from file system: jar:file:///C:/Users/Lenovo/.m2/repository/com/github/almasb/fxgl/17.2/fxgl-17.2.jar!/fxglassets/ui/fonts/TerminalLandMono-Regular.otf
16:11:32.343 [FXGL Background Thread 4 ] DEBUG FXGLAssetLoaderServi - Loading from file system: jar:file:///C:/Users/Lenovo/.m2/repository/com/github/almasb/fxgl/17.2/fxgl-17.2.jar!/fxglassets/ui/fonts/Courier-Prime.ttf
16:11:32.349 [JavaFX Application Thread] DEBUG FXGLAssetLoaderServi - Loading from file system: jar:file:///C:/Users/Lenovo/.m2/repository/com/github/almasb/fxgl/17.2/fxgl-17.2.jar!/fxglassets/textures/fxgl_default_cursor.png
16:11:32.358 [JavaFX Application Thread] DEBUG Input                - Registered new binding: Screenshot - CTRL+8
16:11:32.359 [JavaFX Application Thread] DEBUG Input                - Registered new binding: System info dump - CTRL+9
16:11:32.360 [JavaFX Application Thread] DEBUG Input                - Registered new binding: Restart - CTRL+R
16:11:32.361 [JavaFX Application Thread] DEBUG Input                - Registered new binding: Toggle Debug Camera - CTRL+7
16:11:32.362 [JavaFX Application Thread] DEBUG LoopRunner           - Starting loop
16:11:32.362 [JavaFX Application Thread] DEBUG LoopRunner           - Initializing JavaFX AnimationTimerLoop
16:11:32.363 [JavaFX Application Thread] DEBUG GameApplicationServi - Starting new game
16:11:32.363 [JavaFX Application Thread] DEBUG Input                - Clearing active input actions
16:11:32.376 [JavaFX Application Thread] DEBUG GameApplicationServi - Removing overlay from FXGLStartupScene and adding to FXGLLoadingScene
16:11:32.376 [JavaFX Application Thread] DEBUG PrimaryStageWindow   - FXGLStartupScene -> FXGLLoadingScene
16:11:32.376 [JavaFX Application Thread] DEBUG GameApplicationServi - Clearing previous game
16:11:32.376 [JavaFX Application Thread] DEBUG GameScene            - Clearing game scene
16:11:32.376 [JavaFX Application Thread] DEBUG GameWorld            - Clearing game world
16:11:32.376 [JavaFX Application Thread] DEBUG PhysicsWorld         - Clearing physics world
16:11:32.378 [FXGL Background Thread 4 ] DEBUG FXGLApplication      - Initializing game
16:11:32.380 [JavaFX Application Thread] DEBUG FXGLApplication      - Registering font factories with UI factory
16:11:32.380 [FXGL Background Thread 4 ] INFO  FXGLApplication      - Game initialization took: 0.001 sec
16:11:32.416 [JavaFX Application Thread] DEBUG Input                - Clearing active input actions
16:11:32.421 [JavaFX Application Thread] DEBUG GameApplicationServi - Removing overlay from FXGLLoadingScene and adding to GameScene
16:11:32.421 [JavaFX Application Thread] DEBUG PrimaryStageWindow   - FXGLLoadingScene -> GameScene
16:11:35.297 [FXGL Background Thread 3 ] DEBUG Engine               - Logging environment variables
16:11:35.297 [FXGL Background Thread 3 ] DEBUG Engine               - achievements: []
16:11:35.297 [FXGL Background Thread 3 ] DEBUG Engine               - actualHeight: 500.0
16:11:35.298 [FXGL Background Thread 3 ] DEBUG Engine               - actualHeightProperty: ReadOnlyDoubleProperty [value: 500.0]
16:11:35.298 [FXGL Background Thread 3 ] DEBUG Engine               - actualWidth: 800.0
16:11:35.298 [FXGL Background Thread 3 ] DEBUG Engine               - actualWidthProperty: ReadOnlyDoubleProperty [value: 800.0]
16:11:35.299 [FXGL Background Thread 3 ] DEBUG Engine               - appIcon: Escape.png
16:11:35.299 [FXGL Background Thread 3 ] DEBUG Engine               - applicationMode: DEVELOPER
16:11:35.299 [FXGL Background Thread 3 ] DEBUG Engine               - cSSList: [fxgl_dark.css]
16:11:35.299 [FXGL Background Thread 3 ] DEBUG Engine               - collisionDetectionStrategy: BRUTE_FORCE
16:11:35.299 [FXGL Background Thread 3 ] DEBUG Engine               - configClass: Optional.empty
16:11:35.299 [FXGL Background Thread 3 ] DEBUG Engine               - credits: []
16:11:35.300 [FXGL Background Thread 3 ] DEBUG Engine               - defaultCursor: CursorInfo(imageName=fxgl_default_cursor.png, hotspotX=7.0, hotspotY=6.0)
16:11:35.300 [FXGL Background Thread 3 ] DEBUG Engine               - devBBoxColorProperty: ObjectProperty [value: 0xff0000ff]
16:11:35.300 [FXGL Background Thread 3 ] DEBUG Engine               - devEnableDebugCameraProperty: BooleanProperty [value: false]
16:11:35.300 [FXGL Background Thread 3 ] DEBUG Engine               - devSensorColorProperty: ObjectProperty [value: 0xffff00ff]
16:11:35.300 [FXGL Background Thread 3 ] DEBUG Engine               - devShowBBoxProperty: BooleanProperty [value: false]
16:11:35.300 [FXGL Background Thread 3 ] DEBUG Engine               - devShowPositionProperty: BooleanProperty [value: false]
16:11:35.300 [FXGL Background Thread 3 ] DEBUG Engine               - enabledMenuItems: []
16:11:35.301 [FXGL Background Thread 3 ] DEBUG Engine               - engineServices: [class com.almasb.fxgl.app.services.FXGLAssetLoaderService, class com.almasb.fxgl.app.FXGLApplication$GameApplicationService, class com.almasb.fxgl.app.services.FXGLDialogService, class com.almasb.fxgl.app.services.IOTaskExecutorService, class com.almasb.fxgl.io.FileSystemService, class com.almasb.fxgl.localization.LocalizationService, class com.almasb.fxgl.app.services.SystemBundleService, class com.almasb.fxgl.profile.SaveLoadService, class com.almasb.fxgl.ui.FXGLUIFactoryServiceProvider, class com.almasb.fxgl.ui.FXGLDialogFactoryServiceProvider, class com.almasb.fxgl.audio.AudioPlayer, class com.almasb.fxgl.notification.impl.NotificationServiceProvider, class com.almasb.fxgl.achievement.AchievementService, class com.almasb.fxgl.cutscene.CutsceneService, class com.almasb.fxgl.minigames.MiniGameService, class com.almasb.fxgl.net.NetService, class com.almasb.fxgl.app.services.UpdaterService, class com.almasb.fxgl.dev.DevService]
16:11:35.301 [FXGL Background Thread 3 ] DEBUG Engine               - fontGame: Abel-Regular.ttf
16:11:35.301 [FXGL Background Thread 3 ] DEBUG Engine               - fontMono: TerminalLandMono-Regular.otf
16:11:35.301 [FXGL Background Thread 3 ] DEBUG Engine               - fontText: Courier-Prime.ttf
16:11:35.302 [FXGL Background Thread 3 ] DEBUG Engine               - fontUI: VarelaRound-Regular.ttf
16:11:35.302 [FXGL Background Thread 3 ] DEBUG Engine               - fullScreen: BooleanProperty [value: false]
16:11:35.302 [FXGL Background Thread 3 ] DEBUG Engine               - gameDifficulty: MEDIUM
16:11:35.302 [FXGL Background Thread 3 ] DEBUG Engine               - gameDifficultyProperty: ObjectProperty [value: MEDIUM]
16:11:35.302 [FXGL Background Thread 3 ] DEBUG Engine               - globalMusicVolume: 0.5
16:11:35.303 [FXGL Background Thread 3 ] DEBUG Engine               - globalMusicVolumeProperty: DoubleProperty [value: 0.5]
16:11:35.303 [FXGL Background Thread 3 ] DEBUG Engine               - globalSoundVolume: 0.5
16:11:35.303 [FXGL Background Thread 3 ] DEBUG Engine               - globalSoundVolumeProperty: DoubleProperty [value: 0.5]
16:11:35.303 [FXGL Background Thread 3 ] DEBUG Engine               - height: 500
16:11:35.303 [FXGL Background Thread 3 ] DEBUG Engine               - is3D: false
16:11:35.303 [FXGL Background Thread 3 ] DEBUG Engine               - isAndroid: false
16:11:35.303 [FXGL Background Thread 3 ] DEBUG Engine               - isBrowser: false
16:11:35.303 [FXGL Background Thread 3 ] DEBUG Engine               - isClickFeedbackEnabled: false
16:11:35.303 [FXGL Background Thread 3 ] DEBUG Engine               - isCloseConfirmation: false
16:11:35.303 [FXGL Background Thread 3 ] DEBUG Engine               - isDesktop: true
16:11:35.303 [FXGL Background Thread 3 ] DEBUG Engine               - isDeveloperMenuEnabled: false
16:11:35.303 [FXGL Background Thread 3 ] DEBUG Engine               - isEmbedded: false
16:11:35.303 [FXGL Background Thread 3 ] DEBUG Engine               - isEntityPreloadEnabled: true
16:11:35.303 [FXGL Background Thread 3 ] DEBUG Engine               - isExperimentalTiledLargeMap: false
16:11:35.303 [FXGL Background Thread 3 ] DEBUG Engine               - isFileSystemWriteAllowed: true
16:11:35.303 [FXGL Background Thread 3 ] DEBUG Engine               - isFullScreenAllowed: false
16:11:35.303 [FXGL Background Thread 3 ] DEBUG Engine               - isFullScreenFromStart: false
16:11:35.303 [FXGL Background Thread 3 ] DEBUG Engine               - isGameMenuEnabled: true
16:11:35.303 [FXGL Background Thread 3 ] DEBUG Engine               - isIOS: false
16:11:35.303 [FXGL Background Thread 3 ] DEBUG Engine               - isIntroEnabled: false
16:11:35.303 [FXGL Background Thread 3 ] DEBUG Engine               - isLinux: false
16:11:35.303 [FXGL Background Thread 3 ] DEBUG Engine               - isMac: false
16:11:35.303 [FXGL Background Thread 3 ] DEBUG Engine               - isMainMenuEnabled: false
16:11:35.303 [FXGL Background Thread 3 ] DEBUG Engine               - isManualResizeEnabled: false
16:11:35.303 [FXGL Background Thread 3 ] DEBUG Engine               - isMobile: false
16:11:35.303 [FXGL Background Thread 3 ] DEBUG Engine               - isNative: false
16:11:35.303 [FXGL Background Thread 3 ] DEBUG Engine               - isPauseMusicWhenMinimized: true
16:11:35.303 [FXGL Background Thread 3 ] DEBUG Engine               - isPreserveResizeRatio: false
16:11:35.303 [FXGL Background Thread 3 ] DEBUG Engine               - isProfilingEnabled: false
16:11:35.304 [FXGL Background Thread 3 ] DEBUG Engine               - isScaleAffectedOnResize: true
16:11:35.304 [FXGL Background Thread 3 ] DEBUG Engine               - isSingleStep: false
16:11:35.304 [FXGL Background Thread 3 ] DEBUG Engine               - isUserProfileEnabled: false
16:11:35.304 [FXGL Background Thread 3 ] DEBUG Engine               - isWindows: true
16:11:35.304 [FXGL Background Thread 3 ] DEBUG Engine               - language: ObjectProperty [value: ENGLISH]
16:11:35.304 [FXGL Background Thread 3 ] DEBUG Engine               - menuKey: ESCAPE
16:11:35.304 [FXGL Background Thread 3 ] DEBUG Engine               - mouseSensitivity: 0.2
16:11:35.304 [FXGL Background Thread 3 ] DEBUG Engine               - notificationViewClass: class com.almasb.fxgl.notification.view.XboxNotificationView
16:11:35.304 [FXGL Background Thread 3 ] DEBUG Engine               - pixelsPerMeter: 50.0
16:11:35.304 [FXGL Background Thread 3 ] DEBUG Engine               - platform: WINDOWS
16:11:35.304 [FXGL Background Thread 3 ] DEBUG Engine               - prefHeightProperty: ReadOnlyDoubleProperty [value: 500.0]
16:11:35.304 [FXGL Background Thread 3 ] DEBUG Engine               - prefWidthProperty: ReadOnlyDoubleProperty [value: 800.0]
16:11:35.304 [FXGL Background Thread 3 ] DEBUG Engine               - profileDir: profiles/
16:11:35.304 [FXGL Background Thread 3 ] DEBUG Engine               - profileName: StringProperty [value: DEFAULT]
16:11:35.304 [FXGL Background Thread 3 ] DEBUG Engine               - randomSeed: -1
16:11:35.304 [FXGL Background Thread 3 ] DEBUG Engine               - runtimeInfo: RuntimeInfo(platform=WINDOWS, version=17.2, build=20.08.2022 16.50)
16:11:35.304 [FXGL Background Thread 3 ] DEBUG Engine               - saveFileExt: sav
16:11:35.304 [FXGL Background Thread 3 ] DEBUG Engine               - scaledHeightProp$fxgl: DoubleProperty [bound, value: 500.0]
16:11:35.304 [FXGL Background Thread 3 ] DEBUG Engine               - scaledWidthProp$fxgl: DoubleProperty [bound, value: 800.0]
16:11:35.304 [FXGL Background Thread 3 ] DEBUG Engine               - sceneFactory: com.almasb.fxgl.app.scene.SceneFactory@21c218dc
16:11:35.304 [FXGL Background Thread 3 ] DEBUG Engine               - secondsIn24h: 60
16:11:35.304 [FXGL Background Thread 3 ] DEBUG Engine               - soundMenuBack: menu/back.wav
16:11:35.304 [FXGL Background Thread 3 ] DEBUG Engine               - soundMenuPress: menu/press.wav
16:11:35.304 [FXGL Background Thread 3 ] DEBUG Engine               - soundMenuSelect: menu/select.wav
16:11:35.304 [FXGL Background Thread 3 ] DEBUG Engine               - soundNotification: core/notification.wav
16:11:35.305 [FXGL Background Thread 3 ] DEBUG Engine               - stageStyle: DECORATED
16:11:35.305 [FXGL Background Thread 3 ] DEBUG Engine               - supportedLanguages: [ENGLISH, FRENCH, GERMAN, HUNGARIAN, RUSSIAN]
16:11:35.305 [FXGL Background Thread 3 ] DEBUG Engine               - ticksPerSecond: -1
16:11:35.305 [FXGL Background Thread 3 ] DEBUG Engine               - title: Escape
16:11:35.305 [FXGL Background Thread 3 ] DEBUG Engine               - urlGithub: https://github.com/AlmasB/FXGL
16:11:35.305 [FXGL Background Thread 3 ] DEBUG Engine               - urlLeaderboard: http://fxgl-top.herokuapp.com/
16:11:35.305 [FXGL Background Thread 3 ] DEBUG Engine               - urlPOM: https://raw.githubusercontent.com/AlmasB/FXGL/release/README.md
16:11:35.305 [FXGL Background Thread 3 ] DEBUG Engine               - userAppClass: class com.Moonhalf.JavaGame.Escape
16:11:35.305 [FXGL Background Thread 3 ] DEBUG Engine               - version: 0.1
16:11:35.305 [FXGL Background Thread 3 ] DEBUG Engine               - versionCheckDays: 7
16:11:35.305 [FXGL Background Thread 3 ] DEBUG Engine               - width: 800
16:11:35.305 [FXGL Background Thread 3 ] DEBUG Engine               - Logging services
16:11:35.305 [FXGL Background Thread 3 ] DEBUG Engine               - class com.almasb.fxgl.app.services.FXGLAssetLoaderService
16:11:35.305 [FXGL Background Thread 3 ] DEBUG Engine               - class com.almasb.fxgl.app.FXGLApplication$GameApplicationService
16:11:35.305 [FXGL Background Thread 3 ] DEBUG Engine               - class com.almasb.fxgl.app.services.FXGLDialogService
16:11:35.305 [FXGL Background Thread 3 ] DEBUG Engine               - class com.almasb.fxgl.app.services.IOTaskExecutorService
16:11:35.305 [FXGL Background Thread 3 ] DEBUG Engine               - class com.almasb.fxgl.io.FileSystemService
16:11:35.305 [FXGL Background Thread 3 ] DEBUG Engine               - class com.almasb.fxgl.localization.LocalizationService
16:11:35.305 [FXGL Background Thread 3 ] DEBUG Engine               - class com.almasb.fxgl.app.services.SystemBundleService
16:11:35.306 [FXGL Background Thread 3 ] DEBUG Engine               - class com.almasb.fxgl.profile.SaveLoadService
16:11:35.306 [FXGL Background Thread 3 ] DEBUG Engine               - class com.almasb.fxgl.ui.FXGLUIFactoryServiceProvider
16:11:35.306 [FXGL Background Thread 3 ] DEBUG Engine               - class com.almasb.fxgl.ui.FXGLDialogFactoryServiceProvider
16:11:35.306 [FXGL Background Thread 3 ] DEBUG Engine               - class com.almasb.fxgl.audio.AudioPlayer
16:11:35.306 [FXGL Background Thread 3 ] DEBUG Engine               - class com.almasb.fxgl.notification.impl.NotificationServiceProvider
16:11:35.306 [FXGL Background Thread 3 ] DEBUG Engine               - class com.almasb.fxgl.achievement.AchievementService
16:11:35.306 [FXGL Background Thread 3 ] DEBUG Engine               - class com.almasb.fxgl.cutscene.CutsceneService
16:11:35.306 [FXGL Background Thread 3 ] DEBUG Engine               - class com.almasb.fxgl.minigames.MiniGameService
16:11:35.306 [FXGL Background Thread 3 ] DEBUG Engine               - class com.almasb.fxgl.net.NetService
16:11:35.306 [FXGL Background Thread 3 ] DEBUG Engine               - class com.almasb.fxgl.app.services.UpdaterService
16:11:35.306 [FXGL Background Thread 3 ] DEBUG Engine               - class com.almasb.fxgl.dev.DevService
16:11:56.444 [JavaFX Application Thread] DEBUG FXGLApplication      - Exiting FXGL
16:11:56.446 [JavaFX Application Thread] DEBUG LoopRunner           - Stopping loop
16:11:56.446 [JavaFX Application Thread] DEBUG SystemBundleService  - Saving FXGL system data
16:11:56.447 [JavaFX Application Thread] DEBUG FileSystemAccess     - Writing to: C:\Users\Lenovo\OneDrive - CUHK-Shenzhen\桌面\javaGame\system\fxgl.bundle
16:11:56.449 [JavaFX Application Thread] DEBUG Async                - Shutting down background threads
16:11:56.449 [JavaFX Application Thread] DEBUG PrimaryStageWindow   - Closing main window
16:11:56.487 [JavaFX Application Thread] DEBUG Logger               - Closing Logger
