17:06:26.451 [main                     ] DEBUG Logger               - Configured Logger
17:06:26.470 [main                     ] DEBUG GameApplication      - Logging settings
Title: Escape
Version: 0.1
Width: 900
Height: 900
Fullscreen: false
Intro: false
Profiling: false
Single step:false
App Mode: DEVELOPER
Menu Key: ESCAPE
Stage Style: DECORATED
Scene Factory: class com.almasb.fxgl.app.scene.SceneFactory

17:06:26.726 [JavaFX Application Thread] DEBUG FXGLApplication      - Initializing FXGL
17:06:26.731 [JavaFX Application Thread] INFO  Engine               - FXGL-17.2 (20.08.2022 16.50) on WINDOWS (J:17.0.5 FX:18)
17:06:26.731 [JavaFX Application Thread] DEBUG Engine               - JRE Vendor Name: Oracle Corporation
17:06:26.731 [JavaFX Application Thread] DEBUG Engine               - Running on OS: Windows 11 version 10.0
17:06:26.731 [JavaFX Application Thread] DEBUG Engine               - Architecture: amd64
17:06:26.731 [JavaFX Application Thread] INFO  Engine               - Source code and latest versions at: https://github.com/AlmasB/FXGL
17:06:26.731 [JavaFX Application Thread] INFO  Engine               -       Ask questions and discuss at: https://github.com/AlmasB/FXGL/discussions
17:06:26.731 [JavaFX Application Thread] INFO  Engine               -              Join the FXGL chat at: https://gitter.im/AlmasB/FXGL
17:06:26.780 [JavaFX Application Thread] DEBUG PrimaryStageWindow   - Creating a JavaFX scene
17:06:26.803 [JavaFX Application Thread] DEBUG PrimaryStageWindow   - Target settings size: 900.0 x 900.0
17:06:26.804 [JavaFX Application Thread] DEBUG PrimaryStageWindow   - Scaled scene size:    900.0 x 900.0
17:06:26.804 [JavaFX Application Thread] DEBUG PrimaryStageWindow   - Scaled ratio: (1.0, 1.0)
17:06:26.804 [JavaFX Application Thread] DEBUG PrimaryStageWindow   - Set initial scene to FXGLStartupScene
17:06:26.808 [JavaFX Application Thread] DEBUG PrimaryStageWindow   - Opening main window
17:06:26.854 [JavaFX Application Thread] DEBUG PrimaryStageWindow   - Window border size: (14.66668701171875, 37.33331298828125)
17:06:26.854 [JavaFX Application Thread] DEBUG PrimaryStageWindow   - Scaled size: 900.0 x 900.0
17:06:26.855 [JavaFX Application Thread] DEBUG PrimaryStageWindow   - Scaled ratio: (1.0, 1.0)
17:06:26.855 [JavaFX Application Thread] DEBUG PrimaryStageWindow   - Scene size: 900.0 x 900.0
17:06:26.855 [JavaFX Application Thread] DEBUG PrimaryStageWindow   - Stage size: 914.6666870117188 x 937.3333129882812
17:06:26.860 [FXGL Background Thread 1 ] DEBUG Engine               - Initializing environment variables
17:06:26.881 [FXGL Background Thread 1 ] DEBUG FXGLAssetLoaderServi - User app class for loading assets: class com.Moonhalf.EscapeApp
17:06:26.881 [FXGL Background Thread 1 ] DEBUG GameApplicationServi - Applying CSS: fxgl_dark.css
17:06:26.882 [FXGL Background Thread 1 ] DEBUG FXGLAssetLoaderServi - Loading from file system: jar:file:///C:/Users/Lenovo/.m2/repository/com/github/almasb/fxgl/17.2/fxgl-17.2.jar!/fxglassets/ui/css/fxgl_dark.css
17:06:26.911 [FXGL Background Thread 1 ] DEBUG GameApplicationServi - Initializing application scenes
17:06:26.947 [FXGL Background Thread 1 ] DEBUG GameWorld            - Game world initialized
17:06:26.984 [FXGL Background Thread 1 ] DEBUG PhysicsWorld         - Physics world initialized: appHeight=900, physics.ppm=50.0
17:06:26.984 [FXGL Background Thread 1 ] DEBUG PhysicsWorld         - Using strategy: BRUTE_FORCE
17:06:26.988 [FXGL Background Thread 1 ] DEBUG GameScene            - Game scene initialized: 900x900
17:06:26.996 [FXGL Background Thread 1 ] DEBUG FXGL.DefaultMenu     - createMenuBodyGameMenu()
17:06:27.005 [FXGL Background Thread 1 ] DEBUG FXGL.DefaultMenu     - createOptionsMenu()
17:06:27.011 [FXGL Background Thread 1 ] DEBUG FXGLAssetLoaderServi - Loading from file system: jar:file:///C:/Users/Lenovo/.m2/repository/com/github/almasb/fxgl/17.2/fxgl-17.2.jar!/fxglassets/textures/particles/smoke.png
17:06:27.063 [FXGL Background Thread 1 ] DEBUG FXGLAssetLoaderServi - Loading from file system: jar:file:///C:/Users/Lenovo/.m2/repository/com/github/almasb/fxgl/17.2/fxgl-17.2.jar!/fxglassets/textures/particles/trace_horizontal.png
17:06:27.082 [FXGL Background Thread 1 ] DEBUG GameApplicationServi - Application scenes initialized
17:06:27.090 [FXGL Background Thread 1 ] DEBUG SystemBundleService  - Loading FXGL system data
17:06:27.093 [FXGL Background Thread 1 ] DEBUG FileSystemAccess     - Reading from: C:\Users\Lenovo\OneDrive - CUHK-Shenzhen\桌面\javaGame\system\fxgl.bundle
17:06:27.097 [FXGL Background Thread 1 ] DEBUG SystemBundleService  - Bundle FXGL: {}
17:06:27.097 [FXGL Background Thread 1 ] DEBUG UpdaterService       - Checking for updates
17:06:27.099 [FXGL Background Thread 4 ] DEBUG FXGLApplication      - Loading fonts
17:06:27.099 [FXGL Background Thread 1 ] DEBUG FXGLApplication      - Loading default localization
17:06:27.100 [FXGL Background Thread 4 ] DEBUG FXGLAssetLoaderServi - Loading from file system: jar:file:///C:/Users/Lenovo/.m2/repository/com/github/almasb/fxgl/17.2/fxgl-17.2.jar!/fxglassets/ui/fonts/VarelaRound-Regular.ttf
17:06:27.100 [FXGL Background Thread 1 ] DEBUG FXGLAssetLoaderServi - Loading from file system: jar:file:///C:/Users/Lenovo/.m2/repository/com/github/almasb/fxgl/17.2/fxgl-17.2.jar!/fxglassets/languages/english.lang
17:06:27.110 [FXGL Background Thread 1 ] INFO  FXGLApplication      - FXGL initialization took: 0.251 sec
17:06:27.112 [JavaFX Application Thread] DEBUG FXGLAssetLoaderServi - Loading from file system: file:/C:/Users/Lenovo/OneDrive%20-%20CUHK-Shenzhen/桌面/javaGame/target/classes/assets/textures/Escape.png
17:06:27.122 [JavaFX Application Thread] DEBUG FXGLAssetLoaderServi - Loading from file system: jar:file:///C:/Users/Lenovo/.m2/repository/com/github/almasb/fxgl/17.2/fxgl-17.2.jar!/fxglassets/textures/fxgl_default_cursor.png
17:06:27.142 [JavaFX Application Thread] DEBUG Input                - Registered new binding: Screenshot - CTRL+8
17:06:27.143 [JavaFX Application Thread] DEBUG Input                - Registered new binding: System info dump - CTRL+9
17:06:27.144 [JavaFX Application Thread] DEBUG Input                - Registered new binding: Restart - CTRL+R
17:06:27.144 [JavaFX Application Thread] DEBUG Input                - Registered new binding: Toggle Debug Camera - CTRL+7
17:06:27.147 [JavaFX Application Thread] DEBUG LoopRunner           - Starting loop
17:06:27.147 [JavaFX Application Thread] DEBUG LoopRunner           - Initializing JavaFX AnimationTimerLoop
17:06:27.149 [JavaFX Application Thread] DEBUG GameApplicationServi - Starting new game
17:06:27.149 [JavaFX Application Thread] DEBUG Input                - Clearing active input actions
17:06:27.150 [FXGL Background Thread 4 ] DEBUG FXGLAssetLoaderServi - Loading from file system: jar:file:///C:/Users/Lenovo/.m2/repository/com/github/almasb/fxgl/17.2/fxgl-17.2.jar!/fxglassets/ui/fonts/Abel-Regular.ttf
17:06:27.152 [FXGL Background Thread 4 ] DEBUG FXGLAssetLoaderServi - Loading from file system: jar:file:///C:/Users/Lenovo/.m2/repository/com/github/almasb/fxgl/17.2/fxgl-17.2.jar!/fxglassets/ui/fonts/TerminalLandMono-Regular.otf
17:06:27.155 [FXGL Background Thread 4 ] DEBUG FXGLAssetLoaderServi - Loading from file system: jar:file:///C:/Users/Lenovo/.m2/repository/com/github/almasb/fxgl/17.2/fxgl-17.2.jar!/fxglassets/ui/fonts/Courier-Prime.ttf
17:06:27.160 [JavaFX Application Thread] DEBUG GameApplicationServi - Removing overlay from FXGLStartupScene and adding to FXGLLoadingScene
17:06:27.160 [JavaFX Application Thread] DEBUG PrimaryStageWindow   - FXGLStartupScene -> FXGLLoadingScene
17:06:27.160 [JavaFX Application Thread] DEBUG GameApplicationServi - Clearing previous game
17:06:27.160 [JavaFX Application Thread] DEBUG GameScene            - Clearing game scene
17:06:27.161 [JavaFX Application Thread] DEBUG GameWorld            - Clearing game world
17:06:27.161 [JavaFX Application Thread] DEBUG PhysicsWorld         - Clearing physics world
17:06:27.161 [FXGL Background Thread 4 ] DEBUG FXGLApplication      - Initializing game
17:06:27.175 [FXGL Background Thread 4 ] DEBUG FXGLAssetLoaderServi - Loading from file system: file:/C:/Users/Lenovo/OneDrive%20-%20CUHK-Shenzhen/桌面/javaGame/target/classes/assets/textures/Background.jpg
17:06:27.191 [FXGL Background Thread 4 ] DEBUG FXGLAssetLoaderServi - Loading from file system: file:/C:/Users/Lenovo/OneDrive%20-%20CUHK-Shenzhen/桌面/javaGame/target/classes/assets/textures/ArrowR.png
17:06:27.197 [JavaFX Application Thread] DEBUG FXGLApplication      - Registering font factories with UI factory
17:06:27.204 [FXGL Background Thread 4 ] DEBUG FXGLAssetLoaderServi - Loading from file system: file:/C:/Users/Lenovo/OneDrive%20-%20CUHK-Shenzhen/桌面/javaGame/target/classes/assets/textures/Stage1/Stage1%20Door.png
17:06:27.225 [FXGL Background Thread 4 ] DEBUG FXGLAssetLoaderServi - Loading from file system: file:/C:/Users/Lenovo/OneDrive%20-%20CUHK-Shenzhen/桌面/javaGame/target/classes/assets/textures/Stage1/Stage1%20Curtain.png
17:06:27.242 [FXGL Background Thread 4 ] INFO  FXGLApplication      - Game initialization took: 0.080 sec
17:06:27.252 [JavaFX Application Thread] DEBUG Input                - Clearing active input actions
17:06:27.257 [JavaFX Application Thread] DEBUG GameApplicationServi - Removing overlay from FXGLLoadingScene and adding to GameScene
17:06:27.257 [JavaFX Application Thread] DEBUG PrimaryStageWindow   - FXGLLoadingScene -> GameScene
17:06:27.543 [FXGL Background Thread 2 ] INFO  UpdaterService       - Your current version:  17.2
17:06:27.543 [FXGL Background Thread 2 ] INFO  UpdaterService       - Latest stable version: 17.3
17:06:27.747 [JavaFX Application Thread] DEBUG FXGLAssetLoaderServi - Loading from file system: file:/C:/Users/Lenovo/OneDrive%20-%20CUHK-Shenzhen/桌面/javaGame/target/classes/assets/textures/Stage2/Stage2%20Chair.png
17:06:27.757 [JavaFX Application Thread] DEBUG FXGLAssetLoaderServi - Loading from file system: file:/C:/Users/Lenovo/OneDrive%20-%20CUHK-Shenzhen/桌面/javaGame/target/classes/assets/textures/Stage2/Stage2%20Clock.png
17:06:27.764 [JavaFX Application Thread] DEBUG FXGLAssetLoaderServi - Loading from file system: file:/C:/Users/Lenovo/OneDrive%20-%20CUHK-Shenzhen/桌面/javaGame/target/classes/assets/textures/Stage2/Stage2%20Drawer.png
17:06:29.569 [JavaFX Application Thread] DEBUG FXGLAssetLoaderServi - Loading from file system: file:/C:/Users/Lenovo/OneDrive%20-%20CUHK-Shenzhen/桌面/javaGame/target/classes/assets/textures/Stage2/Drawer%20Click.jpg
17:06:29.577 [JavaFX Application Thread] DEBUG FXGLAssetLoaderServi - Loading from file system: file:/C:/Users/Lenovo/OneDrive%20-%20CUHK-Shenzhen/桌面/javaGame/target/classes/assets/textures/Stage2/D1.png
17:06:29.580 [JavaFX Application Thread] DEBUG FXGLAssetLoaderServi - Loading from file system: file:/C:/Users/Lenovo/OneDrive%20-%20CUHK-Shenzhen/桌面/javaGame/target/classes/assets/textures/Stage2/D2.png
17:06:29.582 [JavaFX Application Thread] DEBUG FXGLAssetLoaderServi - Loading from file system: file:/C:/Users/Lenovo/OneDrive%20-%20CUHK-Shenzhen/桌面/javaGame/target/classes/assets/textures/Stage2/D3.png
17:06:29.584 [JavaFX Application Thread] DEBUG FXGLAssetLoaderServi - Loading from file system: file:/C:/Users/Lenovo/OneDrive%20-%20CUHK-Shenzhen/桌面/javaGame/target/classes/assets/textures/Stage2/D4.png
17:06:29.587 [JavaFX Application Thread] DEBUG FXGLAssetLoaderServi - Loading from file system: file:/C:/Users/Lenovo/OneDrive%20-%20CUHK-Shenzhen/桌面/javaGame/target/classes/assets/textures/ArrowD.png
17:06:30.099 [FXGL Background Thread 3 ] DEBUG Engine               - Logging environment variables
17:06:30.100 [FXGL Background Thread 3 ] DEBUG Engine               - achievements: []
17:06:30.101 [FXGL Background Thread 3 ] DEBUG Engine               - actualHeight: 900.0
17:06:30.101 [FXGL Background Thread 3 ] DEBUG Engine               - actualHeightProperty: ReadOnlyDoubleProperty [value: 900.0]
17:06:30.101 [FXGL Background Thread 3 ] DEBUG Engine               - actualWidth: 900.0
17:06:30.101 [FXGL Background Thread 3 ] DEBUG Engine               - actualWidthProperty: ReadOnlyDoubleProperty [value: 900.0]
17:06:30.101 [FXGL Background Thread 3 ] DEBUG Engine               - appIcon: Escape.png
17:06:30.102 [FXGL Background Thread 3 ] DEBUG Engine               - applicationMode: DEVELOPER
17:06:30.102 [FXGL Background Thread 3 ] DEBUG Engine               - cSSList: [fxgl_dark.css]
17:06:30.102 [FXGL Background Thread 3 ] DEBUG Engine               - collisionDetectionStrategy: BRUTE_FORCE
17:06:30.102 [FXGL Background Thread 3 ] DEBUG Engine               - configClass: Optional.empty
17:06:30.102 [FXGL Background Thread 3 ] DEBUG Engine               - credits: []
17:06:30.102 [FXGL Background Thread 3 ] DEBUG Engine               - defaultCursor: CursorInfo(imageName=fxgl_default_cursor.png, hotspotX=7.0, hotspotY=6.0)
17:06:30.103 [FXGL Background Thread 3 ] DEBUG Engine               - devBBoxColorProperty: ObjectProperty [value: 0xff0000ff]
17:06:30.103 [FXGL Background Thread 3 ] DEBUG Engine               - devEnableDebugCameraProperty: BooleanProperty [value: false]
17:06:30.103 [FXGL Background Thread 3 ] DEBUG Engine               - devSensorColorProperty: ObjectProperty [value: 0xffff00ff]
17:06:30.103 [FXGL Background Thread 3 ] DEBUG Engine               - devShowBBoxProperty: BooleanProperty [value: false]
17:06:30.103 [FXGL Background Thread 3 ] DEBUG Engine               - devShowPositionProperty: BooleanProperty [value: false]
17:06:30.103 [FXGL Background Thread 3 ] DEBUG Engine               - enabledMenuItems: []
17:06:30.103 [FXGL Background Thread 3 ] DEBUG Engine               - engineServices: [class com.almasb.fxgl.app.services.FXGLAssetLoaderService, class com.almasb.fxgl.app.FXGLApplication$GameApplicationService, class com.almasb.fxgl.app.services.FXGLDialogService, class com.almasb.fxgl.app.services.IOTaskExecutorService, class com.almasb.fxgl.io.FileSystemService, class com.almasb.fxgl.localization.LocalizationService, class com.almasb.fxgl.app.services.SystemBundleService, class com.almasb.fxgl.profile.SaveLoadService, class com.almasb.fxgl.ui.FXGLUIFactoryServiceProvider, class com.almasb.fxgl.ui.FXGLDialogFactoryServiceProvider, class com.almasb.fxgl.audio.AudioPlayer, class com.almasb.fxgl.notification.impl.NotificationServiceProvider, class com.almasb.fxgl.achievement.AchievementService, class com.almasb.fxgl.cutscene.CutsceneService, class com.almasb.fxgl.minigames.MiniGameService, class com.almasb.fxgl.net.NetService, class com.almasb.fxgl.app.services.UpdaterService, class com.almasb.fxgl.dev.DevService]
17:06:30.103 [FXGL Background Thread 3 ] DEBUG Engine               - fontGame: Abel-Regular.ttf
17:06:30.103 [FXGL Background Thread 3 ] DEBUG Engine               - fontMono: TerminalLandMono-Regular.otf
17:06:30.104 [FXGL Background Thread 3 ] DEBUG Engine               - fontText: Courier-Prime.ttf
17:06:30.104 [FXGL Background Thread 3 ] DEBUG Engine               - fontUI: VarelaRound-Regular.ttf
17:06:30.104 [FXGL Background Thread 3 ] DEBUG Engine               - fullScreen: BooleanProperty [value: false]
17:06:30.104 [FXGL Background Thread 3 ] DEBUG Engine               - gameDifficulty: MEDIUM
17:06:30.104 [FXGL Background Thread 3 ] DEBUG Engine               - gameDifficultyProperty: ObjectProperty [value: MEDIUM]
17:06:30.104 [FXGL Background Thread 3 ] DEBUG Engine               - globalMusicVolume: 0.5
17:06:30.104 [FXGL Background Thread 3 ] DEBUG Engine               - globalMusicVolumeProperty: DoubleProperty [value: 0.5]
17:06:30.104 [FXGL Background Thread 3 ] DEBUG Engine               - globalSoundVolume: 0.5
17:06:30.104 [FXGL Background Thread 3 ] DEBUG Engine               - globalSoundVolumeProperty: DoubleProperty [value: 0.5]
17:06:30.104 [FXGL Background Thread 3 ] DEBUG Engine               - height: 900
17:06:30.104 [FXGL Background Thread 3 ] DEBUG Engine               - is3D: false
17:06:30.104 [FXGL Background Thread 3 ] DEBUG Engine               - isAndroid: false
17:06:30.104 [FXGL Background Thread 3 ] DEBUG Engine               - isBrowser: false
17:06:30.104 [FXGL Background Thread 3 ] DEBUG Engine               - isClickFeedbackEnabled: false
17:06:30.104 [FXGL Background Thread 3 ] DEBUG Engine               - isCloseConfirmation: false
17:06:30.104 [FXGL Background Thread 3 ] DEBUG Engine               - isDesktop: true
17:06:30.106 [FXGL Background Thread 3 ] DEBUG Engine               - isDeveloperMenuEnabled: false
17:06:30.106 [FXGL Background Thread 3 ] DEBUG Engine               - isEmbedded: false
17:06:30.106 [FXGL Background Thread 3 ] DEBUG Engine               - isEntityPreloadEnabled: true
17:06:30.106 [FXGL Background Thread 3 ] DEBUG Engine               - isExperimentalTiledLargeMap: false
17:06:30.107 [FXGL Background Thread 3 ] DEBUG Engine               - isFileSystemWriteAllowed: true
17:06:30.107 [FXGL Background Thread 3 ] DEBUG Engine               - isFullScreenAllowed: false
17:06:30.108 [FXGL Background Thread 3 ] DEBUG Engine               - isFullScreenFromStart: false
17:06:30.108 [FXGL Background Thread 3 ] DEBUG Engine               - isGameMenuEnabled: true
17:06:30.108 [FXGL Background Thread 3 ] DEBUG Engine               - isIOS: false
17:06:30.108 [FXGL Background Thread 3 ] DEBUG Engine               - isIntroEnabled: false
17:06:30.108 [FXGL Background Thread 3 ] DEBUG Engine               - isLinux: false
17:06:30.108 [FXGL Background Thread 3 ] DEBUG Engine               - isMac: false
17:06:30.108 [FXGL Background Thread 3 ] DEBUG Engine               - isMainMenuEnabled: false
17:06:30.108 [FXGL Background Thread 3 ] DEBUG Engine               - isManualResizeEnabled: false
17:06:30.108 [FXGL Background Thread 3 ] DEBUG Engine               - isMobile: false
17:06:30.108 [FXGL Background Thread 3 ] DEBUG Engine               - isNative: false
17:06:30.108 [FXGL Background Thread 3 ] DEBUG Engine               - isPauseMusicWhenMinimized: true
17:06:30.108 [FXGL Background Thread 3 ] DEBUG Engine               - isPreserveResizeRatio: false
17:06:30.109 [FXGL Background Thread 3 ] DEBUG Engine               - isProfilingEnabled: false
17:06:30.109 [FXGL Background Thread 3 ] DEBUG Engine               - isScaleAffectedOnResize: true
17:06:30.109 [FXGL Background Thread 3 ] DEBUG Engine               - isSingleStep: false
17:06:30.109 [FXGL Background Thread 3 ] DEBUG Engine               - isUserProfileEnabled: false
17:06:30.109 [FXGL Background Thread 3 ] DEBUG Engine               - isWindows: true
17:06:30.109 [FXGL Background Thread 3 ] DEBUG Engine               - language: ObjectProperty [value: ENGLISH]
17:06:30.109 [FXGL Background Thread 3 ] DEBUG Engine               - menuKey: ESCAPE
17:06:30.109 [FXGL Background Thread 3 ] DEBUG Engine               - mouseSensitivity: 0.2
17:06:30.109 [FXGL Background Thread 3 ] DEBUG Engine               - notificationViewClass: class com.almasb.fxgl.notification.view.XboxNotificationView
17:06:30.109 [FXGL Background Thread 3 ] DEBUG Engine               - pixelsPerMeter: 50.0
17:06:30.109 [FXGL Background Thread 3 ] DEBUG Engine               - platform: WINDOWS
17:06:30.109 [FXGL Background Thread 3 ] DEBUG Engine               - prefHeightProperty: ReadOnlyDoubleProperty [value: 900.0]
17:06:30.109 [FXGL Background Thread 3 ] DEBUG Engine               - prefWidthProperty: ReadOnlyDoubleProperty [value: 900.0]
17:06:30.109 [FXGL Background Thread 3 ] DEBUG Engine               - profileDir: profiles/
17:06:30.109 [FXGL Background Thread 3 ] DEBUG Engine               - profileName: StringProperty [value: DEFAULT]
17:06:30.109 [FXGL Background Thread 3 ] DEBUG Engine               - randomSeed: -1
17:06:30.109 [FXGL Background Thread 3 ] DEBUG Engine               - runtimeInfo: RuntimeInfo(platform=WINDOWS, version=17.2, build=20.08.2022 16.50)
17:06:30.109 [FXGL Background Thread 3 ] DEBUG Engine               - saveFileExt: sav
17:06:30.109 [FXGL Background Thread 3 ] DEBUG Engine               - scaledHeightProp$fxgl: DoubleProperty [bound, value: 900.0]
17:06:30.109 [FXGL Background Thread 3 ] DEBUG Engine               - scaledWidthProp$fxgl: DoubleProperty [bound, value: 900.0]
17:06:30.109 [FXGL Background Thread 3 ] DEBUG Engine               - sceneFactory: com.almasb.fxgl.app.scene.SceneFactory@467874d
17:06:30.109 [FXGL Background Thread 3 ] DEBUG Engine               - secondsIn24h: 60
17:06:30.109 [FXGL Background Thread 3 ] DEBUG Engine               - soundMenuBack: menu/back.wav
17:06:30.109 [FXGL Background Thread 3 ] DEBUG Engine               - soundMenuPress: menu/press.wav
17:06:30.109 [FXGL Background Thread 3 ] DEBUG Engine               - soundMenuSelect: menu/select.wav
17:06:30.109 [FXGL Background Thread 3 ] DEBUG Engine               - soundNotification: core/notification.wav
17:06:30.109 [FXGL Background Thread 3 ] DEBUG Engine               - stageStyle: DECORATED
17:06:30.109 [FXGL Background Thread 3 ] DEBUG Engine               - supportedLanguages: [ENGLISH, FRENCH, GERMAN, HUNGARIAN, RUSSIAN]
17:06:30.109 [FXGL Background Thread 3 ] DEBUG Engine               - ticksPerSecond: -1
17:06:30.109 [FXGL Background Thread 3 ] DEBUG Engine               - title: Escape
17:06:30.109 [FXGL Background Thread 3 ] DEBUG Engine               - urlGithub: https://github.com/AlmasB/FXGL
17:06:30.109 [FXGL Background Thread 3 ] DEBUG Engine               - urlLeaderboard: http://fxgl-top.herokuapp.com/
17:06:30.110 [FXGL Background Thread 3 ] DEBUG Engine               - urlPOM: https://raw.githubusercontent.com/AlmasB/FXGL/release/README.md
17:06:30.110 [FXGL Background Thread 3 ] DEBUG Engine               - userAppClass: class com.Moonhalf.EscapeApp
17:06:30.110 [FXGL Background Thread 3 ] DEBUG Engine               - version: 0.1
17:06:30.110 [FXGL Background Thread 3 ] DEBUG Engine               - versionCheckDays: 7
17:06:30.110 [FXGL Background Thread 3 ] DEBUG Engine               - width: 900
17:06:30.110 [FXGL Background Thread 3 ] DEBUG Engine               - Logging services
17:06:30.110 [FXGL Background Thread 3 ] DEBUG Engine               - class com.almasb.fxgl.app.services.FXGLAssetLoaderService
17:06:30.110 [FXGL Background Thread 3 ] DEBUG Engine               - class com.almasb.fxgl.app.FXGLApplication$GameApplicationService
17:06:30.110 [FXGL Background Thread 3 ] DEBUG Engine               - class com.almasb.fxgl.app.services.FXGLDialogService
17:06:30.110 [FXGL Background Thread 3 ] DEBUG Engine               - class com.almasb.fxgl.app.services.IOTaskExecutorService
17:06:30.110 [FXGL Background Thread 3 ] DEBUG Engine               - class com.almasb.fxgl.io.FileSystemService
17:06:30.110 [FXGL Background Thread 3 ] DEBUG Engine               - class com.almasb.fxgl.localization.LocalizationService
17:06:30.110 [FXGL Background Thread 3 ] DEBUG Engine               - class com.almasb.fxgl.app.services.SystemBundleService
17:06:30.110 [FXGL Background Thread 3 ] DEBUG Engine               - class com.almasb.fxgl.profile.SaveLoadService
17:06:30.110 [FXGL Background Thread 3 ] DEBUG Engine               - class com.almasb.fxgl.ui.FXGLUIFactoryServiceProvider
17:06:30.110 [FXGL Background Thread 3 ] DEBUG Engine               - class com.almasb.fxgl.ui.FXGLDialogFactoryServiceProvider
17:06:30.110 [FXGL Background Thread 3 ] DEBUG Engine               - class com.almasb.fxgl.audio.AudioPlayer
17:06:30.110 [FXGL Background Thread 3 ] DEBUG Engine               - class com.almasb.fxgl.notification.impl.NotificationServiceProvider
17:06:30.110 [FXGL Background Thread 3 ] DEBUG Engine               - class com.almasb.fxgl.achievement.AchievementService
17:06:30.110 [FXGL Background Thread 3 ] DEBUG Engine               - class com.almasb.fxgl.cutscene.CutsceneService
17:06:30.110 [FXGL Background Thread 3 ] DEBUG Engine               - class com.almasb.fxgl.minigames.MiniGameService
17:06:30.110 [FXGL Background Thread 3 ] DEBUG Engine               - class com.almasb.fxgl.net.NetService
17:06:30.110 [FXGL Background Thread 3 ] DEBUG Engine               - class com.almasb.fxgl.app.services.UpdaterService
17:06:30.110 [FXGL Background Thread 3 ] DEBUG Engine               - class com.almasb.fxgl.dev.DevService
17:06:30.148 [JavaFX Application Thread] DEBUG PrimaryStageWindow   - Push state: DialogSubScene
17:06:30.148 [JavaFX Application Thread] DEBUG Input                - Clearing active input actions
17:06:30.151 [JavaFX Application Thread] DEBUG GameApplicationServi - Removing overlay from GameScene and adding to DialogSubScene
17:06:30.151 [JavaFX Application Thread] DEBUG PrimaryStageWindow   - GameScene -> DialogSubScene
17:06:30.712 [JavaFX Application Thread] DEBUG PrimaryStageWindow   - Pop state: DialogSubScene
17:06:30.712 [JavaFX Application Thread] DEBUG Input                - Clearing active input actions
17:06:30.713 [JavaFX Application Thread] DEBUG GameApplicationServi - Removing overlay from DialogSubScene and adding to GameScene
17:06:30.713 [JavaFX Application Thread] DEBUG PrimaryStageWindow   - GameScene <- DialogSubScene
17:06:32.120 [JavaFX Application Thread] DEBUG FXGLAssetLoaderServi - Loading from file system: file:/C:/Users/Lenovo/OneDrive%20-%20CUHK-Shenzhen/桌面/javaGame/target/classes/assets/textures/Stage3/Stage3%20Mirror.png
17:06:32.127 [JavaFX Application Thread] DEBUG FXGLAssetLoaderServi - Loading from file system: file:/C:/Users/Lenovo/OneDrive%20-%20CUHK-Shenzhen/桌面/javaGame/target/classes/assets/textures/Stage3/Stage3%20Tap.png
17:06:32.132 [JavaFX Application Thread] DEBUG FXGLAssetLoaderServi - Loading from file system: file:/C:/Users/Lenovo/OneDrive%20-%20CUHK-Shenzhen/桌面/javaGame/target/classes/assets/textures/Stage3/guahua.png
17:06:32.140 [JavaFX Application Thread] DEBUG FXGLAssetLoaderServi - Loading from file system: file:/C:/Users/Lenovo/OneDrive%20-%20CUHK-Shenzhen/桌面/javaGame/target/classes/assets/textures/Stage3/guizi.png
17:06:32.150 [JavaFX Application Thread] DEBUG FXGLAssetLoaderServi - Loading from file system: file:/C:/Users/Lenovo/OneDrive%20-%20CUHK-Shenzhen/桌面/javaGame/target/classes/assets/textures/Stage3/yugang.png
17:06:32.678 [JavaFX Application Thread] DEBUG FXGLAssetLoaderServi - Loading from file system: file:/C:/Users/Lenovo/OneDrive%20-%20CUHK-Shenzhen/桌面/javaGame/target/classes/assets/textures/Stage3/guahuac1.png
17:06:32.979 [JavaFX Application Thread] DEBUG FXGLAssetLoaderServi - Loading from file system: file:/C:/Users/Lenovo/OneDrive%20-%20CUHK-Shenzhen/桌面/javaGame/target/classes/assets/textures/Stage3/guahuac2.png
17:06:32.993 [JavaFX Application Thread] DEBUG FXGLAssetLoaderServi - Loading from file system: file:/C:/Users/Lenovo/OneDrive%20-%20CUHK-Shenzhen/桌面/javaGame/target/classes/assets/textures/Stage1/DY.png
17:06:33.022 [JavaFX Application Thread] DEBUG FXGLAssetLoaderServi - Loading from file system: file:/C:/Users/Lenovo/OneDrive%20-%20CUHK-Shenzhen/桌面/javaGame/target/classes/assets/textures/Stage1/DG.png
17:06:33.033 [JavaFX Application Thread] DEBUG FXGLAssetLoaderServi - Loading from file system: file:/C:/Users/Lenovo/OneDrive%20-%20CUHK-Shenzhen/桌面/javaGame/target/classes/assets/textures/Stage1/DR.png
17:06:36.452 [JavaFX Application Thread] DEBUG PrimaryStageWindow   - Push state: DialogSubScene
17:06:36.453 [JavaFX Application Thread] DEBUG Input                - Clearing active input actions
17:06:36.453 [JavaFX Application Thread] DEBUG GameApplicationServi - Removing overlay from GameScene and adding to DialogSubScene
17:06:36.453 [JavaFX Application Thread] DEBUG PrimaryStageWindow   - GameScene -> DialogSubScene
17:06:36.986 [JavaFX Application Thread] DEBUG PrimaryStageWindow   - Pop state: DialogSubScene
17:06:36.986 [JavaFX Application Thread] DEBUG Input                - Clearing active input actions
17:06:36.986 [JavaFX Application Thread] DEBUG GameApplicationServi - Removing overlay from DialogSubScene and adding to GameScene
17:06:36.987 [JavaFX Application Thread] DEBUG PrimaryStageWindow   - GameScene <- DialogSubScene
17:06:39.121 [JavaFX Application Thread] DEBUG PrimaryStageWindow   - Push state: DialogSubScene
17:06:39.121 [JavaFX Application Thread] DEBUG Input                - Clearing active input actions
17:06:39.121 [JavaFX Application Thread] DEBUG GameApplicationServi - Removing overlay from GameScene and adding to DialogSubScene
17:06:39.122 [JavaFX Application Thread] DEBUG PrimaryStageWindow   - GameScene -> DialogSubScene
17:06:39.799 [JavaFX Application Thread] DEBUG PrimaryStageWindow   - Pop state: DialogSubScene
17:06:39.799 [JavaFX Application Thread] DEBUG Input                - Clearing active input actions
17:06:39.800 [JavaFX Application Thread] DEBUG GameApplicationServi - Removing overlay from DialogSubScene and adding to GameScene
17:06:39.800 [JavaFX Application Thread] DEBUG PrimaryStageWindow   - GameScene <- DialogSubScene
17:06:40.033 [JavaFX Application Thread] DEBUG PrimaryStageWindow   - Push state: DialogSubScene
17:06:40.033 [JavaFX Application Thread] DEBUG Input                - Clearing active input actions
17:06:40.033 [JavaFX Application Thread] DEBUG GameApplicationServi - Removing overlay from GameScene and adding to DialogSubScene
17:06:40.033 [JavaFX Application Thread] DEBUG PrimaryStageWindow   - GameScene -> DialogSubScene
17:06:40.442 [JavaFX Application Thread] DEBUG PrimaryStageWindow   - Pop state: DialogSubScene
17:06:40.442 [JavaFX Application Thread] DEBUG Input                - Clearing active input actions
17:06:40.442 [JavaFX Application Thread] DEBUG GameApplicationServi - Removing overlay from DialogSubScene and adding to GameScene
17:06:40.442 [JavaFX Application Thread] DEBUG PrimaryStageWindow   - GameScene <- DialogSubScene
17:06:42.067 [JavaFX Application Thread] DEBUG PrimaryStageWindow   - Push state: DialogSubScene
17:06:42.067 [JavaFX Application Thread] DEBUG Input                - Clearing active input actions
17:06:42.067 [JavaFX Application Thread] DEBUG GameApplicationServi - Removing overlay from GameScene and adding to DialogSubScene
17:06:42.067 [JavaFX Application Thread] DEBUG PrimaryStageWindow   - GameScene -> DialogSubScene
17:06:42.559 [JavaFX Application Thread] DEBUG PrimaryStageWindow   - Pop state: DialogSubScene
17:06:42.559 [JavaFX Application Thread] DEBUG Input                - Clearing active input actions
17:06:42.559 [JavaFX Application Thread] DEBUG GameApplicationServi - Removing overlay from DialogSubScene and adding to GameScene
17:06:42.559 [JavaFX Application Thread] DEBUG PrimaryStageWindow   - GameScene <- DialogSubScene
17:06:45.072 [JavaFX Application Thread] DEBUG PrimaryStageWindow   - Push state: DialogSubScene
17:06:45.072 [JavaFX Application Thread] DEBUG Input                - Clearing active input actions
17:06:45.072 [JavaFX Application Thread] DEBUG GameApplicationServi - Removing overlay from GameScene and adding to DialogSubScene
17:06:45.073 [JavaFX Application Thread] DEBUG PrimaryStageWindow   - GameScene -> DialogSubScene
17:06:48.804 [JavaFX Application Thread] DEBUG PrimaryStageWindow   - Pop state: DialogSubScene
17:06:48.804 [JavaFX Application Thread] DEBUG Input                - Clearing active input actions
17:06:48.804 [JavaFX Application Thread] DEBUG GameApplicationServi - Removing overlay from DialogSubScene and adding to GameScene
17:06:48.804 [JavaFX Application Thread] DEBUG PrimaryStageWindow   - GameScene <- DialogSubScene
17:06:51.954 [JavaFX Application Thread] DEBUG FXGLApplication      - Exiting FXGL
17:06:51.954 [JavaFX Application Thread] DEBUG LoopRunner           - Stopping loop
17:06:51.954 [JavaFX Application Thread] DEBUG SystemBundleService  - Saving FXGL system data
17:06:51.956 [JavaFX Application Thread] DEBUG FileSystemAccess     - Writing to: C:\Users\Lenovo\OneDrive - CUHK-Shenzhen\桌面\javaGame\system\fxgl.bundle
17:06:51.958 [JavaFX Application Thread] DEBUG Async                - Shutting down background threads
17:06:51.958 [JavaFX Application Thread] DEBUG PrimaryStageWindow   - Closing main window
17:06:51.984 [JavaFX Application Thread] DEBUG Logger               - Closing Logger
