00:01:58.990 [main                     ] DEBUG Logger               - Configured Logger
00:01:59.013 [main                     ] DEBUG GameApplication      - Logging settings
Title: Escape
Version: 0.1
Width: 900
Height: 900
Fullscreen: false
Intro: false
Profiling: false
Single step:false
App Mode: DEVELOPER
Menu Key: ESCAPE
Stage Style: DECORATED
Scene Factory: class com.almasb.fxgl.app.scene.SceneFactory

00:01:59.268 [JavaFX Application Thread] DEBUG FXGLApplication      - Initializing FXGL
00:01:59.271 [JavaFX Application Thread] INFO  Engine               - FXGL-17.2 (20.08.2022 16.50) on WINDOWS (J:17.0.5 FX:18)
00:01:59.272 [JavaFX Application Thread] DEBUG Engine               - JRE Vendor Name: Oracle Corporation
00:01:59.272 [JavaFX Application Thread] DEBUG Engine               - Running on OS: Windows 11 version 10.0
00:01:59.272 [JavaFX Application Thread] DEBUG Engine               - Architecture: amd64
00:01:59.272 [JavaFX Application Thread] INFO  Engine               - Source code and latest versions at: https://github.com/AlmasB/FXGL
00:01:59.272 [JavaFX Application Thread] INFO  Engine               -       Ask questions and discuss at: https://github.com/AlmasB/FXGL/discussions
00:01:59.272 [JavaFX Application Thread] INFO  Engine               -              Join the FXGL chat at: https://gitter.im/AlmasB/FXGL
00:01:59.319 [JavaFX Application Thread] DEBUG PrimaryStageWindow   - Creating a JavaFX scene
00:01:59.343 [JavaFX Application Thread] DEBUG PrimaryStageWindow   - Target settings size: 900.0 x 900.0
00:01:59.344 [JavaFX Application Thread] DEBUG PrimaryStageWindow   - Scaled scene size:    900.0 x 900.0
00:01:59.344 [JavaFX Application Thread] DEBUG PrimaryStageWindow   - Scaled ratio: (1.0, 1.0)
00:01:59.344 [JavaFX Application Thread] DEBUG PrimaryStageWindow   - Set initial scene to FXGLStartupScene
00:01:59.348 [JavaFX Application Thread] DEBUG PrimaryStageWindow   - Opening main window
00:01:59.410 [JavaFX Application Thread] DEBUG PrimaryStageWindow   - Window border size: (14.66668701171875, 37.33331298828125)
00:01:59.410 [JavaFX Application Thread] DEBUG PrimaryStageWindow   - Scaled size: 900.0 x 900.0
00:01:59.411 [JavaFX Application Thread] DEBUG PrimaryStageWindow   - Scaled ratio: (1.0, 1.0)
00:01:59.411 [JavaFX Application Thread] DEBUG PrimaryStageWindow   - Scene size: 900.0 x 900.0
00:01:59.411 [JavaFX Application Thread] DEBUG PrimaryStageWindow   - Stage size: 914.6666870117188 x 937.3333129882812
00:01:59.415 [FXGL Background Thread 1 ] DEBUG Engine               - Initializing environment variables
00:01:59.438 [FXGL Background Thread 1 ] DEBUG FXGLAssetLoaderServi - User app class for loading assets: class com.Moonhalf.EscapeApp
00:01:59.438 [FXGL Background Thread 1 ] DEBUG GameApplicationServi - Applying CSS: fxgl_dark.css
00:01:59.438 [FXGL Background Thread 1 ] DEBUG FXGLAssetLoaderServi - Loading from file system: jar:file:///C:/Users/Lenovo/.m2/repository/com/github/almasb/fxgl/17.2/fxgl-17.2.jar!/fxglassets/ui/css/fxgl_dark.css
00:01:59.468 [FXGL Background Thread 1 ] DEBUG GameApplicationServi - Initializing application scenes
00:01:59.514 [FXGL Background Thread 1 ] DEBUG GameWorld            - Game world initialized
00:01:59.547 [FXGL Background Thread 1 ] DEBUG PhysicsWorld         - Physics world initialized: appHeight=900, physics.ppm=50.0
00:01:59.547 [FXGL Background Thread 1 ] DEBUG PhysicsWorld         - Using strategy: BRUTE_FORCE
00:01:59.550 [FXGL Background Thread 1 ] DEBUG GameScene            - Game scene initialized: 900x900
00:01:59.560 [FXGL Background Thread 1 ] DEBUG FXGL.DefaultMenu     - createMenuBodyGameMenu()
00:01:59.569 [FXGL Background Thread 1 ] DEBUG FXGL.DefaultMenu     - createOptionsMenu()
00:01:59.577 [FXGL Background Thread 1 ] DEBUG FXGLAssetLoaderServi - Loading from file system: jar:file:///C:/Users/Lenovo/.m2/repository/com/github/almasb/fxgl/17.2/fxgl-17.2.jar!/fxglassets/textures/particles/smoke.png
00:01:59.635 [FXGL Background Thread 1 ] DEBUG FXGLAssetLoaderServi - Loading from file system: jar:file:///C:/Users/Lenovo/.m2/repository/com/github/almasb/fxgl/17.2/fxgl-17.2.jar!/fxglassets/textures/particles/trace_horizontal.png
00:01:59.656 [FXGL Background Thread 1 ] DEBUG GameApplicationServi - Application scenes initialized
00:01:59.664 [FXGL Background Thread 1 ] DEBUG SystemBundleService  - Loading FXGL system data
00:01:59.668 [FXGL Background Thread 1 ] DEBUG FileSystemAccess     - Reading from: C:\Users\Lenovo\OneDrive - CUHK-Shenzhen\桌面\javaGame\system\fxgl.bundle
00:01:59.671 [FXGL Background Thread 1 ] DEBUG SystemBundleService  - Bundle FXGL: {}
00:01:59.671 [FXGL Background Thread 1 ] DEBUG UpdaterService       - Checking for updates
00:01:59.675 [FXGL Background Thread 4 ] DEBUG FXGLApplication      - Loading fonts
00:01:59.675 [FXGL Background Thread 4 ] DEBUG FXGLAssetLoaderServi - Loading from file system: jar:file:///C:/Users/Lenovo/.m2/repository/com/github/almasb/fxgl/17.2/fxgl-17.2.jar!/fxglassets/ui/fonts/VarelaRound-Regular.ttf
00:01:59.675 [FXGL Background Thread 1 ] DEBUG FXGLApplication      - Loading default localization
00:01:59.676 [FXGL Background Thread 1 ] DEBUG FXGLAssetLoaderServi - Loading from file system: jar:file:///C:/Users/Lenovo/.m2/repository/com/github/almasb/fxgl/17.2/fxgl-17.2.jar!/fxglassets/languages/english.lang
00:01:59.693 [FXGL Background Thread 1 ] INFO  FXGLApplication      - FXGL initialization took: 0.278 sec
00:01:59.695 [JavaFX Application Thread] DEBUG FXGLAssetLoaderServi - Loading from file system: file:/C:/Users/Lenovo/OneDrive%20-%20CUHK-Shenzhen/桌面/javaGame/target/classes/assets/music/bg.mp3
00:01:59.718 [FXGL Background Thread 4 ] DEBUG FXGLAssetLoaderServi - Loading from file system: jar:file:///C:/Users/Lenovo/.m2/repository/com/github/almasb/fxgl/17.2/fxgl-17.2.jar!/fxglassets/ui/fonts/Abel-Regular.ttf
00:01:59.720 [FXGL Background Thread 4 ] DEBUG FXGLAssetLoaderServi - Loading from file system: jar:file:///C:/Users/Lenovo/.m2/repository/com/github/almasb/fxgl/17.2/fxgl-17.2.jar!/fxglassets/ui/fonts/TerminalLandMono-Regular.otf
00:01:59.722 [FXGL Background Thread 4 ] DEBUG FXGLAssetLoaderServi - Loading from file system: jar:file:///C:/Users/Lenovo/.m2/repository/com/github/almasb/fxgl/17.2/fxgl-17.2.jar!/fxglassets/ui/fonts/Courier-Prime.ttf
00:02:00.148 [FXGL Background Thread 2 ] INFO  UpdaterService       - Your current version:  17.2
00:02:00.148 [FXGL Background Thread 2 ] INFO  UpdaterService       - Latest stable version: 17.3
00:02:00.193 [JavaFX Application Thread] DEBUG AudioPlayer          - Playing music com.almasb.fxgl.audio.Music@46169878
00:02:00.193 [JavaFX Application Thread] DEBUG FXGLAssetLoaderServi - Loading from file system: file:/C:/Users/Lenovo/OneDrive%20-%20CUHK-Shenzhen/桌面/javaGame/target/classes/assets/textures/Escape.png
00:02:00.201 [JavaFX Application Thread] DEBUG FXGLAssetLoaderServi - Loading from file system: jar:file:///C:/Users/Lenovo/.m2/repository/com/github/almasb/fxgl/17.2/fxgl-17.2.jar!/fxglassets/textures/fxgl_default_cursor.png
00:02:00.209 [JavaFX Application Thread] DEBUG Input                - Registered new binding: Screenshot - CTRL+8
00:02:00.209 [JavaFX Application Thread] DEBUG Input                - Registered new binding: System info dump - CTRL+9
00:02:00.209 [JavaFX Application Thread] DEBUG Input                - Registered new binding: Restart - CTRL+R
00:02:00.209 [JavaFX Application Thread] DEBUG Input                - Registered new binding: Toggle Debug Camera - CTRL+7
00:02:00.211 [JavaFX Application Thread] DEBUG LoopRunner           - Starting loop
00:02:00.211 [JavaFX Application Thread] DEBUG LoopRunner           - Initializing JavaFX AnimationTimerLoop
00:02:00.218 [JavaFX Application Thread] DEBUG GameApplicationServi - Starting new game
00:02:00.219 [JavaFX Application Thread] DEBUG Input                - Clearing active input actions
00:02:00.227 [JavaFX Application Thread] DEBUG GameApplicationServi - Removing overlay from FXGLStartupScene and adding to FXGLLoadingScene
00:02:00.228 [JavaFX Application Thread] DEBUG PrimaryStageWindow   - FXGLStartupScene -> FXGLLoadingScene
00:02:00.228 [JavaFX Application Thread] DEBUG GameApplicationServi - Clearing previous game
00:02:00.228 [JavaFX Application Thread] DEBUG GameScene            - Clearing game scene
00:02:00.229 [JavaFX Application Thread] DEBUG GameWorld            - Clearing game world
00:02:00.229 [JavaFX Application Thread] DEBUG PhysicsWorld         - Clearing physics world
00:02:00.230 [FXGL Background Thread 2 ] DEBUG FXGLApplication      - Initializing game
00:02:00.230 [JavaFX Application Thread] DEBUG FXGLApplication      - Registering font factories with UI factory
00:02:00.243 [FXGL Background Thread 2 ] DEBUG FXGLAssetLoaderServi - Loading from file system: file:/C:/Users/Lenovo/OneDrive%20-%20CUHK-Shenzhen/桌面/javaGame/target/classes/assets/textures/Background.jpg
00:02:00.251 [FXGL Background Thread 2 ] DEBUG FXGLAssetLoaderServi - Loading from file system: file:/C:/Users/Lenovo/OneDrive%20-%20CUHK-Shenzhen/桌面/javaGame/target/classes/assets/textures/ArrowR.png
00:02:00.261 [FXGL Background Thread 2 ] DEBUG FXGLAssetLoaderServi - Loading from file system: file:/C:/Users/Lenovo/OneDrive%20-%20CUHK-Shenzhen/桌面/javaGame/target/classes/assets/textures/Stage1/Stage1%20Door.png
00:02:00.302 [FXGL Background Thread 2 ] DEBUG FXGLAssetLoaderServi - Loading from file system: file:/C:/Users/Lenovo/OneDrive%20-%20CUHK-Shenzhen/桌面/javaGame/target/classes/assets/textures/Stage1/Stage1%20Curtain.png
00:02:00.317 [FXGL Background Thread 2 ] DEBUG FXGLAssetLoaderServi - Loading from file system: file:/C:/Users/Lenovo/OneDrive%20-%20CUHK-Shenzhen/桌面/javaGame/target/classes/assets/textures/Stage1/letter.png
00:02:00.321 [FXGL Background Thread 2 ] DEBUG FXGLAssetLoaderServi - Loading from file system: file:/C:/Users/Lenovo/OneDrive%20-%20CUHK-Shenzhen/桌面/javaGame/target/classes/assets/textures/s1.jpg
00:02:00.332 [FXGL Background Thread 2 ] INFO  FXGLApplication      - Game initialization took: 0.102 sec
00:02:00.333 [JavaFX Application Thread] DEBUG Input                - Clearing active input actions
00:02:00.338 [JavaFX Application Thread] DEBUG GameApplicationServi - Removing overlay from FXGLLoadingScene and adding to GameScene
00:02:00.338 [JavaFX Application Thread] DEBUG PrimaryStageWindow   - FXGLLoadingScene -> GameScene
00:02:02.677 [FXGL Background Thread 3 ] DEBUG Engine               - Logging environment variables
00:02:02.679 [FXGL Background Thread 3 ] DEBUG Engine               - achievements: []
00:02:02.679 [FXGL Background Thread 3 ] DEBUG Engine               - actualHeight: 900.0
00:02:02.679 [FXGL Background Thread 3 ] DEBUG Engine               - actualHeightProperty: ReadOnlyDoubleProperty [value: 900.0]
00:02:02.680 [FXGL Background Thread 3 ] DEBUG Engine               - actualWidth: 900.0
00:02:02.680 [FXGL Background Thread 3 ] DEBUG Engine               - actualWidthProperty: ReadOnlyDoubleProperty [value: 900.0]
00:02:02.680 [FXGL Background Thread 3 ] DEBUG Engine               - appIcon: Escape.png
00:02:02.680 [FXGL Background Thread 3 ] DEBUG Engine               - applicationMode: DEVELOPER
00:02:02.680 [FXGL Background Thread 3 ] DEBUG Engine               - cSSList: [fxgl_dark.css]
00:02:02.680 [FXGL Background Thread 3 ] DEBUG Engine               - collisionDetectionStrategy: BRUTE_FORCE
00:02:02.680 [FXGL Background Thread 3 ] DEBUG Engine               - configClass: Optional.empty
00:02:02.681 [FXGL Background Thread 3 ] DEBUG Engine               - credits: []
00:02:02.682 [FXGL Background Thread 3 ] DEBUG Engine               - defaultCursor: CursorInfo(imageName=fxgl_default_cursor.png, hotspotX=7.0, hotspotY=6.0)
00:02:02.683 [FXGL Background Thread 3 ] DEBUG Engine               - devBBoxColorProperty: ObjectProperty [value: 0xff0000ff]
00:02:02.683 [FXGL Background Thread 3 ] DEBUG Engine               - devEnableDebugCameraProperty: BooleanProperty [value: false]
00:02:02.683 [FXGL Background Thread 3 ] DEBUG Engine               - devSensorColorProperty: ObjectProperty [value: 0xffff00ff]
00:02:02.683 [FXGL Background Thread 3 ] DEBUG Engine               - devShowBBoxProperty: BooleanProperty [value: false]
00:02:02.683 [FXGL Background Thread 3 ] DEBUG Engine               - devShowPositionProperty: BooleanProperty [value: false]
00:02:02.683 [FXGL Background Thread 3 ] DEBUG Engine               - enabledMenuItems: []
00:02:02.683 [FXGL Background Thread 3 ] DEBUG Engine               - engineServices: [class com.almasb.fxgl.app.services.FXGLAssetLoaderService, class com.almasb.fxgl.app.FXGLApplication$GameApplicationService, class com.almasb.fxgl.app.services.FXGLDialogService, class com.almasb.fxgl.app.services.IOTaskExecutorService, class com.almasb.fxgl.io.FileSystemService, class com.almasb.fxgl.localization.LocalizationService, class com.almasb.fxgl.app.services.SystemBundleService, class com.almasb.fxgl.profile.SaveLoadService, class com.almasb.fxgl.ui.FXGLUIFactoryServiceProvider, class com.almasb.fxgl.ui.FXGLDialogFactoryServiceProvider, class com.almasb.fxgl.audio.AudioPlayer, class com.almasb.fxgl.notification.impl.NotificationServiceProvider, class com.almasb.fxgl.achievement.AchievementService, class com.almasb.fxgl.cutscene.CutsceneService, class com.almasb.fxgl.minigames.MiniGameService, class com.almasb.fxgl.net.NetService, class com.almasb.fxgl.app.services.UpdaterService, class com.almasb.fxgl.dev.DevService]
00:02:02.683 [FXGL Background Thread 3 ] DEBUG Engine               - fontGame: Abel-Regular.ttf
00:02:02.683 [FXGL Background Thread 3 ] DEBUG Engine               - fontMono: TerminalLandMono-Regular.otf
00:02:02.683 [FXGL Background Thread 3 ] DEBUG Engine               - fontText: Courier-Prime.ttf
00:02:02.683 [FXGL Background Thread 3 ] DEBUG Engine               - fontUI: VarelaRound-Regular.ttf
00:02:02.683 [FXGL Background Thread 3 ] DEBUG Engine               - fullScreen: BooleanProperty [value: false]
00:02:02.683 [FXGL Background Thread 3 ] DEBUG Engine               - gameDifficulty: MEDIUM
00:02:02.683 [FXGL Background Thread 3 ] DEBUG Engine               - gameDifficultyProperty: ObjectProperty [value: MEDIUM]
00:02:02.683 [FXGL Background Thread 3 ] DEBUG Engine               - globalMusicVolume: 0.5
00:02:02.684 [FXGL Background Thread 3 ] DEBUG Engine               - globalMusicVolumeProperty: DoubleProperty [value: 0.05]
00:02:02.684 [FXGL Background Thread 3 ] DEBUG Engine               - globalSoundVolume: 0.5
00:02:02.684 [FXGL Background Thread 3 ] DEBUG Engine               - globalSoundVolumeProperty: DoubleProperty [value: 1.0]
00:02:02.684 [FXGL Background Thread 3 ] DEBUG Engine               - height: 900
00:02:02.684 [FXGL Background Thread 3 ] DEBUG Engine               - is3D: false
00:02:02.684 [FXGL Background Thread 3 ] DEBUG Engine               - isAndroid: false
00:02:02.684 [FXGL Background Thread 3 ] DEBUG Engine               - isBrowser: false
00:02:02.684 [FXGL Background Thread 3 ] DEBUG Engine               - isClickFeedbackEnabled: false
00:02:02.684 [FXGL Background Thread 3 ] DEBUG Engine               - isCloseConfirmation: false
00:02:02.684 [FXGL Background Thread 3 ] DEBUG Engine               - isDesktop: true
00:02:02.685 [FXGL Background Thread 3 ] DEBUG Engine               - isDeveloperMenuEnabled: false
00:02:02.685 [FXGL Background Thread 3 ] DEBUG Engine               - isEmbedded: false
00:02:02.685 [FXGL Background Thread 3 ] DEBUG Engine               - isEntityPreloadEnabled: true
00:02:02.685 [FXGL Background Thread 3 ] DEBUG Engine               - isExperimentalTiledLargeMap: false
00:02:02.685 [FXGL Background Thread 3 ] DEBUG Engine               - isFileSystemWriteAllowed: true
00:02:02.685 [FXGL Background Thread 3 ] DEBUG Engine               - isFullScreenAllowed: false
00:02:02.685 [FXGL Background Thread 3 ] DEBUG Engine               - isFullScreenFromStart: false
00:02:02.685 [FXGL Background Thread 3 ] DEBUG Engine               - isGameMenuEnabled: true
00:02:02.685 [FXGL Background Thread 3 ] DEBUG Engine               - isIOS: false
00:02:02.685 [FXGL Background Thread 3 ] DEBUG Engine               - isIntroEnabled: false
00:02:02.685 [FXGL Background Thread 3 ] DEBUG Engine               - isLinux: false
00:02:02.685 [FXGL Background Thread 3 ] DEBUG Engine               - isMac: false
00:02:02.685 [FXGL Background Thread 3 ] DEBUG Engine               - isMainMenuEnabled: false
00:02:02.685 [FXGL Background Thread 3 ] DEBUG Engine               - isManualResizeEnabled: false
00:02:02.685 [FXGL Background Thread 3 ] DEBUG Engine               - isMobile: false
00:02:02.685 [FXGL Background Thread 3 ] DEBUG Engine               - isNative: false
00:02:02.685 [FXGL Background Thread 3 ] DEBUG Engine               - isPauseMusicWhenMinimized: true
00:02:02.685 [FXGL Background Thread 3 ] DEBUG Engine               - isPreserveResizeRatio: false
00:02:02.685 [FXGL Background Thread 3 ] DEBUG Engine               - isProfilingEnabled: false
00:02:02.685 [FXGL Background Thread 3 ] DEBUG Engine               - isScaleAffectedOnResize: true
00:02:02.685 [FXGL Background Thread 3 ] DEBUG Engine               - isSingleStep: false
00:02:02.685 [FXGL Background Thread 3 ] DEBUG Engine               - isUserProfileEnabled: false
00:02:02.685 [FXGL Background Thread 3 ] DEBUG Engine               - isWindows: true
00:02:02.685 [FXGL Background Thread 3 ] DEBUG Engine               - language: ObjectProperty [value: ENGLISH]
00:02:02.685 [FXGL Background Thread 3 ] DEBUG Engine               - menuKey: ESCAPE
00:02:02.685 [FXGL Background Thread 3 ] DEBUG Engine               - mouseSensitivity: 0.2
00:02:02.685 [FXGL Background Thread 3 ] DEBUG Engine               - notificationViewClass: class com.almasb.fxgl.notification.view.XboxNotificationView
00:02:02.687 [FXGL Background Thread 3 ] DEBUG Engine               - pixelsPerMeter: 50.0
00:02:02.687 [FXGL Background Thread 3 ] DEBUG Engine               - platform: WINDOWS
00:02:02.687 [FXGL Background Thread 3 ] DEBUG Engine               - prefHeightProperty: ReadOnlyDoubleProperty [value: 900.0]
00:02:02.688 [FXGL Background Thread 3 ] DEBUG Engine               - prefWidthProperty: ReadOnlyDoubleProperty [value: 900.0]
00:02:02.688 [FXGL Background Thread 3 ] DEBUG Engine               - profileDir: profiles/
00:02:02.688 [FXGL Background Thread 3 ] DEBUG Engine               - profileName: StringProperty [value: DEFAULT]
00:02:02.688 [FXGL Background Thread 3 ] DEBUG Engine               - randomSeed: -1
00:02:02.688 [FXGL Background Thread 3 ] DEBUG Engine               - runtimeInfo: RuntimeInfo(platform=WINDOWS, version=17.2, build=20.08.2022 16.50)
00:02:02.688 [FXGL Background Thread 3 ] DEBUG Engine               - saveFileExt: sav
00:02:02.688 [FXGL Background Thread 3 ] DEBUG Engine               - scaledHeightProp$fxgl: DoubleProperty [bound, value: 900.0]
00:02:02.688 [FXGL Background Thread 3 ] DEBUG Engine               - scaledWidthProp$fxgl: DoubleProperty [bound, value: 900.0]
00:02:02.688 [FXGL Background Thread 3 ] DEBUG Engine               - sceneFactory: com.almasb.fxgl.app.scene.SceneFactory@5a75b691
00:02:02.688 [FXGL Background Thread 3 ] DEBUG Engine               - secondsIn24h: 60
00:02:02.688 [FXGL Background Thread 3 ] DEBUG Engine               - soundMenuBack: menu/back.wav
00:02:02.688 [FXGL Background Thread 3 ] DEBUG Engine               - soundMenuPress: menu/press.wav
00:02:02.688 [FXGL Background Thread 3 ] DEBUG Engine               - soundMenuSelect: menu/select.wav
00:02:02.688 [FXGL Background Thread 3 ] DEBUG Engine               - soundNotification: core/notification.wav
00:02:02.688 [FXGL Background Thread 3 ] DEBUG Engine               - stageStyle: DECORATED
00:02:02.688 [FXGL Background Thread 3 ] DEBUG Engine               - supportedLanguages: [ENGLISH, FRENCH, GERMAN, HUNGARIAN, RUSSIAN]
00:02:02.688 [FXGL Background Thread 3 ] DEBUG Engine               - ticksPerSecond: -1
00:02:02.688 [FXGL Background Thread 3 ] DEBUG Engine               - title: Escape
00:02:02.688 [FXGL Background Thread 3 ] DEBUG Engine               - urlGithub: https://github.com/AlmasB/FXGL
00:02:02.688 [FXGL Background Thread 3 ] DEBUG Engine               - urlLeaderboard: http://fxgl-top.herokuapp.com/
00:02:02.688 [FXGL Background Thread 3 ] DEBUG Engine               - urlPOM: https://raw.githubusercontent.com/AlmasB/FXGL/release/README.md
00:02:02.688 [FXGL Background Thread 3 ] DEBUG Engine               - userAppClass: class com.Moonhalf.EscapeApp
00:02:02.688 [FXGL Background Thread 3 ] DEBUG Engine               - version: 0.1
00:02:02.688 [FXGL Background Thread 3 ] DEBUG Engine               - versionCheckDays: 7
00:02:02.688 [FXGL Background Thread 3 ] DEBUG Engine               - width: 900
00:02:02.688 [FXGL Background Thread 3 ] DEBUG Engine               - Logging services
00:02:02.688 [FXGL Background Thread 3 ] DEBUG Engine               - class com.almasb.fxgl.app.services.FXGLAssetLoaderService
00:02:02.688 [FXGL Background Thread 3 ] DEBUG Engine               - class com.almasb.fxgl.app.FXGLApplication$GameApplicationService
00:02:02.688 [FXGL Background Thread 3 ] DEBUG Engine               - class com.almasb.fxgl.app.services.FXGLDialogService
00:02:02.688 [FXGL Background Thread 3 ] DEBUG Engine               - class com.almasb.fxgl.app.services.IOTaskExecutorService
00:02:02.688 [FXGL Background Thread 3 ] DEBUG Engine               - class com.almasb.fxgl.io.FileSystemService
00:02:02.688 [FXGL Background Thread 3 ] DEBUG Engine               - class com.almasb.fxgl.localization.LocalizationService
00:02:02.688 [FXGL Background Thread 3 ] DEBUG Engine               - class com.almasb.fxgl.app.services.SystemBundleService
00:02:02.688 [FXGL Background Thread 3 ] DEBUG Engine               - class com.almasb.fxgl.profile.SaveLoadService
00:02:02.688 [FXGL Background Thread 3 ] DEBUG Engine               - class com.almasb.fxgl.ui.FXGLUIFactoryServiceProvider
00:02:02.688 [FXGL Background Thread 3 ] DEBUG Engine               - class com.almasb.fxgl.ui.FXGLDialogFactoryServiceProvider
00:02:02.688 [FXGL Background Thread 3 ] DEBUG Engine               - class com.almasb.fxgl.audio.AudioPlayer
00:02:02.688 [FXGL Background Thread 3 ] DEBUG Engine               - class com.almasb.fxgl.notification.impl.NotificationServiceProvider
00:02:02.688 [FXGL Background Thread 3 ] DEBUG Engine               - class com.almasb.fxgl.achievement.AchievementService
00:02:02.689 [FXGL Background Thread 3 ] DEBUG Engine               - class com.almasb.fxgl.cutscene.CutsceneService
00:02:02.689 [FXGL Background Thread 3 ] DEBUG Engine               - class com.almasb.fxgl.minigames.MiniGameService
00:02:02.689 [FXGL Background Thread 3 ] DEBUG Engine               - class com.almasb.fxgl.net.NetService
00:02:02.689 [FXGL Background Thread 3 ] DEBUG Engine               - class com.almasb.fxgl.app.services.UpdaterService
00:02:02.689 [FXGL Background Thread 3 ] DEBUG Engine               - class com.almasb.fxgl.dev.DevService
00:02:09.478 [JavaFX Application Thread] DEBUG FXGLAssetLoaderServi - Loading from file system: file:/C:/Users/Lenovo/OneDrive%20-%20CUHK-Shenzhen/桌面/javaGame/target/classes/assets/textures/s2.jpg
00:02:09.725 [JavaFX Application Thread] DEBUG FXGLAssetLoaderServi - Loading from file system: file:/C:/Users/Lenovo/OneDrive%20-%20CUHK-Shenzhen/桌面/javaGame/target/classes/assets/textures/s3.jpg
00:02:11.383 [JavaFX Application Thread] DEBUG PrimaryStageWindow   - Push state: DialogSubScene
00:02:11.383 [JavaFX Application Thread] DEBUG Input                - Clearing active input actions
00:02:11.385 [JavaFX Application Thread] DEBUG GameApplicationServi - Removing overlay from GameScene and adding to DialogSubScene
00:02:11.385 [JavaFX Application Thread] DEBUG PrimaryStageWindow   - GameScene -> DialogSubScene
00:02:11.799 [JavaFX Application Thread] DEBUG PrimaryStageWindow   - Pop state: DialogSubScene
00:02:11.800 [JavaFX Application Thread] DEBUG Input                - Clearing active input actions
00:02:11.800 [JavaFX Application Thread] DEBUG GameApplicationServi - Removing overlay from DialogSubScene and adding to GameScene
00:02:11.800 [JavaFX Application Thread] DEBUG PrimaryStageWindow   - GameScene <- DialogSubScene
00:02:12.213 [JavaFX Application Thread] DEBUG FXGLAssetLoaderServi - Loading from file system: file:/C:/Users/Lenovo/OneDrive%20-%20CUHK-Shenzhen/桌面/javaGame/target/classes/assets/textures/Stage2/Stage2%20Chair.png
00:02:12.223 [JavaFX Application Thread] DEBUG FXGLAssetLoaderServi - Loading from file system: file:/C:/Users/Lenovo/OneDrive%20-%20CUHK-Shenzhen/桌面/javaGame/target/classes/assets/textures/Stage2/Stage2%20Clock.png
00:02:12.225 [JavaFX Application Thread] DEBUG FXGLAssetLoaderServi - Loading from file system: file:/C:/Users/Lenovo/OneDrive%20-%20CUHK-Shenzhen/桌面/javaGame/target/classes/assets/textures/Stage2/Stage2%20Drawer.png
00:02:13.298 [JavaFX Application Thread] DEBUG FXGLAssetLoaderServi - Loading from file system: file:/C:/Users/Lenovo/OneDrive%20-%20CUHK-Shenzhen/桌面/javaGame/target/classes/assets/textures/Stage2/Drawer%20Click.jpg
00:02:13.305 [JavaFX Application Thread] DEBUG FXGLAssetLoaderServi - Loading from file system: file:/C:/Users/Lenovo/OneDrive%20-%20CUHK-Shenzhen/桌面/javaGame/target/classes/assets/textures/Stage2/D1.png
00:02:13.308 [JavaFX Application Thread] DEBUG FXGLAssetLoaderServi - Loading from file system: file:/C:/Users/Lenovo/OneDrive%20-%20CUHK-Shenzhen/桌面/javaGame/target/classes/assets/textures/Stage2/D2.png
00:02:13.310 [JavaFX Application Thread] DEBUG FXGLAssetLoaderServi - Loading from file system: file:/C:/Users/Lenovo/OneDrive%20-%20CUHK-Shenzhen/桌面/javaGame/target/classes/assets/textures/Stage2/D3.png
00:02:13.312 [JavaFX Application Thread] DEBUG FXGLAssetLoaderServi - Loading from file system: file:/C:/Users/Lenovo/OneDrive%20-%20CUHK-Shenzhen/桌面/javaGame/target/classes/assets/textures/Stage2/D4.png
00:02:13.315 [JavaFX Application Thread] DEBUG FXGLAssetLoaderServi - Loading from file system: file:/C:/Users/Lenovo/OneDrive%20-%20CUHK-Shenzhen/桌面/javaGame/target/classes/assets/textures/ArrowD.png
00:02:13.651 [JavaFX Application Thread] DEBUG FXGLAssetLoaderServi - Loading from file system: file:/C:/Users/Lenovo/OneDrive%20-%20CUHK-Shenzhen/桌面/javaGame/target/classes/assets/sounds/柜子开.wav
00:02:13.657 [JavaFX Application Thread] DEBUG PrimaryStageWindow   - Push state: DialogSubScene
00:02:13.657 [JavaFX Application Thread] DEBUG Input                - Clearing active input actions
00:02:13.658 [JavaFX Application Thread] DEBUG GameApplicationServi - Removing overlay from GameScene and adding to DialogSubScene
00:02:13.658 [JavaFX Application Thread] DEBUG PrimaryStageWindow   - GameScene -> DialogSubScene
00:02:14.206 [JavaFX Application Thread] DEBUG PrimaryStageWindow   - Pop state: DialogSubScene
00:02:14.206 [JavaFX Application Thread] DEBUG Input                - Clearing active input actions
00:02:14.206 [JavaFX Application Thread] DEBUG GameApplicationServi - Removing overlay from DialogSubScene and adding to GameScene
00:02:14.206 [JavaFX Application Thread] DEBUG PrimaryStageWindow   - GameScene <- DialogSubScene
00:02:15.364 [JavaFX Application Thread] DEBUG FXGLAssetLoaderServi - Loading from file system: file:/C:/Users/Lenovo/OneDrive%20-%20CUHK-Shenzhen/桌面/javaGame/target/classes/assets/textures/Stage3/Stage3%20Mirror.png
00:02:15.371 [JavaFX Application Thread] DEBUG FXGLAssetLoaderServi - Loading from file system: file:/C:/Users/Lenovo/OneDrive%20-%20CUHK-Shenzhen/桌面/javaGame/target/classes/assets/textures/Stage3/Stage3%20Tap.png
00:02:15.376 [JavaFX Application Thread] DEBUG FXGLAssetLoaderServi - Loading from file system: file:/C:/Users/Lenovo/OneDrive%20-%20CUHK-Shenzhen/桌面/javaGame/target/classes/assets/textures/Stage3/guahua.png
00:02:15.384 [JavaFX Application Thread] DEBUG FXGLAssetLoaderServi - Loading from file system: file:/C:/Users/Lenovo/OneDrive%20-%20CUHK-Shenzhen/桌面/javaGame/target/classes/assets/textures/Stage3/yugang.png
00:02:15.386 [JavaFX Application Thread] DEBUG FXGLAssetLoaderServi - Loading from file system: file:/C:/Users/Lenovo/OneDrive%20-%20CUHK-Shenzhen/桌面/javaGame/target/classes/assets/textures/Stage3/guizi.png
00:02:15.821 [JavaFX Application Thread] DEBUG FXGLAssetLoaderServi - Loading from file system: file:/C:/Users/Lenovo/OneDrive%20-%20CUHK-Shenzhen/桌面/javaGame/target/classes/assets/textures/Stage3/guahuac1.png
00:02:16.123 [JavaFX Application Thread] DEBUG FXGLAssetLoaderServi - Loading from file system: file:/C:/Users/Lenovo/OneDrive%20-%20CUHK-Shenzhen/桌面/javaGame/target/classes/assets/sounds/挂画.wav
00:02:16.127 [JavaFX Application Thread] DEBUG FXGLAssetLoaderServi - Loading from file system: file:/C:/Users/Lenovo/OneDrive%20-%20CUHK-Shenzhen/桌面/javaGame/target/classes/assets/textures/Stage3/guahuac2.png
00:02:16.138 [JavaFX Application Thread] DEBUG FXGLAssetLoaderServi - Loading from file system: file:/C:/Users/Lenovo/OneDrive%20-%20CUHK-Shenzhen/桌面/javaGame/target/classes/assets/textures/Stage1/DY.png
00:02:16.167 [JavaFX Application Thread] DEBUG FXGLAssetLoaderServi - Loading from file system: file:/C:/Users/Lenovo/OneDrive%20-%20CUHK-Shenzhen/桌面/javaGame/target/classes/assets/textures/Stage1/DG.png
00:02:16.205 [JavaFX Application Thread] DEBUG FXGLAssetLoaderServi - Loading from file system: file:/C:/Users/Lenovo/OneDrive%20-%20CUHK-Shenzhen/桌面/javaGame/target/classes/assets/textures/Stage1/DR.png
00:02:19.893 [JavaFX Application Thread] DEBUG FXGLAssetLoaderServi - Loading from file system: file:/C:/Users/Lenovo/OneDrive%20-%20CUHK-Shenzhen/桌面/javaGame/target/classes/assets/sounds/钥匙声.wav
00:02:19.896 [JavaFX Application Thread] DEBUG PrimaryStageWindow   - Push state: DialogSubScene
00:02:19.896 [JavaFX Application Thread] DEBUG Input                - Clearing active input actions
00:02:19.897 [JavaFX Application Thread] DEBUG GameApplicationServi - Removing overlay from GameScene and adding to DialogSubScene
00:02:19.897 [JavaFX Application Thread] DEBUG PrimaryStageWindow   - GameScene -> DialogSubScene
00:02:20.225 [JavaFX Application Thread] DEBUG PrimaryStageWindow   - Pop state: DialogSubScene
00:02:20.225 [JavaFX Application Thread] DEBUG Input                - Clearing active input actions
00:02:20.225 [JavaFX Application Thread] DEBUG GameApplicationServi - Removing overlay from DialogSubScene and adding to GameScene
00:02:20.225 [JavaFX Application Thread] DEBUG PrimaryStageWindow   - GameScene <- DialogSubScene
00:02:20.809 [JavaFX Application Thread] DEBUG PrimaryStageWindow   - Push state: DialogSubScene
00:02:20.809 [JavaFX Application Thread] DEBUG Input                - Clearing active input actions
00:02:20.809 [JavaFX Application Thread] DEBUG GameApplicationServi - Removing overlay from GameScene and adding to DialogSubScene
00:02:20.809 [JavaFX Application Thread] DEBUG PrimaryStageWindow   - GameScene -> DialogSubScene
00:02:21.612 [JavaFX Application Thread] DEBUG PrimaryStageWindow   - Pop state: DialogSubScene
00:02:21.612 [JavaFX Application Thread] DEBUG Input                - Clearing active input actions
00:02:21.612 [JavaFX Application Thread] DEBUG GameApplicationServi - Removing overlay from DialogSubScene and adding to GameScene
00:02:21.612 [JavaFX Application Thread] DEBUG PrimaryStageWindow   - GameScene <- DialogSubScene
00:02:24.283 [JavaFX Application Thread] DEBUG FXGLAssetLoaderServi - Loading from file system: file:/C:/Users/Lenovo/OneDrive%20-%20CUHK-Shenzhen/桌面/javaGame/target/classes/assets/textures/Stage3/guizic1.jpg
00:02:24.290 [JavaFX Application Thread] DEBUG FXGLAssetLoaderServi - Loading from file system: file:/C:/Users/Lenovo/OneDrive%20-%20CUHK-Shenzhen/桌面/javaGame/target/classes/assets/textures/Stage3/chouti.png
00:02:24.291 [JavaFX Application Thread] DEBUG FXGLAssetLoaderServi - Loading from file system: file:/C:/Users/Lenovo/OneDrive%20-%20CUHK-Shenzhen/桌面/javaGame/target/classes/assets/textures/Stage3/yinfu/Do.png
00:02:24.293 [JavaFX Application Thread] DEBUG FXGLAssetLoaderServi - Loading from file system: file:/C:/Users/Lenovo/OneDrive%20-%20CUHK-Shenzhen/桌面/javaGame/target/classes/assets/textures/Stage3/yinfu/Re.png
00:02:24.294 [JavaFX Application Thread] DEBUG FXGLAssetLoaderServi - Loading from file system: file:/C:/Users/Lenovo/OneDrive%20-%20CUHK-Shenzhen/桌面/javaGame/target/classes/assets/textures/Stage3/yinfu/Mi.png
00:02:24.295 [JavaFX Application Thread] DEBUG FXGLAssetLoaderServi - Loading from file system: file:/C:/Users/Lenovo/OneDrive%20-%20CUHK-Shenzhen/桌面/javaGame/target/classes/assets/textures/Stage3/yinfu/Fa.png
00:02:24.296 [JavaFX Application Thread] DEBUG FXGLAssetLoaderServi - Loading from file system: file:/C:/Users/Lenovo/OneDrive%20-%20CUHK-Shenzhen/桌面/javaGame/target/classes/assets/textures/Stage3/yinfu/So.png
00:02:24.299 [JavaFX Application Thread] DEBUG FXGLAssetLoaderServi - Loading from file system: file:/C:/Users/Lenovo/OneDrive%20-%20CUHK-Shenzhen/桌面/javaGame/target/classes/assets/textures/Stage3/yinfu/La.png
00:02:24.300 [JavaFX Application Thread] DEBUG FXGLAssetLoaderServi - Loading from file system: file:/C:/Users/Lenovo/OneDrive%20-%20CUHK-Shenzhen/桌面/javaGame/target/classes/assets/textures/Stage3/yinfu/Ti.png
00:02:24.301 [JavaFX Application Thread] DEBUG FXGLAssetLoaderServi - Loading from file system: file:/C:/Users/Lenovo/OneDrive%20-%20CUHK-Shenzhen/桌面/javaGame/target/classes/assets/textures/Stage3/yinfu/Do1.png
00:02:24.302 [JavaFX Application Thread] DEBUG FXGLAssetLoaderServi - Loading from file system: file:/C:/Users/Lenovo/OneDrive%20-%20CUHK-Shenzhen/桌面/javaGame/target/classes/assets/textures/Stage3/yinfu/Re1.png
00:02:24.303 [JavaFX Application Thread] DEBUG FXGLAssetLoaderServi - Loading from file system: file:/C:/Users/Lenovo/OneDrive%20-%20CUHK-Shenzhen/桌面/javaGame/target/classes/assets/textures/Stage3/yinfu/Mi1.png
00:02:24.305 [JavaFX Application Thread] DEBUG FXGLAssetLoaderServi - Loading from file system: file:/C:/Users/Lenovo/OneDrive%20-%20CUHK-Shenzhen/桌面/javaGame/target/classes/assets/textures/Stage3/yinfu/Fa1.png
00:02:24.305 [JavaFX Application Thread] DEBUG FXGLAssetLoaderServi - Loading from file system: file:/C:/Users/Lenovo/OneDrive%20-%20CUHK-Shenzhen/桌面/javaGame/target/classes/assets/textures/Stage3/yinfu/So1.png
00:02:25.063 [JavaFX Application Thread] DEBUG FXGLAssetLoaderServi - Loading from file system: file:/C:/Users/Lenovo/OneDrive%20-%20CUHK-Shenzhen/桌面/javaGame/target/classes/assets/sounds/Fa.wav
00:02:25.352 [JavaFX Application Thread] DEBUG FXGLAssetLoaderServi - Loading from file system: file:/C:/Users/Lenovo/OneDrive%20-%20CUHK-Shenzhen/桌面/javaGame/target/classes/assets/sounds/Mi.wav
00:02:25.720 [JavaFX Application Thread] DEBUG FXGLAssetLoaderServi - Loading from file system: file:/C:/Users/Lenovo/OneDrive%20-%20CUHK-Shenzhen/桌面/javaGame/target/classes/assets/sounds/So.wav
00:02:26.835 [JavaFX Application Thread] DEBUG FXGLAssetLoaderServi - Loading from file system: file:/C:/Users/Lenovo/OneDrive%20-%20CUHK-Shenzhen/桌面/javaGame/target/classes/assets/sounds/Do.wav
00:02:27.139 [JavaFX Application Thread] DEBUG PrimaryStageWindow   - Push state: DialogSubScene
00:02:27.139 [JavaFX Application Thread] DEBUG Input                - Clearing active input actions
00:02:27.140 [JavaFX Application Thread] DEBUG GameApplicationServi - Removing overlay from GameScene and adding to DialogSubScene
00:02:27.140 [JavaFX Application Thread] DEBUG PrimaryStageWindow   - GameScene -> DialogSubScene
00:02:27.614 [JavaFX Application Thread] DEBUG PrimaryStageWindow   - Pop state: DialogSubScene
00:02:27.614 [JavaFX Application Thread] DEBUG Input                - Clearing active input actions
00:02:27.615 [JavaFX Application Thread] DEBUG GameApplicationServi - Removing overlay from DialogSubScene and adding to GameScene
00:02:27.615 [JavaFX Application Thread] DEBUG PrimaryStageWindow   - GameScene <- DialogSubScene
00:02:30.035 [JavaFX Application Thread] DEBUG PrimaryStageWindow   - Push state: DialogSubScene
00:02:30.035 [JavaFX Application Thread] DEBUG Input                - Clearing active input actions
00:02:30.035 [JavaFX Application Thread] DEBUG GameApplicationServi - Removing overlay from GameScene and adding to DialogSubScene
00:02:30.035 [JavaFX Application Thread] DEBUG PrimaryStageWindow   - GameScene -> DialogSubScene
00:02:30.671 [JavaFX Application Thread] DEBUG PrimaryStageWindow   - Pop state: DialogSubScene
00:02:30.671 [JavaFX Application Thread] DEBUG Input                - Clearing active input actions
00:02:30.671 [JavaFX Application Thread] DEBUG GameApplicationServi - Removing overlay from DialogSubScene and adding to GameScene
00:02:30.671 [JavaFX Application Thread] DEBUG PrimaryStageWindow   - GameScene <- DialogSubScene
00:02:31.311 [JavaFX Application Thread] DEBUG PrimaryStageWindow   - Push state: DialogSubScene
00:02:31.311 [JavaFX Application Thread] DEBUG Input                - Clearing active input actions
00:02:31.311 [JavaFX Application Thread] DEBUG GameApplicationServi - Removing overlay from GameScene and adding to DialogSubScene
00:02:31.311 [JavaFX Application Thread] DEBUG PrimaryStageWindow   - GameScene -> DialogSubScene
00:02:31.785 [JavaFX Application Thread] DEBUG PrimaryStageWindow   - Pop state: DialogSubScene
00:02:31.785 [JavaFX Application Thread] DEBUG Input                - Clearing active input actions
00:02:31.785 [JavaFX Application Thread] DEBUG GameApplicationServi - Removing overlay from DialogSubScene and adding to GameScene
00:02:31.785 [JavaFX Application Thread] DEBUG PrimaryStageWindow   - GameScene <- DialogSubScene
00:02:34.081 [JavaFX Application Thread] DEBUG FXGLAssetLoaderServi - Loading from file system: file:/C:/Users/Lenovo/OneDrive%20-%20CUHK-Shenzhen/桌面/javaGame/target/classes/assets/sounds/拉窗帘声.wav
00:02:34.085 [JavaFX Application Thread] DEBUG FXGLAssetLoaderServi - Loading from file system: file:/C:/Users/Lenovo/OneDrive%20-%20CUHK-Shenzhen/桌面/javaGame/target/classes/assets/textures/Stage1/C1.png
00:02:34.091 [JavaFX Application Thread] DEBUG PrimaryStageWindow   - Push state: DialogSubScene
00:02:34.091 [JavaFX Application Thread] DEBUG Input                - Clearing active input actions
00:02:34.091 [JavaFX Application Thread] DEBUG GameApplicationServi - Removing overlay from GameScene and adding to DialogSubScene
00:02:34.091 [JavaFX Application Thread] DEBUG PrimaryStageWindow   - GameScene -> DialogSubScene
00:02:44.884 [JavaFX Application Thread] DEBUG PrimaryStageWindow   - Pop state: DialogSubScene
00:02:44.884 [JavaFX Application Thread] DEBUG Input                - Clearing active input actions
00:02:44.885 [JavaFX Application Thread] DEBUG GameApplicationServi - Removing overlay from DialogSubScene and adding to GameScene
00:02:44.885 [JavaFX Application Thread] DEBUG PrimaryStageWindow   - GameScene <- DialogSubScene
00:03:25.368 [JavaFX Application Thread] DEBUG FXGLAssetLoaderServi - Loading from file system: file:/C:/Users/Lenovo/OneDrive%20-%20CUHK-Shenzhen/桌面/javaGame/target/classes/assets/textures/Stage4/Stage4%20Bed.png
00:03:25.392 [JavaFX Application Thread] DEBUG FXGLAssetLoaderServi - Loading from file system: file:/C:/Users/Lenovo/OneDrive%20-%20CUHK-Shenzhen/桌面/javaGame/target/classes/assets/textures/Stage4/Stage4%20Box.png
00:03:25.399 [JavaFX Application Thread] DEBUG FXGLAssetLoaderServi - Loading from file system: file:/C:/Users/Lenovo/OneDrive%20-%20CUHK-Shenzhen/桌面/javaGame/target/classes/assets/textures/Stage4/Stage4%20Clock.png
00:04:08.684 [JavaFX Application Thread] DEBUG FXGLApplication      - Exiting FXGL
00:04:08.684 [JavaFX Application Thread] DEBUG LoopRunner           - Stopping loop
00:04:08.684 [JavaFX Application Thread] DEBUG SystemBundleService  - Saving FXGL system data
00:04:08.686 [JavaFX Application Thread] DEBUG FileSystemAccess     - Writing to: C:\Users\Lenovo\OneDrive - CUHK-Shenzhen\桌面\javaGame\system\fxgl.bundle
00:04:08.687 [JavaFX Application Thread] DEBUG Async                - Shutting down background threads
00:04:08.688 [JavaFX Application Thread] DEBUG PrimaryStageWindow   - Closing main window
00:04:08.711 [JavaFX Application Thread] DEBUG Logger               - Closing Logger
