23:10:24.623 [main                     ] DEBUG Logger               - Configured Logger
23:10:24.643 [main                     ] DEBUG GameApplication      - Logging settings
Title: Escape
Version: 0.1
Width: 900
Height: 900
Fullscreen: false
Intro: false
Profiling: false
Single step:false
App Mode: DEVELOPER
Menu Key: ESCAPE
Stage Style: DECORATED
Scene Factory: class com.almasb.fxgl.app.scene.SceneFactory

23:10:24.910 [JavaFX Application Thread] DEBUG FXGLApplication      - Initializing FXGL
23:10:24.915 [JavaFX Application Thread] INFO  Engine               - FXGL-17.2 (20.08.2022 16.50) on WINDOWS (J:17.0.5 FX:18)
23:10:24.915 [JavaFX Application Thread] DEBUG Engine               - JRE Vendor Name: Oracle Corporation
23:10:24.915 [JavaFX Application Thread] DEBUG Engine               - Running on OS: Windows 11 version 10.0
23:10:24.915 [JavaFX Application Thread] DEBUG Engine               - Architecture: amd64
23:10:24.916 [JavaFX Application Thread] INFO  Engine               - Source code and latest versions at: https://github.com/AlmasB/FXGL
23:10:24.916 [JavaFX Application Thread] INFO  Engine               -       Ask questions and discuss at: https://github.com/AlmasB/FXGL/discussions
23:10:24.916 [JavaFX Application Thread] INFO  Engine               -              Join the FXGL chat at: https://gitter.im/AlmasB/FXGL
23:10:24.966 [JavaFX Application Thread] DEBUG PrimaryStageWindow   - Creating a JavaFX scene
23:10:24.992 [JavaFX Application Thread] DEBUG PrimaryStageWindow   - Target settings size: 900.0 x 900.0
23:10:24.992 [JavaFX Application Thread] DEBUG PrimaryStageWindow   - Scaled scene size:    900.0 x 900.0
23:10:24.992 [JavaFX Application Thread] DEBUG PrimaryStageWindow   - Scaled ratio: (1.0, 1.0)
23:10:24.993 [JavaFX Application Thread] DEBUG PrimaryStageWindow   - Set initial scene to FXGLStartupScene
23:10:24.996 [JavaFX Application Thread] DEBUG PrimaryStageWindow   - Opening main window
23:10:25.045 [JavaFX Application Thread] DEBUG PrimaryStageWindow   - Window border size: (14.66668701171875, 37.33331298828125)
23:10:25.045 [JavaFX Application Thread] DEBUG PrimaryStageWindow   - Scaled size: 900.0 x 900.0
23:10:25.045 [JavaFX Application Thread] DEBUG PrimaryStageWindow   - Scaled ratio: (1.0, 1.0)
23:10:25.045 [JavaFX Application Thread] DEBUG PrimaryStageWindow   - Scene size: 900.0 x 900.0
23:10:25.046 [JavaFX Application Thread] DEBUG PrimaryStageWindow   - Stage size: 914.6666870117188 x 937.3333129882812
23:10:25.050 [FXGL Background Thread 1 ] DEBUG Engine               - Initializing environment variables
23:10:25.074 [FXGL Background Thread 1 ] DEBUG FXGLAssetLoaderServi - User app class for loading assets: class com.Moonhalf.EscapeApp
23:10:25.075 [FXGL Background Thread 1 ] DEBUG GameApplicationServi - Applying CSS: fxgl_dark.css
23:10:25.075 [FXGL Background Thread 1 ] DEBUG FXGLAssetLoaderServi - Loading from file system: jar:file:///C:/Users/Lenovo/.m2/repository/com/github/almasb/fxgl/17.2/fxgl-17.2.jar!/fxglassets/ui/css/fxgl_dark.css
23:10:25.102 [FXGL Background Thread 1 ] DEBUG GameApplicationServi - Initializing application scenes
23:10:25.139 [FXGL Background Thread 1 ] DEBUG GameWorld            - Game world initialized
23:10:25.177 [FXGL Background Thread 1 ] DEBUG PhysicsWorld         - Physics world initialized: appHeight=900, physics.ppm=50.0
23:10:25.177 [FXGL Background Thread 1 ] DEBUG PhysicsWorld         - Using strategy: BRUTE_FORCE
23:10:25.180 [FXGL Background Thread 1 ] DEBUG GameScene            - Game scene initialized: 900x900
23:10:25.188 [FXGL Background Thread 1 ] DEBUG FXGL.DefaultMenu     - createMenuBodyGameMenu()
23:10:25.197 [FXGL Background Thread 1 ] DEBUG FXGL.DefaultMenu     - createOptionsMenu()
23:10:25.205 [FXGL Background Thread 1 ] DEBUG FXGLAssetLoaderServi - Loading from file system: jar:file:///C:/Users/Lenovo/.m2/repository/com/github/almasb/fxgl/17.2/fxgl-17.2.jar!/fxglassets/textures/particles/smoke.png
23:10:25.261 [FXGL Background Thread 1 ] DEBUG FXGLAssetLoaderServi - Loading from file system: jar:file:///C:/Users/Lenovo/.m2/repository/com/github/almasb/fxgl/17.2/fxgl-17.2.jar!/fxglassets/textures/particles/trace_horizontal.png
23:10:25.279 [FXGL Background Thread 1 ] DEBUG GameApplicationServi - Application scenes initialized
23:10:25.289 [FXGL Background Thread 1 ] DEBUG SystemBundleService  - Loading FXGL system data
23:10:25.292 [FXGL Background Thread 1 ] DEBUG FileSystemAccess     - Reading from: C:\Users\Lenovo\OneDrive - CUHK-Shenzhen\桌面\javaGame\system\fxgl.bundle
23:10:25.297 [FXGL Background Thread 1 ] DEBUG SystemBundleService  - Bundle FXGL: {}
23:10:25.297 [FXGL Background Thread 1 ] DEBUG UpdaterService       - Checking for updates
23:10:25.300 [FXGL Background Thread 4 ] DEBUG FXGLApplication      - Loading fonts
23:10:25.300 [FXGL Background Thread 1 ] DEBUG FXGLApplication      - Loading default localization
23:10:25.300 [FXGL Background Thread 4 ] DEBUG FXGLAssetLoaderServi - Loading from file system: jar:file:///C:/Users/Lenovo/.m2/repository/com/github/almasb/fxgl/17.2/fxgl-17.2.jar!/fxglassets/ui/fonts/VarelaRound-Regular.ttf
23:10:25.300 [FXGL Background Thread 1 ] DEBUG FXGLAssetLoaderServi - Loading from file system: jar:file:///C:/Users/Lenovo/.m2/repository/com/github/almasb/fxgl/17.2/fxgl-17.2.jar!/fxglassets/languages/english.lang
23:10:25.318 [FXGL Background Thread 1 ] INFO  FXGLApplication      - FXGL initialization took: 0.268 sec
23:10:25.320 [JavaFX Application Thread] DEBUG FXGLAssetLoaderServi - Loading from file system: file:/C:/Users/Lenovo/OneDrive%20-%20CUHK-Shenzhen/桌面/javaGame/target/classes/assets/textures/Escape.png
23:10:25.332 [JavaFX Application Thread] DEBUG FXGLAssetLoaderServi - Loading from file system: jar:file:///C:/Users/Lenovo/.m2/repository/com/github/almasb/fxgl/17.2/fxgl-17.2.jar!/fxglassets/textures/fxgl_default_cursor.png
23:10:25.346 [FXGL Background Thread 4 ] DEBUG FXGLAssetLoaderServi - Loading from file system: jar:file:///C:/Users/Lenovo/.m2/repository/com/github/almasb/fxgl/17.2/fxgl-17.2.jar!/fxglassets/ui/fonts/Abel-Regular.ttf
23:10:25.351 [JavaFX Application Thread] DEBUG Input                - Registered new binding: Screenshot - CTRL+8
23:10:25.351 [JavaFX Application Thread] DEBUG Input                - Registered new binding: System info dump - CTRL+9
23:10:25.351 [JavaFX Application Thread] DEBUG Input                - Registered new binding: Restart - CTRL+R
23:10:25.352 [JavaFX Application Thread] DEBUG Input                - Registered new binding: Toggle Debug Camera - CTRL+7
23:10:25.353 [FXGL Background Thread 4 ] DEBUG FXGLAssetLoaderServi - Loading from file system: jar:file:///C:/Users/Lenovo/.m2/repository/com/github/almasb/fxgl/17.2/fxgl-17.2.jar!/fxglassets/ui/fonts/TerminalLandMono-Regular.otf
23:10:25.354 [JavaFX Application Thread] DEBUG LoopRunner           - Starting loop
23:10:25.354 [JavaFX Application Thread] DEBUG LoopRunner           - Initializing JavaFX AnimationTimerLoop
23:10:25.354 [FXGL Background Thread 4 ] DEBUG FXGLAssetLoaderServi - Loading from file system: jar:file:///C:/Users/Lenovo/.m2/repository/com/github/almasb/fxgl/17.2/fxgl-17.2.jar!/fxglassets/ui/fonts/Courier-Prime.ttf
23:10:25.354 [JavaFX Application Thread] DEBUG GameApplicationServi - Starting new game
23:10:25.355 [JavaFX Application Thread] DEBUG Input                - Clearing active input actions
23:10:25.366 [JavaFX Application Thread] DEBUG GameApplicationServi - Removing overlay from FXGLStartupScene and adding to FXGLLoadingScene
23:10:25.366 [JavaFX Application Thread] DEBUG PrimaryStageWindow   - FXGLStartupScene -> FXGLLoadingScene
23:10:25.367 [JavaFX Application Thread] DEBUG GameApplicationServi - Clearing previous game
23:10:25.367 [JavaFX Application Thread] DEBUG GameScene            - Clearing game scene
23:10:25.367 [JavaFX Application Thread] DEBUG GameWorld            - Clearing game world
23:10:25.367 [JavaFX Application Thread] DEBUG PhysicsWorld         - Clearing physics world
23:10:25.368 [JavaFX Application Thread] DEBUG FXGLApplication      - Registering font factories with UI factory
23:10:25.369 [FXGL Background Thread 4 ] DEBUG FXGLApplication      - Initializing game
23:10:25.378 [FXGL Background Thread 4 ] DEBUG FXGLAssetLoaderServi - Loading from file system: file:/C:/Users/Lenovo/OneDrive%20-%20CUHK-Shenzhen/桌面/javaGame/target/classes/assets/textures/Background.jpg
23:10:25.398 [FXGL Background Thread 4 ] DEBUG FXGLAssetLoaderServi - Loading from file system: file:/C:/Users/Lenovo/OneDrive%20-%20CUHK-Shenzhen/桌面/javaGame/target/classes/assets/textures/Stage1/Stage1%20Door.png
23:10:25.430 [FXGL Background Thread 4 ] DEBUG FXGLAssetLoaderServi - Loading from file system: file:/C:/Users/Lenovo/OneDrive%20-%20CUHK-Shenzhen/桌面/javaGame/target/classes/assets/textures/Stage1/Stage1%20Curtain.png
23:10:25.441 [FXGL Background Thread 4 ] INFO  FXGLApplication      - Game initialization took: 0.072 sec
23:10:25.470 [JavaFX Application Thread] DEBUG Input                - Clearing active input actions
23:10:25.474 [JavaFX Application Thread] DEBUG GameApplicationServi - Removing overlay from FXGLLoadingScene and adding to GameScene
23:10:25.474 [JavaFX Application Thread] DEBUG PrimaryStageWindow   - FXGLLoadingScene -> GameScene
23:10:25.761 [FXGL Background Thread 2 ] INFO  UpdaterService       - Your current version:  17.2
23:10:25.761 [FXGL Background Thread 2 ] INFO  UpdaterService       - Latest stable version: 17.3
23:10:27.105 [JavaFX Application Thread] DEBUG FXGLApplication      - Exiting FXGL
23:10:27.105 [JavaFX Application Thread] DEBUG LoopRunner           - Stopping loop
23:10:27.105 [JavaFX Application Thread] DEBUG SystemBundleService  - Saving FXGL system data
23:10:27.108 [JavaFX Application Thread] DEBUG FileSystemAccess     - Writing to: C:\Users\Lenovo\OneDrive - CUHK-Shenzhen\桌面\javaGame\system\fxgl.bundle
23:10:27.110 [JavaFX Application Thread] DEBUG Async                - Shutting down background threads
23:10:27.110 [JavaFX Application Thread] DEBUG PrimaryStageWindow   - Closing main window
23:10:27.131 [JavaFX Application Thread] DEBUG Logger               - Closing Logger
