00:10:41.044 [main                     ] DEBUG Logger               - Configured Logger
00:10:41.062 [main                     ] DEBUG GameApplication      - Logging settings
Title: Escape
Version: 0.1
Width: 900
Height: 900
Fullscreen: false
Intro: false
Profiling: false
Single step:false
App Mode: DEVELOPER
Menu Key: ESCAPE
Stage Style: DECORATED
Scene Factory: class com.almasb.fxgl.app.scene.SceneFactory

00:10:41.326 [JavaFX Application Thread] DEBUG FXGLApplication      - Initializing FXGL
00:10:41.329 [JavaFX Application Thread] INFO  Engine               - FXGL-17.2 (20.08.2022 16.50) on WINDOWS (J:17.0.5 FX:18)
00:10:41.329 [JavaFX Application Thread] DEBUG Engine               - JRE Vendor Name: Oracle Corporation
00:10:41.329 [JavaFX Application Thread] DEBUG Engine               - Running on OS: Windows 11 version 10.0
00:10:41.330 [JavaFX Application Thread] DEBUG Engine               - Architecture: amd64
00:10:41.330 [JavaFX Application Thread] INFO  Engine               - Source code and latest versions at: https://github.com/AlmasB/FXGL
00:10:41.330 [JavaFX Application Thread] INFO  Engine               -       Ask questions and discuss at: https://github.com/AlmasB/FXGL/discussions
00:10:41.330 [JavaFX Application Thread] INFO  Engine               -              Join the FXGL chat at: https://gitter.im/AlmasB/FXGL
00:10:41.376 [JavaFX Application Thread] DEBUG PrimaryStageWindow   - Creating a JavaFX scene
00:10:41.400 [JavaFX Application Thread] DEBUG PrimaryStageWindow   - Target settings size: 900.0 x 900.0
00:10:41.401 [JavaFX Application Thread] DEBUG PrimaryStageWindow   - Scaled scene size:    900.0 x 900.0
00:10:41.401 [JavaFX Application Thread] DEBUG PrimaryStageWindow   - Scaled ratio: (1.0, 1.0)
00:10:41.401 [JavaFX Application Thread] DEBUG PrimaryStageWindow   - Set initial scene to FXGLStartupScene
00:10:41.405 [JavaFX Application Thread] DEBUG PrimaryStageWindow   - Opening main window
00:10:41.463 [JavaFX Application Thread] DEBUG PrimaryStageWindow   - Window border size: (14.66668701171875, 37.33331298828125)
00:10:41.463 [JavaFX Application Thread] DEBUG PrimaryStageWindow   - Scaled size: 900.0 x 900.0
00:10:41.463 [JavaFX Application Thread] DEBUG PrimaryStageWindow   - Scaled ratio: (1.0, 1.0)
00:10:41.463 [JavaFX Application Thread] DEBUG PrimaryStageWindow   - Scene size: 900.0 x 900.0
00:10:41.464 [JavaFX Application Thread] DEBUG PrimaryStageWindow   - Stage size: 914.6666870117188 x 937.3333129882812
00:10:41.467 [FXGL Background Thread 1 ] DEBUG Engine               - Initializing environment variables
00:10:41.493 [FXGL Background Thread 1 ] DEBUG FXGLAssetLoaderServi - User app class for loading assets: class com.Moonhalf.EscapeApp
00:10:41.494 [FXGL Background Thread 1 ] DEBUG GameApplicationServi - Applying CSS: fxgl_dark.css
00:10:41.494 [FXGL Background Thread 1 ] DEBUG FXGLAssetLoaderServi - Loading from file system: jar:file:///C:/Users/Lenovo/.m2/repository/com/github/almasb/fxgl/17.2/fxgl-17.2.jar!/fxglassets/ui/css/fxgl_dark.css
00:10:41.526 [FXGL Background Thread 1 ] DEBUG GameApplicationServi - Initializing application scenes
00:10:41.584 [FXGL Background Thread 1 ] DEBUG GameWorld            - Game world initialized
00:10:41.623 [FXGL Background Thread 1 ] DEBUG PhysicsWorld         - Physics world initialized: appHeight=900, physics.ppm=50.0
00:10:41.624 [FXGL Background Thread 1 ] DEBUG PhysicsWorld         - Using strategy: BRUTE_FORCE
00:10:41.628 [FXGL Background Thread 1 ] DEBUG GameScene            - Game scene initialized: 900x900
00:10:41.637 [FXGL Background Thread 1 ] DEBUG FXGL.DefaultMenu     - createMenuBodyGameMenu()
00:10:41.646 [FXGL Background Thread 1 ] DEBUG FXGL.DefaultMenu     - createOptionsMenu()
00:10:41.653 [FXGL Background Thread 1 ] DEBUG FXGLAssetLoaderServi - Loading from file system: jar:file:///C:/Users/Lenovo/.m2/repository/com/github/almasb/fxgl/17.2/fxgl-17.2.jar!/fxglassets/textures/particles/smoke.png
00:10:41.712 [FXGL Background Thread 1 ] DEBUG FXGLAssetLoaderServi - Loading from file system: jar:file:///C:/Users/Lenovo/.m2/repository/com/github/almasb/fxgl/17.2/fxgl-17.2.jar!/fxglassets/textures/particles/trace_horizontal.png
00:10:41.729 [FXGL Background Thread 1 ] DEBUG GameApplicationServi - Application scenes initialized
00:10:41.736 [FXGL Background Thread 1 ] DEBUG SystemBundleService  - Loading FXGL system data
00:10:41.739 [FXGL Background Thread 1 ] DEBUG FileSystemAccess     - Reading from: C:\Users\Lenovo\OneDrive - CUHK-Shenzhen\桌面\javaGame\system\fxgl.bundle
00:10:41.744 [FXGL Background Thread 1 ] DEBUG SystemBundleService  - Bundle FXGL: {}
00:10:41.745 [FXGL Background Thread 1 ] DEBUG UpdaterService       - Checking for updates
00:10:41.747 [FXGL Background Thread 4 ] DEBUG FXGLApplication      - Loading fonts
00:10:41.748 [FXGL Background Thread 1 ] DEBUG FXGLApplication      - Loading default localization
00:10:41.748 [FXGL Background Thread 4 ] DEBUG FXGLAssetLoaderServi - Loading from file system: jar:file:///C:/Users/Lenovo/.m2/repository/com/github/almasb/fxgl/17.2/fxgl-17.2.jar!/fxglassets/ui/fonts/VarelaRound-Regular.ttf
00:10:41.748 [FXGL Background Thread 1 ] DEBUG FXGLAssetLoaderServi - Loading from file system: jar:file:///C:/Users/Lenovo/.m2/repository/com/github/almasb/fxgl/17.2/fxgl-17.2.jar!/fxglassets/languages/english.lang
00:10:41.765 [FXGL Background Thread 1 ] INFO  FXGLApplication      - FXGL initialization took: 0.297 sec
00:10:41.767 [JavaFX Application Thread] DEBUG FXGLAssetLoaderServi - Loading from file system: file:/C:/Users/Lenovo/OneDrive%20-%20CUHK-Shenzhen/桌面/javaGame/target/classes/assets/music/bg.mp3
00:10:41.791 [FXGL Background Thread 4 ] DEBUG FXGLAssetLoaderServi - Loading from file system: jar:file:///C:/Users/Lenovo/.m2/repository/com/github/almasb/fxgl/17.2/fxgl-17.2.jar!/fxglassets/ui/fonts/Abel-Regular.ttf
00:10:41.794 [FXGL Background Thread 4 ] DEBUG FXGLAssetLoaderServi - Loading from file system: jar:file:///C:/Users/Lenovo/.m2/repository/com/github/almasb/fxgl/17.2/fxgl-17.2.jar!/fxglassets/ui/fonts/TerminalLandMono-Regular.otf
00:10:41.796 [FXGL Background Thread 4 ] DEBUG FXGLAssetLoaderServi - Loading from file system: jar:file:///C:/Users/Lenovo/.m2/repository/com/github/almasb/fxgl/17.2/fxgl-17.2.jar!/fxglassets/ui/fonts/Courier-Prime.ttf
00:10:42.190 [FXGL Background Thread 2 ] INFO  UpdaterService       - Your current version:  17.2
00:10:42.190 [FXGL Background Thread 2 ] INFO  UpdaterService       - Latest stable version: 17.3
00:10:42.318 [JavaFX Application Thread] DEBUG AudioPlayer          - Playing music com.almasb.fxgl.audio.Music@30fb018
00:10:42.319 [JavaFX Application Thread] DEBUG FXGLAssetLoaderServi - Loading from file system: file:/C:/Users/Lenovo/OneDrive%20-%20CUHK-Shenzhen/桌面/javaGame/target/classes/assets/textures/Escape.png
00:10:42.329 [JavaFX Application Thread] DEBUG FXGLAssetLoaderServi - Loading from file system: jar:file:///C:/Users/Lenovo/.m2/repository/com/github/almasb/fxgl/17.2/fxgl-17.2.jar!/fxglassets/textures/fxgl_default_cursor.png
00:10:42.337 [JavaFX Application Thread] DEBUG Input                - Registered new binding: Screenshot - CTRL+8
00:10:42.337 [JavaFX Application Thread] DEBUG Input                - Registered new binding: System info dump - CTRL+9
00:10:42.337 [JavaFX Application Thread] DEBUG Input                - Registered new binding: Restart - CTRL+R
00:10:42.338 [JavaFX Application Thread] DEBUG Input                - Registered new binding: Toggle Debug Camera - CTRL+7
00:10:42.339 [JavaFX Application Thread] DEBUG LoopRunner           - Starting loop
00:10:42.339 [JavaFX Application Thread] DEBUG LoopRunner           - Initializing JavaFX AnimationTimerLoop
00:10:42.340 [JavaFX Application Thread] DEBUG GameApplicationServi - Starting new game
00:10:42.340 [JavaFX Application Thread] DEBUG Input                - Clearing active input actions
00:10:42.352 [JavaFX Application Thread] DEBUG GameApplicationServi - Removing overlay from FXGLStartupScene and adding to FXGLLoadingScene
00:10:42.352 [JavaFX Application Thread] DEBUG PrimaryStageWindow   - FXGLStartupScene -> FXGLLoadingScene
00:10:42.353 [JavaFX Application Thread] DEBUG GameApplicationServi - Clearing previous game
00:10:42.353 [JavaFX Application Thread] DEBUG GameScene            - Clearing game scene
00:10:42.353 [JavaFX Application Thread] DEBUG GameWorld            - Clearing game world
00:10:42.353 [JavaFX Application Thread] DEBUG PhysicsWorld         - Clearing physics world
00:10:42.354 [FXGL Background Thread 2 ] DEBUG FXGLApplication      - Initializing game
00:10:42.355 [JavaFX Application Thread] DEBUG FXGLApplication      - Registering font factories with UI factory
00:10:42.368 [FXGL Background Thread 2 ] DEBUG FXGLAssetLoaderServi - Loading from file system: file:/C:/Users/Lenovo/OneDrive%20-%20CUHK-Shenzhen/桌面/javaGame/target/classes/assets/textures/Background.jpg
00:10:42.376 [FXGL Background Thread 2 ] DEBUG FXGLAssetLoaderServi - Loading from file system: file:/C:/Users/Lenovo/OneDrive%20-%20CUHK-Shenzhen/桌面/javaGame/target/classes/assets/textures/ArrowR.png
00:10:42.386 [FXGL Background Thread 2 ] DEBUG FXGLAssetLoaderServi - Loading from file system: file:/C:/Users/Lenovo/OneDrive%20-%20CUHK-Shenzhen/桌面/javaGame/target/classes/assets/textures/Stage1/Stage1%20Door.png
00:10:42.418 [FXGL Background Thread 2 ] DEBUG FXGLAssetLoaderServi - Loading from file system: file:/C:/Users/Lenovo/OneDrive%20-%20CUHK-Shenzhen/桌面/javaGame/target/classes/assets/textures/Stage1/Stage1%20Curtain.png
00:10:42.432 [FXGL Background Thread 2 ] DEBUG FXGLAssetLoaderServi - Loading from file system: file:/C:/Users/Lenovo/OneDrive%20-%20CUHK-Shenzhen/桌面/javaGame/target/classes/assets/textures/Stage1/letter.png
00:10:42.435 [FXGL Background Thread 2 ] DEBUG FXGLAssetLoaderServi - Loading from file system: file:/C:/Users/Lenovo/OneDrive%20-%20CUHK-Shenzhen/桌面/javaGame/target/classes/assets/textures/s1.jpg
00:10:42.445 [FXGL Background Thread 2 ] INFO  FXGLApplication      - Game initialization took: 0.091 sec
00:10:42.446 [JavaFX Application Thread] DEBUG Input                - Clearing active input actions
00:10:42.452 [JavaFX Application Thread] DEBUG GameApplicationServi - Removing overlay from FXGLLoadingScene and adding to GameScene
00:10:42.452 [JavaFX Application Thread] DEBUG PrimaryStageWindow   - FXGLLoadingScene -> GameScene
00:10:42.897 [JavaFX Application Thread] DEBUG FXGLAssetLoaderServi - Loading from file system: file:/C:/Users/Lenovo/OneDrive%20-%20CUHK-Shenzhen/桌面/javaGame/target/classes/assets/textures/s2.jpg
00:10:43.016 [JavaFX Application Thread] DEBUG FXGLAssetLoaderServi - Loading from file system: file:/C:/Users/Lenovo/OneDrive%20-%20CUHK-Shenzhen/桌面/javaGame/target/classes/assets/textures/s3.jpg
00:10:44.179 [JavaFX Application Thread] DEBUG PrimaryStageWindow   - Push state: DialogSubScene
00:10:44.179 [JavaFX Application Thread] DEBUG Input                - Clearing active input actions
00:10:44.182 [JavaFX Application Thread] DEBUG GameApplicationServi - Removing overlay from GameScene and adding to DialogSubScene
00:10:44.183 [JavaFX Application Thread] DEBUG PrimaryStageWindow   - GameScene -> DialogSubScene
00:10:44.568 [JavaFX Application Thread] DEBUG PrimaryStageWindow   - Pop state: DialogSubScene
00:10:44.568 [JavaFX Application Thread] DEBUG Input                - Clearing active input actions
00:10:44.568 [JavaFX Application Thread] DEBUG GameApplicationServi - Removing overlay from DialogSubScene and adding to GameScene
00:10:44.568 [JavaFX Application Thread] DEBUG PrimaryStageWindow   - GameScene <- DialogSubScene
00:10:44.748 [FXGL Background Thread 3 ] DEBUG Engine               - Logging environment variables
00:10:44.748 [FXGL Background Thread 3 ] DEBUG Engine               - achievements: []
00:10:44.748 [FXGL Background Thread 3 ] DEBUG Engine               - actualHeight: 900.0
00:10:44.748 [FXGL Background Thread 3 ] DEBUG Engine               - actualHeightProperty: ReadOnlyDoubleProperty [value: 900.0]
00:10:44.749 [FXGL Background Thread 3 ] DEBUG Engine               - actualWidth: 900.0
00:10:44.749 [FXGL Background Thread 3 ] DEBUG Engine               - actualWidthProperty: ReadOnlyDoubleProperty [value: 900.0]
00:10:44.749 [FXGL Background Thread 3 ] DEBUG Engine               - appIcon: Escape.png
00:10:44.749 [FXGL Background Thread 3 ] DEBUG Engine               - applicationMode: DEVELOPER
00:10:44.749 [FXGL Background Thread 3 ] DEBUG Engine               - cSSList: [fxgl_dark.css]
00:10:44.749 [FXGL Background Thread 3 ] DEBUG Engine               - collisionDetectionStrategy: BRUTE_FORCE
00:10:44.749 [FXGL Background Thread 3 ] DEBUG Engine               - configClass: Optional.empty
00:10:44.749 [FXGL Background Thread 3 ] DEBUG Engine               - credits: []
00:10:44.749 [FXGL Background Thread 3 ] DEBUG Engine               - defaultCursor: CursorInfo(imageName=fxgl_default_cursor.png, hotspotX=7.0, hotspotY=6.0)
00:10:44.749 [FXGL Background Thread 3 ] DEBUG Engine               - devBBoxColorProperty: ObjectProperty [value: 0xff0000ff]
00:10:44.749 [FXGL Background Thread 3 ] DEBUG Engine               - devEnableDebugCameraProperty: BooleanProperty [value: false]
00:10:44.749 [FXGL Background Thread 3 ] DEBUG Engine               - devSensorColorProperty: ObjectProperty [value: 0xffff00ff]
00:10:44.750 [FXGL Background Thread 3 ] DEBUG Engine               - devShowBBoxProperty: BooleanProperty [value: false]
00:10:44.750 [FXGL Background Thread 3 ] DEBUG Engine               - devShowPositionProperty: BooleanProperty [value: false]
00:10:44.750 [FXGL Background Thread 3 ] DEBUG Engine               - enabledMenuItems: []
00:10:44.750 [FXGL Background Thread 3 ] DEBUG Engine               - engineServices: [class com.almasb.fxgl.app.services.FXGLAssetLoaderService, class com.almasb.fxgl.app.FXGLApplication$GameApplicationService, class com.almasb.fxgl.app.services.FXGLDialogService, class com.almasb.fxgl.app.services.IOTaskExecutorService, class com.almasb.fxgl.io.FileSystemService, class com.almasb.fxgl.localization.LocalizationService, class com.almasb.fxgl.app.services.SystemBundleService, class com.almasb.fxgl.profile.SaveLoadService, class com.almasb.fxgl.ui.FXGLUIFactoryServiceProvider, class com.almasb.fxgl.ui.FXGLDialogFactoryServiceProvider, class com.almasb.fxgl.audio.AudioPlayer, class com.almasb.fxgl.notification.impl.NotificationServiceProvider, class com.almasb.fxgl.achievement.AchievementService, class com.almasb.fxgl.cutscene.CutsceneService, class com.almasb.fxgl.minigames.MiniGameService, class com.almasb.fxgl.net.NetService, class com.almasb.fxgl.app.services.UpdaterService, class com.almasb.fxgl.dev.DevService]
00:10:44.750 [FXGL Background Thread 3 ] DEBUG Engine               - fontGame: Abel-Regular.ttf
00:10:44.750 [FXGL Background Thread 3 ] DEBUG Engine               - fontMono: TerminalLandMono-Regular.otf
00:10:44.750 [FXGL Background Thread 3 ] DEBUG Engine               - fontText: Courier-Prime.ttf
00:10:44.750 [FXGL Background Thread 3 ] DEBUG Engine               - fontUI: VarelaRound-Regular.ttf
00:10:44.750 [FXGL Background Thread 3 ] DEBUG Engine               - fullScreen: BooleanProperty [value: false]
00:10:44.750 [FXGL Background Thread 3 ] DEBUG Engine               - gameDifficulty: MEDIUM
00:10:44.750 [FXGL Background Thread 3 ] DEBUG Engine               - gameDifficultyProperty: ObjectProperty [value: MEDIUM]
00:10:44.750 [FXGL Background Thread 3 ] DEBUG Engine               - globalMusicVolume: 0.5
00:10:44.750 [FXGL Background Thread 3 ] DEBUG Engine               - globalMusicVolumeProperty: DoubleProperty [value: 0.05]
00:10:44.750 [FXGL Background Thread 3 ] DEBUG Engine               - globalSoundVolume: 0.5
00:10:44.750 [FXGL Background Thread 3 ] DEBUG Engine               - globalSoundVolumeProperty: DoubleProperty [value: 1.0]
00:10:44.750 [FXGL Background Thread 3 ] DEBUG Engine               - height: 900
00:10:44.750 [FXGL Background Thread 3 ] DEBUG Engine               - is3D: false
00:10:44.750 [FXGL Background Thread 3 ] DEBUG Engine               - isAndroid: false
00:10:44.750 [FXGL Background Thread 3 ] DEBUG Engine               - isBrowser: false
00:10:44.750 [FXGL Background Thread 3 ] DEBUG Engine               - isClickFeedbackEnabled: false
00:10:44.752 [FXGL Background Thread 3 ] DEBUG Engine               - isCloseConfirmation: false
00:10:44.752 [FXGL Background Thread 3 ] DEBUG Engine               - isDesktop: true
00:10:44.752 [FXGL Background Thread 3 ] DEBUG Engine               - isDeveloperMenuEnabled: false
00:10:44.752 [FXGL Background Thread 3 ] DEBUG Engine               - isEmbedded: false
00:10:44.752 [FXGL Background Thread 3 ] DEBUG Engine               - isEntityPreloadEnabled: true
00:10:44.752 [FXGL Background Thread 3 ] DEBUG Engine               - isExperimentalTiledLargeMap: false
00:10:44.752 [FXGL Background Thread 3 ] DEBUG Engine               - isFileSystemWriteAllowed: true
00:10:44.752 [FXGL Background Thread 3 ] DEBUG Engine               - isFullScreenAllowed: false
00:10:44.752 [FXGL Background Thread 3 ] DEBUG Engine               - isFullScreenFromStart: false
00:10:44.752 [FXGL Background Thread 3 ] DEBUG Engine               - isGameMenuEnabled: true
00:10:44.752 [FXGL Background Thread 3 ] DEBUG Engine               - isIOS: false
00:10:44.752 [FXGL Background Thread 3 ] DEBUG Engine               - isIntroEnabled: false
00:10:44.752 [FXGL Background Thread 3 ] DEBUG Engine               - isLinux: false
00:10:44.752 [FXGL Background Thread 3 ] DEBUG Engine               - isMac: false
00:10:44.752 [FXGL Background Thread 3 ] DEBUG Engine               - isMainMenuEnabled: false
00:10:44.752 [FXGL Background Thread 3 ] DEBUG Engine               - isManualResizeEnabled: false
00:10:44.752 [FXGL Background Thread 3 ] DEBUG Engine               - isMobile: false
00:10:44.752 [FXGL Background Thread 3 ] DEBUG Engine               - isNative: false
00:10:44.752 [FXGL Background Thread 3 ] DEBUG Engine               - isPauseMusicWhenMinimized: true
00:10:44.752 [FXGL Background Thread 3 ] DEBUG Engine               - isPreserveResizeRatio: false
00:10:44.753 [FXGL Background Thread 3 ] DEBUG Engine               - isProfilingEnabled: false
00:10:44.753 [FXGL Background Thread 3 ] DEBUG Engine               - isScaleAffectedOnResize: true
00:10:44.753 [FXGL Background Thread 3 ] DEBUG Engine               - isSingleStep: false
00:10:44.753 [FXGL Background Thread 3 ] DEBUG Engine               - isUserProfileEnabled: false
00:10:44.753 [FXGL Background Thread 3 ] DEBUG Engine               - isWindows: true
00:10:44.753 [FXGL Background Thread 3 ] DEBUG Engine               - language: ObjectProperty [value: ENGLISH]
00:10:44.753 [FXGL Background Thread 3 ] DEBUG Engine               - menuKey: ESCAPE
00:10:44.753 [FXGL Background Thread 3 ] DEBUG Engine               - mouseSensitivity: 0.2
00:10:44.753 [FXGL Background Thread 3 ] DEBUG Engine               - notificationViewClass: class com.almasb.fxgl.notification.view.XboxNotificationView
00:10:44.753 [FXGL Background Thread 3 ] DEBUG Engine               - pixelsPerMeter: 50.0
00:10:44.753 [FXGL Background Thread 3 ] DEBUG Engine               - platform: WINDOWS
00:10:44.753 [FXGL Background Thread 3 ] DEBUG Engine               - prefHeightProperty: ReadOnlyDoubleProperty [value: 900.0]
00:10:44.753 [FXGL Background Thread 3 ] DEBUG Engine               - prefWidthProperty: ReadOnlyDoubleProperty [value: 900.0]
00:10:44.753 [FXGL Background Thread 3 ] DEBUG Engine               - profileDir: profiles/
00:10:44.753 [FXGL Background Thread 3 ] DEBUG Engine               - profileName: StringProperty [value: DEFAULT]
00:10:44.753 [FXGL Background Thread 3 ] DEBUG Engine               - randomSeed: -1
00:10:44.753 [FXGL Background Thread 3 ] DEBUG Engine               - runtimeInfo: RuntimeInfo(platform=WINDOWS, version=17.2, build=20.08.2022 16.50)
00:10:44.753 [FXGL Background Thread 3 ] DEBUG Engine               - saveFileExt: sav
00:10:44.753 [FXGL Background Thread 3 ] DEBUG Engine               - scaledHeightProp$fxgl: DoubleProperty [bound, value: 900.0]
00:10:44.753 [FXGL Background Thread 3 ] DEBUG Engine               - scaledWidthProp$fxgl: DoubleProperty [bound, value: 900.0]
00:10:44.753 [FXGL Background Thread 3 ] DEBUG Engine               - sceneFactory: com.almasb.fxgl.app.scene.SceneFactory@71ab4379
00:10:44.753 [FXGL Background Thread 3 ] DEBUG Engine               - secondsIn24h: 60
00:10:44.753 [FXGL Background Thread 3 ] DEBUG Engine               - soundMenuBack: menu/back.wav
00:10:44.753 [FXGL Background Thread 3 ] DEBUG Engine               - soundMenuPress: menu/press.wav
00:10:44.753 [FXGL Background Thread 3 ] DEBUG Engine               - soundMenuSelect: menu/select.wav
00:10:44.753 [FXGL Background Thread 3 ] DEBUG Engine               - soundNotification: core/notification.wav
00:10:44.753 [FXGL Background Thread 3 ] DEBUG Engine               - stageStyle: DECORATED
00:10:44.753 [FXGL Background Thread 3 ] DEBUG Engine               - supportedLanguages: [ENGLISH, FRENCH, GERMAN, HUNGARIAN, RUSSIAN]
00:10:44.753 [FXGL Background Thread 3 ] DEBUG Engine               - ticksPerSecond: -1
00:10:44.753 [FXGL Background Thread 3 ] DEBUG Engine               - title: Escape
00:10:44.753 [FXGL Background Thread 3 ] DEBUG Engine               - urlGithub: https://github.com/AlmasB/FXGL
00:10:44.753 [FXGL Background Thread 3 ] DEBUG Engine               - urlLeaderboard: http://fxgl-top.herokuapp.com/
00:10:44.753 [FXGL Background Thread 3 ] DEBUG Engine               - urlPOM: https://raw.githubusercontent.com/AlmasB/FXGL/release/README.md
00:10:44.753 [FXGL Background Thread 3 ] DEBUG Engine               - userAppClass: class com.Moonhalf.EscapeApp
00:10:44.753 [FXGL Background Thread 3 ] DEBUG Engine               - version: 0.1
00:10:44.753 [FXGL Background Thread 3 ] DEBUG Engine               - versionCheckDays: 7
00:10:44.753 [FXGL Background Thread 3 ] DEBUG Engine               - width: 900
00:10:44.753 [FXGL Background Thread 3 ] DEBUG Engine               - Logging services
00:10:44.753 [FXGL Background Thread 3 ] DEBUG Engine               - class com.almasb.fxgl.app.services.FXGLAssetLoaderService
00:10:44.754 [FXGL Background Thread 3 ] DEBUG Engine               - class com.almasb.fxgl.app.FXGLApplication$GameApplicationService
00:10:44.754 [FXGL Background Thread 3 ] DEBUG Engine               - class com.almasb.fxgl.app.services.FXGLDialogService
00:10:44.754 [FXGL Background Thread 3 ] DEBUG Engine               - class com.almasb.fxgl.app.services.IOTaskExecutorService
00:10:44.754 [FXGL Background Thread 3 ] DEBUG Engine               - class com.almasb.fxgl.io.FileSystemService
00:10:44.754 [FXGL Background Thread 3 ] DEBUG Engine               - class com.almasb.fxgl.localization.LocalizationService
00:10:44.754 [FXGL Background Thread 3 ] DEBUG Engine               - class com.almasb.fxgl.app.services.SystemBundleService
00:10:44.754 [FXGL Background Thread 3 ] DEBUG Engine               - class com.almasb.fxgl.profile.SaveLoadService
00:10:44.754 [FXGL Background Thread 3 ] DEBUG Engine               - class com.almasb.fxgl.ui.FXGLUIFactoryServiceProvider
00:10:44.754 [FXGL Background Thread 3 ] DEBUG Engine               - class com.almasb.fxgl.ui.FXGLDialogFactoryServiceProvider
00:10:44.754 [FXGL Background Thread 3 ] DEBUG Engine               - class com.almasb.fxgl.audio.AudioPlayer
00:10:44.754 [FXGL Background Thread 3 ] DEBUG Engine               - class com.almasb.fxgl.notification.impl.NotificationServiceProvider
00:10:44.754 [FXGL Background Thread 3 ] DEBUG Engine               - class com.almasb.fxgl.achievement.AchievementService
00:10:44.754 [FXGL Background Thread 3 ] DEBUG Engine               - class com.almasb.fxgl.cutscene.CutsceneService
00:10:44.754 [FXGL Background Thread 3 ] DEBUG Engine               - class com.almasb.fxgl.minigames.MiniGameService
00:10:44.754 [FXGL Background Thread 3 ] DEBUG Engine               - class com.almasb.fxgl.net.NetService
00:10:44.754 [FXGL Background Thread 3 ] DEBUG Engine               - class com.almasb.fxgl.app.services.UpdaterService
00:10:44.754 [FXGL Background Thread 3 ] DEBUG Engine               - class com.almasb.fxgl.dev.DevService
00:10:45.031 [JavaFX Application Thread] DEBUG FXGLAssetLoaderServi - Loading from file system: file:/C:/Users/Lenovo/OneDrive%20-%20CUHK-Shenzhen/桌面/javaGame/target/classes/assets/sounds/箱子%20纸声.wav
00:10:45.038 [JavaFX Application Thread] DEBUG FXGLAssetLoaderServi - Loading from file system: file:/C:/Users/Lenovo/OneDrive%20-%20CUHK-Shenzhen/桌面/javaGame/target/classes/assets/textures/Stage1/letterbg.png
00:10:45.058 [JavaFX Application Thread] DEBUG FXGLAssetLoaderServi - Loading from file system: file:/C:/Users/Lenovo/OneDrive%20-%20CUHK-Shenzhen/桌面/javaGame/target/classes/assets/textures/Stage1/paper.jpg
00:10:45.062 [JavaFX Application Thread] DEBUG FXGLAssetLoaderServi - Loading from file system: file:/C:/Users/Lenovo/OneDrive%20-%20CUHK-Shenzhen/桌面/javaGame/target/classes/assets/textures/ArrowD.png
00:10:45.544 [JavaFX Application Thread] DEBUG PrimaryStageWindow   - Push state: DialogSubScene
00:10:45.544 [JavaFX Application Thread] DEBUG Input                - Clearing active input actions
00:10:45.544 [JavaFX Application Thread] DEBUG GameApplicationServi - Removing overlay from GameScene and adding to DialogSubScene
00:10:45.544 [JavaFX Application Thread] DEBUG PrimaryStageWindow   - GameScene -> DialogSubScene
00:10:46.111 [JavaFX Application Thread] DEBUG PrimaryStageWindow   - Pop state: DialogSubScene
00:10:46.111 [JavaFX Application Thread] DEBUG Input                - Clearing active input actions
00:10:46.112 [JavaFX Application Thread] DEBUG GameApplicationServi - Removing overlay from DialogSubScene and adding to GameScene
00:10:46.112 [JavaFX Application Thread] DEBUG PrimaryStageWindow   - GameScene <- DialogSubScene
00:10:47.220 [JavaFX Application Thread] DEBUG FXGLAssetLoaderServi - Loading from file system: file:/C:/Users/Lenovo/OneDrive%20-%20CUHK-Shenzhen/桌面/javaGame/target/classes/assets/textures/Stage1/DoorClick.jpg
00:10:47.227 [JavaFX Application Thread] DEBUG FXGLAssetLoaderServi - Loading from file system: file:/C:/Users/Lenovo/OneDrive%20-%20CUHK-Shenzhen/桌面/javaGame/target/classes/assets/textures/Stage1/DR.png
00:10:47.256 [JavaFX Application Thread] DEBUG FXGLAssetLoaderServi - Loading from file system: file:/C:/Users/Lenovo/OneDrive%20-%20CUHK-Shenzhen/桌面/javaGame/target/classes/assets/textures/Stage1/DY.png
00:10:47.273 [JavaFX Application Thread] DEBUG FXGLAssetLoaderServi - Loading from file system: file:/C:/Users/Lenovo/OneDrive%20-%20CUHK-Shenzhen/桌面/javaGame/target/classes/assets/textures/Stage1/DB.png
00:10:47.288 [JavaFX Application Thread] DEBUG FXGLAssetLoaderServi - Loading from file system: file:/C:/Users/Lenovo/OneDrive%20-%20CUHK-Shenzhen/桌面/javaGame/target/classes/assets/textures/Stage1/DG.png
00:10:47.757 [JavaFX Application Thread] DEBUG PrimaryStageWindow   - Push state: DialogSubScene
00:10:47.757 [JavaFX Application Thread] DEBUG Input                - Clearing active input actions
00:10:47.758 [JavaFX Application Thread] DEBUG GameApplicationServi - Removing overlay from GameScene and adding to DialogSubScene
00:10:47.758 [JavaFX Application Thread] DEBUG PrimaryStageWindow   - GameScene -> DialogSubScene
00:10:47.758 [JavaFX Application Thread] DEBUG FXGLAssetLoaderServi - Loading from file system: file:/C:/Users/Lenovo/OneDrive%20-%20CUHK-Shenzhen/桌面/javaGame/target/classes/assets/sounds/敲门声.wav
00:10:48.496 [JavaFX Application Thread] DEBUG PrimaryStageWindow   - Pop state: DialogSubScene
00:10:48.496 [JavaFX Application Thread] DEBUG Input                - Clearing active input actions
00:10:48.496 [JavaFX Application Thread] DEBUG GameApplicationServi - Removing overlay from DialogSubScene and adding to GameScene
00:10:48.496 [JavaFX Application Thread] DEBUG PrimaryStageWindow   - GameScene <- DialogSubScene
00:10:49.670 [JavaFX Application Thread] DEBUG FXGLAssetLoaderServi - Loading from file system: file:/C:/Users/Lenovo/OneDrive%20-%20CUHK-Shenzhen/桌面/javaGame/target/classes/assets/textures/Stage2/Stage2%20Chair.png
00:10:49.677 [JavaFX Application Thread] DEBUG FXGLAssetLoaderServi - Loading from file system: file:/C:/Users/Lenovo/OneDrive%20-%20CUHK-Shenzhen/桌面/javaGame/target/classes/assets/textures/Stage2/Stage2%20Clock.png
00:10:49.679 [JavaFX Application Thread] DEBUG FXGLAssetLoaderServi - Loading from file system: file:/C:/Users/Lenovo/OneDrive%20-%20CUHK-Shenzhen/桌面/javaGame/target/classes/assets/textures/Stage2/Stage2%20Drawer.png
00:10:50.441 [JavaFX Application Thread] DEBUG FXGLAssetLoaderServi - Loading from file system: file:/C:/Users/Lenovo/OneDrive%20-%20CUHK-Shenzhen/桌面/javaGame/target/classes/assets/sounds/闹钟声.wav
00:10:50.444 [JavaFX Application Thread] DEBUG PrimaryStageWindow   - Push state: DialogSubScene
00:10:50.444 [JavaFX Application Thread] DEBUG Input                - Clearing active input actions
00:10:50.445 [JavaFX Application Thread] DEBUG GameApplicationServi - Removing overlay from GameScene and adding to DialogSubScene
00:10:50.445 [JavaFX Application Thread] DEBUG PrimaryStageWindow   - GameScene -> DialogSubScene
00:10:50.934 [JavaFX Application Thread] DEBUG PrimaryStageWindow   - Pop state: DialogSubScene
00:10:50.934 [JavaFX Application Thread] DEBUG Input                - Clearing active input actions
00:10:50.934 [JavaFX Application Thread] DEBUG GameApplicationServi - Removing overlay from DialogSubScene and adding to GameScene
00:10:50.934 [JavaFX Application Thread] DEBUG PrimaryStageWindow   - GameScene <- DialogSubScene
00:10:51.250 [JavaFX Application Thread] DEBUG FXGLAssetLoaderServi - Loading from file system: file:/C:/Users/Lenovo/OneDrive%20-%20CUHK-Shenzhen/桌面/javaGame/target/classes/assets/sounds/椅子.wav
00:10:51.253 [JavaFX Application Thread] DEBUG PrimaryStageWindow   - Push state: DialogSubScene
00:10:51.253 [JavaFX Application Thread] DEBUG Input                - Clearing active input actions
00:10:51.254 [JavaFX Application Thread] DEBUG GameApplicationServi - Removing overlay from GameScene and adding to DialogSubScene
00:10:51.254 [JavaFX Application Thread] DEBUG PrimaryStageWindow   - GameScene -> DialogSubScene
00:10:51.715 [JavaFX Application Thread] DEBUG PrimaryStageWindow   - Pop state: DialogSubScene
00:10:51.715 [JavaFX Application Thread] DEBUG Input                - Clearing active input actions
00:10:51.716 [JavaFX Application Thread] DEBUG GameApplicationServi - Removing overlay from DialogSubScene and adding to GameScene
00:10:51.716 [JavaFX Application Thread] DEBUG PrimaryStageWindow   - GameScene <- DialogSubScene
00:10:52.022 [JavaFX Application Thread] DEBUG FXGLAssetLoaderServi - Loading from file system: file:/C:/Users/Lenovo/OneDrive%20-%20CUHK-Shenzhen/桌面/javaGame/target/classes/assets/textures/Stage2/Drawer%20Click.jpg
00:10:52.030 [JavaFX Application Thread] DEBUG FXGLAssetLoaderServi - Loading from file system: file:/C:/Users/Lenovo/OneDrive%20-%20CUHK-Shenzhen/桌面/javaGame/target/classes/assets/textures/Stage2/D1.png
00:10:52.033 [JavaFX Application Thread] DEBUG FXGLAssetLoaderServi - Loading from file system: file:/C:/Users/Lenovo/OneDrive%20-%20CUHK-Shenzhen/桌面/javaGame/target/classes/assets/textures/Stage2/D2.png
00:10:52.035 [JavaFX Application Thread] DEBUG FXGLAssetLoaderServi - Loading from file system: file:/C:/Users/Lenovo/OneDrive%20-%20CUHK-Shenzhen/桌面/javaGame/target/classes/assets/textures/Stage2/D3.png
00:10:52.036 [JavaFX Application Thread] DEBUG FXGLAssetLoaderServi - Loading from file system: file:/C:/Users/Lenovo/OneDrive%20-%20CUHK-Shenzhen/桌面/javaGame/target/classes/assets/textures/Stage2/D4.png
00:10:52.403 [JavaFX Application Thread] DEBUG FXGLAssetLoaderServi - Loading from file system: file:/C:/Users/Lenovo/OneDrive%20-%20CUHK-Shenzhen/桌面/javaGame/target/classes/assets/sounds/柜子开.wav
00:10:52.406 [JavaFX Application Thread] DEBUG PrimaryStageWindow   - Push state: DialogSubScene
00:10:52.406 [JavaFX Application Thread] DEBUG Input                - Clearing active input actions
00:10:52.407 [JavaFX Application Thread] DEBUG GameApplicationServi - Removing overlay from GameScene and adding to DialogSubScene
00:10:52.407 [JavaFX Application Thread] DEBUG PrimaryStageWindow   - GameScene -> DialogSubScene
00:10:52.949 [JavaFX Application Thread] DEBUG PrimaryStageWindow   - Pop state: DialogSubScene
00:10:52.949 [JavaFX Application Thread] DEBUG Input                - Clearing active input actions
00:10:52.949 [JavaFX Application Thread] DEBUG GameApplicationServi - Removing overlay from DialogSubScene and adding to GameScene
00:10:52.949 [JavaFX Application Thread] DEBUG PrimaryStageWindow   - GameScene <- DialogSubScene
00:10:53.186 [JavaFX Application Thread] DEBUG PrimaryStageWindow   - Push state: DialogSubScene
00:10:53.186 [JavaFX Application Thread] DEBUG Input                - Clearing active input actions
00:10:53.186 [JavaFX Application Thread] DEBUG GameApplicationServi - Removing overlay from GameScene and adding to DialogSubScene
00:10:53.186 [JavaFX Application Thread] DEBUG PrimaryStageWindow   - GameScene -> DialogSubScene
00:10:53.731 [JavaFX Application Thread] DEBUG PrimaryStageWindow   - Pop state: DialogSubScene
00:10:53.731 [JavaFX Application Thread] DEBUG Input                - Clearing active input actions
00:10:53.731 [JavaFX Application Thread] DEBUG GameApplicationServi - Removing overlay from DialogSubScene and adding to GameScene
00:10:53.731 [JavaFX Application Thread] DEBUG PrimaryStageWindow   - GameScene <- DialogSubScene
00:10:53.952 [JavaFX Application Thread] DEBUG PrimaryStageWindow   - Push state: DialogSubScene
00:10:53.952 [JavaFX Application Thread] DEBUG Input                - Clearing active input actions
00:10:53.952 [JavaFX Application Thread] DEBUG GameApplicationServi - Removing overlay from GameScene and adding to DialogSubScene
00:10:53.954 [JavaFX Application Thread] DEBUG PrimaryStageWindow   - GameScene -> DialogSubScene
00:10:53.954 [JavaFX Application Thread] DEBUG FXGLAssetLoaderServi - Loading from file system: file:/C:/Users/Lenovo/OneDrive%20-%20CUHK-Shenzhen/桌面/javaGame/target/classes/assets/sounds/调钟表.wav
00:10:54.285 [JavaFX Application Thread] DEBUG PrimaryStageWindow   - Pop state: DialogSubScene
00:10:54.285 [JavaFX Application Thread] DEBUG Input                - Clearing active input actions
00:10:54.285 [JavaFX Application Thread] DEBUG GameApplicationServi - Removing overlay from DialogSubScene and adding to GameScene
00:10:54.285 [JavaFX Application Thread] DEBUG PrimaryStageWindow   - GameScene <- DialogSubScene
00:10:54.539 [JavaFX Application Thread] DEBUG PrimaryStageWindow   - Push state: DialogSubScene
00:10:54.539 [JavaFX Application Thread] DEBUG Input                - Clearing active input actions
00:10:54.539 [JavaFX Application Thread] DEBUG GameApplicationServi - Removing overlay from GameScene and adding to DialogSubScene
00:10:54.540 [JavaFX Application Thread] DEBUG PrimaryStageWindow   - GameScene -> DialogSubScene
00:10:55.221 [JavaFX Application Thread] DEBUG PrimaryStageWindow   - Pop state: DialogSubScene
00:10:55.221 [JavaFX Application Thread] DEBUG Input                - Clearing active input actions
00:10:55.221 [JavaFX Application Thread] DEBUG GameApplicationServi - Removing overlay from DialogSubScene and adding to GameScene
00:10:55.221 [JavaFX Application Thread] DEBUG PrimaryStageWindow   - GameScene <- DialogSubScene
00:10:56.233 [JavaFX Application Thread] DEBUG FXGLAssetLoaderServi - Loading from file system: file:/C:/Users/Lenovo/OneDrive%20-%20CUHK-Shenzhen/桌面/javaGame/target/classes/assets/textures/Stage3/Stage3%20Mirror.png
00:10:56.241 [JavaFX Application Thread] DEBUG FXGLAssetLoaderServi - Loading from file system: file:/C:/Users/Lenovo/OneDrive%20-%20CUHK-Shenzhen/桌面/javaGame/target/classes/assets/textures/Stage3/Stage3%20Tap.png
00:10:56.246 [JavaFX Application Thread] DEBUG FXGLAssetLoaderServi - Loading from file system: file:/C:/Users/Lenovo/OneDrive%20-%20CUHK-Shenzhen/桌面/javaGame/target/classes/assets/textures/Stage3/guahua.png
00:10:56.253 [JavaFX Application Thread] DEBUG FXGLAssetLoaderServi - Loading from file system: file:/C:/Users/Lenovo/OneDrive%20-%20CUHK-Shenzhen/桌面/javaGame/target/classes/assets/textures/Stage3/yugang.png
00:10:56.255 [JavaFX Application Thread] DEBUG FXGLAssetLoaderServi - Loading from file system: file:/C:/Users/Lenovo/OneDrive%20-%20CUHK-Shenzhen/桌面/javaGame/target/classes/assets/textures/Stage3/guizi.png
00:10:57.271 [JavaFX Application Thread] DEBUG FXGLAssetLoaderServi - Loading from file system: file:/C:/Users/Lenovo/OneDrive%20-%20CUHK-Shenzhen/桌面/javaGame/target/classes/assets/textures/Stage3/guahuac1.png
00:10:58.553 [JavaFX Application Thread] DEBUG FXGLAssetLoaderServi - Loading from file system: file:/C:/Users/Lenovo/OneDrive%20-%20CUHK-Shenzhen/桌面/javaGame/target/classes/assets/sounds/挂画.wav
00:10:58.556 [JavaFX Application Thread] DEBUG FXGLAssetLoaderServi - Loading from file system: file:/C:/Users/Lenovo/OneDrive%20-%20CUHK-Shenzhen/桌面/javaGame/target/classes/assets/textures/Stage3/guahuac2.png
00:11:09.264 [JavaFX Application Thread] DEBUG PrimaryStageWindow   - Push state: DialogSubScene
00:11:09.264 [JavaFX Application Thread] DEBUG Input                - Clearing active input actions
00:11:09.265 [JavaFX Application Thread] DEBUG GameApplicationServi - Removing overlay from GameScene and adding to DialogSubScene
00:11:09.265 [JavaFX Application Thread] DEBUG PrimaryStageWindow   - GameScene -> DialogSubScene
00:11:09.723 [JavaFX Application Thread] DEBUG PrimaryStageWindow   - Pop state: DialogSubScene
00:11:09.723 [JavaFX Application Thread] DEBUG Input                - Clearing active input actions
00:11:09.723 [JavaFX Application Thread] DEBUG GameApplicationServi - Removing overlay from DialogSubScene and adding to GameScene
00:11:09.723 [JavaFX Application Thread] DEBUG PrimaryStageWindow   - GameScene <- DialogSubScene
00:11:11.278 [JavaFX Application Thread] DEBUG PrimaryStageWindow   - Push state: DialogSubScene
00:11:11.278 [JavaFX Application Thread] DEBUG Input                - Clearing active input actions
00:11:11.278 [JavaFX Application Thread] DEBUG GameApplicationServi - Removing overlay from GameScene and adding to DialogSubScene
00:11:11.278 [JavaFX Application Thread] DEBUG PrimaryStageWindow   - GameScene -> DialogSubScene
00:11:15.715 [JavaFX Application Thread] DEBUG PrimaryStageWindow   - Pop state: DialogSubScene
00:11:15.715 [JavaFX Application Thread] DEBUG Input                - Clearing active input actions
00:11:15.716 [JavaFX Application Thread] DEBUG GameApplicationServi - Removing overlay from DialogSubScene and adding to GameScene
00:11:15.716 [JavaFX Application Thread] DEBUG PrimaryStageWindow   - GameScene <- DialogSubScene
00:11:16.427 [JavaFX Application Thread] DEBUG PrimaryStageWindow   - Push state: DialogSubScene
00:11:16.427 [JavaFX Application Thread] DEBUG Input                - Clearing active input actions
00:11:16.427 [JavaFX Application Thread] DEBUG GameApplicationServi - Removing overlay from GameScene and adding to DialogSubScene
00:11:16.427 [JavaFX Application Thread] DEBUG PrimaryStageWindow   - GameScene -> DialogSubScene
00:11:16.712 [JavaFX Application Thread] DEBUG PrimaryStageWindow   - Pop state: DialogSubScene
00:11:16.712 [JavaFX Application Thread] DEBUG Input                - Clearing active input actions
00:11:16.713 [JavaFX Application Thread] DEBUG GameApplicationServi - Removing overlay from DialogSubScene and adding to GameScene
00:11:16.713 [JavaFX Application Thread] DEBUG PrimaryStageWindow   - GameScene <- DialogSubScene
00:11:26.789 [JavaFX Application Thread] DEBUG AudioPlayer          - Pausing music com.almasb.fxgl.audio.Music@30fb018
00:11:26.789 [JavaFX Application Thread] DEBUG LoopRunner           - Pausing loop
00:12:57.922 [JavaFX Application Thread] DEBUG LoopRunner           - Resuming loop
00:12:57.922 [JavaFX Application Thread] DEBUG AudioPlayer          - Resuming music com.almasb.fxgl.audio.Music@30fb018
00:13:01.061 [JavaFX Application Thread] DEBUG FXGLApplication      - Exiting FXGL
00:13:01.061 [JavaFX Application Thread] DEBUG LoopRunner           - Stopping loop
00:13:01.061 [JavaFX Application Thread] DEBUG SystemBundleService  - Saving FXGL system data
00:13:01.062 [JavaFX Application Thread] DEBUG FileSystemAccess     - Writing to: C:\Users\Lenovo\OneDrive - CUHK-Shenzhen\桌面\javaGame\system\fxgl.bundle
00:13:01.063 [JavaFX Application Thread] DEBUG Async                - Shutting down background threads
00:13:01.063 [JavaFX Application Thread] DEBUG PrimaryStageWindow   - Closing main window
00:13:01.072 [JavaFX Application Thread] DEBUG Logger               - Closing Logger
