13:26:21.496 [AWT-EventQueue-0         ] DEBUG Logger               - Configured Logger
13:26:21.508 [AWT-EventQueue-0         ] DEBUG GameApplication      - Logging settings
Title: Escape
Version: 0.1
Width: 900
Height: 900
Fullscreen: false
Intro: false
Profiling: false
Single step:false
App Mode: DEVELOPER
Menu Key: ESCAPE
Stage Style: DECORATED
Scene Factory: class com.almasb.fxgl.app.scene.SceneFactory

13:26:21.720 [JavaFX Application Thread] DEBUG FXGLApplication      - Initializing FXGL
13:26:21.723 [JavaFX Application Thread] INFO  Engine               - FXGL-17.2 (20.08.2022 16.50) on WINDOWS (J:17.0.5 FX:18)
13:26:21.723 [JavaFX Application Thread] DEBUG Engine               - JRE Vendor Name: Oracle Corporation
13:26:21.723 [JavaFX Application Thread] DEBUG Engine               - Running on OS: Windows 11 version 10.0
13:26:21.723 [JavaFX Application Thread] DEBUG Engine               - Architecture: amd64
13:26:21.723 [JavaFX Application Thread] INFO  Engine               - Source code and latest versions at: https://github.com/AlmasB/FXGL
13:26:21.723 [JavaFX Application Thread] INFO  Engine               -       Ask questions and discuss at: https://github.com/AlmasB/FXGL/discussions
13:26:21.723 [JavaFX Application Thread] INFO  Engine               -              Join the FXGL chat at: https://gitter.im/AlmasB/FXGL
13:26:21.773 [JavaFX Application Thread] DEBUG PrimaryStageWindow   - Creating a JavaFX scene
13:26:21.801 [JavaFX Application Thread] DEBUG PrimaryStageWindow   - Target settings size: 900.0 x 900.0
13:26:21.801 [JavaFX Application Thread] DEBUG PrimaryStageWindow   - Scaled scene size:    900.0 x 900.0
13:26:21.802 [JavaFX Application Thread] DEBUG PrimaryStageWindow   - Scaled ratio: (1.0, 1.0)
13:26:21.805 [JavaFX Application Thread] DEBUG PrimaryStageWindow   - Set initial scene to FXGLStartupScene
13:26:21.809 [JavaFX Application Thread] DEBUG PrimaryStageWindow   - Opening main window
13:26:21.860 [JavaFX Application Thread] DEBUG PrimaryStageWindow   - Window border size: (14.66668701171875, 37.33331298828125)
13:26:21.860 [JavaFX Application Thread] DEBUG PrimaryStageWindow   - Scaled size: 900.0 x 900.0
13:26:21.861 [JavaFX Application Thread] DEBUG PrimaryStageWindow   - Scaled ratio: (1.0, 1.0)
13:26:21.861 [JavaFX Application Thread] DEBUG PrimaryStageWindow   - Scene size: 900.0 x 900.0
13:26:21.861 [JavaFX Application Thread] DEBUG PrimaryStageWindow   - Stage size: 914.6666870117188 x 937.3333129882812
13:26:21.866 [FXGL Background Thread 1 ] DEBUG Engine               - Initializing environment variables
13:26:21.897 [FXGL Background Thread 1 ] DEBUG FXGLAssetLoaderServi - User app class for loading assets: class com.Moonhalf.EscapeApp
13:26:21.897 [FXGL Background Thread 1 ] DEBUG GameApplicationServi - Applying CSS: fxgl_dark.css
13:26:21.898 [FXGL Background Thread 1 ] DEBUG FXGLAssetLoaderServi - Loading from file system: jar:file:///C:/Users/Lenovo/.m2/repository/com/github/almasb/fxgl/17.2/fxgl-17.2.jar!/fxglassets/ui/css/fxgl_dark.css
13:26:21.922 [FXGL Background Thread 1 ] DEBUG GameApplicationServi - Initializing application scenes
13:26:21.966 [FXGL Background Thread 1 ] DEBUG GameWorld            - Game world initialized
13:26:22.001 [FXGL Background Thread 1 ] DEBUG PhysicsWorld         - Physics world initialized: appHeight=900, physics.ppm=50.0
13:26:22.001 [FXGL Background Thread 1 ] DEBUG PhysicsWorld         - Using strategy: BRUTE_FORCE
13:26:22.003 [FXGL Background Thread 1 ] DEBUG GameScene            - Game scene initialized: 900x900
13:26:22.011 [FXGL Background Thread 1 ] DEBUG FXGL.DefaultMenu     - createMenuBodyGameMenu()
13:26:22.020 [FXGL Background Thread 1 ] DEBUG FXGL.DefaultMenu     - createOptionsMenu()
13:26:22.028 [FXGL Background Thread 1 ] DEBUG FXGLAssetLoaderServi - Loading from file system: jar:file:///C:/Users/Lenovo/.m2/repository/com/github/almasb/fxgl/17.2/fxgl-17.2.jar!/fxglassets/textures/particles/smoke.png
13:26:22.092 [FXGL Background Thread 1 ] DEBUG FXGLAssetLoaderServi - Loading from file system: jar:file:///C:/Users/Lenovo/.m2/repository/com/github/almasb/fxgl/17.2/fxgl-17.2.jar!/fxglassets/textures/particles/trace_horizontal.png
13:26:22.121 [FXGL Background Thread 1 ] DEBUG GameApplicationServi - Application scenes initialized
13:26:22.132 [FXGL Background Thread 1 ] DEBUG SystemBundleService  - Loading FXGL system data
13:26:22.135 [FXGL Background Thread 1 ] DEBUG FileSystemAccess     - Reading from: C:\Users\Lenovo\OneDrive - CUHK-Shenzhen\桌面\javaGame\system\fxgl.bundle
13:26:22.139 [FXGL Background Thread 1 ] DEBUG SystemBundleService  - Bundle FXGL: {}
13:26:22.139 [FXGL Background Thread 1 ] DEBUG UpdaterService       - Checking for updates
13:26:22.141 [FXGL Background Thread 4 ] DEBUG FXGLApplication      - Loading fonts
13:26:22.141 [FXGL Background Thread 1 ] DEBUG FXGLApplication      - Loading default localization
13:26:22.142 [FXGL Background Thread 4 ] DEBUG FXGLAssetLoaderServi - Loading from file system: jar:file:///C:/Users/Lenovo/.m2/repository/com/github/almasb/fxgl/17.2/fxgl-17.2.jar!/fxglassets/ui/fonts/VarelaRound-Regular.ttf
13:26:22.142 [FXGL Background Thread 1 ] DEBUG FXGLAssetLoaderServi - Loading from file system: jar:file:///C:/Users/Lenovo/.m2/repository/com/github/almasb/fxgl/17.2/fxgl-17.2.jar!/fxglassets/languages/english.lang
13:26:22.147 [FXGL Background Thread 4 ] DEBUG FXGLAssetLoaderServi - Loading from file system: jar:file:///C:/Users/Lenovo/.m2/repository/com/github/almasb/fxgl/17.2/fxgl-17.2.jar!/fxglassets/ui/fonts/Abel-Regular.ttf
13:26:22.150 [FXGL Background Thread 4 ] DEBUG FXGLAssetLoaderServi - Loading from file system: jar:file:///C:/Users/Lenovo/.m2/repository/com/github/almasb/fxgl/17.2/fxgl-17.2.jar!/fxglassets/ui/fonts/TerminalLandMono-Regular.otf
13:26:22.152 [FXGL Background Thread 4 ] DEBUG FXGLAssetLoaderServi - Loading from file system: jar:file:///C:/Users/Lenovo/.m2/repository/com/github/almasb/fxgl/17.2/fxgl-17.2.jar!/fxglassets/ui/fonts/Courier-Prime.ttf
13:26:22.156 [JavaFX Application Thread] DEBUG FXGLApplication      - Registering font factories with UI factory
13:26:22.164 [FXGL Background Thread 1 ] INFO  FXGLApplication      - FXGL initialization took: 0.298 sec
13:26:22.165 [JavaFX Application Thread] DEBUG FXGLAssetLoaderServi - Loading from file system: file:/C:/Users/Lenovo/OneDrive%20-%20CUHK-Shenzhen/桌面/javaGame/target/classes/assets/music/bg.mp3
13:26:22.413 [JavaFX Application Thread] DEBUG AudioPlayer          - Playing music com.almasb.fxgl.audio.Music@6a8dca11
13:26:22.413 [JavaFX Application Thread] DEBUG FXGLAssetLoaderServi - Loading from file system: file:/C:/Users/Lenovo/OneDrive%20-%20CUHK-Shenzhen/桌面/javaGame/target/classes/assets/textures/Escape.png
13:26:22.420 [JavaFX Application Thread] DEBUG FXGLAssetLoaderServi - Loading from file system: jar:file:///C:/Users/Lenovo/.m2/repository/com/github/almasb/fxgl/17.2/fxgl-17.2.jar!/fxglassets/textures/fxgl_default_cursor.png
13:26:22.429 [JavaFX Application Thread] DEBUG Input                - Registered new binding: Screenshot - CTRL+8
13:26:22.429 [JavaFX Application Thread] DEBUG Input                - Registered new binding: System info dump - CTRL+9
13:26:22.430 [JavaFX Application Thread] DEBUG Input                - Registered new binding: Restart - CTRL+R
13:26:22.430 [JavaFX Application Thread] DEBUG Input                - Registered new binding: Toggle Debug Camera - CTRL+7
13:26:22.431 [JavaFX Application Thread] DEBUG LoopRunner           - Starting loop
13:26:22.431 [JavaFX Application Thread] DEBUG LoopRunner           - Initializing JavaFX AnimationTimerLoop
13:26:22.432 [JavaFX Application Thread] DEBUG GameApplicationServi - Starting new game
13:26:22.432 [JavaFX Application Thread] DEBUG Input                - Clearing active input actions
13:26:22.442 [JavaFX Application Thread] DEBUG GameApplicationServi - Removing overlay from FXGLStartupScene and adding to FXGLLoadingScene
13:26:22.443 [JavaFX Application Thread] DEBUG PrimaryStageWindow   - FXGLStartupScene -> FXGLLoadingScene
13:26:22.443 [JavaFX Application Thread] DEBUG GameApplicationServi - Clearing previous game
13:26:22.443 [JavaFX Application Thread] DEBUG GameScene            - Clearing game scene
13:26:22.443 [JavaFX Application Thread] DEBUG GameWorld            - Clearing game world
13:26:22.443 [JavaFX Application Thread] DEBUG PhysicsWorld         - Clearing physics world
13:26:22.444 [FXGL Background Thread 1 ] DEBUG FXGLApplication      - Initializing game
13:26:22.453 [FXGL Background Thread 1 ] DEBUG FXGLAssetLoaderServi - Loading from file system: file:/C:/Users/Lenovo/OneDrive%20-%20CUHK-Shenzhen/桌面/javaGame/target/classes/assets/textures/Background.jpg
13:26:22.464 [FXGL Background Thread 1 ] DEBUG FXGLAssetLoaderServi - Loading from file system: file:/C:/Users/Lenovo/OneDrive%20-%20CUHK-Shenzhen/桌面/javaGame/target/classes/assets/textures/ArrowR.png
13:26:22.479 [FXGL Background Thread 1 ] DEBUG FXGLAssetLoaderServi - Loading from file system: file:/C:/Users/Lenovo/OneDrive%20-%20CUHK-Shenzhen/桌面/javaGame/target/classes/assets/textures/Stage1/Stage1%20Door.png
13:26:22.507 [FXGL Background Thread 1 ] DEBUG FXGLAssetLoaderServi - Loading from file system: file:/C:/Users/Lenovo/OneDrive%20-%20CUHK-Shenzhen/桌面/javaGame/target/classes/assets/textures/Stage1/Stage1%20Curtain.png
13:26:22.521 [FXGL Background Thread 1 ] DEBUG FXGLAssetLoaderServi - Loading from file system: file:/C:/Users/Lenovo/OneDrive%20-%20CUHK-Shenzhen/桌面/javaGame/target/classes/assets/textures/Stage1/letter.png
13:26:22.524 [FXGL Background Thread 1 ] DEBUG FXGLAssetLoaderServi - Loading from file system: file:/C:/Users/Lenovo/OneDrive%20-%20CUHK-Shenzhen/桌面/javaGame/target/classes/assets/textures/s1.jpg
13:26:22.541 [FXGL Background Thread 1 ] INFO  FXGLApplication      - Game initialization took: 0.097 sec
13:26:22.552 [JavaFX Application Thread] DEBUG Input                - Clearing active input actions
13:26:22.560 [JavaFX Application Thread] DEBUG GameApplicationServi - Removing overlay from FXGLLoadingScene and adding to GameScene
13:26:22.560 [JavaFX Application Thread] DEBUG PrimaryStageWindow   - FXGLLoadingScene -> GameScene
13:26:22.681 [FXGL Background Thread 2 ] INFO  UpdaterService       - Your current version:  17.2
13:26:22.681 [FXGL Background Thread 2 ] INFO  UpdaterService       - Latest stable version: 17.3
13:26:23.718 [JavaFX Application Thread] DEBUG FXGLAssetLoaderServi - Loading from file system: file:/C:/Users/Lenovo/OneDrive%20-%20CUHK-Shenzhen/桌面/javaGame/target/classes/assets/textures/s2.jpg
13:26:24.033 [JavaFX Application Thread] DEBUG FXGLAssetLoaderServi - Loading from file system: file:/C:/Users/Lenovo/OneDrive%20-%20CUHK-Shenzhen/桌面/javaGame/target/classes/assets/textures/s3.jpg
13:26:25.141 [FXGL Background Thread 3 ] DEBUG Engine               - Logging environment variables
13:26:25.141 [FXGL Background Thread 3 ] DEBUG Engine               - achievements: []
13:26:25.141 [FXGL Background Thread 3 ] DEBUG Engine               - actualHeight: 900.0
13:26:25.142 [FXGL Background Thread 3 ] DEBUG Engine               - actualHeightProperty: ReadOnlyDoubleProperty [value: 900.0]
13:26:25.142 [FXGL Background Thread 3 ] DEBUG Engine               - actualWidth: 900.0
13:26:25.142 [FXGL Background Thread 3 ] DEBUG Engine               - actualWidthProperty: ReadOnlyDoubleProperty [value: 900.0]
13:26:25.142 [FXGL Background Thread 3 ] DEBUG Engine               - appIcon: Escape.png
13:26:25.143 [FXGL Background Thread 3 ] DEBUG Engine               - applicationMode: DEVELOPER
13:26:25.143 [FXGL Background Thread 3 ] DEBUG Engine               - cSSList: [fxgl_dark.css]
13:26:25.143 [FXGL Background Thread 3 ] DEBUG Engine               - collisionDetectionStrategy: BRUTE_FORCE
13:26:25.143 [FXGL Background Thread 3 ] DEBUG Engine               - configClass: Optional.empty
13:26:25.143 [FXGL Background Thread 3 ] DEBUG Engine               - credits: []
13:26:25.144 [FXGL Background Thread 3 ] DEBUG Engine               - defaultCursor: CursorInfo(imageName=fxgl_default_cursor.png, hotspotX=7.0, hotspotY=6.0)
13:26:25.144 [FXGL Background Thread 3 ] DEBUG Engine               - devBBoxColorProperty: ObjectProperty [value: 0xff0000ff]
13:26:25.144 [FXGL Background Thread 3 ] DEBUG Engine               - devEnableDebugCameraProperty: BooleanProperty [value: false]
13:26:25.144 [FXGL Background Thread 3 ] DEBUG Engine               - devSensorColorProperty: ObjectProperty [value: 0xffff00ff]
13:26:25.144 [FXGL Background Thread 3 ] DEBUG Engine               - devShowBBoxProperty: BooleanProperty [value: false]
13:26:25.144 [FXGL Background Thread 3 ] DEBUG Engine               - devShowPositionProperty: BooleanProperty [value: false]
13:26:25.144 [FXGL Background Thread 3 ] DEBUG Engine               - enabledMenuItems: []
13:26:25.144 [FXGL Background Thread 3 ] DEBUG Engine               - engineServices: [class com.almasb.fxgl.app.services.FXGLAssetLoaderService, class com.almasb.fxgl.app.FXGLApplication$GameApplicationService, class com.almasb.fxgl.app.services.FXGLDialogService, class com.almasb.fxgl.app.services.IOTaskExecutorService, class com.almasb.fxgl.io.FileSystemService, class com.almasb.fxgl.localization.LocalizationService, class com.almasb.fxgl.app.services.SystemBundleService, class com.almasb.fxgl.profile.SaveLoadService, class com.almasb.fxgl.ui.FXGLUIFactoryServiceProvider, class com.almasb.fxgl.ui.FXGLDialogFactoryServiceProvider, class com.almasb.fxgl.audio.AudioPlayer, class com.almasb.fxgl.notification.impl.NotificationServiceProvider, class com.almasb.fxgl.achievement.AchievementService, class com.almasb.fxgl.cutscene.CutsceneService, class com.almasb.fxgl.minigames.MiniGameService, class com.almasb.fxgl.net.NetService, class com.almasb.fxgl.app.services.UpdaterService, class com.almasb.fxgl.dev.DevService]
13:26:25.144 [FXGL Background Thread 3 ] DEBUG Engine               - fontGame: Abel-Regular.ttf
13:26:25.144 [FXGL Background Thread 3 ] DEBUG Engine               - fontMono: TerminalLandMono-Regular.otf
13:26:25.144 [FXGL Background Thread 3 ] DEBUG Engine               - fontText: Courier-Prime.ttf
13:26:25.144 [FXGL Background Thread 3 ] DEBUG Engine               - fontUI: VarelaRound-Regular.ttf
13:26:25.144 [FXGL Background Thread 3 ] DEBUG Engine               - fullScreen: BooleanProperty [value: false]
13:26:25.146 [FXGL Background Thread 3 ] DEBUG Engine               - gameDifficulty: MEDIUM
13:26:25.146 [FXGL Background Thread 3 ] DEBUG Engine               - gameDifficultyProperty: ObjectProperty [value: MEDIUM]
13:26:25.146 [FXGL Background Thread 3 ] DEBUG Engine               - globalMusicVolume: 0.5
13:26:25.146 [FXGL Background Thread 3 ] DEBUG Engine               - globalMusicVolumeProperty: DoubleProperty [value: 0.05]
13:26:25.146 [FXGL Background Thread 3 ] DEBUG Engine               - globalSoundVolume: 0.5
13:26:25.146 [FXGL Background Thread 3 ] DEBUG Engine               - globalSoundVolumeProperty: DoubleProperty [value: 1.0]
13:26:25.146 [FXGL Background Thread 3 ] DEBUG Engine               - height: 900
13:26:25.146 [FXGL Background Thread 3 ] DEBUG Engine               - is3D: false
13:26:25.146 [FXGL Background Thread 3 ] DEBUG Engine               - isAndroid: false
13:26:25.146 [FXGL Background Thread 3 ] DEBUG Engine               - isBrowser: false
13:26:25.146 [FXGL Background Thread 3 ] DEBUG Engine               - isClickFeedbackEnabled: false
13:26:25.146 [FXGL Background Thread 3 ] DEBUG Engine               - isCloseConfirmation: false
13:26:25.146 [FXGL Background Thread 3 ] DEBUG Engine               - isDesktop: true
13:26:25.146 [FXGL Background Thread 3 ] DEBUG Engine               - isDeveloperMenuEnabled: false
13:26:25.146 [FXGL Background Thread 3 ] DEBUG Engine               - isEmbedded: false
13:26:25.146 [FXGL Background Thread 3 ] DEBUG Engine               - isEntityPreloadEnabled: true
13:26:25.146 [FXGL Background Thread 3 ] DEBUG Engine               - isExperimentalTiledLargeMap: false
13:26:25.146 [FXGL Background Thread 3 ] DEBUG Engine               - isFileSystemWriteAllowed: true
13:26:25.147 [FXGL Background Thread 3 ] DEBUG Engine               - isFullScreenAllowed: false
13:26:25.147 [FXGL Background Thread 3 ] DEBUG Engine               - isFullScreenFromStart: false
13:26:25.147 [FXGL Background Thread 3 ] DEBUG Engine               - isGameMenuEnabled: true
13:26:25.147 [FXGL Background Thread 3 ] DEBUG Engine               - isIOS: false
13:26:25.147 [FXGL Background Thread 3 ] DEBUG Engine               - isIntroEnabled: false
13:26:25.147 [FXGL Background Thread 3 ] DEBUG Engine               - isLinux: false
13:26:25.147 [FXGL Background Thread 3 ] DEBUG Engine               - isMac: false
13:26:25.147 [FXGL Background Thread 3 ] DEBUG Engine               - isMainMenuEnabled: false
13:26:25.147 [FXGL Background Thread 3 ] DEBUG Engine               - isManualResizeEnabled: false
13:26:25.147 [FXGL Background Thread 3 ] DEBUG Engine               - isMobile: false
13:26:25.147 [FXGL Background Thread 3 ] DEBUG Engine               - isNative: false
13:26:25.147 [FXGL Background Thread 3 ] DEBUG Engine               - isPauseMusicWhenMinimized: true
13:26:25.147 [FXGL Background Thread 3 ] DEBUG Engine               - isPreserveResizeRatio: false
13:26:25.147 [FXGL Background Thread 3 ] DEBUG Engine               - isProfilingEnabled: false
13:26:25.147 [FXGL Background Thread 3 ] DEBUG Engine               - isScaleAffectedOnResize: true
13:26:25.147 [FXGL Background Thread 3 ] DEBUG Engine               - isSingleStep: false
13:26:25.147 [FXGL Background Thread 3 ] DEBUG Engine               - isUserProfileEnabled: false
13:26:25.147 [FXGL Background Thread 3 ] DEBUG Engine               - isWindows: true
13:26:25.147 [FXGL Background Thread 3 ] DEBUG Engine               - language: ObjectProperty [value: ENGLISH]
13:26:25.147 [FXGL Background Thread 3 ] DEBUG Engine               - menuKey: ESCAPE
13:26:25.147 [FXGL Background Thread 3 ] DEBUG Engine               - mouseSensitivity: 0.2
13:26:25.147 [FXGL Background Thread 3 ] DEBUG Engine               - notificationViewClass: class com.almasb.fxgl.notification.view.XboxNotificationView
13:26:25.147 [FXGL Background Thread 3 ] DEBUG Engine               - pixelsPerMeter: 50.0
13:26:25.147 [FXGL Background Thread 3 ] DEBUG Engine               - platform: WINDOWS
13:26:25.148 [FXGL Background Thread 3 ] DEBUG Engine               - prefHeightProperty: ReadOnlyDoubleProperty [value: 900.0]
13:26:25.148 [FXGL Background Thread 3 ] DEBUG Engine               - prefWidthProperty: ReadOnlyDoubleProperty [value: 900.0]
13:26:25.148 [FXGL Background Thread 3 ] DEBUG Engine               - profileDir: profiles/
13:26:25.148 [FXGL Background Thread 3 ] DEBUG Engine               - profileName: StringProperty [value: DEFAULT]
13:26:25.148 [FXGL Background Thread 3 ] DEBUG Engine               - randomSeed: -1
13:26:25.148 [FXGL Background Thread 3 ] DEBUG Engine               - runtimeInfo: RuntimeInfo(platform=WINDOWS, version=17.2, build=20.08.2022 16.50)
13:26:25.148 [FXGL Background Thread 3 ] DEBUG Engine               - saveFileExt: sav
13:26:25.148 [FXGL Background Thread 3 ] DEBUG Engine               - scaledHeightProp$fxgl: DoubleProperty [bound, value: 900.0]
13:26:25.148 [FXGL Background Thread 3 ] DEBUG Engine               - scaledWidthProp$fxgl: DoubleProperty [bound, value: 900.0]
13:26:25.148 [FXGL Background Thread 3 ] DEBUG Engine               - sceneFactory: com.almasb.fxgl.app.scene.SceneFactory@42ffd5eb
13:26:25.148 [FXGL Background Thread 3 ] DEBUG Engine               - secondsIn24h: 60
13:26:25.148 [FXGL Background Thread 3 ] DEBUG Engine               - soundMenuBack: menu/back.wav
13:26:25.149 [FXGL Background Thread 3 ] DEBUG Engine               - soundMenuPress: menu/press.wav
13:26:25.149 [FXGL Background Thread 3 ] DEBUG Engine               - soundMenuSelect: menu/select.wav
13:26:25.149 [FXGL Background Thread 3 ] DEBUG Engine               - soundNotification: core/notification.wav
13:26:25.149 [FXGL Background Thread 3 ] DEBUG Engine               - stageStyle: DECORATED
13:26:25.149 [FXGL Background Thread 3 ] DEBUG Engine               - supportedLanguages: [ENGLISH, FRENCH, GERMAN, HUNGARIAN, RUSSIAN]
13:26:25.149 [FXGL Background Thread 3 ] DEBUG Engine               - ticksPerSecond: -1
13:26:25.149 [FXGL Background Thread 3 ] DEBUG Engine               - title: Escape
13:26:25.149 [FXGL Background Thread 3 ] DEBUG Engine               - urlGithub: https://github.com/AlmasB/FXGL
13:26:25.149 [FXGL Background Thread 3 ] DEBUG Engine               - urlLeaderboard: http://fxgl-top.herokuapp.com/
13:26:25.149 [FXGL Background Thread 3 ] DEBUG Engine               - urlPOM: https://raw.githubusercontent.com/AlmasB/FXGL/release/README.md
13:26:25.149 [FXGL Background Thread 3 ] DEBUG Engine               - userAppClass: class com.Moonhalf.EscapeApp
13:26:25.149 [FXGL Background Thread 3 ] DEBUG Engine               - version: 0.1
13:26:25.149 [FXGL Background Thread 3 ] DEBUG Engine               - versionCheckDays: 7
13:26:25.149 [FXGL Background Thread 3 ] DEBUG Engine               - width: 900
13:26:25.149 [FXGL Background Thread 3 ] DEBUG Engine               - Logging services
13:26:25.149 [FXGL Background Thread 3 ] DEBUG Engine               - class com.almasb.fxgl.app.services.FXGLAssetLoaderService
13:26:25.149 [FXGL Background Thread 3 ] DEBUG Engine               - class com.almasb.fxgl.app.FXGLApplication$GameApplicationService
13:26:25.149 [FXGL Background Thread 3 ] DEBUG Engine               - class com.almasb.fxgl.app.services.FXGLDialogService
13:26:25.149 [FXGL Background Thread 3 ] DEBUG Engine               - class com.almasb.fxgl.app.services.IOTaskExecutorService
13:26:25.149 [FXGL Background Thread 3 ] DEBUG Engine               - class com.almasb.fxgl.io.FileSystemService
13:26:25.149 [FXGL Background Thread 3 ] DEBUG Engine               - class com.almasb.fxgl.localization.LocalizationService
13:26:25.149 [FXGL Background Thread 3 ] DEBUG Engine               - class com.almasb.fxgl.app.services.SystemBundleService
13:26:25.149 [FXGL Background Thread 3 ] DEBUG Engine               - class com.almasb.fxgl.profile.SaveLoadService
13:26:25.149 [FXGL Background Thread 3 ] DEBUG Engine               - class com.almasb.fxgl.ui.FXGLUIFactoryServiceProvider
13:26:25.149 [FXGL Background Thread 3 ] DEBUG Engine               - class com.almasb.fxgl.ui.FXGLDialogFactoryServiceProvider
13:26:25.149 [FXGL Background Thread 3 ] DEBUG Engine               - class com.almasb.fxgl.audio.AudioPlayer
13:26:25.150 [FXGL Background Thread 3 ] DEBUG Engine               - class com.almasb.fxgl.notification.impl.NotificationServiceProvider
13:26:25.150 [FXGL Background Thread 3 ] DEBUG Engine               - class com.almasb.fxgl.achievement.AchievementService
13:26:25.150 [FXGL Background Thread 3 ] DEBUG Engine               - class com.almasb.fxgl.cutscene.CutsceneService
13:26:25.150 [FXGL Background Thread 3 ] DEBUG Engine               - class com.almasb.fxgl.minigames.MiniGameService
13:26:25.150 [FXGL Background Thread 3 ] DEBUG Engine               - class com.almasb.fxgl.net.NetService
13:26:25.150 [FXGL Background Thread 3 ] DEBUG Engine               - class com.almasb.fxgl.app.services.UpdaterService
13:26:25.150 [FXGL Background Thread 3 ] DEBUG Engine               - class com.almasb.fxgl.dev.DevService
13:26:25.425 [JavaFX Application Thread] DEBUG FXGLAssetLoaderServi - Loading from file system: file:/C:/Users/Lenovo/OneDrive%20-%20CUHK-Shenzhen/桌面/javaGame/target/classes/assets/textures/Stage1/DoorClick.jpg
13:26:25.432 [JavaFX Application Thread] DEBUG FXGLAssetLoaderServi - Loading from file system: file:/C:/Users/Lenovo/OneDrive%20-%20CUHK-Shenzhen/桌面/javaGame/target/classes/assets/textures/Stage1/DR.png
13:26:25.463 [JavaFX Application Thread] DEBUG FXGLAssetLoaderServi - Loading from file system: file:/C:/Users/Lenovo/OneDrive%20-%20CUHK-Shenzhen/桌面/javaGame/target/classes/assets/textures/Stage1/DY.png
13:26:25.479 [JavaFX Application Thread] DEBUG FXGLAssetLoaderServi - Loading from file system: file:/C:/Users/Lenovo/OneDrive%20-%20CUHK-Shenzhen/桌面/javaGame/target/classes/assets/textures/Stage1/DB.png
13:26:25.494 [JavaFX Application Thread] DEBUG FXGLAssetLoaderServi - Loading from file system: file:/C:/Users/Lenovo/OneDrive%20-%20CUHK-Shenzhen/桌面/javaGame/target/classes/assets/textures/Stage1/DG.png
13:26:25.512 [JavaFX Application Thread] DEBUG FXGLAssetLoaderServi - Loading from file system: file:/C:/Users/Lenovo/OneDrive%20-%20CUHK-Shenzhen/桌面/javaGame/target/classes/assets/textures/ArrowD.png
13:26:26.159 [JavaFX Application Thread] DEBUG PrimaryStageWindow   - Push state: DialogSubScene
13:26:26.159 [JavaFX Application Thread] DEBUG Input                - Clearing active input actions
13:26:26.165 [JavaFX Application Thread] DEBUG GameApplicationServi - Removing overlay from GameScene and adding to DialogSubScene
13:26:26.165 [JavaFX Application Thread] DEBUG PrimaryStageWindow   - GameScene -> DialogSubScene
13:26:26.166 [JavaFX Application Thread] DEBUG FXGLAssetLoaderServi - Loading from file system: file:/C:/Users/Lenovo/OneDrive%20-%20CUHK-Shenzhen/桌面/javaGame/target/classes/assets/sounds/敲门声.wav
13:26:27.160 [JavaFX Application Thread] DEBUG PrimaryStageWindow   - Pop state: DialogSubScene
13:26:27.161 [JavaFX Application Thread] DEBUG Input                - Clearing active input actions
13:26:27.162 [JavaFX Application Thread] DEBUG GameApplicationServi - Removing overlay from DialogSubScene and adding to GameScene
13:26:27.162 [JavaFX Application Thread] DEBUG PrimaryStageWindow   - GameScene <- DialogSubScene
13:26:28.301 [JavaFX Application Thread] DEBUG PrimaryStageWindow   - Push state: DialogSubScene
13:26:28.301 [JavaFX Application Thread] DEBUG Input                - Clearing active input actions
13:26:28.301 [JavaFX Application Thread] DEBUG GameApplicationServi - Removing overlay from GameScene and adding to DialogSubScene
13:26:28.302 [JavaFX Application Thread] DEBUG PrimaryStageWindow   - GameScene -> DialogSubScene
13:26:28.985 [JavaFX Application Thread] DEBUG PrimaryStageWindow   - Pop state: DialogSubScene
13:26:28.985 [JavaFX Application Thread] DEBUG Input                - Clearing active input actions
13:26:28.985 [JavaFX Application Thread] DEBUG GameApplicationServi - Removing overlay from DialogSubScene and adding to GameScene
13:26:28.986 [JavaFX Application Thread] DEBUG PrimaryStageWindow   - GameScene <- DialogSubScene
13:26:30.090 [JavaFX Application Thread] DEBUG PrimaryStageWindow   - Push state: DialogSubScene
13:26:30.090 [JavaFX Application Thread] DEBUG Input                - Clearing active input actions
13:26:30.090 [JavaFX Application Thread] DEBUG GameApplicationServi - Removing overlay from GameScene and adding to DialogSubScene
13:26:30.091 [JavaFX Application Thread] DEBUG PrimaryStageWindow   - GameScene -> DialogSubScene
13:26:30.093 [JavaFX Application Thread] DEBUG FXGLAssetLoaderServi - Loading from file system: file:/C:/Users/Lenovo/OneDrive%20-%20CUHK-Shenzhen/桌面/javaGame/target/classes/assets/sounds/镜子布.wav
13:26:33.819 [JavaFX Application Thread] DEBUG PrimaryStageWindow   - Pop state: DialogSubScene
13:26:33.819 [JavaFX Application Thread] DEBUG Input                - Clearing active input actions
13:26:33.820 [JavaFX Application Thread] DEBUG GameApplicationServi - Removing overlay from DialogSubScene and adding to GameScene
13:26:33.820 [JavaFX Application Thread] DEBUG PrimaryStageWindow   - GameScene <- DialogSubScene
13:26:34.357 [JavaFX Application Thread] DEBUG FXGLAssetLoaderServi - Loading from file system: file:/C:/Users/Lenovo/OneDrive%20-%20CUHK-Shenzhen/桌面/javaGame/target/classes/assets/sounds/箱子%20纸声.wav
13:26:34.361 [JavaFX Application Thread] DEBUG FXGLAssetLoaderServi - Loading from file system: file:/C:/Users/Lenovo/OneDrive%20-%20CUHK-Shenzhen/桌面/javaGame/target/classes/assets/textures/Stage1/letterbg.png
13:26:34.382 [JavaFX Application Thread] DEBUG FXGLAssetLoaderServi - Loading from file system: file:/C:/Users/Lenovo/OneDrive%20-%20CUHK-Shenzhen/桌面/javaGame/target/classes/assets/textures/Stage1/paper.jpg
13:26:34.949 [JavaFX Application Thread] DEBUG PrimaryStageWindow   - Push state: DialogSubScene
13:26:34.949 [JavaFX Application Thread] DEBUG Input                - Clearing active input actions
13:26:34.949 [JavaFX Application Thread] DEBUG GameApplicationServi - Removing overlay from GameScene and adding to DialogSubScene
13:26:34.949 [JavaFX Application Thread] DEBUG PrimaryStageWindow   - GameScene -> DialogSubScene
13:26:36.964 [JavaFX Application Thread] DEBUG PrimaryStageWindow   - Pop state: DialogSubScene
13:26:36.964 [JavaFX Application Thread] DEBUG Input                - Clearing active input actions
13:26:36.964 [JavaFX Application Thread] DEBUG GameApplicationServi - Removing overlay from DialogSubScene and adding to GameScene
13:26:36.964 [JavaFX Application Thread] DEBUG PrimaryStageWindow   - GameScene <- DialogSubScene
13:26:38.412 [JavaFX Application Thread] DEBUG FXGLAssetLoaderServi - Loading from file system: file:/C:/Users/Lenovo/OneDrive%20-%20CUHK-Shenzhen/桌面/javaGame/target/classes/assets/textures/Stage2/Stage2%20Chair.png
13:26:38.419 [JavaFX Application Thread] DEBUG FXGLAssetLoaderServi - Loading from file system: file:/C:/Users/Lenovo/OneDrive%20-%20CUHK-Shenzhen/桌面/javaGame/target/classes/assets/textures/Stage2/Stage2%20Clock.png
13:26:38.421 [JavaFX Application Thread] DEBUG FXGLAssetLoaderServi - Loading from file system: file:/C:/Users/Lenovo/OneDrive%20-%20CUHK-Shenzhen/桌面/javaGame/target/classes/assets/textures/Stage2/Stage2%20Drawer.png
13:26:39.061 [JavaFX Application Thread] DEBUG FXGLAssetLoaderServi - Loading from file system: file:/C:/Users/Lenovo/OneDrive%20-%20CUHK-Shenzhen/桌面/javaGame/target/classes/assets/sounds/闹钟声.wav
13:26:39.065 [JavaFX Application Thread] DEBUG PrimaryStageWindow   - Push state: DialogSubScene
13:26:39.065 [JavaFX Application Thread] DEBUG Input                - Clearing active input actions
13:26:39.065 [JavaFX Application Thread] DEBUG GameApplicationServi - Removing overlay from GameScene and adding to DialogSubScene
13:26:39.065 [JavaFX Application Thread] DEBUG PrimaryStageWindow   - GameScene -> DialogSubScene
13:26:40.715 [JavaFX Application Thread] DEBUG PrimaryStageWindow   - Pop state: DialogSubScene
13:26:40.715 [JavaFX Application Thread] DEBUG Input                - Clearing active input actions
13:26:40.715 [JavaFX Application Thread] DEBUG GameApplicationServi - Removing overlay from DialogSubScene and adding to GameScene
13:26:40.715 [JavaFX Application Thread] DEBUG PrimaryStageWindow   - GameScene <- DialogSubScene
13:26:41.395 [JavaFX Application Thread] DEBUG FXGLAssetLoaderServi - Loading from file system: file:/C:/Users/Lenovo/OneDrive%20-%20CUHK-Shenzhen/桌面/javaGame/target/classes/assets/sounds/椅子.wav
13:26:41.399 [JavaFX Application Thread] DEBUG PrimaryStageWindow   - Push state: DialogSubScene
13:26:41.399 [JavaFX Application Thread] DEBUG Input                - Clearing active input actions
13:26:41.399 [JavaFX Application Thread] DEBUG GameApplicationServi - Removing overlay from GameScene and adding to DialogSubScene
13:26:41.399 [JavaFX Application Thread] DEBUG PrimaryStageWindow   - GameScene -> DialogSubScene
13:26:42.751 [JavaFX Application Thread] DEBUG PrimaryStageWindow   - Pop state: DialogSubScene
13:26:42.751 [JavaFX Application Thread] DEBUG Input                - Clearing active input actions
13:26:42.751 [JavaFX Application Thread] DEBUG GameApplicationServi - Removing overlay from DialogSubScene and adding to GameScene
13:26:42.751 [JavaFX Application Thread] DEBUG PrimaryStageWindow   - GameScene <- DialogSubScene
13:26:43.097 [JavaFX Application Thread] DEBUG FXGLAssetLoaderServi - Loading from file system: file:/C:/Users/Lenovo/OneDrive%20-%20CUHK-Shenzhen/桌面/javaGame/target/classes/assets/textures/Stage2/Drawer%20Click.jpg
13:26:43.106 [JavaFX Application Thread] DEBUG FXGLAssetLoaderServi - Loading from file system: file:/C:/Users/Lenovo/OneDrive%20-%20CUHK-Shenzhen/桌面/javaGame/target/classes/assets/textures/Stage2/D1.png
13:26:43.109 [JavaFX Application Thread] DEBUG FXGLAssetLoaderServi - Loading from file system: file:/C:/Users/Lenovo/OneDrive%20-%20CUHK-Shenzhen/桌面/javaGame/target/classes/assets/textures/Stage2/D2.png
13:26:43.110 [JavaFX Application Thread] DEBUG FXGLAssetLoaderServi - Loading from file system: file:/C:/Users/Lenovo/OneDrive%20-%20CUHK-Shenzhen/桌面/javaGame/target/classes/assets/textures/Stage2/D3.png
13:26:43.113 [JavaFX Application Thread] DEBUG FXGLAssetLoaderServi - Loading from file system: file:/C:/Users/Lenovo/OneDrive%20-%20CUHK-Shenzhen/桌面/javaGame/target/classes/assets/textures/Stage2/D4.png
13:26:43.680 [JavaFX Application Thread] DEBUG FXGLAssetLoaderServi - Loading from file system: file:/C:/Users/Lenovo/OneDrive%20-%20CUHK-Shenzhen/桌面/javaGame/target/classes/assets/sounds/柜子开.wav
13:26:43.683 [JavaFX Application Thread] DEBUG PrimaryStageWindow   - Push state: DialogSubScene
13:26:43.683 [JavaFX Application Thread] DEBUG Input                - Clearing active input actions
13:26:43.683 [JavaFX Application Thread] DEBUG GameApplicationServi - Removing overlay from GameScene and adding to DialogSubScene
13:26:43.684 [JavaFX Application Thread] DEBUG PrimaryStageWindow   - GameScene -> DialogSubScene
13:26:44.392 [JavaFX Application Thread] DEBUG PrimaryStageWindow   - Pop state: DialogSubScene
13:26:44.392 [JavaFX Application Thread] DEBUG Input                - Clearing active input actions
13:26:44.393 [JavaFX Application Thread] DEBUG GameApplicationServi - Removing overlay from DialogSubScene and adding to GameScene
13:26:44.393 [JavaFX Application Thread] DEBUG PrimaryStageWindow   - GameScene <- DialogSubScene
13:26:44.884 [JavaFX Application Thread] DEBUG PrimaryStageWindow   - Push state: DialogSubScene
13:26:44.884 [JavaFX Application Thread] DEBUG Input                - Clearing active input actions
13:26:44.885 [JavaFX Application Thread] DEBUG GameApplicationServi - Removing overlay from GameScene and adding to DialogSubScene
13:26:44.885 [JavaFX Application Thread] DEBUG PrimaryStageWindow   - GameScene -> DialogSubScene
13:26:46.938 [JavaFX Application Thread] DEBUG PrimaryStageWindow   - Pop state: DialogSubScene
13:26:46.938 [JavaFX Application Thread] DEBUG Input                - Clearing active input actions
13:26:46.938 [JavaFX Application Thread] DEBUG GameApplicationServi - Removing overlay from DialogSubScene and adding to GameScene
13:26:46.938 [JavaFX Application Thread] DEBUG PrimaryStageWindow   - GameScene <- DialogSubScene
13:26:47.459 [JavaFX Application Thread] DEBUG PrimaryStageWindow   - Push state: DialogSubScene
13:26:47.459 [JavaFX Application Thread] DEBUG Input                - Clearing active input actions
13:26:47.459 [JavaFX Application Thread] DEBUG GameApplicationServi - Removing overlay from GameScene and adding to DialogSubScene
13:26:47.460 [JavaFX Application Thread] DEBUG PrimaryStageWindow   - GameScene -> DialogSubScene
13:26:49.373 [JavaFX Application Thread] DEBUG PrimaryStageWindow   - Pop state: DialogSubScene
13:26:49.373 [JavaFX Application Thread] DEBUG Input                - Clearing active input actions
13:26:49.374 [JavaFX Application Thread] DEBUG GameApplicationServi - Removing overlay from DialogSubScene and adding to GameScene
13:26:49.374 [JavaFX Application Thread] DEBUG PrimaryStageWindow   - GameScene <- DialogSubScene
13:26:49.912 [JavaFX Application Thread] DEBUG PrimaryStageWindow   - Push state: DialogSubScene
13:26:49.913 [JavaFX Application Thread] DEBUG Input                - Clearing active input actions
13:26:49.913 [JavaFX Application Thread] DEBUG GameApplicationServi - Removing overlay from GameScene and adding to DialogSubScene
13:26:49.913 [JavaFX Application Thread] DEBUG PrimaryStageWindow   - GameScene -> DialogSubScene
13:26:51.480 [JavaFX Application Thread] DEBUG PrimaryStageWindow   - Pop state: DialogSubScene
13:26:51.480 [JavaFX Application Thread] DEBUG Input                - Clearing active input actions
13:26:51.480 [JavaFX Application Thread] DEBUG GameApplicationServi - Removing overlay from DialogSubScene and adding to GameScene
13:26:51.481 [JavaFX Application Thread] DEBUG PrimaryStageWindow   - GameScene <- DialogSubScene
13:26:53.332 [JavaFX Application Thread] DEBUG FXGLAssetLoaderServi - Loading from file system: file:/C:/Users/Lenovo/OneDrive%20-%20CUHK-Shenzhen/桌面/javaGame/target/classes/assets/textures/Stage3/Stage3%20Mirror.png
13:26:53.339 [JavaFX Application Thread] DEBUG FXGLAssetLoaderServi - Loading from file system: file:/C:/Users/Lenovo/OneDrive%20-%20CUHK-Shenzhen/桌面/javaGame/target/classes/assets/textures/Stage3/Stage3%20Tap.png
13:26:53.344 [JavaFX Application Thread] DEBUG FXGLAssetLoaderServi - Loading from file system: file:/C:/Users/Lenovo/OneDrive%20-%20CUHK-Shenzhen/桌面/javaGame/target/classes/assets/textures/Stage3/guahua.png
13:26:53.351 [JavaFX Application Thread] DEBUG FXGLAssetLoaderServi - Loading from file system: file:/C:/Users/Lenovo/OneDrive%20-%20CUHK-Shenzhen/桌面/javaGame/target/classes/assets/textures/Stage3/yugang.png
13:26:53.354 [JavaFX Application Thread] DEBUG FXGLAssetLoaderServi - Loading from file system: file:/C:/Users/Lenovo/OneDrive%20-%20CUHK-Shenzhen/桌面/javaGame/target/classes/assets/textures/Stage3/guizi.png
13:26:54.071 [JavaFX Application Thread] DEBUG FXGLAssetLoaderServi - Loading from file system: file:/C:/Users/Lenovo/OneDrive%20-%20CUHK-Shenzhen/桌面/javaGame/target/classes/assets/sounds/鱼缸.wav
13:26:54.074 [JavaFX Application Thread] DEBUG FXGLAssetLoaderServi - Loading from file system: file:/C:/Users/Lenovo/OneDrive%20-%20CUHK-Shenzhen/桌面/javaGame/target/classes/assets/textures/Stage3/yugangc.jpg
13:26:54.827 [JavaFX Application Thread] DEBUG PrimaryStageWindow   - Push state: DialogSubScene
13:26:54.827 [JavaFX Application Thread] DEBUG Input                - Clearing active input actions
13:26:54.827 [JavaFX Application Thread] DEBUG GameApplicationServi - Removing overlay from GameScene and adding to DialogSubScene
13:26:54.827 [JavaFX Application Thread] DEBUG PrimaryStageWindow   - GameScene -> DialogSubScene
13:26:57.917 [JavaFX Application Thread] DEBUG PrimaryStageWindow   - Pop state: DialogSubScene
13:26:57.917 [JavaFX Application Thread] DEBUG Input                - Clearing active input actions
13:26:57.917 [JavaFX Application Thread] DEBUG GameApplicationServi - Removing overlay from DialogSubScene and adding to GameScene
13:26:57.917 [JavaFX Application Thread] DEBUG PrimaryStageWindow   - GameScene <- DialogSubScene
13:26:59.175 [JavaFX Application Thread] DEBUG FXGLAssetLoaderServi - Loading from file system: file:/C:/Users/Lenovo/OneDrive%20-%20CUHK-Shenzhen/桌面/javaGame/target/classes/assets/textures/Stage3/guahuac1.png
13:26:59.586 [JavaFX Application Thread] DEBUG PrimaryStageWindow   - Push state: DialogSubScene
13:26:59.586 [JavaFX Application Thread] DEBUG Input                - Clearing active input actions
13:26:59.587 [JavaFX Application Thread] DEBUG GameApplicationServi - Removing overlay from GameScene and adding to DialogSubScene
13:26:59.587 [JavaFX Application Thread] DEBUG PrimaryStageWindow   - GameScene -> DialogSubScene
13:26:59.587 [JavaFX Application Thread] DEBUG FXGLAssetLoaderServi - Loading from file system: file:/C:/Users/Lenovo/OneDrive%20-%20CUHK-Shenzhen/桌面/javaGame/target/classes/assets/sounds/挂画.wav
13:26:59.589 [JavaFX Application Thread] DEBUG FXGLAssetLoaderServi - Loading from file system: file:/C:/Users/Lenovo/OneDrive%20-%20CUHK-Shenzhen/桌面/javaGame/target/classes/assets/textures/Stage3/guahuac2.png
13:27:01.134 [JavaFX Application Thread] DEBUG PrimaryStageWindow   - Pop state: DialogSubScene
13:27:01.134 [JavaFX Application Thread] DEBUG Input                - Clearing active input actions
13:27:01.134 [JavaFX Application Thread] DEBUG GameApplicationServi - Removing overlay from DialogSubScene and adding to GameScene
13:27:01.134 [JavaFX Application Thread] DEBUG PrimaryStageWindow   - GameScene <- DialogSubScene
13:27:04.741 [JavaFX Application Thread] DEBUG PrimaryStageWindow   - Push state: DialogSubScene
13:27:04.741 [JavaFX Application Thread] DEBUG Input                - Clearing active input actions
13:27:04.741 [JavaFX Application Thread] DEBUG GameApplicationServi - Removing overlay from GameScene and adding to DialogSubScene
13:27:04.741 [JavaFX Application Thread] DEBUG PrimaryStageWindow   - GameScene -> DialogSubScene
13:27:05.620 [JavaFX Application Thread] DEBUG PrimaryStageWindow   - Pop state: DialogSubScene
13:27:05.620 [JavaFX Application Thread] DEBUG Input                - Clearing active input actions
13:27:05.620 [JavaFX Application Thread] DEBUG GameApplicationServi - Removing overlay from DialogSubScene and adding to GameScene
13:27:05.620 [JavaFX Application Thread] DEBUG PrimaryStageWindow   - GameScene <- DialogSubScene
13:27:06.881 [JavaFX Application Thread] DEBUG FXGLAssetLoaderServi - Loading from file system: file:/C:/Users/Lenovo/OneDrive%20-%20CUHK-Shenzhen/桌面/javaGame/target/classes/assets/sounds/钥匙声.wav
13:27:06.884 [JavaFX Application Thread] DEBUG PrimaryStageWindow   - Push state: DialogSubScene
13:27:06.884 [JavaFX Application Thread] DEBUG Input                - Clearing active input actions
13:27:06.884 [JavaFX Application Thread] DEBUG GameApplicationServi - Removing overlay from GameScene and adding to DialogSubScene
13:27:06.884 [JavaFX Application Thread] DEBUG PrimaryStageWindow   - GameScene -> DialogSubScene
13:27:08.468 [JavaFX Application Thread] DEBUG PrimaryStageWindow   - Pop state: DialogSubScene
13:27:08.468 [JavaFX Application Thread] DEBUG Input                - Clearing active input actions
13:27:08.468 [JavaFX Application Thread] DEBUG GameApplicationServi - Removing overlay from DialogSubScene and adding to GameScene
13:27:08.468 [JavaFX Application Thread] DEBUG PrimaryStageWindow   - GameScene <- DialogSubScene
13:27:10.244 [JavaFX Application Thread] DEBUG PrimaryStageWindow   - Push state: DialogSubScene
13:27:10.244 [JavaFX Application Thread] DEBUG Input                - Clearing active input actions
13:27:10.245 [JavaFX Application Thread] DEBUG GameApplicationServi - Removing overlay from GameScene and adding to DialogSubScene
13:27:10.245 [JavaFX Application Thread] DEBUG PrimaryStageWindow   - GameScene -> DialogSubScene
13:27:11.372 [JavaFX Application Thread] DEBUG PrimaryStageWindow   - Pop state: DialogSubScene
13:27:11.372 [JavaFX Application Thread] DEBUG Input                - Clearing active input actions
13:27:11.372 [JavaFX Application Thread] DEBUG GameApplicationServi - Removing overlay from DialogSubScene and adding to GameScene
13:27:11.372 [JavaFX Application Thread] DEBUG PrimaryStageWindow   - GameScene <- DialogSubScene
13:27:11.868 [JavaFX Application Thread] DEBUG FXGLAssetLoaderServi - Loading from file system: file:/C:/Users/Lenovo/OneDrive%20-%20CUHK-Shenzhen/桌面/javaGame/target/classes/assets/textures/Stage3/Stage3%20Tap1.png
13:27:12.196 [JavaFX Application Thread] DEBUG FXGLAssetLoaderServi - Loading from file system: file:/C:/Users/Lenovo/OneDrive%20-%20CUHK-Shenzhen/桌面/javaGame/target/classes/assets/textures/Stage3/Stage3%20Tap2.png
13:27:12.563 [JavaFX Application Thread] DEBUG PrimaryStageWindow   - Push state: DialogSubScene
13:27:12.564 [JavaFX Application Thread] DEBUG Input                - Clearing active input actions
13:27:12.564 [JavaFX Application Thread] DEBUG GameApplicationServi - Removing overlay from GameScene and adding to DialogSubScene
13:27:12.564 [JavaFX Application Thread] DEBUG PrimaryStageWindow   - GameScene -> DialogSubScene
13:27:14.654 [JavaFX Application Thread] DEBUG PrimaryStageWindow   - Pop state: DialogSubScene
13:27:14.654 [JavaFX Application Thread] DEBUG Input                - Clearing active input actions
13:27:14.654 [JavaFX Application Thread] DEBUG GameApplicationServi - Removing overlay from DialogSubScene and adding to GameScene
13:27:14.654 [JavaFX Application Thread] DEBUG PrimaryStageWindow   - GameScene <- DialogSubScene
13:27:15.070 [JavaFX Application Thread] DEBUG FXGLAssetLoaderServi - Loading from file system: file:/C:/Users/Lenovo/OneDrive%20-%20CUHK-Shenzhen/桌面/javaGame/target/classes/assets/textures/Stage3/guizic1.jpg
13:27:15.077 [JavaFX Application Thread] DEBUG FXGLAssetLoaderServi - Loading from file system: file:/C:/Users/Lenovo/OneDrive%20-%20CUHK-Shenzhen/桌面/javaGame/target/classes/assets/textures/Stage3/chouti.png
13:27:15.078 [JavaFX Application Thread] DEBUG FXGLAssetLoaderServi - Loading from file system: file:/C:/Users/Lenovo/OneDrive%20-%20CUHK-Shenzhen/桌面/javaGame/target/classes/assets/textures/Stage3/yinfu/Do.png
13:27:15.079 [JavaFX Application Thread] DEBUG FXGLAssetLoaderServi - Loading from file system: file:/C:/Users/Lenovo/OneDrive%20-%20CUHK-Shenzhen/桌面/javaGame/target/classes/assets/textures/Stage3/yinfu/Re.png
13:27:15.080 [JavaFX Application Thread] DEBUG FXGLAssetLoaderServi - Loading from file system: file:/C:/Users/Lenovo/OneDrive%20-%20CUHK-Shenzhen/桌面/javaGame/target/classes/assets/textures/Stage3/yinfu/Mi.png
13:27:15.081 [JavaFX Application Thread] DEBUG FXGLAssetLoaderServi - Loading from file system: file:/C:/Users/Lenovo/OneDrive%20-%20CUHK-Shenzhen/桌面/javaGame/target/classes/assets/textures/Stage3/yinfu/Fa.png
13:27:15.082 [JavaFX Application Thread] DEBUG FXGLAssetLoaderServi - Loading from file system: file:/C:/Users/Lenovo/OneDrive%20-%20CUHK-Shenzhen/桌面/javaGame/target/classes/assets/textures/Stage3/yinfu/So.png
13:27:15.085 [JavaFX Application Thread] DEBUG FXGLAssetLoaderServi - Loading from file system: file:/C:/Users/Lenovo/OneDrive%20-%20CUHK-Shenzhen/桌面/javaGame/target/classes/assets/textures/Stage3/yinfu/La.png
13:27:15.086 [JavaFX Application Thread] DEBUG FXGLAssetLoaderServi - Loading from file system: file:/C:/Users/Lenovo/OneDrive%20-%20CUHK-Shenzhen/桌面/javaGame/target/classes/assets/textures/Stage3/yinfu/Ti.png
13:27:15.088 [JavaFX Application Thread] DEBUG FXGLAssetLoaderServi - Loading from file system: file:/C:/Users/Lenovo/OneDrive%20-%20CUHK-Shenzhen/桌面/javaGame/target/classes/assets/textures/Stage3/yinfu/Do1.png
13:27:15.089 [JavaFX Application Thread] DEBUG FXGLAssetLoaderServi - Loading from file system: file:/C:/Users/Lenovo/OneDrive%20-%20CUHK-Shenzhen/桌面/javaGame/target/classes/assets/textures/Stage3/yinfu/Re1.png
13:27:15.089 [JavaFX Application Thread] DEBUG FXGLAssetLoaderServi - Loading from file system: file:/C:/Users/Lenovo/OneDrive%20-%20CUHK-Shenzhen/桌面/javaGame/target/classes/assets/textures/Stage3/yinfu/Mi1.png
13:27:15.091 [JavaFX Application Thread] DEBUG FXGLAssetLoaderServi - Loading from file system: file:/C:/Users/Lenovo/OneDrive%20-%20CUHK-Shenzhen/桌面/javaGame/target/classes/assets/textures/Stage3/yinfu/Fa1.png
13:27:15.092 [JavaFX Application Thread] DEBUG FXGLAssetLoaderServi - Loading from file system: file:/C:/Users/Lenovo/OneDrive%20-%20CUHK-Shenzhen/桌面/javaGame/target/classes/assets/textures/Stage3/yinfu/So1.png
13:27:16.471 [JavaFX Application Thread] DEBUG FXGLAssetLoaderServi - Loading from file system: file:/C:/Users/Lenovo/OneDrive%20-%20CUHK-Shenzhen/桌面/javaGame/target/classes/assets/sounds/Do1.wav
13:27:17.137 [JavaFX Application Thread] DEBUG PrimaryStageWindow   - Push state: DialogSubScene
13:27:17.137 [JavaFX Application Thread] DEBUG Input                - Clearing active input actions
13:27:17.138 [JavaFX Application Thread] DEBUG GameApplicationServi - Removing overlay from GameScene and adding to DialogSubScene
13:27:17.138 [JavaFX Application Thread] DEBUG PrimaryStageWindow   - GameScene -> DialogSubScene
13:27:20.017 [JavaFX Application Thread] DEBUG PrimaryStageWindow   - Pop state: DialogSubScene
13:27:20.017 [JavaFX Application Thread] DEBUG Input                - Clearing active input actions
13:27:20.017 [JavaFX Application Thread] DEBUG GameApplicationServi - Removing overlay from DialogSubScene and adding to GameScene
13:27:20.017 [JavaFX Application Thread] DEBUG PrimaryStageWindow   - GameScene <- DialogSubScene
13:27:21.307 [JavaFX Application Thread] DEBUG FXGLAssetLoaderServi - Loading from file system: file:/C:/Users/Lenovo/OneDrive%20-%20CUHK-Shenzhen/桌面/javaGame/target/classes/assets/textures/Stage4/Stage4%20Bed.png
13:27:21.331 [JavaFX Application Thread] DEBUG FXGLAssetLoaderServi - Loading from file system: file:/C:/Users/Lenovo/OneDrive%20-%20CUHK-Shenzhen/桌面/javaGame/target/classes/assets/textures/Stage4/Stage4%20Box.png
13:27:21.339 [JavaFX Application Thread] DEBUG FXGLAssetLoaderServi - Loading from file system: file:/C:/Users/Lenovo/OneDrive%20-%20CUHK-Shenzhen/桌面/javaGame/target/classes/assets/textures/Stage4/Stage4%20Clock.png
13:27:22.177 [JavaFX Application Thread] DEBUG FXGLAssetLoaderServi - Loading from file system: file:/C:/Users/Lenovo/OneDrive%20-%20CUHK-Shenzhen/桌面/javaGame/target/classes/assets/textures/Stage4/C0.png
13:27:22.512 [JavaFX Application Thread] DEBUG FXGLAssetLoaderServi - Loading from file system: file:/C:/Users/Lenovo/OneDrive%20-%20CUHK-Shenzhen/桌面/javaGame/target/classes/assets/sounds/调钟表.wav
13:27:22.515 [JavaFX Application Thread] DEBUG FXGLAssetLoaderServi - Loading from file system: file:/C:/Users/Lenovo/OneDrive%20-%20CUHK-Shenzhen/桌面/javaGame/target/classes/assets/textures/Stage4/C1.png
13:27:22.733 [JavaFX Application Thread] DEBUG FXGLAssetLoaderServi - Loading from file system: file:/C:/Users/Lenovo/OneDrive%20-%20CUHK-Shenzhen/桌面/javaGame/target/classes/assets/textures/Stage4/C2.png
13:27:22.887 [JavaFX Application Thread] DEBUG FXGLAssetLoaderServi - Loading from file system: file:/C:/Users/Lenovo/OneDrive%20-%20CUHK-Shenzhen/桌面/javaGame/target/classes/assets/textures/Stage4/C3.png
13:27:23.043 [JavaFX Application Thread] DEBUG FXGLAssetLoaderServi - Loading from file system: file:/C:/Users/Lenovo/OneDrive%20-%20CUHK-Shenzhen/桌面/javaGame/target/classes/assets/textures/Stage4/C4.png
13:27:23.171 [JavaFX Application Thread] DEBUG FXGLAssetLoaderServi - Loading from file system: file:/C:/Users/Lenovo/OneDrive%20-%20CUHK-Shenzhen/桌面/javaGame/target/classes/assets/textures/Stage4/C5.png
13:27:23.490 [JavaFX Application Thread] DEBUG FXGLAssetLoaderServi - Loading from file system: file:/C:/Users/Lenovo/OneDrive%20-%20CUHK-Shenzhen/桌面/javaGame/target/classes/assets/textures/Stage4/C6.png
13:27:23.732 [JavaFX Application Thread] DEBUG FXGLAssetLoaderServi - Loading from file system: file:/C:/Users/Lenovo/OneDrive%20-%20CUHK-Shenzhen/桌面/javaGame/target/classes/assets/sounds/钟表开.wav
13:27:23.735 [JavaFX Application Thread] DEBUG FXGLAssetLoaderServi - Loading from file system: file:/C:/Users/Lenovo/OneDrive%20-%20CUHK-Shenzhen/桌面/javaGame/target/classes/assets/textures/Stage4/Cf.png
13:27:24.830 [JavaFX Application Thread] DEBUG FXGLAssetLoaderServi - Loading from file system: file:/C:/Users/Lenovo/OneDrive%20-%20CUHK-Shenzhen/桌面/javaGame/target/classes/assets/textures/Mengban.png
13:27:24.847 [JavaFX Application Thread] DEBUG FXGLAssetLoaderServi - Loading from file system: file:/C:/Users/Lenovo/OneDrive%20-%20CUHK-Shenzhen/桌面/javaGame/target/classes/assets/textures/Stage4/Painting.jpg
13:27:25.426 [JavaFX Application Thread] DEBUG PrimaryStageWindow   - Push state: DialogSubScene
13:27:25.427 [JavaFX Application Thread] DEBUG Input                - Clearing active input actions
13:27:25.427 [JavaFX Application Thread] DEBUG GameApplicationServi - Removing overlay from GameScene and adding to DialogSubScene
13:27:25.427 [JavaFX Application Thread] DEBUG PrimaryStageWindow   - GameScene -> DialogSubScene
13:27:26.938 [JavaFX Application Thread] DEBUG PrimaryStageWindow   - Pop state: DialogSubScene
13:27:26.938 [JavaFX Application Thread] DEBUG Input                - Clearing active input actions
13:27:26.938 [JavaFX Application Thread] DEBUG GameApplicationServi - Removing overlay from DialogSubScene and adding to GameScene
13:27:26.938 [JavaFX Application Thread] DEBUG PrimaryStageWindow   - GameScene <- DialogSubScene
13:27:27.984 [JavaFX Application Thread] DEBUG FXGLAssetLoaderServi - Loading from file system: file:/C:/Users/Lenovo/OneDrive%20-%20CUHK-Shenzhen/桌面/javaGame/target/classes/assets/sounds/被子声.wav
13:27:27.986 [JavaFX Application Thread] DEBUG FXGLAssetLoaderServi - Loading from file system: file:/C:/Users/Lenovo/OneDrive%20-%20CUHK-Shenzhen/桌面/javaGame/target/classes/assets/textures/Stage4/Bedc.png
13:27:28.010 [JavaFX Application Thread] DEBUG PrimaryStageWindow   - Push state: DialogSubScene
13:27:28.010 [JavaFX Application Thread] DEBUG Input                - Clearing active input actions
13:27:28.010 [JavaFX Application Thread] DEBUG GameApplicationServi - Removing overlay from GameScene and adding to DialogSubScene
13:27:28.010 [JavaFX Application Thread] DEBUG PrimaryStageWindow   - GameScene -> DialogSubScene
13:27:29.602 [JavaFX Application Thread] DEBUG PrimaryStageWindow   - Pop state: DialogSubScene
13:27:29.602 [JavaFX Application Thread] DEBUG Input                - Clearing active input actions
13:27:29.602 [JavaFX Application Thread] DEBUG GameApplicationServi - Removing overlay from DialogSubScene and adding to GameScene
13:27:29.602 [JavaFX Application Thread] DEBUG PrimaryStageWindow   - GameScene <- DialogSubScene
13:27:32.523 [JavaFX Application Thread] DEBUG PrimaryStageWindow   - Push state: DialogSubScene
13:27:32.523 [JavaFX Application Thread] DEBUG Input                - Clearing active input actions
13:27:32.523 [JavaFX Application Thread] DEBUG GameApplicationServi - Removing overlay from GameScene and adding to DialogSubScene
13:27:32.523 [JavaFX Application Thread] DEBUG PrimaryStageWindow   - GameScene -> DialogSubScene
13:27:33.271 [JavaFX Application Thread] DEBUG PrimaryStageWindow   - Pop state: DialogSubScene
13:27:33.271 [JavaFX Application Thread] DEBUG Input                - Clearing active input actions
13:27:33.271 [JavaFX Application Thread] DEBUG GameApplicationServi - Removing overlay from DialogSubScene and adding to GameScene
13:27:33.271 [JavaFX Application Thread] DEBUG PrimaryStageWindow   - GameScene <- DialogSubScene
13:27:33.930 [JavaFX Application Thread] DEBUG PrimaryStageWindow   - Push state: DialogSubScene
13:27:33.931 [JavaFX Application Thread] DEBUG Input                - Clearing active input actions
13:27:33.931 [JavaFX Application Thread] DEBUG GameApplicationServi - Removing overlay from GameScene and adding to DialogSubScene
13:27:33.931 [JavaFX Application Thread] DEBUG PrimaryStageWindow   - GameScene -> DialogSubScene
13:27:35.046 [JavaFX Application Thread] DEBUG PrimaryStageWindow   - Pop state: DialogSubScene
13:27:35.046 [JavaFX Application Thread] DEBUG Input                - Clearing active input actions
13:27:35.046 [JavaFX Application Thread] DEBUG GameApplicationServi - Removing overlay from DialogSubScene and adding to GameScene
13:27:35.046 [JavaFX Application Thread] DEBUG PrimaryStageWindow   - GameScene <- DialogSubScene
13:27:37.860 [JavaFX Application Thread] DEBUG FXGLAssetLoaderServi - Loading from file system: file:/C:/Users/Lenovo/OneDrive%20-%20CUHK-Shenzhen/桌面/javaGame/target/classes/assets/textures/f1.jpg
13:27:37.871 [JavaFX Application Thread] DEBUG FXGLAssetLoaderServi - Loading from file system: file:/C:/Users/Lenovo/OneDrive%20-%20CUHK-Shenzhen/桌面/javaGame/target/classes/assets/sounds/开门声.wav
13:27:38.326 [JavaFX Application Thread] DEBUG FXGLAssetLoaderServi - Loading from file system: file:/C:/Users/Lenovo/OneDrive%20-%20CUHK-Shenzhen/桌面/javaGame/target/classes/assets/textures/f2.jpg
13:27:38.815 [JavaFX Application Thread] DEBUG FXGLAssetLoaderServi - Loading from file system: file:/C:/Users/Lenovo/OneDrive%20-%20CUHK-Shenzhen/桌面/javaGame/target/classes/assets/textures/f3.jpg
13:27:39.037 [JavaFX Application Thread] DEBUG FXGLAssetLoaderServi - Loading from file system: file:/C:/Users/Lenovo/OneDrive%20-%20CUHK-Shenzhen/桌面/javaGame/target/classes/assets/textures/f4.jpg
13:27:39.593 [JavaFX Application Thread] DEBUG FXGLAssetLoaderServi - Loading from file system: file:/C:/Users/Lenovo/OneDrive%20-%20CUHK-Shenzhen/桌面/javaGame/target/classes/assets/textures/f5.jpg
13:27:40.016 [JavaFX Application Thread] DEBUG FXGLAssetLoaderServi - Loading from file system: file:/C:/Users/Lenovo/OneDrive%20-%20CUHK-Shenzhen/桌面/javaGame/target/classes/assets/textures/f6.jpg
13:27:40.810 [JavaFX Application Thread] DEBUG FXGLAssetLoaderServi - Loading from file system: file:/C:/Users/Lenovo/OneDrive%20-%20CUHK-Shenzhen/桌面/javaGame/target/classes/assets/textures/f.jpg
13:27:41.356 [JavaFX Application Thread] DEBUG PrimaryStageWindow   - Push state: DialogSubScene
13:27:41.356 [JavaFX Application Thread] DEBUG Input                - Clearing active input actions
13:27:41.357 [JavaFX Application Thread] DEBUG GameApplicationServi - Removing overlay from GameScene and adding to DialogSubScene
13:27:41.357 [JavaFX Application Thread] DEBUG PrimaryStageWindow   - GameScene -> DialogSubScene
13:27:42.525 [JavaFX Application Thread] DEBUG PrimaryStageWindow   - Pop state: DialogSubScene
13:27:42.525 [JavaFX Application Thread] DEBUG Input                - Clearing active input actions
13:27:42.525 [JavaFX Application Thread] DEBUG GameApplicationServi - Removing overlay from DialogSubScene and adding to GameScene
13:27:42.525 [JavaFX Application Thread] DEBUG PrimaryStageWindow   - GameScene <- DialogSubScene
13:27:43.626 [JavaFX Application Thread] DEBUG FXGLApplication      - Exiting FXGL
13:27:43.626 [JavaFX Application Thread] DEBUG LoopRunner           - Stopping loop
13:27:43.626 [JavaFX Application Thread] DEBUG SystemBundleService  - Saving FXGL system data
13:27:43.628 [JavaFX Application Thread] DEBUG FileSystemAccess     - Writing to: C:\Users\Lenovo\OneDrive - CUHK-Shenzhen\桌面\javaGame\system\fxgl.bundle
13:27:43.630 [JavaFX Application Thread] DEBUG Async                - Shutting down background threads
13:27:43.630 [JavaFX Application Thread] DEBUG PrimaryStageWindow   - Closing main window
13:27:43.656 [JavaFX Application Thread] DEBUG Logger               - Closing Logger
