00:13:05.700 [main                     ] DEBUG Logger               - Configured Logger
00:13:05.722 [main                     ] DEBUG GameApplication      - Logging settings
Title: Escape
Version: 0.1
Width: 900
Height: 900
Fullscreen: false
Intro: false
Profiling: false
Single step:false
App Mode: DEVELOPER
Menu Key: ESCAPE
Stage Style: DECORATED
Scene Factory: class com.almasb.fxgl.app.scene.SceneFactory

00:13:05.974 [JavaFX Application Thread] DEBUG FXGLApplication      - Initializing FXGL
00:13:05.977 [JavaFX Application Thread] INFO  Engine               - FXGL-17.2 (20.08.2022 16.50) on WINDOWS (J:17.0.5 FX:18)
00:13:05.977 [JavaFX Application Thread] DEBUG Engine               - JRE Vendor Name: Oracle Corporation
00:13:05.977 [JavaFX Application Thread] DEBUG Engine               - Running on OS: Windows 11 version 10.0
00:13:05.977 [JavaFX Application Thread] DEBUG Engine               - Architecture: amd64
00:13:05.978 [JavaFX Application Thread] INFO  Engine               - Source code and latest versions at: https://github.com/AlmasB/FXGL
00:13:05.978 [JavaFX Application Thread] INFO  Engine               -       Ask questions and discuss at: https://github.com/AlmasB/FXGL/discussions
00:13:05.978 [JavaFX Application Thread] INFO  Engine               -              Join the FXGL chat at: https://gitter.im/AlmasB/FXGL
00:13:06.028 [JavaFX Application Thread] DEBUG PrimaryStageWindow   - Creating a JavaFX scene
00:13:06.050 [JavaFX Application Thread] DEBUG PrimaryStageWindow   - Target settings size: 900.0 x 900.0
00:13:06.050 [JavaFX Application Thread] DEBUG PrimaryStageWindow   - Scaled scene size:    900.0 x 900.0
00:13:06.051 [JavaFX Application Thread] DEBUG PrimaryStageWindow   - Scaled ratio: (1.0, 1.0)
00:13:06.051 [JavaFX Application Thread] DEBUG PrimaryStageWindow   - Set initial scene to FXGLStartupScene
00:13:06.055 [JavaFX Application Thread] DEBUG PrimaryStageWindow   - Opening main window
00:13:06.107 [JavaFX Application Thread] DEBUG PrimaryStageWindow   - Window border size: (14.66668701171875, 37.33331298828125)
00:13:06.107 [JavaFX Application Thread] DEBUG PrimaryStageWindow   - Scaled size: 900.0 x 900.0
00:13:06.107 [JavaFX Application Thread] DEBUG PrimaryStageWindow   - Scaled ratio: (1.0, 1.0)
00:13:06.107 [JavaFX Application Thread] DEBUG PrimaryStageWindow   - Scene size: 900.0 x 900.0
00:13:06.107 [JavaFX Application Thread] DEBUG PrimaryStageWindow   - Stage size: 914.6666870117188 x 937.3333129882812
00:13:06.111 [FXGL Background Thread 1 ] DEBUG Engine               - Initializing environment variables
00:13:06.133 [FXGL Background Thread 1 ] DEBUG FXGLAssetLoaderServi - User app class for loading assets: class com.Moonhalf.EscapeApp
00:13:06.133 [FXGL Background Thread 1 ] DEBUG GameApplicationServi - Applying CSS: fxgl_dark.css
00:13:06.134 [FXGL Background Thread 1 ] DEBUG FXGLAssetLoaderServi - Loading from file system: jar:file:///C:/Users/Lenovo/.m2/repository/com/github/almasb/fxgl/17.2/fxgl-17.2.jar!/fxglassets/ui/css/fxgl_dark.css
00:13:06.163 [FXGL Background Thread 1 ] DEBUG GameApplicationServi - Initializing application scenes
00:13:06.206 [FXGL Background Thread 1 ] DEBUG GameWorld            - Game world initialized
00:13:06.237 [FXGL Background Thread 1 ] DEBUG PhysicsWorld         - Physics world initialized: appHeight=900, physics.ppm=50.0
00:13:06.238 [FXGL Background Thread 1 ] DEBUG PhysicsWorld         - Using strategy: BRUTE_FORCE
00:13:06.241 [FXGL Background Thread 1 ] DEBUG GameScene            - Game scene initialized: 900x900
00:13:06.249 [FXGL Background Thread 1 ] DEBUG FXGL.DefaultMenu     - createMenuBodyGameMenu()
00:13:06.257 [FXGL Background Thread 1 ] DEBUG FXGL.DefaultMenu     - createOptionsMenu()
00:13:06.266 [FXGL Background Thread 1 ] DEBUG FXGLAssetLoaderServi - Loading from file system: jar:file:///C:/Users/Lenovo/.m2/repository/com/github/almasb/fxgl/17.2/fxgl-17.2.jar!/fxglassets/textures/particles/smoke.png
00:13:06.319 [FXGL Background Thread 1 ] DEBUG FXGLAssetLoaderServi - Loading from file system: jar:file:///C:/Users/Lenovo/.m2/repository/com/github/almasb/fxgl/17.2/fxgl-17.2.jar!/fxglassets/textures/particles/trace_horizontal.png
00:13:06.338 [FXGL Background Thread 1 ] DEBUG GameApplicationServi - Application scenes initialized
00:13:06.346 [FXGL Background Thread 1 ] DEBUG SystemBundleService  - Loading FXGL system data
00:13:06.350 [FXGL Background Thread 1 ] DEBUG FileSystemAccess     - Reading from: C:\Users\Lenovo\OneDrive - CUHK-Shenzhen\桌面\javaGame\system\fxgl.bundle
00:13:06.353 [FXGL Background Thread 1 ] DEBUG SystemBundleService  - Bundle FXGL: {}
00:13:06.354 [FXGL Background Thread 1 ] DEBUG UpdaterService       - Checking for updates
00:13:06.356 [FXGL Background Thread 4 ] DEBUG FXGLApplication      - Loading fonts
00:13:06.356 [FXGL Background Thread 1 ] DEBUG FXGLApplication      - Loading default localization
00:13:06.356 [FXGL Background Thread 4 ] DEBUG FXGLAssetLoaderServi - Loading from file system: jar:file:///C:/Users/Lenovo/.m2/repository/com/github/almasb/fxgl/17.2/fxgl-17.2.jar!/fxglassets/ui/fonts/VarelaRound-Regular.ttf
00:13:06.357 [FXGL Background Thread 1 ] DEBUG FXGLAssetLoaderServi - Loading from file system: jar:file:///C:/Users/Lenovo/.m2/repository/com/github/almasb/fxgl/17.2/fxgl-17.2.jar!/fxglassets/languages/english.lang
00:13:06.371 [FXGL Background Thread 1 ] INFO  FXGLApplication      - FXGL initialization took: 0.260 sec
00:13:06.373 [JavaFX Application Thread] DEBUG FXGLAssetLoaderServi - Loading from file system: file:/C:/Users/Lenovo/OneDrive%20-%20CUHK-Shenzhen/桌面/javaGame/target/classes/assets/music/bg.mp3
00:13:06.396 [FXGL Background Thread 4 ] DEBUG FXGLAssetLoaderServi - Loading from file system: jar:file:///C:/Users/Lenovo/.m2/repository/com/github/almasb/fxgl/17.2/fxgl-17.2.jar!/fxglassets/ui/fonts/Abel-Regular.ttf
00:13:06.399 [FXGL Background Thread 4 ] DEBUG FXGLAssetLoaderServi - Loading from file system: jar:file:///C:/Users/Lenovo/.m2/repository/com/github/almasb/fxgl/17.2/fxgl-17.2.jar!/fxglassets/ui/fonts/TerminalLandMono-Regular.otf
00:13:06.400 [FXGL Background Thread 4 ] DEBUG FXGLAssetLoaderServi - Loading from file system: jar:file:///C:/Users/Lenovo/.m2/repository/com/github/almasb/fxgl/17.2/fxgl-17.2.jar!/fxglassets/ui/fonts/Courier-Prime.ttf
00:13:06.847 [JavaFX Application Thread] DEBUG AudioPlayer          - Playing music com.almasb.fxgl.audio.Music@41bc868
00:13:06.848 [JavaFX Application Thread] DEBUG FXGLAssetLoaderServi - Loading from file system: file:/C:/Users/Lenovo/OneDrive%20-%20CUHK-Shenzhen/桌面/javaGame/target/classes/assets/textures/Escape.png
00:13:06.855 [JavaFX Application Thread] DEBUG FXGLAssetLoaderServi - Loading from file system: jar:file:///C:/Users/Lenovo/.m2/repository/com/github/almasb/fxgl/17.2/fxgl-17.2.jar!/fxglassets/textures/fxgl_default_cursor.png
00:13:06.862 [JavaFX Application Thread] DEBUG Input                - Registered new binding: Screenshot - CTRL+8
00:13:06.862 [JavaFX Application Thread] DEBUG Input                - Registered new binding: System info dump - CTRL+9
00:13:06.863 [JavaFX Application Thread] DEBUG Input                - Registered new binding: Restart - CTRL+R
00:13:06.863 [JavaFX Application Thread] DEBUG Input                - Registered new binding: Toggle Debug Camera - CTRL+7
00:13:06.864 [JavaFX Application Thread] DEBUG LoopRunner           - Starting loop
00:13:06.864 [JavaFX Application Thread] DEBUG LoopRunner           - Initializing JavaFX AnimationTimerLoop
00:13:06.864 [JavaFX Application Thread] DEBUG GameApplicationServi - Starting new game
00:13:06.864 [JavaFX Application Thread] DEBUG Input                - Clearing active input actions
00:13:06.880 [JavaFX Application Thread] DEBUG GameApplicationServi - Removing overlay from FXGLStartupScene and adding to FXGLLoadingScene
00:13:06.880 [JavaFX Application Thread] DEBUG PrimaryStageWindow   - FXGLStartupScene -> FXGLLoadingScene
00:13:06.880 [JavaFX Application Thread] DEBUG GameApplicationServi - Clearing previous game
00:13:06.880 [JavaFX Application Thread] DEBUG GameScene            - Clearing game scene
00:13:06.880 [JavaFX Application Thread] DEBUG GameWorld            - Clearing game world
00:13:06.880 [JavaFX Application Thread] DEBUG PhysicsWorld         - Clearing physics world
00:13:06.882 [FXGL Background Thread 4 ] DEBUG FXGLApplication      - Initializing game
00:13:06.883 [JavaFX Application Thread] DEBUG FXGLApplication      - Registering font factories with UI factory
00:13:06.896 [FXGL Background Thread 4 ] DEBUG FXGLAssetLoaderServi - Loading from file system: file:/C:/Users/Lenovo/OneDrive%20-%20CUHK-Shenzhen/桌面/javaGame/target/classes/assets/textures/Background.jpg
00:13:06.903 [FXGL Background Thread 4 ] DEBUG FXGLAssetLoaderServi - Loading from file system: file:/C:/Users/Lenovo/OneDrive%20-%20CUHK-Shenzhen/桌面/javaGame/target/classes/assets/textures/ArrowR.png
00:13:06.911 [FXGL Background Thread 4 ] DEBUG FXGLAssetLoaderServi - Loading from file system: file:/C:/Users/Lenovo/OneDrive%20-%20CUHK-Shenzhen/桌面/javaGame/target/classes/assets/textures/Stage1/Stage1%20Door.png
00:13:06.951 [FXGL Background Thread 4 ] DEBUG FXGLAssetLoaderServi - Loading from file system: file:/C:/Users/Lenovo/OneDrive%20-%20CUHK-Shenzhen/桌面/javaGame/target/classes/assets/textures/Stage1/Stage1%20Curtain.png
00:13:06.966 [FXGL Background Thread 4 ] DEBUG FXGLAssetLoaderServi - Loading from file system: file:/C:/Users/Lenovo/OneDrive%20-%20CUHK-Shenzhen/桌面/javaGame/target/classes/assets/textures/Stage1/letter.png
00:13:06.968 [FXGL Background Thread 4 ] DEBUG FXGLAssetLoaderServi - Loading from file system: file:/C:/Users/Lenovo/OneDrive%20-%20CUHK-Shenzhen/桌面/javaGame/target/classes/assets/textures/s1.jpg
00:13:06.980 [FXGL Background Thread 4 ] INFO  FXGLApplication      - Game initialization took: 0.098 sec
00:13:06.981 [JavaFX Application Thread] DEBUG Input                - Clearing active input actions
00:13:06.985 [JavaFX Application Thread] DEBUG GameApplicationServi - Removing overlay from FXGLLoadingScene and adding to GameScene
00:13:06.985 [JavaFX Application Thread] DEBUG PrimaryStageWindow   - FXGLLoadingScene -> GameScene
00:13:07.055 [FXGL Background Thread 2 ] INFO  UpdaterService       - Your current version:  17.2
00:13:07.055 [FXGL Background Thread 2 ] INFO  UpdaterService       - Latest stable version: 17.3
00:13:07.619 [JavaFX Application Thread] DEBUG FXGLAssetLoaderServi - Loading from file system: file:/C:/Users/Lenovo/OneDrive%20-%20CUHK-Shenzhen/桌面/javaGame/target/classes/assets/textures/s2.jpg
00:13:07.939 [JavaFX Application Thread] DEBUG FXGLAssetLoaderServi - Loading from file system: file:/C:/Users/Lenovo/OneDrive%20-%20CUHK-Shenzhen/桌面/javaGame/target/classes/assets/textures/s3.jpg
00:13:09.356 [FXGL Background Thread 3 ] DEBUG Engine               - Logging environment variables
00:13:09.357 [FXGL Background Thread 3 ] DEBUG Engine               - achievements: []
00:13:09.357 [FXGL Background Thread 3 ] DEBUG Engine               - actualHeight: 900.0
00:13:09.357 [FXGL Background Thread 3 ] DEBUG Engine               - actualHeightProperty: ReadOnlyDoubleProperty [value: 900.0]
00:13:09.357 [FXGL Background Thread 3 ] DEBUG Engine               - actualWidth: 900.0
00:13:09.357 [FXGL Background Thread 3 ] DEBUG Engine               - actualWidthProperty: ReadOnlyDoubleProperty [value: 900.0]
00:13:09.357 [FXGL Background Thread 3 ] DEBUG Engine               - appIcon: Escape.png
00:13:09.357 [FXGL Background Thread 3 ] DEBUG Engine               - applicationMode: DEVELOPER
00:13:09.359 [FXGL Background Thread 3 ] DEBUG Engine               - cSSList: [fxgl_dark.css]
00:13:09.359 [FXGL Background Thread 3 ] DEBUG Engine               - collisionDetectionStrategy: BRUTE_FORCE
00:13:09.359 [FXGL Background Thread 3 ] DEBUG Engine               - configClass: Optional.empty
00:13:09.359 [FXGL Background Thread 3 ] DEBUG Engine               - credits: []
00:13:09.359 [FXGL Background Thread 3 ] DEBUG Engine               - defaultCursor: CursorInfo(imageName=fxgl_default_cursor.png, hotspotX=7.0, hotspotY=6.0)
00:13:09.360 [FXGL Background Thread 3 ] DEBUG Engine               - devBBoxColorProperty: ObjectProperty [value: 0xff0000ff]
00:13:09.360 [FXGL Background Thread 3 ] DEBUG Engine               - devEnableDebugCameraProperty: BooleanProperty [value: false]
00:13:09.360 [FXGL Background Thread 3 ] DEBUG Engine               - devSensorColorProperty: ObjectProperty [value: 0xffff00ff]
00:13:09.360 [FXGL Background Thread 3 ] DEBUG Engine               - devShowBBoxProperty: BooleanProperty [value: false]
00:13:09.360 [FXGL Background Thread 3 ] DEBUG Engine               - devShowPositionProperty: BooleanProperty [value: false]
00:13:09.360 [FXGL Background Thread 3 ] DEBUG Engine               - enabledMenuItems: []
00:13:09.361 [FXGL Background Thread 3 ] DEBUG Engine               - engineServices: [class com.almasb.fxgl.app.services.FXGLAssetLoaderService, class com.almasb.fxgl.app.FXGLApplication$GameApplicationService, class com.almasb.fxgl.app.services.FXGLDialogService, class com.almasb.fxgl.app.services.IOTaskExecutorService, class com.almasb.fxgl.io.FileSystemService, class com.almasb.fxgl.localization.LocalizationService, class com.almasb.fxgl.app.services.SystemBundleService, class com.almasb.fxgl.profile.SaveLoadService, class com.almasb.fxgl.ui.FXGLUIFactoryServiceProvider, class com.almasb.fxgl.ui.FXGLDialogFactoryServiceProvider, class com.almasb.fxgl.audio.AudioPlayer, class com.almasb.fxgl.notification.impl.NotificationServiceProvider, class com.almasb.fxgl.achievement.AchievementService, class com.almasb.fxgl.cutscene.CutsceneService, class com.almasb.fxgl.minigames.MiniGameService, class com.almasb.fxgl.net.NetService, class com.almasb.fxgl.app.services.UpdaterService, class com.almasb.fxgl.dev.DevService]
00:13:09.361 [FXGL Background Thread 3 ] DEBUG Engine               - fontGame: Abel-Regular.ttf
00:13:09.361 [FXGL Background Thread 3 ] DEBUG Engine               - fontMono: TerminalLandMono-Regular.otf
00:13:09.361 [FXGL Background Thread 3 ] DEBUG Engine               - fontText: Courier-Prime.ttf
00:13:09.361 [FXGL Background Thread 3 ] DEBUG Engine               - fontUI: VarelaRound-Regular.ttf
00:13:09.361 [FXGL Background Thread 3 ] DEBUG Engine               - fullScreen: BooleanProperty [value: false]
00:13:09.361 [FXGL Background Thread 3 ] DEBUG Engine               - gameDifficulty: MEDIUM
00:13:09.361 [FXGL Background Thread 3 ] DEBUG Engine               - gameDifficultyProperty: ObjectProperty [value: MEDIUM]
00:13:09.361 [FXGL Background Thread 3 ] DEBUG Engine               - globalMusicVolume: 0.5
00:13:09.361 [FXGL Background Thread 3 ] DEBUG Engine               - globalMusicVolumeProperty: DoubleProperty [value: 0.05]
00:13:09.361 [FXGL Background Thread 3 ] DEBUG Engine               - globalSoundVolume: 0.5
00:13:09.361 [FXGL Background Thread 3 ] DEBUG Engine               - globalSoundVolumeProperty: DoubleProperty [value: 1.0]
00:13:09.361 [FXGL Background Thread 3 ] DEBUG Engine               - height: 900
00:13:09.361 [FXGL Background Thread 3 ] DEBUG Engine               - is3D: false
00:13:09.361 [FXGL Background Thread 3 ] DEBUG Engine               - isAndroid: false
00:13:09.361 [FXGL Background Thread 3 ] DEBUG Engine               - isBrowser: false
00:13:09.361 [FXGL Background Thread 3 ] DEBUG Engine               - isClickFeedbackEnabled: false
00:13:09.361 [FXGL Background Thread 3 ] DEBUG Engine               - isCloseConfirmation: false
00:13:09.361 [FXGL Background Thread 3 ] DEBUG Engine               - isDesktop: true
00:13:09.361 [FXGL Background Thread 3 ] DEBUG Engine               - isDeveloperMenuEnabled: false
00:13:09.361 [FXGL Background Thread 3 ] DEBUG Engine               - isEmbedded: false
00:13:09.361 [FXGL Background Thread 3 ] DEBUG Engine               - isEntityPreloadEnabled: true
00:13:09.361 [FXGL Background Thread 3 ] DEBUG Engine               - isExperimentalTiledLargeMap: false
00:13:09.361 [FXGL Background Thread 3 ] DEBUG Engine               - isFileSystemWriteAllowed: true
00:13:09.362 [FXGL Background Thread 3 ] DEBUG Engine               - isFullScreenAllowed: false
00:13:09.362 [FXGL Background Thread 3 ] DEBUG Engine               - isFullScreenFromStart: false
00:13:09.362 [FXGL Background Thread 3 ] DEBUG Engine               - isGameMenuEnabled: true
00:13:09.362 [FXGL Background Thread 3 ] DEBUG Engine               - isIOS: false
00:13:09.362 [FXGL Background Thread 3 ] DEBUG Engine               - isIntroEnabled: false
00:13:09.362 [FXGL Background Thread 3 ] DEBUG Engine               - isLinux: false
00:13:09.362 [FXGL Background Thread 3 ] DEBUG Engine               - isMac: false
00:13:09.362 [FXGL Background Thread 3 ] DEBUG Engine               - isMainMenuEnabled: false
00:13:09.362 [FXGL Background Thread 3 ] DEBUG Engine               - isManualResizeEnabled: false
00:13:09.362 [FXGL Background Thread 3 ] DEBUG Engine               - isMobile: false
00:13:09.362 [FXGL Background Thread 3 ] DEBUG Engine               - isNative: false
00:13:09.362 [FXGL Background Thread 3 ] DEBUG Engine               - isPauseMusicWhenMinimized: true
00:13:09.362 [FXGL Background Thread 3 ] DEBUG Engine               - isPreserveResizeRatio: false
00:13:09.362 [FXGL Background Thread 3 ] DEBUG Engine               - isProfilingEnabled: false
00:13:09.362 [FXGL Background Thread 3 ] DEBUG Engine               - isScaleAffectedOnResize: true
00:13:09.362 [FXGL Background Thread 3 ] DEBUG Engine               - isSingleStep: false
00:13:09.362 [FXGL Background Thread 3 ] DEBUG Engine               - isUserProfileEnabled: false
00:13:09.362 [FXGL Background Thread 3 ] DEBUG Engine               - isWindows: true
00:13:09.362 [FXGL Background Thread 3 ] DEBUG Engine               - language: ObjectProperty [value: ENGLISH]
00:13:09.362 [FXGL Background Thread 3 ] DEBUG Engine               - menuKey: ESCAPE
00:13:09.362 [FXGL Background Thread 3 ] DEBUG Engine               - mouseSensitivity: 0.2
00:13:09.362 [FXGL Background Thread 3 ] DEBUG Engine               - notificationViewClass: class com.almasb.fxgl.notification.view.XboxNotificationView
00:13:09.362 [FXGL Background Thread 3 ] DEBUG Engine               - pixelsPerMeter: 50.0
00:13:09.362 [FXGL Background Thread 3 ] DEBUG Engine               - platform: WINDOWS
00:13:09.362 [FXGL Background Thread 3 ] DEBUG Engine               - prefHeightProperty: ReadOnlyDoubleProperty [value: 900.0]
00:13:09.362 [FXGL Background Thread 3 ] DEBUG Engine               - prefWidthProperty: ReadOnlyDoubleProperty [value: 900.0]
00:13:09.362 [FXGL Background Thread 3 ] DEBUG Engine               - profileDir: profiles/
00:13:09.362 [FXGL Background Thread 3 ] DEBUG Engine               - profileName: StringProperty [value: DEFAULT]
00:13:09.362 [FXGL Background Thread 3 ] DEBUG Engine               - randomSeed: -1
00:13:09.363 [FXGL Background Thread 3 ] DEBUG Engine               - runtimeInfo: RuntimeInfo(platform=WINDOWS, version=17.2, build=20.08.2022 16.50)
00:13:09.363 [FXGL Background Thread 3 ] DEBUG Engine               - saveFileExt: sav
00:13:09.363 [FXGL Background Thread 3 ] DEBUG Engine               - scaledHeightProp$fxgl: DoubleProperty [bound, value: 900.0]
00:13:09.363 [FXGL Background Thread 3 ] DEBUG Engine               - scaledWidthProp$fxgl: DoubleProperty [bound, value: 900.0]
00:13:09.363 [FXGL Background Thread 3 ] DEBUG Engine               - sceneFactory: com.almasb.fxgl.app.scene.SceneFactory@412597cf
00:13:09.363 [FXGL Background Thread 3 ] DEBUG Engine               - secondsIn24h: 60
00:13:09.363 [FXGL Background Thread 3 ] DEBUG Engine               - soundMenuBack: menu/back.wav
00:13:09.363 [FXGL Background Thread 3 ] DEBUG Engine               - soundMenuPress: menu/press.wav
00:13:09.363 [FXGL Background Thread 3 ] DEBUG Engine               - soundMenuSelect: menu/select.wav
00:13:09.363 [FXGL Background Thread 3 ] DEBUG Engine               - soundNotification: core/notification.wav
00:13:09.363 [FXGL Background Thread 3 ] DEBUG Engine               - stageStyle: DECORATED
00:13:09.363 [FXGL Background Thread 3 ] DEBUG Engine               - supportedLanguages: [ENGLISH, FRENCH, GERMAN, HUNGARIAN, RUSSIAN]
00:13:09.363 [FXGL Background Thread 3 ] DEBUG Engine               - ticksPerSecond: -1
00:13:09.363 [FXGL Background Thread 3 ] DEBUG Engine               - title: Escape
00:13:09.363 [FXGL Background Thread 3 ] DEBUG Engine               - urlGithub: https://github.com/AlmasB/FXGL
00:13:09.363 [FXGL Background Thread 3 ] DEBUG Engine               - urlLeaderboard: http://fxgl-top.herokuapp.com/
00:13:09.363 [FXGL Background Thread 3 ] DEBUG Engine               - urlPOM: https://raw.githubusercontent.com/AlmasB/FXGL/release/README.md
00:13:09.363 [FXGL Background Thread 3 ] DEBUG Engine               - userAppClass: class com.Moonhalf.EscapeApp
00:13:09.363 [FXGL Background Thread 3 ] DEBUG Engine               - version: 0.1
00:13:09.363 [FXGL Background Thread 3 ] DEBUG Engine               - versionCheckDays: 7
00:13:09.363 [FXGL Background Thread 3 ] DEBUG Engine               - width: 900
00:13:09.363 [FXGL Background Thread 3 ] DEBUG Engine               - Logging services
00:13:09.363 [FXGL Background Thread 3 ] DEBUG Engine               - class com.almasb.fxgl.app.services.FXGLAssetLoaderService
00:13:09.363 [FXGL Background Thread 3 ] DEBUG Engine               - class com.almasb.fxgl.app.FXGLApplication$GameApplicationService
00:13:09.363 [FXGL Background Thread 3 ] DEBUG Engine               - class com.almasb.fxgl.app.services.FXGLDialogService
00:13:09.363 [FXGL Background Thread 3 ] DEBUG Engine               - class com.almasb.fxgl.app.services.IOTaskExecutorService
00:13:09.363 [FXGL Background Thread 3 ] DEBUG Engine               - class com.almasb.fxgl.io.FileSystemService
00:13:09.363 [FXGL Background Thread 3 ] DEBUG Engine               - class com.almasb.fxgl.localization.LocalizationService
00:13:09.363 [FXGL Background Thread 3 ] DEBUG Engine               - class com.almasb.fxgl.app.services.SystemBundleService
00:13:09.363 [FXGL Background Thread 3 ] DEBUG Engine               - class com.almasb.fxgl.profile.SaveLoadService
00:13:09.363 [FXGL Background Thread 3 ] DEBUG Engine               - class com.almasb.fxgl.ui.FXGLUIFactoryServiceProvider
00:13:09.363 [FXGL Background Thread 3 ] DEBUG Engine               - class com.almasb.fxgl.ui.FXGLDialogFactoryServiceProvider
00:13:09.363 [FXGL Background Thread 3 ] DEBUG Engine               - class com.almasb.fxgl.audio.AudioPlayer
00:13:09.363 [FXGL Background Thread 3 ] DEBUG Engine               - class com.almasb.fxgl.notification.impl.NotificationServiceProvider
00:13:09.363 [FXGL Background Thread 3 ] DEBUG Engine               - class com.almasb.fxgl.achievement.AchievementService
00:13:09.363 [FXGL Background Thread 3 ] DEBUG Engine               - class com.almasb.fxgl.cutscene.CutsceneService
00:13:09.363 [FXGL Background Thread 3 ] DEBUG Engine               - class com.almasb.fxgl.minigames.MiniGameService
00:13:09.363 [FXGL Background Thread 3 ] DEBUG Engine               - class com.almasb.fxgl.net.NetService
00:13:09.363 [FXGL Background Thread 3 ] DEBUG Engine               - class com.almasb.fxgl.app.services.UpdaterService
00:13:09.363 [FXGL Background Thread 3 ] DEBUG Engine               - class com.almasb.fxgl.dev.DevService
00:13:10.967 [JavaFX Application Thread] DEBUG PrimaryStageWindow   - Push state: DialogSubScene
00:13:10.967 [JavaFX Application Thread] DEBUG Input                - Clearing active input actions
00:13:10.970 [JavaFX Application Thread] DEBUG GameApplicationServi - Removing overlay from GameScene and adding to DialogSubScene
00:13:10.970 [JavaFX Application Thread] DEBUG PrimaryStageWindow   - GameScene -> DialogSubScene
00:13:11.469 [JavaFX Application Thread] DEBUG PrimaryStageWindow   - Pop state: DialogSubScene
00:13:11.469 [JavaFX Application Thread] DEBUG Input                - Clearing active input actions
00:13:11.470 [JavaFX Application Thread] DEBUG GameApplicationServi - Removing overlay from DialogSubScene and adding to GameScene
00:13:11.470 [JavaFX Application Thread] DEBUG PrimaryStageWindow   - GameScene <- DialogSubScene
00:13:11.925 [JavaFX Application Thread] DEBUG FXGLAssetLoaderServi - Loading from file system: file:/C:/Users/Lenovo/OneDrive%20-%20CUHK-Shenzhen/桌面/javaGame/target/classes/assets/sounds/箱子%20纸声.wav
00:13:11.936 [JavaFX Application Thread] DEBUG FXGLAssetLoaderServi - Loading from file system: file:/C:/Users/Lenovo/OneDrive%20-%20CUHK-Shenzhen/桌面/javaGame/target/classes/assets/textures/Stage1/letterbg.png
00:13:11.955 [JavaFX Application Thread] DEBUG FXGLAssetLoaderServi - Loading from file system: file:/C:/Users/Lenovo/OneDrive%20-%20CUHK-Shenzhen/桌面/javaGame/target/classes/assets/textures/Stage1/paper.jpg
00:13:11.959 [JavaFX Application Thread] DEBUG FXGLAssetLoaderServi - Loading from file system: file:/C:/Users/Lenovo/OneDrive%20-%20CUHK-Shenzhen/桌面/javaGame/target/classes/assets/textures/ArrowD.png
00:13:12.427 [JavaFX Application Thread] DEBUG PrimaryStageWindow   - Push state: DialogSubScene
00:13:12.427 [JavaFX Application Thread] DEBUG Input                - Clearing active input actions
00:13:12.427 [JavaFX Application Thread] DEBUG GameApplicationServi - Removing overlay from GameScene and adding to DialogSubScene
00:13:12.428 [JavaFX Application Thread] DEBUG PrimaryStageWindow   - GameScene -> DialogSubScene
00:13:13.245 [JavaFX Application Thread] DEBUG PrimaryStageWindow   - Pop state: DialogSubScene
00:13:13.245 [JavaFX Application Thread] DEBUG Input                - Clearing active input actions
00:13:13.245 [JavaFX Application Thread] DEBUG GameApplicationServi - Removing overlay from DialogSubScene and adding to GameScene
00:13:13.245 [JavaFX Application Thread] DEBUG PrimaryStageWindow   - GameScene <- DialogSubScene
00:13:14.116 [JavaFX Application Thread] DEBUG FXGLAssetLoaderServi - Loading from file system: file:/C:/Users/Lenovo/OneDrive%20-%20CUHK-Shenzhen/桌面/javaGame/target/classes/assets/textures/Stage1/DoorClick.jpg
00:13:14.125 [JavaFX Application Thread] DEBUG FXGLAssetLoaderServi - Loading from file system: file:/C:/Users/Lenovo/OneDrive%20-%20CUHK-Shenzhen/桌面/javaGame/target/classes/assets/textures/Stage1/DR.png
00:13:14.153 [JavaFX Application Thread] DEBUG FXGLAssetLoaderServi - Loading from file system: file:/C:/Users/Lenovo/OneDrive%20-%20CUHK-Shenzhen/桌面/javaGame/target/classes/assets/textures/Stage1/DY.png
00:13:14.168 [JavaFX Application Thread] DEBUG FXGLAssetLoaderServi - Loading from file system: file:/C:/Users/Lenovo/OneDrive%20-%20CUHK-Shenzhen/桌面/javaGame/target/classes/assets/textures/Stage1/DB.png
00:13:14.184 [JavaFX Application Thread] DEBUG FXGLAssetLoaderServi - Loading from file system: file:/C:/Users/Lenovo/OneDrive%20-%20CUHK-Shenzhen/桌面/javaGame/target/classes/assets/textures/Stage1/DG.png
00:13:15.625 [JavaFX Application Thread] DEBUG FXGLAssetLoaderServi - Loading from file system: file:/C:/Users/Lenovo/OneDrive%20-%20CUHK-Shenzhen/桌面/javaGame/target/classes/assets/textures/Stage2/Stage2%20Chair.png
00:13:15.632 [JavaFX Application Thread] DEBUG FXGLAssetLoaderServi - Loading from file system: file:/C:/Users/Lenovo/OneDrive%20-%20CUHK-Shenzhen/桌面/javaGame/target/classes/assets/textures/Stage2/Stage2%20Clock.png
00:13:15.634 [JavaFX Application Thread] DEBUG FXGLAssetLoaderServi - Loading from file system: file:/C:/Users/Lenovo/OneDrive%20-%20CUHK-Shenzhen/桌面/javaGame/target/classes/assets/textures/Stage2/Stage2%20Drawer.png
00:13:16.347 [JavaFX Application Thread] DEBUG FXGLAssetLoaderServi - Loading from file system: file:/C:/Users/Lenovo/OneDrive%20-%20CUHK-Shenzhen/桌面/javaGame/target/classes/assets/sounds/闹钟声.wav
00:13:16.351 [JavaFX Application Thread] DEBUG PrimaryStageWindow   - Push state: DialogSubScene
00:13:16.351 [JavaFX Application Thread] DEBUG Input                - Clearing active input actions
00:13:16.351 [JavaFX Application Thread] DEBUG GameApplicationServi - Removing overlay from GameScene and adding to DialogSubScene
00:13:16.352 [JavaFX Application Thread] DEBUG PrimaryStageWindow   - GameScene -> DialogSubScene
00:13:16.766 [JavaFX Application Thread] DEBUG PrimaryStageWindow   - Pop state: DialogSubScene
00:13:16.766 [JavaFX Application Thread] DEBUG Input                - Clearing active input actions
00:13:16.766 [JavaFX Application Thread] DEBUG GameApplicationServi - Removing overlay from DialogSubScene and adding to GameScene
00:13:16.766 [JavaFX Application Thread] DEBUG PrimaryStageWindow   - GameScene <- DialogSubScene
00:13:17.056 [JavaFX Application Thread] DEBUG FXGLAssetLoaderServi - Loading from file system: file:/C:/Users/Lenovo/OneDrive%20-%20CUHK-Shenzhen/桌面/javaGame/target/classes/assets/sounds/椅子.wav
00:13:17.059 [JavaFX Application Thread] DEBUG PrimaryStageWindow   - Push state: DialogSubScene
00:13:17.059 [JavaFX Application Thread] DEBUG Input                - Clearing active input actions
00:13:17.061 [JavaFX Application Thread] DEBUG GameApplicationServi - Removing overlay from GameScene and adding to DialogSubScene
00:13:17.061 [JavaFX Application Thread] DEBUG PrimaryStageWindow   - GameScene -> DialogSubScene
00:13:17.417 [JavaFX Application Thread] DEBUG PrimaryStageWindow   - Pop state: DialogSubScene
00:13:17.417 [JavaFX Application Thread] DEBUG Input                - Clearing active input actions
00:13:17.417 [JavaFX Application Thread] DEBUG GameApplicationServi - Removing overlay from DialogSubScene and adding to GameScene
00:13:17.417 [JavaFX Application Thread] DEBUG PrimaryStageWindow   - GameScene <- DialogSubScene
00:13:17.760 [JavaFX Application Thread] DEBUG FXGLAssetLoaderServi - Loading from file system: file:/C:/Users/Lenovo/OneDrive%20-%20CUHK-Shenzhen/桌面/javaGame/target/classes/assets/textures/Stage2/Drawer%20Click.jpg
00:13:17.768 [JavaFX Application Thread] DEBUG FXGLAssetLoaderServi - Loading from file system: file:/C:/Users/Lenovo/OneDrive%20-%20CUHK-Shenzhen/桌面/javaGame/target/classes/assets/textures/Stage2/D1.png
00:13:17.770 [JavaFX Application Thread] DEBUG FXGLAssetLoaderServi - Loading from file system: file:/C:/Users/Lenovo/OneDrive%20-%20CUHK-Shenzhen/桌面/javaGame/target/classes/assets/textures/Stage2/D2.png
00:13:17.772 [JavaFX Application Thread] DEBUG FXGLAssetLoaderServi - Loading from file system: file:/C:/Users/Lenovo/OneDrive%20-%20CUHK-Shenzhen/桌面/javaGame/target/classes/assets/textures/Stage2/D3.png
00:13:17.774 [JavaFX Application Thread] DEBUG FXGLAssetLoaderServi - Loading from file system: file:/C:/Users/Lenovo/OneDrive%20-%20CUHK-Shenzhen/桌面/javaGame/target/classes/assets/textures/Stage2/D4.png
00:13:18.259 [JavaFX Application Thread] DEBUG FXGLAssetLoaderServi - Loading from file system: file:/C:/Users/Lenovo/OneDrive%20-%20CUHK-Shenzhen/桌面/javaGame/target/classes/assets/sounds/柜子开.wav
00:13:18.263 [JavaFX Application Thread] DEBUG PrimaryStageWindow   - Push state: DialogSubScene
00:13:18.263 [JavaFX Application Thread] DEBUG Input                - Clearing active input actions
00:13:18.264 [JavaFX Application Thread] DEBUG GameApplicationServi - Removing overlay from GameScene and adding to DialogSubScene
00:13:18.264 [JavaFX Application Thread] DEBUG PrimaryStageWindow   - GameScene -> DialogSubScene
00:13:18.746 [JavaFX Application Thread] DEBUG PrimaryStageWindow   - Pop state: DialogSubScene
00:13:18.746 [JavaFX Application Thread] DEBUG Input                - Clearing active input actions
00:13:18.747 [JavaFX Application Thread] DEBUG GameApplicationServi - Removing overlay from DialogSubScene and adding to GameScene
00:13:18.747 [JavaFX Application Thread] DEBUG PrimaryStageWindow   - GameScene <- DialogSubScene
00:13:19.085 [JavaFX Application Thread] DEBUG PrimaryStageWindow   - Push state: DialogSubScene
00:13:19.085 [JavaFX Application Thread] DEBUG Input                - Clearing active input actions
00:13:19.085 [JavaFX Application Thread] DEBUG GameApplicationServi - Removing overlay from GameScene and adding to DialogSubScene
00:13:19.085 [JavaFX Application Thread] DEBUG PrimaryStageWindow   - GameScene -> DialogSubScene
00:13:19.439 [JavaFX Application Thread] DEBUG PrimaryStageWindow   - Pop state: DialogSubScene
00:13:19.439 [JavaFX Application Thread] DEBUG Input                - Clearing active input actions
00:13:19.440 [JavaFX Application Thread] DEBUG GameApplicationServi - Removing overlay from DialogSubScene and adding to GameScene
00:13:19.440 [JavaFX Application Thread] DEBUG PrimaryStageWindow   - GameScene <- DialogSubScene
00:13:19.684 [JavaFX Application Thread] DEBUG PrimaryStageWindow   - Push state: DialogSubScene
00:13:19.684 [JavaFX Application Thread] DEBUG Input                - Clearing active input actions
00:13:19.684 [JavaFX Application Thread] DEBUG GameApplicationServi - Removing overlay from GameScene and adding to DialogSubScene
00:13:19.684 [JavaFX Application Thread] DEBUG PrimaryStageWindow   - GameScene -> DialogSubScene
00:13:19.685 [JavaFX Application Thread] DEBUG FXGLAssetLoaderServi - Loading from file system: file:/C:/Users/Lenovo/OneDrive%20-%20CUHK-Shenzhen/桌面/javaGame/target/classes/assets/sounds/调钟表.wav
00:13:20.065 [JavaFX Application Thread] DEBUG PrimaryStageWindow   - Pop state: DialogSubScene
00:13:20.065 [JavaFX Application Thread] DEBUG Input                - Clearing active input actions
00:13:20.065 [JavaFX Application Thread] DEBUG GameApplicationServi - Removing overlay from DialogSubScene and adding to GameScene
00:13:20.065 [JavaFX Application Thread] DEBUG PrimaryStageWindow   - GameScene <- DialogSubScene
00:13:20.343 [JavaFX Application Thread] DEBUG PrimaryStageWindow   - Push state: DialogSubScene
00:13:20.343 [JavaFX Application Thread] DEBUG Input                - Clearing active input actions
00:13:20.344 [JavaFX Application Thread] DEBUG GameApplicationServi - Removing overlay from GameScene and adding to DialogSubScene
00:13:20.344 [JavaFX Application Thread] DEBUG PrimaryStageWindow   - GameScene -> DialogSubScene
00:13:20.720 [JavaFX Application Thread] DEBUG PrimaryStageWindow   - Pop state: DialogSubScene
00:13:20.720 [JavaFX Application Thread] DEBUG Input                - Clearing active input actions
00:13:20.720 [JavaFX Application Thread] DEBUG GameApplicationServi - Removing overlay from DialogSubScene and adding to GameScene
00:13:20.720 [JavaFX Application Thread] DEBUG PrimaryStageWindow   - GameScene <- DialogSubScene
00:13:22.197 [JavaFX Application Thread] DEBUG FXGLAssetLoaderServi - Loading from file system: file:/C:/Users/Lenovo/OneDrive%20-%20CUHK-Shenzhen/桌面/javaGame/target/classes/assets/textures/Stage3/Stage3%20Mirror.png
00:13:22.205 [JavaFX Application Thread] DEBUG FXGLAssetLoaderServi - Loading from file system: file:/C:/Users/Lenovo/OneDrive%20-%20CUHK-Shenzhen/桌面/javaGame/target/classes/assets/textures/Stage3/Stage3%20Tap.png
00:13:22.210 [JavaFX Application Thread] DEBUG FXGLAssetLoaderServi - Loading from file system: file:/C:/Users/Lenovo/OneDrive%20-%20CUHK-Shenzhen/桌面/javaGame/target/classes/assets/textures/Stage3/guahua.png
00:13:22.216 [JavaFX Application Thread] DEBUG FXGLAssetLoaderServi - Loading from file system: file:/C:/Users/Lenovo/OneDrive%20-%20CUHK-Shenzhen/桌面/javaGame/target/classes/assets/textures/Stage3/yugang.png
00:13:22.220 [JavaFX Application Thread] DEBUG FXGLAssetLoaderServi - Loading from file system: file:/C:/Users/Lenovo/OneDrive%20-%20CUHK-Shenzhen/桌面/javaGame/target/classes/assets/textures/Stage3/guizi.png
00:13:22.881 [JavaFX Application Thread] DEBUG FXGLAssetLoaderServi - Loading from file system: file:/C:/Users/Lenovo/OneDrive%20-%20CUHK-Shenzhen/桌面/javaGame/target/classes/assets/textures/Stage3/guahuac1.png
00:13:23.175 [JavaFX Application Thread] DEBUG FXGLAssetLoaderServi - Loading from file system: file:/C:/Users/Lenovo/OneDrive%20-%20CUHK-Shenzhen/桌面/javaGame/target/classes/assets/sounds/挂画.wav
00:13:23.177 [JavaFX Application Thread] DEBUG FXGLAssetLoaderServi - Loading from file system: file:/C:/Users/Lenovo/OneDrive%20-%20CUHK-Shenzhen/桌面/javaGame/target/classes/assets/textures/Stage3/guahuac2.png
00:13:31.849 [JavaFX Application Thread] DEBUG FXGLAssetLoaderServi - Loading from file system: file:/C:/Users/Lenovo/OneDrive%20-%20CUHK-Shenzhen/桌面/javaGame/target/classes/assets/sounds/鱼缸.wav
00:13:31.852 [JavaFX Application Thread] DEBUG FXGLAssetLoaderServi - Loading from file system: file:/C:/Users/Lenovo/OneDrive%20-%20CUHK-Shenzhen/桌面/javaGame/target/classes/assets/textures/Stage3/yugangc.jpg
00:13:32.127 [JavaFX Application Thread] DEBUG PrimaryStageWindow   - Push state: DialogSubScene
00:13:32.127 [JavaFX Application Thread] DEBUG Input                - Clearing active input actions
00:13:32.127 [JavaFX Application Thread] DEBUG GameApplicationServi - Removing overlay from GameScene and adding to DialogSubScene
00:13:32.127 [JavaFX Application Thread] DEBUG PrimaryStageWindow   - GameScene -> DialogSubScene
00:13:32.499 [JavaFX Application Thread] DEBUG PrimaryStageWindow   - Pop state: DialogSubScene
00:13:32.500 [JavaFX Application Thread] DEBUG Input                - Clearing active input actions
00:13:32.500 [JavaFX Application Thread] DEBUG GameApplicationServi - Removing overlay from DialogSubScene and adding to GameScene
00:13:32.500 [JavaFX Application Thread] DEBUG PrimaryStageWindow   - GameScene <- DialogSubScene
00:13:33.006 [JavaFX Application Thread] DEBUG PrimaryStageWindow   - Push state: DialogSubScene
00:13:33.006 [JavaFX Application Thread] DEBUG Input                - Clearing active input actions
00:13:33.006 [JavaFX Application Thread] DEBUG GameApplicationServi - Removing overlay from GameScene and adding to DialogSubScene
00:13:33.006 [JavaFX Application Thread] DEBUG PrimaryStageWindow   - GameScene -> DialogSubScene
00:13:33.716 [JavaFX Application Thread] DEBUG PrimaryStageWindow   - Pop state: DialogSubScene
00:13:33.716 [JavaFX Application Thread] DEBUG Input                - Clearing active input actions
00:13:33.717 [JavaFX Application Thread] DEBUG GameApplicationServi - Removing overlay from DialogSubScene and adding to GameScene
00:13:33.717 [JavaFX Application Thread] DEBUG PrimaryStageWindow   - GameScene <- DialogSubScene
00:13:34.639 [JavaFX Application Thread] DEBUG FXGLAssetLoaderServi - Loading from file system: file:/C:/Users/Lenovo/OneDrive%20-%20CUHK-Shenzhen/桌面/javaGame/target/classes/assets/textures/Stage3/guizic1.jpg
00:13:34.647 [JavaFX Application Thread] DEBUG FXGLAssetLoaderServi - Loading from file system: file:/C:/Users/Lenovo/OneDrive%20-%20CUHK-Shenzhen/桌面/javaGame/target/classes/assets/textures/Stage3/chouti.png
00:13:34.650 [JavaFX Application Thread] DEBUG FXGLAssetLoaderServi - Loading from file system: file:/C:/Users/Lenovo/OneDrive%20-%20CUHK-Shenzhen/桌面/javaGame/target/classes/assets/textures/Stage3/yinfu/Do.png
00:13:34.651 [JavaFX Application Thread] DEBUG FXGLAssetLoaderServi - Loading from file system: file:/C:/Users/Lenovo/OneDrive%20-%20CUHK-Shenzhen/桌面/javaGame/target/classes/assets/textures/Stage3/yinfu/Re.png
00:13:34.652 [JavaFX Application Thread] DEBUG FXGLAssetLoaderServi - Loading from file system: file:/C:/Users/Lenovo/OneDrive%20-%20CUHK-Shenzhen/桌面/javaGame/target/classes/assets/textures/Stage3/yinfu/Mi.png
00:13:34.653 [JavaFX Application Thread] DEBUG FXGLAssetLoaderServi - Loading from file system: file:/C:/Users/Lenovo/OneDrive%20-%20CUHK-Shenzhen/桌面/javaGame/target/classes/assets/textures/Stage3/yinfu/Fa.png
00:13:34.654 [JavaFX Application Thread] DEBUG FXGLAssetLoaderServi - Loading from file system: file:/C:/Users/Lenovo/OneDrive%20-%20CUHK-Shenzhen/桌面/javaGame/target/classes/assets/textures/Stage3/yinfu/So.png
00:13:34.656 [JavaFX Application Thread] DEBUG FXGLAssetLoaderServi - Loading from file system: file:/C:/Users/Lenovo/OneDrive%20-%20CUHK-Shenzhen/桌面/javaGame/target/classes/assets/textures/Stage3/yinfu/La.png
00:13:34.657 [JavaFX Application Thread] DEBUG FXGLAssetLoaderServi - Loading from file system: file:/C:/Users/Lenovo/OneDrive%20-%20CUHK-Shenzhen/桌面/javaGame/target/classes/assets/textures/Stage3/yinfu/Ti.png
00:13:34.658 [JavaFX Application Thread] DEBUG FXGLAssetLoaderServi - Loading from file system: file:/C:/Users/Lenovo/OneDrive%20-%20CUHK-Shenzhen/桌面/javaGame/target/classes/assets/textures/Stage3/yinfu/Do1.png
00:13:34.659 [JavaFX Application Thread] DEBUG FXGLAssetLoaderServi - Loading from file system: file:/C:/Users/Lenovo/OneDrive%20-%20CUHK-Shenzhen/桌面/javaGame/target/classes/assets/textures/Stage3/yinfu/Re1.png
00:13:34.660 [JavaFX Application Thread] DEBUG FXGLAssetLoaderServi - Loading from file system: file:/C:/Users/Lenovo/OneDrive%20-%20CUHK-Shenzhen/桌面/javaGame/target/classes/assets/textures/Stage3/yinfu/Mi1.png
00:13:34.661 [JavaFX Application Thread] DEBUG FXGLAssetLoaderServi - Loading from file system: file:/C:/Users/Lenovo/OneDrive%20-%20CUHK-Shenzhen/桌面/javaGame/target/classes/assets/textures/Stage3/yinfu/Fa1.png
00:13:34.662 [JavaFX Application Thread] DEBUG FXGLAssetLoaderServi - Loading from file system: file:/C:/Users/Lenovo/OneDrive%20-%20CUHK-Shenzhen/桌面/javaGame/target/classes/assets/textures/Stage3/yinfu/So1.png
00:13:35.179 [JavaFX Application Thread] DEBUG FXGLAssetLoaderServi - Loading from file system: file:/C:/Users/Lenovo/OneDrive%20-%20CUHK-Shenzhen/桌面/javaGame/target/classes/assets/sounds/Fa.wav
00:13:35.462 [JavaFX Application Thread] DEBUG FXGLAssetLoaderServi - Loading from file system: file:/C:/Users/Lenovo/OneDrive%20-%20CUHK-Shenzhen/桌面/javaGame/target/classes/assets/sounds/Mi.wav
00:13:36.185 [JavaFX Application Thread] DEBUG FXGLAssetLoaderServi - Loading from file system: file:/C:/Users/Lenovo/OneDrive%20-%20CUHK-Shenzhen/桌面/javaGame/target/classes/assets/sounds/So.wav
00:13:37.053 [JavaFX Application Thread] DEBUG FXGLAssetLoaderServi - Loading from file system: file:/C:/Users/Lenovo/OneDrive%20-%20CUHK-Shenzhen/桌面/javaGame/target/classes/assets/sounds/Do.wav
00:13:37.440 [JavaFX Application Thread] DEBUG PrimaryStageWindow   - Push state: DialogSubScene
00:13:37.440 [JavaFX Application Thread] DEBUG Input                - Clearing active input actions
00:13:37.440 [JavaFX Application Thread] DEBUG GameApplicationServi - Removing overlay from GameScene and adding to DialogSubScene
00:13:37.440 [JavaFX Application Thread] DEBUG PrimaryStageWindow   - GameScene -> DialogSubScene
00:13:37.441 [JavaFX Application Thread] DEBUG FXGLAssetLoaderServi - Loading from file system: file:/C:/Users/Lenovo/OneDrive%20-%20CUHK-Shenzhen/桌面/javaGame/target/classes/assets/sounds/钥匙声.wav
00:13:37.959 [JavaFX Application Thread] DEBUG PrimaryStageWindow   - Pop state: DialogSubScene
00:13:37.959 [JavaFX Application Thread] DEBUG Input                - Clearing active input actions
00:13:37.959 [JavaFX Application Thread] DEBUG GameApplicationServi - Removing overlay from DialogSubScene and adding to GameScene
00:13:37.959 [JavaFX Application Thread] DEBUG PrimaryStageWindow   - GameScene <- DialogSubScene
00:13:39.930 [JavaFX Application Thread] DEBUG FXGLAssetLoaderServi - Loading from file system: file:/C:/Users/Lenovo/OneDrive%20-%20CUHK-Shenzhen/桌面/javaGame/target/classes/assets/textures/Stage3/Stage3%20Tap1.png
00:13:40.099 [JavaFX Application Thread] DEBUG FXGLAssetLoaderServi - Loading from file system: file:/C:/Users/Lenovo/OneDrive%20-%20CUHK-Shenzhen/桌面/javaGame/target/classes/assets/textures/Stage3/Stage3%20Tap2.png
00:13:40.367 [JavaFX Application Thread] DEBUG PrimaryStageWindow   - Push state: DialogSubScene
00:13:40.367 [JavaFX Application Thread] DEBUG Input                - Clearing active input actions
00:13:40.369 [JavaFX Application Thread] DEBUG GameApplicationServi - Removing overlay from GameScene and adding to DialogSubScene
00:13:40.369 [JavaFX Application Thread] DEBUG PrimaryStageWindow   - GameScene -> DialogSubScene
00:13:40.830 [JavaFX Application Thread] DEBUG PrimaryStageWindow   - Pop state: DialogSubScene
00:13:40.831 [JavaFX Application Thread] DEBUG Input                - Clearing active input actions
00:13:40.831 [JavaFX Application Thread] DEBUG GameApplicationServi - Removing overlay from DialogSubScene and adding to GameScene
00:13:40.831 [JavaFX Application Thread] DEBUG PrimaryStageWindow   - GameScene <- DialogSubScene
00:13:41.132 [JavaFX Application Thread] DEBUG FXGLAssetLoaderServi - Loading from file system: file:/C:/Users/Lenovo/OneDrive%20-%20CUHK-Shenzhen/桌面/javaGame/target/classes/assets/sounds/镜子布.wav
00:13:41.136 [JavaFX Application Thread] DEBUG PrimaryStageWindow   - Push state: DialogSubScene
00:13:41.136 [JavaFX Application Thread] DEBUG Input                - Clearing active input actions
00:13:41.136 [JavaFX Application Thread] DEBUG GameApplicationServi - Removing overlay from GameScene and adding to DialogSubScene
00:13:41.136 [JavaFX Application Thread] DEBUG PrimaryStageWindow   - GameScene -> DialogSubScene
00:13:41.718 [JavaFX Application Thread] DEBUG PrimaryStageWindow   - Pop state: DialogSubScene
00:13:41.718 [JavaFX Application Thread] DEBUG Input                - Clearing active input actions
00:13:41.718 [JavaFX Application Thread] DEBUG GameApplicationServi - Removing overlay from DialogSubScene and adding to GameScene
00:13:41.718 [JavaFX Application Thread] DEBUG PrimaryStageWindow   - GameScene <- DialogSubScene
00:13:43.331 [JavaFX Application Thread] DEBUG PrimaryStageWindow   - Push state: DialogSubScene
00:13:43.331 [JavaFX Application Thread] DEBUG Input                - Clearing active input actions
00:13:43.332 [JavaFX Application Thread] DEBUG GameApplicationServi - Removing overlay from GameScene and adding to DialogSubScene
00:13:43.332 [JavaFX Application Thread] DEBUG PrimaryStageWindow   - GameScene -> DialogSubScene
00:13:43.885 [JavaFX Application Thread] DEBUG PrimaryStageWindow   - Pop state: DialogSubScene
00:13:43.885 [JavaFX Application Thread] DEBUG Input                - Clearing active input actions
00:13:43.885 [JavaFX Application Thread] DEBUG GameApplicationServi - Removing overlay from DialogSubScene and adding to GameScene
00:13:43.885 [JavaFX Application Thread] DEBUG PrimaryStageWindow   - GameScene <- DialogSubScene
00:13:44.102 [JavaFX Application Thread] DEBUG PrimaryStageWindow   - Push state: DialogSubScene
00:13:44.102 [JavaFX Application Thread] DEBUG Input                - Clearing active input actions
00:13:44.102 [JavaFX Application Thread] DEBUG GameApplicationServi - Removing overlay from GameScene and adding to DialogSubScene
00:13:44.102 [JavaFX Application Thread] DEBUG PrimaryStageWindow   - GameScene -> DialogSubScene
00:13:44.579 [JavaFX Application Thread] DEBUG PrimaryStageWindow   - Pop state: DialogSubScene
00:13:44.579 [JavaFX Application Thread] DEBUG Input                - Clearing active input actions
00:13:44.579 [JavaFX Application Thread] DEBUG GameApplicationServi - Removing overlay from DialogSubScene and adding to GameScene
00:13:44.579 [JavaFX Application Thread] DEBUG PrimaryStageWindow   - GameScene <- DialogSubScene
00:13:49.045 [JavaFX Application Thread] DEBUG FXGLAssetLoaderServi - Loading from file system: file:/C:/Users/Lenovo/OneDrive%20-%20CUHK-Shenzhen/桌面/javaGame/target/classes/assets/textures/Stage4/Stage4%20Bed.png
00:13:49.069 [JavaFX Application Thread] DEBUG FXGLAssetLoaderServi - Loading from file system: file:/C:/Users/Lenovo/OneDrive%20-%20CUHK-Shenzhen/桌面/javaGame/target/classes/assets/textures/Stage4/Stage4%20Box.png
00:13:49.076 [JavaFX Application Thread] DEBUG FXGLAssetLoaderServi - Loading from file system: file:/C:/Users/Lenovo/OneDrive%20-%20CUHK-Shenzhen/桌面/javaGame/target/classes/assets/textures/Stage4/Stage4%20Clock.png
00:13:50.003 [JavaFX Application Thread] DEBUG FXGLAssetLoaderServi - Loading from file system: file:/C:/Users/Lenovo/OneDrive%20-%20CUHK-Shenzhen/桌面/javaGame/target/classes/assets/textures/Stage4/C0.png
00:13:50.618 [JavaFX Application Thread] DEBUG FXGLAssetLoaderServi - Loading from file system: file:/C:/Users/Lenovo/OneDrive%20-%20CUHK-Shenzhen/桌面/javaGame/target/classes/assets/textures/Stage4/C1.png
00:13:50.770 [JavaFX Application Thread] DEBUG FXGLAssetLoaderServi - Loading from file system: file:/C:/Users/Lenovo/OneDrive%20-%20CUHK-Shenzhen/桌面/javaGame/target/classes/assets/textures/Stage4/C2.png
00:13:50.918 [JavaFX Application Thread] DEBUG FXGLAssetLoaderServi - Loading from file system: file:/C:/Users/Lenovo/OneDrive%20-%20CUHK-Shenzhen/桌面/javaGame/target/classes/assets/textures/Stage4/C3.png
00:13:51.064 [JavaFX Application Thread] DEBUG FXGLAssetLoaderServi - Loading from file system: file:/C:/Users/Lenovo/OneDrive%20-%20CUHK-Shenzhen/桌面/javaGame/target/classes/assets/textures/Stage4/C4.png
00:13:51.192 [JavaFX Application Thread] DEBUG FXGLAssetLoaderServi - Loading from file system: file:/C:/Users/Lenovo/OneDrive%20-%20CUHK-Shenzhen/桌面/javaGame/target/classes/assets/textures/Stage4/C5.png
00:13:51.544 [JavaFX Application Thread] DEBUG FXGLAssetLoaderServi - Loading from file system: file:/C:/Users/Lenovo/OneDrive%20-%20CUHK-Shenzhen/桌面/javaGame/target/classes/assets/textures/Stage4/C6.png
00:13:51.871 [JavaFX Application Thread] DEBUG FXGLAssetLoaderServi - Loading from file system: file:/C:/Users/Lenovo/OneDrive%20-%20CUHK-Shenzhen/桌面/javaGame/target/classes/assets/sounds/钟表开.wav
00:13:51.874 [JavaFX Application Thread] DEBUG FXGLAssetLoaderServi - Loading from file system: file:/C:/Users/Lenovo/OneDrive%20-%20CUHK-Shenzhen/桌面/javaGame/target/classes/assets/textures/Stage4/Cf.png
00:13:54.892 [JavaFX Application Thread] DEBUG FXGLAssetLoaderServi - Loading from file system: file:/C:/Users/Lenovo/OneDrive%20-%20CUHK-Shenzhen/桌面/javaGame/target/classes/assets/textures/Mengban.png
00:13:54.909 [JavaFX Application Thread] DEBUG FXGLAssetLoaderServi - Loading from file system: file:/C:/Users/Lenovo/OneDrive%20-%20CUHK-Shenzhen/桌面/javaGame/target/classes/assets/textures/Stage4/Painting.jpg
00:13:55.581 [JavaFX Application Thread] DEBUG PrimaryStageWindow   - Push state: DialogSubScene
00:13:55.581 [JavaFX Application Thread] DEBUG Input                - Clearing active input actions
00:13:55.582 [JavaFX Application Thread] DEBUG GameApplicationServi - Removing overlay from GameScene and adding to DialogSubScene
00:13:55.582 [JavaFX Application Thread] DEBUG PrimaryStageWindow   - GameScene -> DialogSubScene
00:13:56.282 [JavaFX Application Thread] DEBUG PrimaryStageWindow   - Pop state: DialogSubScene
00:13:56.282 [JavaFX Application Thread] DEBUG Input                - Clearing active input actions
00:13:56.283 [JavaFX Application Thread] DEBUG GameApplicationServi - Removing overlay from DialogSubScene and adding to GameScene
00:13:56.283 [JavaFX Application Thread] DEBUG PrimaryStageWindow   - GameScene <- DialogSubScene
00:13:57.785 [JavaFX Application Thread] DEBUG FXGLAssetLoaderServi - Loading from file system: file:/C:/Users/Lenovo/OneDrive%20-%20CUHK-Shenzhen/桌面/javaGame/target/classes/assets/sounds/被子声.wav
00:13:57.788 [JavaFX Application Thread] DEBUG FXGLAssetLoaderServi - Loading from file system: file:/C:/Users/Lenovo/OneDrive%20-%20CUHK-Shenzhen/桌面/javaGame/target/classes/assets/textures/Stage4/Bedc.png
00:14:04.630 [JavaFX Application Thread] DEBUG PrimaryStageWindow   - Push state: DialogSubScene
00:14:04.630 [JavaFX Application Thread] DEBUG Input                - Clearing active input actions
00:14:04.630 [JavaFX Application Thread] DEBUG GameApplicationServi - Removing overlay from GameScene and adding to DialogSubScene
00:14:04.630 [JavaFX Application Thread] DEBUG PrimaryStageWindow   - GameScene -> DialogSubScene
00:14:05.208 [JavaFX Application Thread] DEBUG PrimaryStageWindow   - Pop state: DialogSubScene
00:14:05.208 [JavaFX Application Thread] DEBUG Input                - Clearing active input actions
00:14:05.208 [JavaFX Application Thread] DEBUG GameApplicationServi - Removing overlay from DialogSubScene and adding to GameScene
00:14:05.208 [JavaFX Application Thread] DEBUG PrimaryStageWindow   - GameScene <- DialogSubScene
00:14:07.314 [JavaFX Application Thread] DEBUG PrimaryStageWindow   - Push state: DialogSubScene
00:14:07.314 [JavaFX Application Thread] DEBUG Input                - Clearing active input actions
00:14:07.314 [JavaFX Application Thread] DEBUG GameApplicationServi - Removing overlay from GameScene and adding to DialogSubScene
00:14:07.314 [JavaFX Application Thread] DEBUG PrimaryStageWindow   - GameScene -> DialogSubScene
00:14:07.715 [JavaFX Application Thread] DEBUG PrimaryStageWindow   - Pop state: DialogSubScene
00:14:07.715 [JavaFX Application Thread] DEBUG Input                - Clearing active input actions
00:14:07.716 [JavaFX Application Thread] DEBUG GameApplicationServi - Removing overlay from DialogSubScene and adding to GameScene
00:14:07.716 [JavaFX Application Thread] DEBUG PrimaryStageWindow   - GameScene <- DialogSubScene
00:14:12.453 [JavaFX Application Thread] DEBUG FXGLAssetLoaderServi - Loading from file system: file:/C:/Users/Lenovo/OneDrive%20-%20CUHK-Shenzhen/桌面/javaGame/target/classes/assets/sounds/拉窗帘声.wav
00:14:12.455 [JavaFX Application Thread] DEBUG FXGLAssetLoaderServi - Loading from file system: file:/C:/Users/Lenovo/OneDrive%20-%20CUHK-Shenzhen/桌面/javaGame/target/classes/assets/textures/Stage1/C1.png
00:14:12.463 [JavaFX Application Thread] DEBUG PrimaryStageWindow   - Push state: DialogSubScene
00:14:12.463 [JavaFX Application Thread] DEBUG Input                - Clearing active input actions
00:14:12.463 [JavaFX Application Thread] DEBUG GameApplicationServi - Removing overlay from GameScene and adding to DialogSubScene
00:14:12.463 [JavaFX Application Thread] DEBUG PrimaryStageWindow   - GameScene -> DialogSubScene
00:14:13.036 [JavaFX Application Thread] DEBUG PrimaryStageWindow   - Pop state: DialogSubScene
00:14:13.036 [JavaFX Application Thread] DEBUG Input                - Clearing active input actions
00:14:13.036 [JavaFX Application Thread] DEBUG GameApplicationServi - Removing overlay from DialogSubScene and adding to GameScene
00:14:13.036 [JavaFX Application Thread] DEBUG PrimaryStageWindow   - GameScene <- DialogSubScene
00:14:13.308 [JavaFX Application Thread] DEBUG FXGLAssetLoaderServi - Loading from file system: file:/C:/Users/Lenovo/OneDrive%20-%20CUHK-Shenzhen/桌面/javaGame/target/classes/assets/textures/Stage1/C2.png
00:14:17.674 [JavaFX Application Thread] DEBUG FXGLAssetLoaderServi - Loading from file system: file:/C:/Users/Lenovo/OneDrive%20-%20CUHK-Shenzhen/桌面/javaGame/target/classes/assets/sounds/布条入水.wav
00:14:17.679 [JavaFX Application Thread] DEBUG FXGLAssetLoaderServi - Loading from file system: file:/C:/Users/Lenovo/OneDrive%20-%20CUHK-Shenzhen/桌面/javaGame/target/classes/assets/textures/Stage3/yugangc1.png
00:14:18.227 [JavaFX Application Thread] DEBUG FXGLAssetLoaderServi - Loading from file system: file:/C:/Users/Lenovo/OneDrive%20-%20CUHK-Shenzhen/桌面/javaGame/target/classes/assets/textures/Stage3/yugangc2.png
00:14:25.658 [JavaFX Application Thread] DEBUG FXGLAssetLoaderServi - Loading from file system: file:/C:/Users/Lenovo/OneDrive%20-%20CUHK-Shenzhen/桌面/javaGame/target/classes/assets/textures/f1.jpg
00:14:25.669 [JavaFX Application Thread] DEBUG FXGLAssetLoaderServi - Loading from file system: file:/C:/Users/Lenovo/OneDrive%20-%20CUHK-Shenzhen/桌面/javaGame/target/classes/assets/sounds/开门声.wav
00:14:26.665 [JavaFX Application Thread] DEBUG FXGLAssetLoaderServi - Loading from file system: file:/C:/Users/Lenovo/OneDrive%20-%20CUHK-Shenzhen/桌面/javaGame/target/classes/assets/textures/f2.jpg
00:14:27.025 [JavaFX Application Thread] DEBUG FXGLAssetLoaderServi - Loading from file system: file:/C:/Users/Lenovo/OneDrive%20-%20CUHK-Shenzhen/桌面/javaGame/target/classes/assets/textures/f3.jpg
00:14:27.602 [JavaFX Application Thread] DEBUG FXGLAssetLoaderServi - Loading from file system: file:/C:/Users/Lenovo/OneDrive%20-%20CUHK-Shenzhen/桌面/javaGame/target/classes/assets/textures/f4.jpg
00:14:27.991 [JavaFX Application Thread] DEBUG FXGLAssetLoaderServi - Loading from file system: file:/C:/Users/Lenovo/OneDrive%20-%20CUHK-Shenzhen/桌面/javaGame/target/classes/assets/textures/f5.jpg
00:14:28.267 [JavaFX Application Thread] DEBUG FXGLAssetLoaderServi - Loading from file system: file:/C:/Users/Lenovo/OneDrive%20-%20CUHK-Shenzhen/桌面/javaGame/target/classes/assets/textures/f6.jpg
00:14:28.614 [JavaFX Application Thread] DEBUG FXGLAssetLoaderServi - Loading from file system: file:/C:/Users/Lenovo/OneDrive%20-%20CUHK-Shenzhen/桌面/javaGame/target/classes/assets/textures/f.jpg
00:14:29.224 [JavaFX Application Thread] DEBUG PrimaryStageWindow   - Push state: DialogSubScene
00:14:29.224 [JavaFX Application Thread] DEBUG Input                - Clearing active input actions
00:14:29.224 [JavaFX Application Thread] DEBUG GameApplicationServi - Removing overlay from GameScene and adding to DialogSubScene
00:14:29.224 [JavaFX Application Thread] DEBUG PrimaryStageWindow   - GameScene -> DialogSubScene
00:14:29.833 [JavaFX Application Thread] DEBUG PrimaryStageWindow   - Pop state: DialogSubScene
00:14:29.833 [JavaFX Application Thread] DEBUG Input                - Clearing active input actions
00:14:29.833 [JavaFX Application Thread] DEBUG GameApplicationServi - Removing overlay from DialogSubScene and adding to GameScene
00:14:29.833 [JavaFX Application Thread] DEBUG PrimaryStageWindow   - GameScene <- DialogSubScene
00:14:30.692 [JavaFX Application Thread] DEBUG FXGLApplication      - Exiting FXGL
00:14:30.692 [JavaFX Application Thread] DEBUG LoopRunner           - Stopping loop
00:14:30.692 [JavaFX Application Thread] DEBUG SystemBundleService  - Saving FXGL system data
00:14:30.695 [JavaFX Application Thread] DEBUG FileSystemAccess     - Writing to: C:\Users\Lenovo\OneDrive - CUHK-Shenzhen\桌面\javaGame\system\fxgl.bundle
00:14:30.696 [JavaFX Application Thread] DEBUG Async                - Shutting down background threads
00:14:30.697 [JavaFX Application Thread] DEBUG PrimaryStageWindow   - Closing main window
00:14:30.723 [JavaFX Application Thread] DEBUG Logger               - Closing Logger
