16:59:43.005 [main                     ] DEBUG Logger               - Configured Logger
16:59:43.022 [main                     ] DEBUG GameApplication      - Logging settings
Title: Escape
Version: 0.1
Width: 900
Height: 900
Fullscreen: false
Intro: false
Profiling: false
Single step:false
App Mode: DEVELOPER
Menu Key: ESCAPE
Stage Style: DECORATED
Scene Factory: class com.almasb.fxgl.app.scene.SceneFactory

16:59:43.292 [JavaFX Application Thread] DEBUG FXGLApplication      - Initializing FXGL
16:59:43.296 [JavaFX Application Thread] INFO  Engine               - FXGL-17.2 (20.08.2022 16.50) on WINDOWS (J:17.0.5 FX:18)
16:59:43.296 [JavaFX Application Thread] DEBUG Engine               - JRE Vendor Name: Oracle Corporation
16:59:43.297 [JavaFX Application Thread] DEBUG Engine               - Running on OS: Windows 11 version 10.0
16:59:43.297 [JavaFX Application Thread] DEBUG Engine               - Architecture: amd64
16:59:43.297 [JavaFX Application Thread] INFO  Engine               - Source code and latest versions at: https://github.com/AlmasB/FXGL
16:59:43.297 [JavaFX Application Thread] INFO  Engine               -       Ask questions and discuss at: https://github.com/AlmasB/FXGL/discussions
16:59:43.297 [JavaFX Application Thread] INFO  Engine               -              Join the FXGL chat at: https://gitter.im/AlmasB/FXGL
16:59:43.343 [JavaFX Application Thread] DEBUG PrimaryStageWindow   - Creating a JavaFX scene
16:59:43.367 [JavaFX Application Thread] DEBUG PrimaryStageWindow   - Target settings size: 900.0 x 900.0
16:59:43.367 [JavaFX Application Thread] DEBUG PrimaryStageWindow   - Scaled scene size:    900.0 x 900.0
16:59:43.367 [JavaFX Application Thread] DEBUG PrimaryStageWindow   - Scaled ratio: (1.0, 1.0)
16:59:43.368 [JavaFX Application Thread] DEBUG PrimaryStageWindow   - Set initial scene to FXGLStartupScene
16:59:43.371 [JavaFX Application Thread] DEBUG PrimaryStageWindow   - Opening main window
16:59:43.419 [JavaFX Application Thread] DEBUG PrimaryStageWindow   - Window border size: (14.66668701171875, 37.33331298828125)
16:59:43.419 [JavaFX Application Thread] DEBUG PrimaryStageWindow   - Scaled size: 900.0 x 900.0
16:59:43.419 [JavaFX Application Thread] DEBUG PrimaryStageWindow   - Scaled ratio: (1.0, 1.0)
16:59:43.420 [JavaFX Application Thread] DEBUG PrimaryStageWindow   - Scene size: 900.0 x 900.0
16:59:43.420 [JavaFX Application Thread] DEBUG PrimaryStageWindow   - Stage size: 914.6666870117188 x 937.3333129882812
16:59:43.424 [FXGL Background Thread 1 ] DEBUG Engine               - Initializing environment variables
16:59:43.445 [FXGL Background Thread 1 ] DEBUG FXGLAssetLoaderServi - User app class for loading assets: class com.Moonhalf.EscapeApp
16:59:43.445 [FXGL Background Thread 1 ] DEBUG GameApplicationServi - Applying CSS: fxgl_dark.css
16:59:43.446 [FXGL Background Thread 1 ] DEBUG FXGLAssetLoaderServi - Loading from file system: jar:file:///C:/Users/Lenovo/.m2/repository/com/github/almasb/fxgl/17.2/fxgl-17.2.jar!/fxglassets/ui/css/fxgl_dark.css
16:59:43.474 [FXGL Background Thread 1 ] DEBUG GameApplicationServi - Initializing application scenes
16:59:43.509 [FXGL Background Thread 1 ] DEBUG GameWorld            - Game world initialized
16:59:43.551 [FXGL Background Thread 1 ] DEBUG PhysicsWorld         - Physics world initialized: appHeight=900, physics.ppm=50.0
16:59:43.551 [FXGL Background Thread 1 ] DEBUG PhysicsWorld         - Using strategy: BRUTE_FORCE
16:59:43.554 [FXGL Background Thread 1 ] DEBUG GameScene            - Game scene initialized: 900x900
16:59:43.563 [FXGL Background Thread 1 ] DEBUG FXGL.DefaultMenu     - createMenuBodyGameMenu()
16:59:43.571 [FXGL Background Thread 1 ] DEBUG FXGL.DefaultMenu     - createOptionsMenu()
16:59:43.579 [FXGL Background Thread 1 ] DEBUG FXGLAssetLoaderServi - Loading from file system: jar:file:///C:/Users/Lenovo/.m2/repository/com/github/almasb/fxgl/17.2/fxgl-17.2.jar!/fxglassets/textures/particles/smoke.png
16:59:43.640 [FXGL Background Thread 1 ] DEBUG FXGLAssetLoaderServi - Loading from file system: jar:file:///C:/Users/Lenovo/.m2/repository/com/github/almasb/fxgl/17.2/fxgl-17.2.jar!/fxglassets/textures/particles/trace_horizontal.png
16:59:43.656 [FXGL Background Thread 1 ] DEBUG GameApplicationServi - Application scenes initialized
16:59:43.665 [FXGL Background Thread 1 ] DEBUG SystemBundleService  - Loading FXGL system data
16:59:43.668 [FXGL Background Thread 1 ] DEBUG FileSystemAccess     - Reading from: C:\Users\Lenovo\OneDrive - CUHK-Shenzhen\桌面\javaGame\system\fxgl.bundle
16:59:43.673 [FXGL Background Thread 1 ] DEBUG SystemBundleService  - Bundle FXGL: {}
16:59:43.673 [FXGL Background Thread 1 ] DEBUG UpdaterService       - Checking for updates
16:59:43.675 [FXGL Background Thread 4 ] DEBUG FXGLApplication      - Loading fonts
16:59:43.675 [FXGL Background Thread 1 ] DEBUG FXGLApplication      - Loading default localization
16:59:43.676 [FXGL Background Thread 4 ] DEBUG FXGLAssetLoaderServi - Loading from file system: jar:file:///C:/Users/Lenovo/.m2/repository/com/github/almasb/fxgl/17.2/fxgl-17.2.jar!/fxglassets/ui/fonts/VarelaRound-Regular.ttf
16:59:43.676 [FXGL Background Thread 1 ] DEBUG FXGLAssetLoaderServi - Loading from file system: jar:file:///C:/Users/Lenovo/.m2/repository/com/github/almasb/fxgl/17.2/fxgl-17.2.jar!/fxglassets/languages/english.lang
16:59:43.688 [FXGL Background Thread 1 ] INFO  FXGLApplication      - FXGL initialization took: 0.264 sec
16:59:43.689 [JavaFX Application Thread] DEBUG FXGLAssetLoaderServi - Loading from file system: file:/C:/Users/Lenovo/OneDrive%20-%20CUHK-Shenzhen/桌面/javaGame/target/classes/assets/textures/Escape.png
16:59:43.699 [JavaFX Application Thread] DEBUG FXGLAssetLoaderServi - Loading from file system: jar:file:///C:/Users/Lenovo/.m2/repository/com/github/almasb/fxgl/17.2/fxgl-17.2.jar!/fxglassets/textures/fxgl_default_cursor.png
16:59:43.715 [FXGL Background Thread 4 ] DEBUG FXGLAssetLoaderServi - Loading from file system: jar:file:///C:/Users/Lenovo/.m2/repository/com/github/almasb/fxgl/17.2/fxgl-17.2.jar!/fxglassets/ui/fonts/Abel-Regular.ttf
16:59:43.717 [FXGL Background Thread 4 ] DEBUG FXGLAssetLoaderServi - Loading from file system: jar:file:///C:/Users/Lenovo/.m2/repository/com/github/almasb/fxgl/17.2/fxgl-17.2.jar!/fxglassets/ui/fonts/TerminalLandMono-Regular.otf
16:59:43.717 [JavaFX Application Thread] DEBUG Input                - Registered new binding: Screenshot - CTRL+8
16:59:43.718 [JavaFX Application Thread] DEBUG Input                - Registered new binding: System info dump - CTRL+9
16:59:43.718 [JavaFX Application Thread] DEBUG Input                - Registered new binding: Restart - CTRL+R
16:59:43.719 [FXGL Background Thread 4 ] DEBUG FXGLAssetLoaderServi - Loading from file system: jar:file:///C:/Users/Lenovo/.m2/repository/com/github/almasb/fxgl/17.2/fxgl-17.2.jar!/fxglassets/ui/fonts/Courier-Prime.ttf
16:59:43.720 [JavaFX Application Thread] DEBUG Input                - Registered new binding: Toggle Debug Camera - CTRL+7
16:59:43.723 [JavaFX Application Thread] DEBUG LoopRunner           - Starting loop
16:59:43.723 [JavaFX Application Thread] DEBUG LoopRunner           - Initializing JavaFX AnimationTimerLoop
16:59:43.724 [JavaFX Application Thread] DEBUG GameApplicationServi - Starting new game
16:59:43.725 [JavaFX Application Thread] DEBUG Input                - Clearing active input actions
16:59:43.732 [JavaFX Application Thread] DEBUG GameApplicationServi - Removing overlay from FXGLStartupScene and adding to FXGLLoadingScene
16:59:43.732 [JavaFX Application Thread] DEBUG PrimaryStageWindow   - FXGLStartupScene -> FXGLLoadingScene
16:59:43.732 [JavaFX Application Thread] DEBUG GameApplicationServi - Clearing previous game
16:59:43.732 [JavaFX Application Thread] DEBUG GameScene            - Clearing game scene
16:59:43.732 [JavaFX Application Thread] DEBUG GameWorld            - Clearing game world
16:59:43.732 [JavaFX Application Thread] DEBUG PhysicsWorld         - Clearing physics world
16:59:43.735 [FXGL Background Thread 4 ] DEBUG FXGLApplication      - Initializing game
16:59:43.736 [JavaFX Application Thread] DEBUG FXGLApplication      - Registering font factories with UI factory
16:59:43.751 [FXGL Background Thread 4 ] DEBUG FXGLAssetLoaderServi - Loading from file system: file:/C:/Users/Lenovo/OneDrive%20-%20CUHK-Shenzhen/桌面/javaGame/target/classes/assets/textures/Background.jpg
16:59:43.767 [FXGL Background Thread 4 ] DEBUG FXGLAssetLoaderServi - Loading from file system: file:/C:/Users/Lenovo/OneDrive%20-%20CUHK-Shenzhen/桌面/javaGame/target/classes/assets/textures/ArrowR.png
16:59:43.778 [FXGL Background Thread 4 ] DEBUG FXGLAssetLoaderServi - Loading from file system: file:/C:/Users/Lenovo/OneDrive%20-%20CUHK-Shenzhen/桌面/javaGame/target/classes/assets/textures/Stage1/Stage1%20Door.png
16:59:43.797 [FXGL Background Thread 4 ] DEBUG FXGLAssetLoaderServi - Loading from file system: file:/C:/Users/Lenovo/OneDrive%20-%20CUHK-Shenzhen/桌面/javaGame/target/classes/assets/textures/Stage1/Stage1%20Curtain.png
16:59:43.809 [FXGL Background Thread 4 ] INFO  FXGLApplication      - Game initialization took: 0.074 sec
16:59:43.827 [JavaFX Application Thread] DEBUG Input                - Clearing active input actions
16:59:43.832 [JavaFX Application Thread] DEBUG GameApplicationServi - Removing overlay from FXGLLoadingScene and adding to GameScene
16:59:43.832 [JavaFX Application Thread] DEBUG PrimaryStageWindow   - FXGLLoadingScene -> GameScene
16:59:44.110 [FXGL Background Thread 2 ] INFO  UpdaterService       - Your current version:  17.2
16:59:44.111 [FXGL Background Thread 2 ] INFO  UpdaterService       - Latest stable version: 17.3
16:59:46.675 [FXGL Background Thread 3 ] DEBUG Engine               - Logging environment variables
16:59:46.675 [FXGL Background Thread 3 ] DEBUG Engine               - achievements: []
16:59:46.675 [FXGL Background Thread 3 ] DEBUG Engine               - actualHeight: 900.0
16:59:46.676 [FXGL Background Thread 3 ] DEBUG Engine               - actualHeightProperty: ReadOnlyDoubleProperty [value: 900.0]
16:59:46.676 [FXGL Background Thread 3 ] DEBUG Engine               - actualWidth: 900.0
16:59:46.676 [FXGL Background Thread 3 ] DEBUG Engine               - actualWidthProperty: ReadOnlyDoubleProperty [value: 900.0]
16:59:46.676 [FXGL Background Thread 3 ] DEBUG Engine               - appIcon: Escape.png
16:59:46.676 [FXGL Background Thread 3 ] DEBUG Engine               - applicationMode: DEVELOPER
16:59:46.676 [FXGL Background Thread 3 ] DEBUG Engine               - cSSList: [fxgl_dark.css]
16:59:46.676 [FXGL Background Thread 3 ] DEBUG Engine               - collisionDetectionStrategy: BRUTE_FORCE
16:59:46.676 [FXGL Background Thread 3 ] DEBUG Engine               - configClass: Optional.empty
16:59:46.676 [FXGL Background Thread 3 ] DEBUG Engine               - credits: []
16:59:46.677 [FXGL Background Thread 3 ] DEBUG Engine               - defaultCursor: CursorInfo(imageName=fxgl_default_cursor.png, hotspotX=7.0, hotspotY=6.0)
16:59:46.677 [FXGL Background Thread 3 ] DEBUG Engine               - devBBoxColorProperty: ObjectProperty [value: 0xff0000ff]
16:59:46.677 [FXGL Background Thread 3 ] DEBUG Engine               - devEnableDebugCameraProperty: BooleanProperty [value: false]
16:59:46.677 [FXGL Background Thread 3 ] DEBUG Engine               - devSensorColorProperty: ObjectProperty [value: 0xffff00ff]
16:59:46.677 [FXGL Background Thread 3 ] DEBUG Engine               - devShowBBoxProperty: BooleanProperty [value: false]
16:59:46.677 [FXGL Background Thread 3 ] DEBUG Engine               - devShowPositionProperty: BooleanProperty [value: false]
16:59:46.677 [FXGL Background Thread 3 ] DEBUG Engine               - enabledMenuItems: []
16:59:46.677 [FXGL Background Thread 3 ] DEBUG Engine               - engineServices: [class com.almasb.fxgl.app.services.FXGLAssetLoaderService, class com.almasb.fxgl.app.FXGLApplication$GameApplicationService, class com.almasb.fxgl.app.services.FXGLDialogService, class com.almasb.fxgl.app.services.IOTaskExecutorService, class com.almasb.fxgl.io.FileSystemService, class com.almasb.fxgl.localization.LocalizationService, class com.almasb.fxgl.app.services.SystemBundleService, class com.almasb.fxgl.profile.SaveLoadService, class com.almasb.fxgl.ui.FXGLUIFactoryServiceProvider, class com.almasb.fxgl.ui.FXGLDialogFactoryServiceProvider, class com.almasb.fxgl.audio.AudioPlayer, class com.almasb.fxgl.notification.impl.NotificationServiceProvider, class com.almasb.fxgl.achievement.AchievementService, class com.almasb.fxgl.cutscene.CutsceneService, class com.almasb.fxgl.minigames.MiniGameService, class com.almasb.fxgl.net.NetService, class com.almasb.fxgl.app.services.UpdaterService, class com.almasb.fxgl.dev.DevService]
16:59:46.677 [FXGL Background Thread 3 ] DEBUG Engine               - fontGame: Abel-Regular.ttf
16:59:46.677 [FXGL Background Thread 3 ] DEBUG Engine               - fontMono: TerminalLandMono-Regular.otf
16:59:46.677 [FXGL Background Thread 3 ] DEBUG Engine               - fontText: Courier-Prime.ttf
16:59:46.677 [FXGL Background Thread 3 ] DEBUG Engine               - fontUI: VarelaRound-Regular.ttf
16:59:46.677 [FXGL Background Thread 3 ] DEBUG Engine               - fullScreen: BooleanProperty [value: false]
16:59:46.677 [FXGL Background Thread 3 ] DEBUG Engine               - gameDifficulty: MEDIUM
16:59:46.678 [FXGL Background Thread 3 ] DEBUG Engine               - gameDifficultyProperty: ObjectProperty [value: MEDIUM]
16:59:46.678 [FXGL Background Thread 3 ] DEBUG Engine               - globalMusicVolume: 0.5
16:59:46.678 [FXGL Background Thread 3 ] DEBUG Engine               - globalMusicVolumeProperty: DoubleProperty [value: 0.5]
16:59:46.678 [FXGL Background Thread 3 ] DEBUG Engine               - globalSoundVolume: 0.5
16:59:46.678 [FXGL Background Thread 3 ] DEBUG Engine               - globalSoundVolumeProperty: DoubleProperty [value: 0.5]
16:59:46.678 [FXGL Background Thread 3 ] DEBUG Engine               - height: 900
16:59:46.678 [FXGL Background Thread 3 ] DEBUG Engine               - is3D: false
16:59:46.678 [FXGL Background Thread 3 ] DEBUG Engine               - isAndroid: false
16:59:46.678 [FXGL Background Thread 3 ] DEBUG Engine               - isBrowser: false
16:59:46.678 [FXGL Background Thread 3 ] DEBUG Engine               - isClickFeedbackEnabled: false
16:59:46.678 [FXGL Background Thread 3 ] DEBUG Engine               - isCloseConfirmation: false
16:59:46.678 [FXGL Background Thread 3 ] DEBUG Engine               - isDesktop: true
16:59:46.678 [FXGL Background Thread 3 ] DEBUG Engine               - isDeveloperMenuEnabled: false
16:59:46.678 [FXGL Background Thread 3 ] DEBUG Engine               - isEmbedded: false
16:59:46.678 [FXGL Background Thread 3 ] DEBUG Engine               - isEntityPreloadEnabled: true
16:59:46.678 [FXGL Background Thread 3 ] DEBUG Engine               - isExperimentalTiledLargeMap: false
16:59:46.678 [FXGL Background Thread 3 ] DEBUG Engine               - isFileSystemWriteAllowed: true
16:59:46.678 [FXGL Background Thread 3 ] DEBUG Engine               - isFullScreenAllowed: false
16:59:46.678 [FXGL Background Thread 3 ] DEBUG Engine               - isFullScreenFromStart: false
16:59:46.678 [FXGL Background Thread 3 ] DEBUG Engine               - isGameMenuEnabled: true
16:59:46.678 [FXGL Background Thread 3 ] DEBUG Engine               - isIOS: false
16:59:46.678 [FXGL Background Thread 3 ] DEBUG Engine               - isIntroEnabled: false
16:59:46.678 [FXGL Background Thread 3 ] DEBUG Engine               - isLinux: false
16:59:46.679 [FXGL Background Thread 3 ] DEBUG Engine               - isMac: false
16:59:46.679 [FXGL Background Thread 3 ] DEBUG Engine               - isMainMenuEnabled: false
16:59:46.679 [FXGL Background Thread 3 ] DEBUG Engine               - isManualResizeEnabled: false
16:59:46.679 [FXGL Background Thread 3 ] DEBUG Engine               - isMobile: false
16:59:46.679 [FXGL Background Thread 3 ] DEBUG Engine               - isNative: false
16:59:46.679 [FXGL Background Thread 3 ] DEBUG Engine               - isPauseMusicWhenMinimized: true
16:59:46.679 [FXGL Background Thread 3 ] DEBUG Engine               - isPreserveResizeRatio: false
16:59:46.679 [FXGL Background Thread 3 ] DEBUG Engine               - isProfilingEnabled: false
16:59:46.679 [FXGL Background Thread 3 ] DEBUG Engine               - isScaleAffectedOnResize: true
16:59:46.679 [FXGL Background Thread 3 ] DEBUG Engine               - isSingleStep: false
16:59:46.679 [FXGL Background Thread 3 ] DEBUG Engine               - isUserProfileEnabled: false
16:59:46.679 [FXGL Background Thread 3 ] DEBUG Engine               - isWindows: true
16:59:46.679 [FXGL Background Thread 3 ] DEBUG Engine               - language: ObjectProperty [value: ENGLISH]
16:59:46.679 [FXGL Background Thread 3 ] DEBUG Engine               - menuKey: ESCAPE
16:59:46.679 [FXGL Background Thread 3 ] DEBUG Engine               - mouseSensitivity: 0.2
16:59:46.679 [FXGL Background Thread 3 ] DEBUG Engine               - notificationViewClass: class com.almasb.fxgl.notification.view.XboxNotificationView
16:59:46.679 [FXGL Background Thread 3 ] DEBUG Engine               - pixelsPerMeter: 50.0
16:59:46.679 [FXGL Background Thread 3 ] DEBUG Engine               - platform: WINDOWS
16:59:46.679 [FXGL Background Thread 3 ] DEBUG Engine               - prefHeightProperty: ReadOnlyDoubleProperty [value: 900.0]
16:59:46.679 [FXGL Background Thread 3 ] DEBUG Engine               - prefWidthProperty: ReadOnlyDoubleProperty [value: 900.0]
16:59:46.679 [FXGL Background Thread 3 ] DEBUG Engine               - profileDir: profiles/
16:59:46.679 [FXGL Background Thread 3 ] DEBUG Engine               - profileName: StringProperty [value: DEFAULT]
16:59:46.679 [FXGL Background Thread 3 ] DEBUG Engine               - randomSeed: -1
16:59:46.680 [FXGL Background Thread 3 ] DEBUG Engine               - runtimeInfo: RuntimeInfo(platform=WINDOWS, version=17.2, build=20.08.2022 16.50)
16:59:46.680 [FXGL Background Thread 3 ] DEBUG Engine               - saveFileExt: sav
16:59:46.680 [FXGL Background Thread 3 ] DEBUG Engine               - scaledHeightProp$fxgl: DoubleProperty [bound, value: 900.0]
16:59:46.680 [FXGL Background Thread 3 ] DEBUG Engine               - scaledWidthProp$fxgl: DoubleProperty [bound, value: 900.0]
16:59:46.680 [FXGL Background Thread 3 ] DEBUG Engine               - sceneFactory: com.almasb.fxgl.app.scene.SceneFactory@60babbcc
16:59:46.680 [FXGL Background Thread 3 ] DEBUG Engine               - secondsIn24h: 60
16:59:46.680 [FXGL Background Thread 3 ] DEBUG Engine               - soundMenuBack: menu/back.wav
16:59:46.680 [FXGL Background Thread 3 ] DEBUG Engine               - soundMenuPress: menu/press.wav
16:59:46.680 [FXGL Background Thread 3 ] DEBUG Engine               - soundMenuSelect: menu/select.wav
16:59:46.680 [FXGL Background Thread 3 ] DEBUG Engine               - soundNotification: core/notification.wav
16:59:46.680 [FXGL Background Thread 3 ] DEBUG Engine               - stageStyle: DECORATED
16:59:46.680 [FXGL Background Thread 3 ] DEBUG Engine               - supportedLanguages: [ENGLISH, FRENCH, GERMAN, HUNGARIAN, RUSSIAN]
16:59:46.680 [FXGL Background Thread 3 ] DEBUG Engine               - ticksPerSecond: -1
16:59:46.680 [FXGL Background Thread 3 ] DEBUG Engine               - title: Escape
16:59:46.681 [FXGL Background Thread 3 ] DEBUG Engine               - urlGithub: https://github.com/AlmasB/FXGL
16:59:46.681 [FXGL Background Thread 3 ] DEBUG Engine               - urlLeaderboard: http://fxgl-top.herokuapp.com/
16:59:46.681 [FXGL Background Thread 3 ] DEBUG Engine               - urlPOM: https://raw.githubusercontent.com/AlmasB/FXGL/release/README.md
16:59:46.681 [FXGL Background Thread 3 ] DEBUG Engine               - userAppClass: class com.Moonhalf.EscapeApp
16:59:46.681 [FXGL Background Thread 3 ] DEBUG Engine               - version: 0.1
16:59:46.681 [FXGL Background Thread 3 ] DEBUG Engine               - versionCheckDays: 7
16:59:46.681 [FXGL Background Thread 3 ] DEBUG Engine               - width: 900
16:59:46.681 [FXGL Background Thread 3 ] DEBUG Engine               - Logging services
16:59:46.681 [FXGL Background Thread 3 ] DEBUG Engine               - class com.almasb.fxgl.app.services.FXGLAssetLoaderService
16:59:46.681 [FXGL Background Thread 3 ] DEBUG Engine               - class com.almasb.fxgl.app.FXGLApplication$GameApplicationService
16:59:46.681 [FXGL Background Thread 3 ] DEBUG Engine               - class com.almasb.fxgl.app.services.FXGLDialogService
16:59:46.681 [FXGL Background Thread 3 ] DEBUG Engine               - class com.almasb.fxgl.app.services.IOTaskExecutorService
16:59:46.681 [FXGL Background Thread 3 ] DEBUG Engine               - class com.almasb.fxgl.io.FileSystemService
16:59:46.681 [FXGL Background Thread 3 ] DEBUG Engine               - class com.almasb.fxgl.localization.LocalizationService
16:59:46.681 [FXGL Background Thread 3 ] DEBUG Engine               - class com.almasb.fxgl.app.services.SystemBundleService
16:59:46.681 [FXGL Background Thread 3 ] DEBUG Engine               - class com.almasb.fxgl.profile.SaveLoadService
16:59:46.681 [FXGL Background Thread 3 ] DEBUG Engine               - class com.almasb.fxgl.ui.FXGLUIFactoryServiceProvider
16:59:46.681 [FXGL Background Thread 3 ] DEBUG Engine               - class com.almasb.fxgl.ui.FXGLDialogFactoryServiceProvider
16:59:46.681 [FXGL Background Thread 3 ] DEBUG Engine               - class com.almasb.fxgl.audio.AudioPlayer
16:59:46.681 [FXGL Background Thread 3 ] DEBUG Engine               - class com.almasb.fxgl.notification.impl.NotificationServiceProvider
16:59:46.681 [FXGL Background Thread 3 ] DEBUG Engine               - class com.almasb.fxgl.achievement.AchievementService
16:59:46.681 [FXGL Background Thread 3 ] DEBUG Engine               - class com.almasb.fxgl.cutscene.CutsceneService
16:59:46.681 [FXGL Background Thread 3 ] DEBUG Engine               - class com.almasb.fxgl.minigames.MiniGameService
16:59:46.681 [FXGL Background Thread 3 ] DEBUG Engine               - class com.almasb.fxgl.net.NetService
16:59:46.681 [FXGL Background Thread 3 ] DEBUG Engine               - class com.almasb.fxgl.app.services.UpdaterService
16:59:46.681 [FXGL Background Thread 3 ] DEBUG Engine               - class com.almasb.fxgl.dev.DevService
16:59:47.730 [JavaFX Application Thread] DEBUG FXGLAssetLoaderServi - Loading from file system: file:/C:/Users/Lenovo/OneDrive%20-%20CUHK-Shenzhen/桌面/javaGame/target/classes/assets/textures/Stage2/Stage2%20Chair.png
16:59:47.738 [JavaFX Application Thread] DEBUG FXGLAssetLoaderServi - Loading from file system: file:/C:/Users/Lenovo/OneDrive%20-%20CUHK-Shenzhen/桌面/javaGame/target/classes/assets/textures/Stage2/Stage2%20Clock.png
16:59:47.741 [JavaFX Application Thread] DEBUG FXGLAssetLoaderServi - Loading from file system: file:/C:/Users/Lenovo/OneDrive%20-%20CUHK-Shenzhen/桌面/javaGame/target/classes/assets/textures/Stage2/Stage2%20Drawer.png
16:59:48.433 [JavaFX Application Thread] DEBUG FXGLAssetLoaderServi - Loading from file system: file:/C:/Users/Lenovo/OneDrive%20-%20CUHK-Shenzhen/桌面/javaGame/target/classes/assets/textures/Stage2/Drawer%20Click.jpg
16:59:48.442 [JavaFX Application Thread] DEBUG FXGLAssetLoaderServi - Loading from file system: file:/C:/Users/Lenovo/OneDrive%20-%20CUHK-Shenzhen/桌面/javaGame/target/classes/assets/textures/Stage2/D1.png
16:59:48.445 [JavaFX Application Thread] DEBUG FXGLAssetLoaderServi - Loading from file system: file:/C:/Users/Lenovo/OneDrive%20-%20CUHK-Shenzhen/桌面/javaGame/target/classes/assets/textures/Stage2/D2.png
16:59:48.447 [JavaFX Application Thread] DEBUG FXGLAssetLoaderServi - Loading from file system: file:/C:/Users/Lenovo/OneDrive%20-%20CUHK-Shenzhen/桌面/javaGame/target/classes/assets/textures/Stage2/D3.png
16:59:48.450 [JavaFX Application Thread] DEBUG FXGLAssetLoaderServi - Loading from file system: file:/C:/Users/Lenovo/OneDrive%20-%20CUHK-Shenzhen/桌面/javaGame/target/classes/assets/textures/Stage2/D4.png
16:59:48.454 [JavaFX Application Thread] DEBUG FXGLAssetLoaderServi - Loading from file system: file:/C:/Users/Lenovo/OneDrive%20-%20CUHK-Shenzhen/桌面/javaGame/target/classes/assets/textures/ArrowD.png
16:59:48.796 [JavaFX Application Thread] DEBUG PrimaryStageWindow   - Push state: DialogSubScene
16:59:48.796 [JavaFX Application Thread] DEBUG Input                - Clearing active input actions
16:59:48.799 [JavaFX Application Thread] DEBUG GameApplicationServi - Removing overlay from GameScene and adding to DialogSubScene
16:59:48.799 [JavaFX Application Thread] DEBUG PrimaryStageWindow   - GameScene -> DialogSubScene
16:59:49.278 [JavaFX Application Thread] DEBUG PrimaryStageWindow   - Pop state: DialogSubScene
16:59:49.278 [JavaFX Application Thread] DEBUG Input                - Clearing active input actions
16:59:49.279 [JavaFX Application Thread] DEBUG GameApplicationServi - Removing overlay from DialogSubScene and adding to GameScene
16:59:49.279 [JavaFX Application Thread] DEBUG PrimaryStageWindow   - GameScene <- DialogSubScene
16:59:50.893 [JavaFX Application Thread] DEBUG FXGLAssetLoaderServi - Loading from file system: file:/C:/Users/Lenovo/OneDrive%20-%20CUHK-Shenzhen/桌面/javaGame/target/classes/assets/textures/Stage3/Stage3%20Mirror.png
16:59:50.901 [JavaFX Application Thread] DEBUG FXGLAssetLoaderServi - Loading from file system: file:/C:/Users/Lenovo/OneDrive%20-%20CUHK-Shenzhen/桌面/javaGame/target/classes/assets/textures/Stage3/Stage3%20Tap.png
16:59:50.905 [JavaFX Application Thread] DEBUG FXGLAssetLoaderServi - Loading from file system: file:/C:/Users/Lenovo/OneDrive%20-%20CUHK-Shenzhen/桌面/javaGame/target/classes/assets/textures/Stage3/guahua.png
16:59:50.912 [JavaFX Application Thread] DEBUG FXGLAssetLoaderServi - Loading from file system: file:/C:/Users/Lenovo/OneDrive%20-%20CUHK-Shenzhen/桌面/javaGame/target/classes/assets/textures/Stage3/guizi.png
16:59:50.921 [JavaFX Application Thread] DEBUG FXGLAssetLoaderServi - Loading from file system: file:/C:/Users/Lenovo/OneDrive%20-%20CUHK-Shenzhen/桌面/javaGame/target/classes/assets/textures/Stage3/yugang.png
16:59:51.282 [JavaFX Application Thread] DEBUG FXGLAssetLoaderServi - Loading from file system: file:/C:/Users/Lenovo/OneDrive%20-%20CUHK-Shenzhen/桌面/javaGame/target/classes/assets/textures/Stage3/guahuac1.png
16:59:51.611 [JavaFX Application Thread] DEBUG FXGLAssetLoaderServi - Loading from file system: file:/C:/Users/Lenovo/OneDrive%20-%20CUHK-Shenzhen/桌面/javaGame/target/classes/assets/textures/Stage3/guahuac2.png
16:59:51.624 [JavaFX Application Thread] DEBUG FXGLAssetLoaderServi - Loading from file system: file:/C:/Users/Lenovo/OneDrive%20-%20CUHK-Shenzhen/桌面/javaGame/target/classes/assets/textures/Stage1/DY.png
16:59:51.648 [JavaFX Application Thread] DEBUG FXGLAssetLoaderServi - Loading from file system: file:/C:/Users/Lenovo/OneDrive%20-%20CUHK-Shenzhen/桌面/javaGame/target/classes/assets/textures/Stage1/DG.png
16:59:51.662 [JavaFX Application Thread] DEBUG FXGLAssetLoaderServi - Loading from file system: file:/C:/Users/Lenovo/OneDrive%20-%20CUHK-Shenzhen/桌面/javaGame/target/classes/assets/textures/Stage1/DR.png
16:59:54.381 [JavaFX Application Thread] DEBUG PrimaryStageWindow   - Push state: DialogSubScene
16:59:54.381 [JavaFX Application Thread] DEBUG Input                - Clearing active input actions
16:59:54.383 [JavaFX Application Thread] DEBUG GameApplicationServi - Removing overlay from GameScene and adding to DialogSubScene
16:59:54.383 [JavaFX Application Thread] DEBUG PrimaryStageWindow   - GameScene -> DialogSubScene
16:59:54.756 [JavaFX Application Thread] DEBUG PrimaryStageWindow   - Pop state: DialogSubScene
16:59:54.756 [JavaFX Application Thread] DEBUG Input                - Clearing active input actions
16:59:54.756 [JavaFX Application Thread] DEBUG GameApplicationServi - Removing overlay from DialogSubScene and adding to GameScene
16:59:54.757 [JavaFX Application Thread] DEBUG PrimaryStageWindow   - GameScene <- DialogSubScene
16:59:56.585 [JavaFX Application Thread] DEBUG PrimaryStageWindow   - Push state: DialogSubScene
16:59:56.585 [JavaFX Application Thread] DEBUG Input                - Clearing active input actions
16:59:56.585 [JavaFX Application Thread] DEBUG GameApplicationServi - Removing overlay from GameScene and adding to DialogSubScene
16:59:56.585 [JavaFX Application Thread] DEBUG PrimaryStageWindow   - GameScene -> DialogSubScene
16:59:57.149 [JavaFX Application Thread] DEBUG PrimaryStageWindow   - Pop state: DialogSubScene
16:59:57.149 [JavaFX Application Thread] DEBUG Input                - Clearing active input actions
16:59:57.149 [JavaFX Application Thread] DEBUG GameApplicationServi - Removing overlay from DialogSubScene and adding to GameScene
16:59:57.149 [JavaFX Application Thread] DEBUG PrimaryStageWindow   - GameScene <- DialogSubScene
16:59:57.530 [JavaFX Application Thread] DEBUG PrimaryStageWindow   - Push state: DialogSubScene
16:59:57.530 [JavaFX Application Thread] DEBUG Input                - Clearing active input actions
16:59:57.530 [JavaFX Application Thread] DEBUG GameApplicationServi - Removing overlay from GameScene and adding to DialogSubScene
16:59:57.530 [JavaFX Application Thread] DEBUG PrimaryStageWindow   - GameScene -> DialogSubScene
16:59:58.541 [JavaFX Application Thread] DEBUG PrimaryStageWindow   - Pop state: DialogSubScene
16:59:58.541 [JavaFX Application Thread] DEBUG Input                - Clearing active input actions
16:59:58.541 [JavaFX Application Thread] DEBUG GameApplicationServi - Removing overlay from DialogSubScene and adding to GameScene
16:59:58.541 [JavaFX Application Thread] DEBUG PrimaryStageWindow   - GameScene <- DialogSubScene
17:00:00.716 [JavaFX Application Thread] DEBUG PrimaryStageWindow   - Push state: DialogSubScene
17:00:00.717 [JavaFX Application Thread] DEBUG Input                - Clearing active input actions
17:00:00.717 [JavaFX Application Thread] DEBUG GameApplicationServi - Removing overlay from GameScene and adding to DialogSubScene
17:00:00.717 [JavaFX Application Thread] DEBUG PrimaryStageWindow   - GameScene -> DialogSubScene
17:00:01.304 [JavaFX Application Thread] DEBUG PrimaryStageWindow   - Pop state: DialogSubScene
17:00:01.304 [JavaFX Application Thread] DEBUG Input                - Clearing active input actions
17:00:01.305 [JavaFX Application Thread] DEBUG GameApplicationServi - Removing overlay from DialogSubScene and adding to GameScene
17:00:01.305 [JavaFX Application Thread] DEBUG PrimaryStageWindow   - GameScene <- DialogSubScene
17:00:03.309 [JavaFX Application Thread] DEBUG PrimaryStageWindow   - Push state: DialogSubScene
17:00:03.309 [JavaFX Application Thread] DEBUG Input                - Clearing active input actions
17:00:03.310 [JavaFX Application Thread] DEBUG GameApplicationServi - Removing overlay from GameScene and adding to DialogSubScene
17:00:03.310 [JavaFX Application Thread] DEBUG PrimaryStageWindow   - GameScene -> DialogSubScene
17:00:03.703 [JavaFX Application Thread] DEBUG PrimaryStageWindow   - Pop state: DialogSubScene
17:00:03.703 [JavaFX Application Thread] DEBUG Input                - Clearing active input actions
17:00:03.704 [JavaFX Application Thread] DEBUG GameApplicationServi - Removing overlay from DialogSubScene and adding to GameScene
17:00:03.704 [JavaFX Application Thread] DEBUG PrimaryStageWindow   - GameScene <- DialogSubScene
17:00:04.296 [JavaFX Application Thread] DEBUG FXGLApplication      - Exiting FXGL
17:00:04.296 [JavaFX Application Thread] DEBUG LoopRunner           - Stopping loop
17:00:04.296 [JavaFX Application Thread] DEBUG SystemBundleService  - Saving FXGL system data
17:00:04.301 [JavaFX Application Thread] DEBUG FileSystemAccess     - Writing to: C:\Users\Lenovo\OneDrive - CUHK-Shenzhen\桌面\javaGame\system\fxgl.bundle
17:00:04.302 [JavaFX Application Thread] DEBUG Async                - Shutting down background threads
17:00:04.303 [JavaFX Application Thread] DEBUG PrimaryStageWindow   - Closing main window
17:00:04.324 [JavaFX Application Thread] DEBUG Logger               - Closing Logger
