00:27:21.451 [AWT-EventQueue-0         ] DEBUG Logger               - Configured Logger
00:27:21.459 [AWT-EventQueue-0         ] DEBUG GameApplication      - Logging settings
Title: Escape
Version: 0.1
Width: 900
Height: 900
Fullscreen: false
Intro: false
Profiling: false
Single step:false
App Mode: DEVELOPER
Menu Key: ESCAPE
Stage Style: DECORATED
Scene Factory: class com.almasb.fxgl.app.scene.SceneFactory

00:27:21.729 [JavaFX Application Thread] DEBUG FXGLApplication      - Initializing FXGL
00:27:21.733 [JavaFX Application Thread] INFO  Engine               - FXGL-17.2 (20.08.2022 16.50) on WINDOWS (J:17.0.5 FX:18)
00:27:21.733 [JavaFX Application Thread] DEBUG Engine               - JRE Vendor Name: Oracle Corporation
00:27:21.733 [JavaFX Application Thread] DEBUG Engine               - Running on OS: Windows 11 version 10.0
00:27:21.733 [JavaFX Application Thread] DEBUG Engine               - Architecture: amd64
00:27:21.733 [JavaFX Application Thread] INFO  Engine               - Source code and latest versions at: https://github.com/AlmasB/FXGL
00:27:21.733 [JavaFX Application Thread] INFO  Engine               -       Ask questions and discuss at: https://github.com/AlmasB/FXGL/discussions
00:27:21.733 [JavaFX Application Thread] INFO  Engine               -              Join the FXGL chat at: https://gitter.im/AlmasB/FXGL
00:27:21.798 [JavaFX Application Thread] DEBUG PrimaryStageWindow   - Creating a JavaFX scene
00:27:21.826 [JavaFX Application Thread] DEBUG PrimaryStageWindow   - Target settings size: 900.0 x 900.0
00:27:21.827 [JavaFX Application Thread] DEBUG PrimaryStageWindow   - Scaled scene size:    900.0 x 900.0
00:27:21.827 [JavaFX Application Thread] DEBUG PrimaryStageWindow   - Scaled ratio: (1.0, 1.0)
00:27:21.827 [JavaFX Application Thread] DEBUG PrimaryStageWindow   - Set initial scene to FXGLStartupScene
00:27:21.831 [JavaFX Application Thread] DEBUG PrimaryStageWindow   - Opening main window
00:27:21.889 [JavaFX Application Thread] DEBUG PrimaryStageWindow   - Window border size: (14.66668701171875, 37.33331298828125)
00:27:21.889 [JavaFX Application Thread] DEBUG PrimaryStageWindow   - Scaled size: 900.0 x 900.0
00:27:21.889 [JavaFX Application Thread] DEBUG PrimaryStageWindow   - Scaled ratio: (1.0, 1.0)
00:27:21.890 [JavaFX Application Thread] DEBUG PrimaryStageWindow   - Scene size: 900.0 x 900.0
00:27:21.890 [JavaFX Application Thread] DEBUG PrimaryStageWindow   - Stage size: 914.6666870117188 x 937.3333129882812
00:27:21.895 [FXGL Background Thread 1 ] DEBUG Engine               - Initializing environment variables
00:27:21.928 [FXGL Background Thread 1 ] DEBUG FXGLAssetLoaderServi - User app class for loading assets: class com.Moonhalf.EscapeApp
00:27:21.928 [FXGL Background Thread 1 ] DEBUG GameApplicationServi - Applying CSS: fxgl_dark.css
00:27:21.929 [FXGL Background Thread 1 ] DEBUG FXGLAssetLoaderServi - Loading from file system: jar:file:///C:/Users/Lenovo/.m2/repository/com/github/almasb/fxgl/17.2/fxgl-17.2.jar!/fxglassets/ui/css/fxgl_dark.css
00:27:21.951 [FXGL Background Thread 1 ] DEBUG GameApplicationServi - Initializing application scenes
00:27:21.993 [FXGL Background Thread 1 ] DEBUG GameWorld            - Game world initialized
00:27:22.029 [FXGL Background Thread 1 ] DEBUG PhysicsWorld         - Physics world initialized: appHeight=900, physics.ppm=50.0
00:27:22.029 [FXGL Background Thread 1 ] DEBUG PhysicsWorld         - Using strategy: BRUTE_FORCE
00:27:22.031 [FXGL Background Thread 1 ] DEBUG GameScene            - Game scene initialized: 900x900
00:27:22.041 [FXGL Background Thread 1 ] DEBUG FXGL.DefaultMenu     - createMenuBodyGameMenu()
00:27:22.055 [FXGL Background Thread 1 ] DEBUG FXGL.DefaultMenu     - createOptionsMenu()
00:27:22.069 [FXGL Background Thread 1 ] DEBUG FXGLAssetLoaderServi - Loading from file system: jar:file:///C:/Users/Lenovo/.m2/repository/com/github/almasb/fxgl/17.2/fxgl-17.2.jar!/fxglassets/textures/particles/smoke.png
00:27:22.140 [FXGL Background Thread 1 ] DEBUG FXGLAssetLoaderServi - Loading from file system: jar:file:///C:/Users/Lenovo/.m2/repository/com/github/almasb/fxgl/17.2/fxgl-17.2.jar!/fxglassets/textures/particles/trace_horizontal.png
00:27:22.161 [FXGL Background Thread 1 ] DEBUG GameApplicationServi - Application scenes initialized
00:27:22.175 [FXGL Background Thread 1 ] DEBUG SystemBundleService  - Loading FXGL system data
00:27:22.180 [FXGL Background Thread 1 ] DEBUG FileSystemAccess     - Reading from: C:\Users\Lenovo\OneDrive - CUHK-Shenzhen\桌面\javaGame\system\fxgl.bundle
00:27:22.185 [FXGL Background Thread 1 ] DEBUG SystemBundleService  - Bundle FXGL: {}
00:27:22.185 [FXGL Background Thread 1 ] DEBUG UpdaterService       - Checking for updates
00:27:22.187 [FXGL Background Thread 4 ] DEBUG FXGLApplication      - Loading fonts
00:27:22.188 [FXGL Background Thread 1 ] DEBUG FXGLApplication      - Loading default localization
00:27:22.188 [FXGL Background Thread 4 ] DEBUG FXGLAssetLoaderServi - Loading from file system: jar:file:///C:/Users/Lenovo/.m2/repository/com/github/almasb/fxgl/17.2/fxgl-17.2.jar!/fxglassets/ui/fonts/VarelaRound-Regular.ttf
00:27:22.188 [FXGL Background Thread 1 ] DEBUG FXGLAssetLoaderServi - Loading from file system: jar:file:///C:/Users/Lenovo/.m2/repository/com/github/almasb/fxgl/17.2/fxgl-17.2.jar!/fxglassets/languages/english.lang
00:27:22.192 [FXGL Background Thread 4 ] DEBUG FXGLAssetLoaderServi - Loading from file system: jar:file:///C:/Users/Lenovo/.m2/repository/com/github/almasb/fxgl/17.2/fxgl-17.2.jar!/fxglassets/ui/fonts/Abel-Regular.ttf
00:27:22.195 [FXGL Background Thread 4 ] DEBUG FXGLAssetLoaderServi - Loading from file system: jar:file:///C:/Users/Lenovo/.m2/repository/com/github/almasb/fxgl/17.2/fxgl-17.2.jar!/fxglassets/ui/fonts/TerminalLandMono-Regular.otf
00:27:22.197 [FXGL Background Thread 4 ] DEBUG FXGLAssetLoaderServi - Loading from file system: jar:file:///C:/Users/Lenovo/.m2/repository/com/github/almasb/fxgl/17.2/fxgl-17.2.jar!/fxglassets/ui/fonts/Courier-Prime.ttf
00:27:22.202 [JavaFX Application Thread] DEBUG FXGLApplication      - Registering font factories with UI factory
00:27:22.202 [FXGL Background Thread 1 ] INFO  FXGLApplication      - FXGL initialization took: 0.307 sec
00:27:22.203 [JavaFX Application Thread] DEBUG FXGLAssetLoaderServi - Loading from file system: file:/C:/Users/Lenovo/OneDrive%20-%20CUHK-Shenzhen/桌面/javaGame/target/classes/assets/music/bg.mp3
00:27:22.477 [FXGL Background Thread 2 ] INFO  UpdaterService       - Your current version:  17.2
00:27:22.478 [FXGL Background Thread 2 ] INFO  UpdaterService       - Latest stable version: 17.3
00:27:22.658 [JavaFX Application Thread] DEBUG AudioPlayer          - Playing music com.almasb.fxgl.audio.Music@308c42a5
00:27:22.659 [JavaFX Application Thread] DEBUG FXGLAssetLoaderServi - Loading from file system: file:/C:/Users/Lenovo/OneDrive%20-%20CUHK-Shenzhen/桌面/javaGame/target/classes/assets/textures/Escape.png
00:27:22.665 [JavaFX Application Thread] DEBUG FXGLAssetLoaderServi - Loading from file system: jar:file:///C:/Users/Lenovo/.m2/repository/com/github/almasb/fxgl/17.2/fxgl-17.2.jar!/fxglassets/textures/fxgl_default_cursor.png
00:27:22.682 [JavaFX Application Thread] DEBUG Input                - Registered new binding: Screenshot - CTRL+8
00:27:22.683 [JavaFX Application Thread] DEBUG Input                - Registered new binding: System info dump - CTRL+9
00:27:22.683 [JavaFX Application Thread] DEBUG Input                - Registered new binding: Restart - CTRL+R
00:27:22.683 [JavaFX Application Thread] DEBUG Input                - Registered new binding: Toggle Debug Camera - CTRL+7
00:27:22.685 [JavaFX Application Thread] DEBUG LoopRunner           - Starting loop
00:27:22.685 [JavaFX Application Thread] DEBUG LoopRunner           - Initializing JavaFX AnimationTimerLoop
00:27:22.685 [JavaFX Application Thread] DEBUG GameApplicationServi - Starting new game
00:27:22.686 [JavaFX Application Thread] DEBUG Input                - Clearing active input actions
00:27:22.693 [JavaFX Application Thread] DEBUG GameApplicationServi - Removing overlay from FXGLStartupScene and adding to FXGLLoadingScene
00:27:22.694 [JavaFX Application Thread] DEBUG PrimaryStageWindow   - FXGLStartupScene -> FXGLLoadingScene
00:27:22.694 [JavaFX Application Thread] DEBUG GameApplicationServi - Clearing previous game
00:27:22.694 [JavaFX Application Thread] DEBUG GameScene            - Clearing game scene
00:27:22.694 [JavaFX Application Thread] DEBUG GameWorld            - Clearing game world
00:27:22.694 [JavaFX Application Thread] DEBUG PhysicsWorld         - Clearing physics world
00:27:22.695 [FXGL Background Thread 2 ] DEBUG FXGLApplication      - Initializing game
00:27:22.702 [FXGL Background Thread 2 ] DEBUG FXGLAssetLoaderServi - Loading from file system: file:/C:/Users/Lenovo/OneDrive%20-%20CUHK-Shenzhen/桌面/javaGame/target/classes/assets/textures/Background.jpg
00:27:22.713 [FXGL Background Thread 2 ] DEBUG FXGLAssetLoaderServi - Loading from file system: file:/C:/Users/Lenovo/OneDrive%20-%20CUHK-Shenzhen/桌面/javaGame/target/classes/assets/textures/ArrowR.png
00:27:22.723 [FXGL Background Thread 2 ] DEBUG FXGLAssetLoaderServi - Loading from file system: file:/C:/Users/Lenovo/OneDrive%20-%20CUHK-Shenzhen/桌面/javaGame/target/classes/assets/textures/Stage1/Stage1%20Door.png
00:27:22.745 [FXGL Background Thread 2 ] DEBUG FXGLAssetLoaderServi - Loading from file system: file:/C:/Users/Lenovo/OneDrive%20-%20CUHK-Shenzhen/桌面/javaGame/target/classes/assets/textures/Stage1/Stage1%20Curtain.png
00:27:22.760 [FXGL Background Thread 2 ] DEBUG FXGLAssetLoaderServi - Loading from file system: file:/C:/Users/Lenovo/OneDrive%20-%20CUHK-Shenzhen/桌面/javaGame/target/classes/assets/textures/Stage1/letter.png
00:27:22.769 [FXGL Background Thread 2 ] DEBUG FXGLAssetLoaderServi - Loading from file system: file:/C:/Users/Lenovo/OneDrive%20-%20CUHK-Shenzhen/桌面/javaGame/target/classes/assets/textures/s1.jpg
00:27:22.784 [FXGL Background Thread 2 ] INFO  FXGLApplication      - Game initialization took: 0.088 sec
00:27:22.798 [JavaFX Application Thread] DEBUG Input                - Clearing active input actions
00:27:22.803 [JavaFX Application Thread] DEBUG GameApplicationServi - Removing overlay from FXGLLoadingScene and adding to GameScene
00:27:22.803 [JavaFX Application Thread] DEBUG PrimaryStageWindow   - FXGLLoadingScene -> GameScene
00:27:23.305 [JavaFX Application Thread] DEBUG FXGLAssetLoaderServi - Loading from file system: file:/C:/Users/Lenovo/OneDrive%20-%20CUHK-Shenzhen/桌面/javaGame/target/classes/assets/textures/s2.jpg
00:27:23.465 [JavaFX Application Thread] DEBUG FXGLAssetLoaderServi - Loading from file system: file:/C:/Users/Lenovo/OneDrive%20-%20CUHK-Shenzhen/桌面/javaGame/target/classes/assets/textures/s3.jpg
00:27:24.200 [JavaFX Application Thread] DEBUG PrimaryStageWindow   - Push state: DialogSubScene
00:27:24.200 [JavaFX Application Thread] DEBUG Input                - Clearing active input actions
00:27:24.206 [JavaFX Application Thread] DEBUG GameApplicationServi - Removing overlay from GameScene and adding to DialogSubScene
00:27:24.206 [JavaFX Application Thread] DEBUG PrimaryStageWindow   - GameScene -> DialogSubScene
00:27:24.209 [JavaFX Application Thread] DEBUG FXGLAssetLoaderServi - Loading from file system: file:/C:/Users/Lenovo/OneDrive%20-%20CUHK-Shenzhen/桌面/javaGame/target/classes/assets/sounds/镜子布.wav
00:27:25.187 [FXGL Background Thread 3 ] DEBUG Engine               - Logging environment variables
00:27:25.188 [FXGL Background Thread 3 ] DEBUG Engine               - achievements: []
00:27:25.188 [FXGL Background Thread 3 ] DEBUG Engine               - actualHeight: 900.0
00:27:25.188 [FXGL Background Thread 3 ] DEBUG Engine               - actualHeightProperty: ReadOnlyDoubleProperty [value: 900.0]
00:27:25.188 [FXGL Background Thread 3 ] DEBUG Engine               - actualWidth: 900.0
00:27:25.188 [FXGL Background Thread 3 ] DEBUG Engine               - actualWidthProperty: ReadOnlyDoubleProperty [value: 900.0]
00:27:25.188 [FXGL Background Thread 3 ] DEBUG Engine               - appIcon: Escape.png
00:27:25.189 [FXGL Background Thread 3 ] DEBUG Engine               - applicationMode: DEVELOPER
00:27:25.189 [FXGL Background Thread 3 ] DEBUG Engine               - cSSList: [fxgl_dark.css]
00:27:25.189 [FXGL Background Thread 3 ] DEBUG Engine               - collisionDetectionStrategy: BRUTE_FORCE
00:27:25.189 [FXGL Background Thread 3 ] DEBUG Engine               - configClass: Optional.empty
00:27:25.189 [FXGL Background Thread 3 ] DEBUG Engine               - credits: []
00:27:25.189 [FXGL Background Thread 3 ] DEBUG Engine               - defaultCursor: CursorInfo(imageName=fxgl_default_cursor.png, hotspotX=7.0, hotspotY=6.0)
00:27:25.190 [FXGL Background Thread 3 ] DEBUG Engine               - devBBoxColorProperty: ObjectProperty [value: 0xff0000ff]
00:27:25.190 [FXGL Background Thread 3 ] DEBUG Engine               - devEnableDebugCameraProperty: BooleanProperty [value: false]
00:27:25.190 [FXGL Background Thread 3 ] DEBUG Engine               - devSensorColorProperty: ObjectProperty [value: 0xffff00ff]
00:27:25.190 [FXGL Background Thread 3 ] DEBUG Engine               - devShowBBoxProperty: BooleanProperty [value: false]
00:27:25.190 [FXGL Background Thread 3 ] DEBUG Engine               - devShowPositionProperty: BooleanProperty [value: false]
00:27:25.190 [FXGL Background Thread 3 ] DEBUG Engine               - enabledMenuItems: []
00:27:25.191 [FXGL Background Thread 3 ] DEBUG Engine               - engineServices: [class com.almasb.fxgl.app.services.FXGLAssetLoaderService, class com.almasb.fxgl.app.FXGLApplication$GameApplicationService, class com.almasb.fxgl.app.services.FXGLDialogService, class com.almasb.fxgl.app.services.IOTaskExecutorService, class com.almasb.fxgl.io.FileSystemService, class com.almasb.fxgl.localization.LocalizationService, class com.almasb.fxgl.app.services.SystemBundleService, class com.almasb.fxgl.profile.SaveLoadService, class com.almasb.fxgl.ui.FXGLUIFactoryServiceProvider, class com.almasb.fxgl.ui.FXGLDialogFactoryServiceProvider, class com.almasb.fxgl.audio.AudioPlayer, class com.almasb.fxgl.notification.impl.NotificationServiceProvider, class com.almasb.fxgl.achievement.AchievementService, class com.almasb.fxgl.cutscene.CutsceneService, class com.almasb.fxgl.minigames.MiniGameService, class com.almasb.fxgl.net.NetService, class com.almasb.fxgl.app.services.UpdaterService, class com.almasb.fxgl.dev.DevService]
00:27:25.191 [FXGL Background Thread 3 ] DEBUG Engine               - fontGame: Abel-Regular.ttf
00:27:25.191 [FXGL Background Thread 3 ] DEBUG Engine               - fontMono: TerminalLandMono-Regular.otf
00:27:25.191 [FXGL Background Thread 3 ] DEBUG Engine               - fontText: Courier-Prime.ttf
00:27:25.191 [FXGL Background Thread 3 ] DEBUG Engine               - fontUI: VarelaRound-Regular.ttf
00:27:25.191 [FXGL Background Thread 3 ] DEBUG Engine               - fullScreen: BooleanProperty [value: false]
00:27:25.191 [FXGL Background Thread 3 ] DEBUG Engine               - gameDifficulty: MEDIUM
00:27:25.192 [FXGL Background Thread 3 ] DEBUG Engine               - gameDifficultyProperty: ObjectProperty [value: MEDIUM]
00:27:25.192 [FXGL Background Thread 3 ] DEBUG Engine               - globalMusicVolume: 0.5
00:27:25.192 [FXGL Background Thread 3 ] DEBUG Engine               - globalMusicVolumeProperty: DoubleProperty [value: 0.05]
00:27:25.192 [FXGL Background Thread 3 ] DEBUG Engine               - globalSoundVolume: 0.5
00:27:25.192 [FXGL Background Thread 3 ] DEBUG Engine               - globalSoundVolumeProperty: DoubleProperty [value: 1.0]
00:27:25.192 [FXGL Background Thread 3 ] DEBUG Engine               - height: 900
00:27:25.192 [FXGL Background Thread 3 ] DEBUG Engine               - is3D: false
00:27:25.192 [FXGL Background Thread 3 ] DEBUG Engine               - isAndroid: false
00:27:25.192 [FXGL Background Thread 3 ] DEBUG Engine               - isBrowser: false
00:27:25.193 [FXGL Background Thread 3 ] DEBUG Engine               - isClickFeedbackEnabled: false
00:27:25.193 [FXGL Background Thread 3 ] DEBUG Engine               - isCloseConfirmation: false
00:27:25.193 [FXGL Background Thread 3 ] DEBUG Engine               - isDesktop: true
00:27:25.193 [FXGL Background Thread 3 ] DEBUG Engine               - isDeveloperMenuEnabled: false
00:27:25.193 [FXGL Background Thread 3 ] DEBUG Engine               - isEmbedded: false
00:27:25.193 [FXGL Background Thread 3 ] DEBUG Engine               - isEntityPreloadEnabled: true
00:27:25.193 [FXGL Background Thread 3 ] DEBUG Engine               - isExperimentalTiledLargeMap: false
00:27:25.194 [FXGL Background Thread 3 ] DEBUG Engine               - isFileSystemWriteAllowed: true
00:27:25.194 [FXGL Background Thread 3 ] DEBUG Engine               - isFullScreenAllowed: false
00:27:25.194 [FXGL Background Thread 3 ] DEBUG Engine               - isFullScreenFromStart: false
00:27:25.195 [FXGL Background Thread 3 ] DEBUG Engine               - isGameMenuEnabled: true
00:27:25.195 [FXGL Background Thread 3 ] DEBUG Engine               - isIOS: false
00:27:25.195 [FXGL Background Thread 3 ] DEBUG Engine               - isIntroEnabled: false
00:27:25.195 [FXGL Background Thread 3 ] DEBUG Engine               - isLinux: false
00:27:25.195 [FXGL Background Thread 3 ] DEBUG Engine               - isMac: false
00:27:25.195 [FXGL Background Thread 3 ] DEBUG Engine               - isMainMenuEnabled: false
00:27:25.195 [FXGL Background Thread 3 ] DEBUG Engine               - isManualResizeEnabled: false
00:27:25.195 [FXGL Background Thread 3 ] DEBUG Engine               - isMobile: false
00:27:25.195 [FXGL Background Thread 3 ] DEBUG Engine               - isNative: false
00:27:25.195 [FXGL Background Thread 3 ] DEBUG Engine               - isPauseMusicWhenMinimized: true
00:27:25.195 [FXGL Background Thread 3 ] DEBUG Engine               - isPreserveResizeRatio: false
00:27:25.195 [FXGL Background Thread 3 ] DEBUG Engine               - isProfilingEnabled: false
00:27:25.195 [FXGL Background Thread 3 ] DEBUG Engine               - isScaleAffectedOnResize: true
00:27:25.195 [FXGL Background Thread 3 ] DEBUG Engine               - isSingleStep: false
00:27:25.195 [FXGL Background Thread 3 ] DEBUG Engine               - isUserProfileEnabled: false
00:27:25.195 [FXGL Background Thread 3 ] DEBUG Engine               - isWindows: true
00:27:25.196 [FXGL Background Thread 3 ] DEBUG Engine               - language: ObjectProperty [value: ENGLISH]
00:27:25.196 [FXGL Background Thread 3 ] DEBUG Engine               - menuKey: ESCAPE
00:27:25.196 [FXGL Background Thread 3 ] DEBUG Engine               - mouseSensitivity: 0.2
00:27:25.196 [FXGL Background Thread 3 ] DEBUG Engine               - notificationViewClass: class com.almasb.fxgl.notification.view.XboxNotificationView
00:27:25.196 [FXGL Background Thread 3 ] DEBUG Engine               - pixelsPerMeter: 50.0
00:27:25.196 [FXGL Background Thread 3 ] DEBUG Engine               - platform: WINDOWS
00:27:25.196 [FXGL Background Thread 3 ] DEBUG Engine               - prefHeightProperty: ReadOnlyDoubleProperty [value: 900.0]
00:27:25.196 [FXGL Background Thread 3 ] DEBUG Engine               - prefWidthProperty: ReadOnlyDoubleProperty [value: 900.0]
00:27:25.196 [FXGL Background Thread 3 ] DEBUG Engine               - profileDir: profiles/
00:27:25.196 [FXGL Background Thread 3 ] DEBUG Engine               - profileName: StringProperty [value: DEFAULT]
00:27:25.196 [FXGL Background Thread 3 ] DEBUG Engine               - randomSeed: -1
00:27:25.196 [FXGL Background Thread 3 ] DEBUG Engine               - runtimeInfo: RuntimeInfo(platform=WINDOWS, version=17.2, build=20.08.2022 16.50)
00:27:25.196 [FXGL Background Thread 3 ] DEBUG Engine               - saveFileExt: sav
00:27:25.196 [FXGL Background Thread 3 ] DEBUG Engine               - scaledHeightProp$fxgl: DoubleProperty [bound, value: 900.0]
00:27:25.196 [FXGL Background Thread 3 ] DEBUG Engine               - scaledWidthProp$fxgl: DoubleProperty [bound, value: 900.0]
00:27:25.196 [FXGL Background Thread 3 ] DEBUG Engine               - sceneFactory: com.almasb.fxgl.app.scene.SceneFactory@24e57d0c
00:27:25.196 [FXGL Background Thread 3 ] DEBUG Engine               - secondsIn24h: 60
00:27:25.196 [FXGL Background Thread 3 ] DEBUG Engine               - soundMenuBack: menu/back.wav
00:27:25.196 [FXGL Background Thread 3 ] DEBUG Engine               - soundMenuPress: menu/press.wav
00:27:25.197 [FXGL Background Thread 3 ] DEBUG Engine               - soundMenuSelect: menu/select.wav
00:27:25.197 [FXGL Background Thread 3 ] DEBUG Engine               - soundNotification: core/notification.wav
00:27:25.197 [FXGL Background Thread 3 ] DEBUG Engine               - stageStyle: DECORATED
00:27:25.197 [FXGL Background Thread 3 ] DEBUG Engine               - supportedLanguages: [ENGLISH, FRENCH, GERMAN, HUNGARIAN, RUSSIAN]
00:27:25.197 [FXGL Background Thread 3 ] DEBUG Engine               - ticksPerSecond: -1
00:27:25.197 [FXGL Background Thread 3 ] DEBUG Engine               - title: Escape
00:27:25.197 [FXGL Background Thread 3 ] DEBUG Engine               - urlGithub: https://github.com/AlmasB/FXGL
00:27:25.197 [FXGL Background Thread 3 ] DEBUG Engine               - urlLeaderboard: http://fxgl-top.herokuapp.com/
00:27:25.197 [FXGL Background Thread 3 ] DEBUG Engine               - urlPOM: https://raw.githubusercontent.com/AlmasB/FXGL/release/README.md
00:27:25.197 [FXGL Background Thread 3 ] DEBUG Engine               - userAppClass: class com.Moonhalf.EscapeApp
00:27:25.197 [FXGL Background Thread 3 ] DEBUG Engine               - version: 0.1
00:27:25.197 [FXGL Background Thread 3 ] DEBUG Engine               - versionCheckDays: 7
00:27:25.197 [FXGL Background Thread 3 ] DEBUG Engine               - width: 900
00:27:25.197 [FXGL Background Thread 3 ] DEBUG Engine               - Logging services
00:27:25.197 [FXGL Background Thread 3 ] DEBUG Engine               - class com.almasb.fxgl.app.services.FXGLAssetLoaderService
00:27:25.197 [FXGL Background Thread 3 ] DEBUG Engine               - class com.almasb.fxgl.app.FXGLApplication$GameApplicationService
00:27:25.197 [FXGL Background Thread 3 ] DEBUG Engine               - class com.almasb.fxgl.app.services.FXGLDialogService
00:27:25.197 [FXGL Background Thread 3 ] DEBUG Engine               - class com.almasb.fxgl.app.services.IOTaskExecutorService
00:27:25.197 [FXGL Background Thread 3 ] DEBUG Engine               - class com.almasb.fxgl.io.FileSystemService
00:27:25.197 [FXGL Background Thread 3 ] DEBUG Engine               - class com.almasb.fxgl.localization.LocalizationService
00:27:25.197 [FXGL Background Thread 3 ] DEBUG Engine               - class com.almasb.fxgl.app.services.SystemBundleService
00:27:25.197 [FXGL Background Thread 3 ] DEBUG Engine               - class com.almasb.fxgl.profile.SaveLoadService
00:27:25.197 [FXGL Background Thread 3 ] DEBUG Engine               - class com.almasb.fxgl.ui.FXGLUIFactoryServiceProvider
00:27:25.197 [FXGL Background Thread 3 ] DEBUG Engine               - class com.almasb.fxgl.ui.FXGLDialogFactoryServiceProvider
00:27:25.197 [FXGL Background Thread 3 ] DEBUG Engine               - class com.almasb.fxgl.audio.AudioPlayer
00:27:25.197 [FXGL Background Thread 3 ] DEBUG Engine               - class com.almasb.fxgl.notification.impl.NotificationServiceProvider
00:27:25.197 [FXGL Background Thread 3 ] DEBUG Engine               - class com.almasb.fxgl.achievement.AchievementService
00:27:25.197 [FXGL Background Thread 3 ] DEBUG Engine               - class com.almasb.fxgl.cutscene.CutsceneService
00:27:25.197 [FXGL Background Thread 3 ] DEBUG Engine               - class com.almasb.fxgl.minigames.MiniGameService
00:27:25.197 [FXGL Background Thread 3 ] DEBUG Engine               - class com.almasb.fxgl.net.NetService
00:27:25.197 [FXGL Background Thread 3 ] DEBUG Engine               - class com.almasb.fxgl.app.services.UpdaterService
00:27:25.198 [FXGL Background Thread 3 ] DEBUG Engine               - class com.almasb.fxgl.dev.DevService
00:27:26.849 [JavaFX Application Thread] DEBUG PrimaryStageWindow   - Pop state: DialogSubScene
00:27:26.849 [JavaFX Application Thread] DEBUG Input                - Clearing active input actions
00:27:26.849 [JavaFX Application Thread] DEBUG GameApplicationServi - Removing overlay from DialogSubScene and adding to GameScene
00:27:26.849 [JavaFX Application Thread] DEBUG PrimaryStageWindow   - GameScene <- DialogSubScene
00:27:27.133 [JavaFX Application Thread] DEBUG PrimaryStageWindow   - Push state: DialogSubScene
00:27:27.133 [JavaFX Application Thread] DEBUG Input                - Clearing active input actions
00:27:27.133 [JavaFX Application Thread] DEBUG GameApplicationServi - Removing overlay from GameScene and adding to DialogSubScene
00:27:27.134 [JavaFX Application Thread] DEBUG PrimaryStageWindow   - GameScene -> DialogSubScene
00:27:29.171 [JavaFX Application Thread] DEBUG PrimaryStageWindow   - Pop state: DialogSubScene
00:27:29.171 [JavaFX Application Thread] DEBUG Input                - Clearing active input actions
00:27:29.171 [JavaFX Application Thread] DEBUG GameApplicationServi - Removing overlay from DialogSubScene and adding to GameScene
00:27:29.171 [JavaFX Application Thread] DEBUG PrimaryStageWindow   - GameScene <- DialogSubScene
00:27:29.933 [JavaFX Application Thread] DEBUG FXGLAssetLoaderServi - Loading from file system: file:/C:/Users/Lenovo/OneDrive%20-%20CUHK-Shenzhen/桌面/javaGame/target/classes/assets/sounds/箱子%20纸声.wav
00:27:29.936 [JavaFX Application Thread] DEBUG FXGLAssetLoaderServi - Loading from file system: file:/C:/Users/Lenovo/OneDrive%20-%20CUHK-Shenzhen/桌面/javaGame/target/classes/assets/textures/Stage1/letterbg.png
00:27:29.957 [JavaFX Application Thread] DEBUG FXGLAssetLoaderServi - Loading from file system: file:/C:/Users/Lenovo/OneDrive%20-%20CUHK-Shenzhen/桌面/javaGame/target/classes/assets/textures/Stage1/paper.jpg
00:27:29.961 [JavaFX Application Thread] DEBUG FXGLAssetLoaderServi - Loading from file system: file:/C:/Users/Lenovo/OneDrive%20-%20CUHK-Shenzhen/桌面/javaGame/target/classes/assets/textures/ArrowD.png
00:27:30.297 [JavaFX Application Thread] DEBUG PrimaryStageWindow   - Push state: DialogSubScene
00:27:30.297 [JavaFX Application Thread] DEBUG Input                - Clearing active input actions
00:27:30.297 [JavaFX Application Thread] DEBUG GameApplicationServi - Removing overlay from GameScene and adding to DialogSubScene
00:27:30.297 [JavaFX Application Thread] DEBUG PrimaryStageWindow   - GameScene -> DialogSubScene
00:27:32.319 [JavaFX Application Thread] DEBUG PrimaryStageWindow   - Pop state: DialogSubScene
00:27:32.319 [JavaFX Application Thread] DEBUG Input                - Clearing active input actions
00:27:32.319 [JavaFX Application Thread] DEBUG GameApplicationServi - Removing overlay from DialogSubScene and adding to GameScene
00:27:32.319 [JavaFX Application Thread] DEBUG PrimaryStageWindow   - GameScene <- DialogSubScene
00:27:33.687 [JavaFX Application Thread] DEBUG FXGLAssetLoaderServi - Loading from file system: file:/C:/Users/Lenovo/OneDrive%20-%20CUHK-Shenzhen/桌面/javaGame/target/classes/assets/textures/Stage2/Stage2%20Chair.png
00:27:33.695 [JavaFX Application Thread] DEBUG FXGLAssetLoaderServi - Loading from file system: file:/C:/Users/Lenovo/OneDrive%20-%20CUHK-Shenzhen/桌面/javaGame/target/classes/assets/textures/Stage2/Stage2%20Clock.png
00:27:33.698 [JavaFX Application Thread] DEBUG FXGLAssetLoaderServi - Loading from file system: file:/C:/Users/Lenovo/OneDrive%20-%20CUHK-Shenzhen/桌面/javaGame/target/classes/assets/textures/Stage2/Stage2%20Drawer.png
00:27:34.368 [JavaFX Application Thread] DEBUG FXGLAssetLoaderServi - Loading from file system: file:/C:/Users/Lenovo/OneDrive%20-%20CUHK-Shenzhen/桌面/javaGame/target/classes/assets/sounds/闹钟声.wav
00:27:34.371 [JavaFX Application Thread] DEBUG PrimaryStageWindow   - Push state: DialogSubScene
00:27:34.371 [JavaFX Application Thread] DEBUG Input                - Clearing active input actions
00:27:34.371 [JavaFX Application Thread] DEBUG GameApplicationServi - Removing overlay from GameScene and adding to DialogSubScene
00:27:34.371 [JavaFX Application Thread] DEBUG PrimaryStageWindow   - GameScene -> DialogSubScene
00:27:35.288 [JavaFX Application Thread] DEBUG PrimaryStageWindow   - Pop state: DialogSubScene
00:27:35.288 [JavaFX Application Thread] DEBUG Input                - Clearing active input actions
00:27:35.288 [JavaFX Application Thread] DEBUG GameApplicationServi - Removing overlay from DialogSubScene and adding to GameScene
00:27:35.288 [JavaFX Application Thread] DEBUG PrimaryStageWindow   - GameScene <- DialogSubScene
00:27:35.799 [JavaFX Application Thread] DEBUG FXGLAssetLoaderServi - Loading from file system: file:/C:/Users/Lenovo/OneDrive%20-%20CUHK-Shenzhen/桌面/javaGame/target/classes/assets/sounds/椅子.wav
00:27:35.801 [JavaFX Application Thread] DEBUG PrimaryStageWindow   - Push state: DialogSubScene
00:27:35.801 [JavaFX Application Thread] DEBUG Input                - Clearing active input actions
00:27:35.801 [JavaFX Application Thread] DEBUG GameApplicationServi - Removing overlay from GameScene and adding to DialogSubScene
00:27:35.801 [JavaFX Application Thread] DEBUG PrimaryStageWindow   - GameScene -> DialogSubScene
00:27:36.672 [JavaFX Application Thread] DEBUG PrimaryStageWindow   - Pop state: DialogSubScene
00:27:36.672 [JavaFX Application Thread] DEBUG Input                - Clearing active input actions
00:27:36.672 [JavaFX Application Thread] DEBUG GameApplicationServi - Removing overlay from DialogSubScene and adding to GameScene
00:27:36.672 [JavaFX Application Thread] DEBUG PrimaryStageWindow   - GameScene <- DialogSubScene
00:27:37.073 [JavaFX Application Thread] DEBUG FXGLAssetLoaderServi - Loading from file system: file:/C:/Users/Lenovo/OneDrive%20-%20CUHK-Shenzhen/桌面/javaGame/target/classes/assets/textures/Stage2/Drawer%20Click.jpg
00:27:37.081 [JavaFX Application Thread] DEBUG FXGLAssetLoaderServi - Loading from file system: file:/C:/Users/Lenovo/OneDrive%20-%20CUHK-Shenzhen/桌面/javaGame/target/classes/assets/textures/Stage2/D1.png
00:27:37.083 [JavaFX Application Thread] DEBUG FXGLAssetLoaderServi - Loading from file system: file:/C:/Users/Lenovo/OneDrive%20-%20CUHK-Shenzhen/桌面/javaGame/target/classes/assets/textures/Stage2/D2.png
00:27:37.085 [JavaFX Application Thread] DEBUG FXGLAssetLoaderServi - Loading from file system: file:/C:/Users/Lenovo/OneDrive%20-%20CUHK-Shenzhen/桌面/javaGame/target/classes/assets/textures/Stage2/D3.png
00:27:37.087 [JavaFX Application Thread] DEBUG FXGLAssetLoaderServi - Loading from file system: file:/C:/Users/Lenovo/OneDrive%20-%20CUHK-Shenzhen/桌面/javaGame/target/classes/assets/textures/Stage2/D4.png
00:27:37.596 [JavaFX Application Thread] DEBUG FXGLAssetLoaderServi - Loading from file system: file:/C:/Users/Lenovo/OneDrive%20-%20CUHK-Shenzhen/桌面/javaGame/target/classes/assets/sounds/柜子开.wav
00:27:37.601 [JavaFX Application Thread] DEBUG PrimaryStageWindow   - Push state: DialogSubScene
00:27:37.601 [JavaFX Application Thread] DEBUG Input                - Clearing active input actions
00:27:37.602 [JavaFX Application Thread] DEBUG GameApplicationServi - Removing overlay from GameScene and adding to DialogSubScene
00:27:37.602 [JavaFX Application Thread] DEBUG PrimaryStageWindow   - GameScene -> DialogSubScene
00:27:38.266 [JavaFX Application Thread] DEBUG PrimaryStageWindow   - Pop state: DialogSubScene
00:27:38.266 [JavaFX Application Thread] DEBUG Input                - Clearing active input actions
00:27:38.266 [JavaFX Application Thread] DEBUG GameApplicationServi - Removing overlay from DialogSubScene and adding to GameScene
00:27:38.267 [JavaFX Application Thread] DEBUG PrimaryStageWindow   - GameScene <- DialogSubScene
00:27:38.628 [JavaFX Application Thread] DEBUG PrimaryStageWindow   - Push state: DialogSubScene
00:27:38.628 [JavaFX Application Thread] DEBUG Input                - Clearing active input actions
00:27:38.629 [JavaFX Application Thread] DEBUG GameApplicationServi - Removing overlay from GameScene and adding to DialogSubScene
00:27:38.629 [JavaFX Application Thread] DEBUG PrimaryStageWindow   - GameScene -> DialogSubScene
00:27:39.417 [JavaFX Application Thread] DEBUG PrimaryStageWindow   - Pop state: DialogSubScene
00:27:39.417 [JavaFX Application Thread] DEBUG Input                - Clearing active input actions
00:27:39.417 [JavaFX Application Thread] DEBUG GameApplicationServi - Removing overlay from DialogSubScene and adding to GameScene
00:27:39.417 [JavaFX Application Thread] DEBUG PrimaryStageWindow   - GameScene <- DialogSubScene
00:27:40.234 [JavaFX Application Thread] DEBUG PrimaryStageWindow   - Push state: DialogSubScene
00:27:40.234 [JavaFX Application Thread] DEBUG Input                - Clearing active input actions
00:27:40.234 [JavaFX Application Thread] DEBUG GameApplicationServi - Removing overlay from GameScene and adding to DialogSubScene
00:27:40.234 [JavaFX Application Thread] DEBUG PrimaryStageWindow   - GameScene -> DialogSubScene
00:27:41.788 [JavaFX Application Thread] DEBUG PrimaryStageWindow   - Pop state: DialogSubScene
00:27:41.788 [JavaFX Application Thread] DEBUG Input                - Clearing active input actions
00:27:41.788 [JavaFX Application Thread] DEBUG GameApplicationServi - Removing overlay from DialogSubScene and adding to GameScene
00:27:41.788 [JavaFX Application Thread] DEBUG PrimaryStageWindow   - GameScene <- DialogSubScene
00:27:42.373 [JavaFX Application Thread] DEBUG PrimaryStageWindow   - Push state: DialogSubScene
00:27:42.373 [JavaFX Application Thread] DEBUG Input                - Clearing active input actions
00:27:42.374 [JavaFX Application Thread] DEBUG GameApplicationServi - Removing overlay from GameScene and adding to DialogSubScene
00:27:42.374 [JavaFX Application Thread] DEBUG PrimaryStageWindow   - GameScene -> DialogSubScene
00:27:43.901 [JavaFX Application Thread] DEBUG PrimaryStageWindow   - Pop state: DialogSubScene
00:27:43.901 [JavaFX Application Thread] DEBUG Input                - Clearing active input actions
00:27:43.901 [JavaFX Application Thread] DEBUG GameApplicationServi - Removing overlay from DialogSubScene and adding to GameScene
00:27:43.901 [JavaFX Application Thread] DEBUG PrimaryStageWindow   - GameScene <- DialogSubScene
00:27:45.442 [JavaFX Application Thread] DEBUG FXGLAssetLoaderServi - Loading from file system: file:/C:/Users/Lenovo/OneDrive%20-%20CUHK-Shenzhen/桌面/javaGame/target/classes/assets/textures/Stage3/Stage3%20Mirror.png
00:27:45.448 [JavaFX Application Thread] DEBUG FXGLAssetLoaderServi - Loading from file system: file:/C:/Users/Lenovo/OneDrive%20-%20CUHK-Shenzhen/桌面/javaGame/target/classes/assets/textures/Stage3/Stage3%20Tap.png
00:27:45.453 [JavaFX Application Thread] DEBUG FXGLAssetLoaderServi - Loading from file system: file:/C:/Users/Lenovo/OneDrive%20-%20CUHK-Shenzhen/桌面/javaGame/target/classes/assets/textures/Stage3/guahua.png
00:27:45.460 [JavaFX Application Thread] DEBUG FXGLAssetLoaderServi - Loading from file system: file:/C:/Users/Lenovo/OneDrive%20-%20CUHK-Shenzhen/桌面/javaGame/target/classes/assets/textures/Stage3/yugang.png
00:27:45.464 [JavaFX Application Thread] DEBUG FXGLAssetLoaderServi - Loading from file system: file:/C:/Users/Lenovo/OneDrive%20-%20CUHK-Shenzhen/桌面/javaGame/target/classes/assets/textures/Stage3/guizi.png
00:27:46.219 [JavaFX Application Thread] DEBUG FXGLAssetLoaderServi - Loading from file system: file:/C:/Users/Lenovo/OneDrive%20-%20CUHK-Shenzhen/桌面/javaGame/target/classes/assets/textures/Stage3/guahuac1.png
00:27:46.848 [JavaFX Application Thread] DEBUG PrimaryStageWindow   - Push state: DialogSubScene
00:27:46.848 [JavaFX Application Thread] DEBUG Input                - Clearing active input actions
00:27:46.848 [JavaFX Application Thread] DEBUG GameApplicationServi - Removing overlay from GameScene and adding to DialogSubScene
00:27:46.848 [JavaFX Application Thread] DEBUG PrimaryStageWindow   - GameScene -> DialogSubScene
00:27:46.849 [JavaFX Application Thread] DEBUG FXGLAssetLoaderServi - Loading from file system: file:/C:/Users/Lenovo/OneDrive%20-%20CUHK-Shenzhen/桌面/javaGame/target/classes/assets/sounds/挂画.wav
00:27:46.853 [JavaFX Application Thread] DEBUG FXGLAssetLoaderServi - Loading from file system: file:/C:/Users/Lenovo/OneDrive%20-%20CUHK-Shenzhen/桌面/javaGame/target/classes/assets/textures/Stage3/guahuac2.png
00:27:46.862 [JavaFX Application Thread] DEBUG FXGLAssetLoaderServi - Loading from file system: file:/C:/Users/Lenovo/OneDrive%20-%20CUHK-Shenzhen/桌面/javaGame/target/classes/assets/textures/Stage1/DY.png
00:27:46.898 [JavaFX Application Thread] DEBUG FXGLAssetLoaderServi - Loading from file system: file:/C:/Users/Lenovo/OneDrive%20-%20CUHK-Shenzhen/桌面/javaGame/target/classes/assets/textures/Stage1/DG.png
00:27:46.916 [JavaFX Application Thread] DEBUG FXGLAssetLoaderServi - Loading from file system: file:/C:/Users/Lenovo/OneDrive%20-%20CUHK-Shenzhen/桌面/javaGame/target/classes/assets/textures/Stage1/DR.png
00:27:48.568 [JavaFX Application Thread] DEBUG PrimaryStageWindow   - Pop state: DialogSubScene
00:27:48.568 [JavaFX Application Thread] DEBUG Input                - Clearing active input actions
00:27:48.568 [JavaFX Application Thread] DEBUG GameApplicationServi - Removing overlay from DialogSubScene and adding to GameScene
00:27:48.568 [JavaFX Application Thread] DEBUG PrimaryStageWindow   - GameScene <- DialogSubScene
00:27:49.322 [JavaFX Application Thread] DEBUG PrimaryStageWindow   - Push state: DialogSubScene
00:27:49.323 [JavaFX Application Thread] DEBUG Input                - Clearing active input actions
00:27:49.323 [JavaFX Application Thread] DEBUG GameApplicationServi - Removing overlay from GameScene and adding to DialogSubScene
00:27:49.323 [JavaFX Application Thread] DEBUG PrimaryStageWindow   - GameScene -> DialogSubScene
00:27:50.119 [JavaFX Application Thread] DEBUG PrimaryStageWindow   - Pop state: DialogSubScene
00:27:50.119 [JavaFX Application Thread] DEBUG Input                - Clearing active input actions
00:27:50.119 [JavaFX Application Thread] DEBUG GameApplicationServi - Removing overlay from DialogSubScene and adding to GameScene
00:27:50.119 [JavaFX Application Thread] DEBUG PrimaryStageWindow   - GameScene <- DialogSubScene
00:27:53.473 [JavaFX Application Thread] DEBUG FXGLAssetLoaderServi - Loading from file system: file:/C:/Users/Lenovo/OneDrive%20-%20CUHK-Shenzhen/桌面/javaGame/target/classes/assets/sounds/钥匙声.wav
00:27:53.476 [JavaFX Application Thread] DEBUG PrimaryStageWindow   - Push state: DialogSubScene
00:27:53.476 [JavaFX Application Thread] DEBUG Input                - Clearing active input actions
00:27:53.476 [JavaFX Application Thread] DEBUG GameApplicationServi - Removing overlay from GameScene and adding to DialogSubScene
00:27:53.477 [JavaFX Application Thread] DEBUG PrimaryStageWindow   - GameScene -> DialogSubScene
00:27:54.904 [JavaFX Application Thread] DEBUG PrimaryStageWindow   - Pop state: DialogSubScene
00:27:54.904 [JavaFX Application Thread] DEBUG Input                - Clearing active input actions
00:27:54.904 [JavaFX Application Thread] DEBUG GameApplicationServi - Removing overlay from DialogSubScene and adding to GameScene
00:27:54.904 [JavaFX Application Thread] DEBUG PrimaryStageWindow   - GameScene <- DialogSubScene
00:27:55.559 [JavaFX Application Thread] DEBUG PrimaryStageWindow   - Push state: DialogSubScene
00:27:55.560 [JavaFX Application Thread] DEBUG Input                - Clearing active input actions
00:27:55.560 [JavaFX Application Thread] DEBUG GameApplicationServi - Removing overlay from GameScene and adding to DialogSubScene
00:27:55.560 [JavaFX Application Thread] DEBUG PrimaryStageWindow   - GameScene -> DialogSubScene
00:27:56.536 [JavaFX Application Thread] DEBUG PrimaryStageWindow   - Pop state: DialogSubScene
00:27:56.536 [JavaFX Application Thread] DEBUG Input                - Clearing active input actions
00:27:56.537 [JavaFX Application Thread] DEBUG GameApplicationServi - Removing overlay from DialogSubScene and adding to GameScene
00:27:56.537 [JavaFX Application Thread] DEBUG PrimaryStageWindow   - GameScene <- DialogSubScene
00:27:57.953 [JavaFX Application Thread] DEBUG PrimaryStageWindow   - Push state: DialogSubScene
00:27:57.953 [JavaFX Application Thread] DEBUG Input                - Clearing active input actions
00:27:57.953 [JavaFX Application Thread] DEBUG GameApplicationServi - Removing overlay from GameScene and adding to DialogSubScene
00:27:57.953 [JavaFX Application Thread] DEBUG PrimaryStageWindow   - GameScene -> DialogSubScene
00:27:59.415 [JavaFX Application Thread] DEBUG PrimaryStageWindow   - Pop state: DialogSubScene
00:27:59.415 [JavaFX Application Thread] DEBUG Input                - Clearing active input actions
00:27:59.415 [JavaFX Application Thread] DEBUG GameApplicationServi - Removing overlay from DialogSubScene and adding to GameScene
00:27:59.415 [JavaFX Application Thread] DEBUG PrimaryStageWindow   - GameScene <- DialogSubScene
00:28:04.971 [JavaFX Application Thread] DEBUG PrimaryStageWindow   - Push state: DialogSubScene
00:28:04.971 [JavaFX Application Thread] DEBUG Input                - Clearing active input actions
00:28:04.971 [JavaFX Application Thread] DEBUG GameApplicationServi - Removing overlay from GameScene and adding to DialogSubScene
00:28:04.971 [JavaFX Application Thread] DEBUG PrimaryStageWindow   - GameScene -> DialogSubScene
00:28:05.374 [JavaFX Application Thread] DEBUG PrimaryStageWindow   - Pop state: DialogSubScene
00:28:05.374 [JavaFX Application Thread] DEBUG Input                - Clearing active input actions
00:28:05.375 [JavaFX Application Thread] DEBUG GameApplicationServi - Removing overlay from DialogSubScene and adding to GameScene
00:28:05.375 [JavaFX Application Thread] DEBUG PrimaryStageWindow   - GameScene <- DialogSubScene
00:28:05.827 [JavaFX Application Thread] DEBUG PrimaryStageWindow   - Push state: DialogSubScene
00:28:05.828 [JavaFX Application Thread] DEBUG Input                - Clearing active input actions
00:28:05.828 [JavaFX Application Thread] DEBUG GameApplicationServi - Removing overlay from GameScene and adding to DialogSubScene
00:28:05.828 [JavaFX Application Thread] DEBUG PrimaryStageWindow   - GameScene -> DialogSubScene
00:28:06.175 [JavaFX Application Thread] DEBUG PrimaryStageWindow   - Pop state: DialogSubScene
00:28:06.175 [JavaFX Application Thread] DEBUG Input                - Clearing active input actions
00:28:06.175 [JavaFX Application Thread] DEBUG GameApplicationServi - Removing overlay from DialogSubScene and adding to GameScene
00:28:06.175 [JavaFX Application Thread] DEBUG PrimaryStageWindow   - GameScene <- DialogSubScene
00:28:07.416 [JavaFX Application Thread] DEBUG FXGLAssetLoaderServi - Loading from file system: file:/C:/Users/Lenovo/OneDrive%20-%20CUHK-Shenzhen/桌面/javaGame/target/classes/assets/sounds/鱼缸.wav
00:28:07.419 [JavaFX Application Thread] DEBUG FXGLAssetLoaderServi - Loading from file system: file:/C:/Users/Lenovo/OneDrive%20-%20CUHK-Shenzhen/桌面/javaGame/target/classes/assets/textures/Stage3/yugangc.jpg
00:28:07.777 [JavaFX Application Thread] DEBUG PrimaryStageWindow   - Push state: DialogSubScene
00:28:07.778 [JavaFX Application Thread] DEBUG Input                - Clearing active input actions
00:28:07.778 [JavaFX Application Thread] DEBUG GameApplicationServi - Removing overlay from GameScene and adding to DialogSubScene
00:28:07.778 [JavaFX Application Thread] DEBUG PrimaryStageWindow   - GameScene -> DialogSubScene
00:28:11.530 [JavaFX Application Thread] DEBUG PrimaryStageWindow   - Pop state: DialogSubScene
00:28:11.532 [JavaFX Application Thread] DEBUG Input                - Clearing active input actions
00:28:11.532 [JavaFX Application Thread] DEBUG GameApplicationServi - Removing overlay from DialogSubScene and adding to GameScene
00:28:11.532 [JavaFX Application Thread] DEBUG PrimaryStageWindow   - GameScene <- DialogSubScene
00:28:11.951 [JavaFX Application Thread] DEBUG PrimaryStageWindow   - Push state: DialogSubScene
00:28:11.951 [JavaFX Application Thread] DEBUG Input                - Clearing active input actions
00:28:11.951 [JavaFX Application Thread] DEBUG GameApplicationServi - Removing overlay from GameScene and adding to DialogSubScene
00:28:11.951 [JavaFX Application Thread] DEBUG PrimaryStageWindow   - GameScene -> DialogSubScene
00:28:13.221 [JavaFX Application Thread] DEBUG PrimaryStageWindow   - Pop state: DialogSubScene
00:28:13.221 [JavaFX Application Thread] DEBUG Input                - Clearing active input actions
00:28:13.223 [JavaFX Application Thread] DEBUG GameApplicationServi - Removing overlay from DialogSubScene and adding to GameScene
00:28:13.223 [JavaFX Application Thread] DEBUG PrimaryStageWindow   - GameScene <- DialogSubScene
00:28:14.189 [JavaFX Application Thread] DEBUG FXGLAssetLoaderServi - Loading from file system: file:/C:/Users/Lenovo/OneDrive%20-%20CUHK-Shenzhen/桌面/javaGame/target/classes/assets/textures/Stage3/guizic1.jpg
00:28:14.198 [JavaFX Application Thread] DEBUG FXGLAssetLoaderServi - Loading from file system: file:/C:/Users/Lenovo/OneDrive%20-%20CUHK-Shenzhen/桌面/javaGame/target/classes/assets/textures/Stage3/chouti.png
00:28:14.200 [JavaFX Application Thread] DEBUG FXGLAssetLoaderServi - Loading from file system: file:/C:/Users/Lenovo/OneDrive%20-%20CUHK-Shenzhen/桌面/javaGame/target/classes/assets/textures/Stage3/yinfu/Do.png
00:28:14.201 [JavaFX Application Thread] DEBUG FXGLAssetLoaderServi - Loading from file system: file:/C:/Users/Lenovo/OneDrive%20-%20CUHK-Shenzhen/桌面/javaGame/target/classes/assets/textures/Stage3/yinfu/Re.png
00:28:14.202 [JavaFX Application Thread] DEBUG FXGLAssetLoaderServi - Loading from file system: file:/C:/Users/Lenovo/OneDrive%20-%20CUHK-Shenzhen/桌面/javaGame/target/classes/assets/textures/Stage3/yinfu/Mi.png
00:28:14.203 [JavaFX Application Thread] DEBUG FXGLAssetLoaderServi - Loading from file system: file:/C:/Users/Lenovo/OneDrive%20-%20CUHK-Shenzhen/桌面/javaGame/target/classes/assets/textures/Stage3/yinfu/Fa.png
00:28:14.204 [JavaFX Application Thread] DEBUG FXGLAssetLoaderServi - Loading from file system: file:/C:/Users/Lenovo/OneDrive%20-%20CUHK-Shenzhen/桌面/javaGame/target/classes/assets/textures/Stage3/yinfu/So.png
00:28:14.206 [JavaFX Application Thread] DEBUG FXGLAssetLoaderServi - Loading from file system: file:/C:/Users/Lenovo/OneDrive%20-%20CUHK-Shenzhen/桌面/javaGame/target/classes/assets/textures/Stage3/yinfu/La.png
00:28:14.208 [JavaFX Application Thread] DEBUG FXGLAssetLoaderServi - Loading from file system: file:/C:/Users/Lenovo/OneDrive%20-%20CUHK-Shenzhen/桌面/javaGame/target/classes/assets/textures/Stage3/yinfu/Ti.png
00:28:14.209 [JavaFX Application Thread] DEBUG FXGLAssetLoaderServi - Loading from file system: file:/C:/Users/Lenovo/OneDrive%20-%20CUHK-Shenzhen/桌面/javaGame/target/classes/assets/textures/Stage3/yinfu/Do1.png
00:28:14.210 [JavaFX Application Thread] DEBUG FXGLAssetLoaderServi - Loading from file system: file:/C:/Users/Lenovo/OneDrive%20-%20CUHK-Shenzhen/桌面/javaGame/target/classes/assets/textures/Stage3/yinfu/Re1.png
00:28:14.211 [JavaFX Application Thread] DEBUG FXGLAssetLoaderServi - Loading from file system: file:/C:/Users/Lenovo/OneDrive%20-%20CUHK-Shenzhen/桌面/javaGame/target/classes/assets/textures/Stage3/yinfu/Mi1.png
00:28:14.212 [JavaFX Application Thread] DEBUG FXGLAssetLoaderServi - Loading from file system: file:/C:/Users/Lenovo/OneDrive%20-%20CUHK-Shenzhen/桌面/javaGame/target/classes/assets/textures/Stage3/yinfu/Fa1.png
00:28:14.213 [JavaFX Application Thread] DEBUG FXGLAssetLoaderServi - Loading from file system: file:/C:/Users/Lenovo/OneDrive%20-%20CUHK-Shenzhen/桌面/javaGame/target/classes/assets/textures/Stage3/yinfu/So1.png
00:28:15.455 [JavaFX Application Thread] DEBUG FXGLAssetLoaderServi - Loading from file system: file:/C:/Users/Lenovo/OneDrive%20-%20CUHK-Shenzhen/桌面/javaGame/target/classes/assets/sounds/Fa.wav
00:28:15.757 [JavaFX Application Thread] DEBUG FXGLAssetLoaderServi - Loading from file system: file:/C:/Users/Lenovo/OneDrive%20-%20CUHK-Shenzhen/桌面/javaGame/target/classes/assets/sounds/Mi.wav
00:28:16.041 [JavaFX Application Thread] DEBUG PrimaryStageWindow   - Push state: DialogSubScene
00:28:16.043 [JavaFX Application Thread] DEBUG Input                - Clearing active input actions
00:28:16.043 [JavaFX Application Thread] DEBUG GameApplicationServi - Removing overlay from GameScene and adding to DialogSubScene
00:28:16.043 [JavaFX Application Thread] DEBUG PrimaryStageWindow   - GameScene -> DialogSubScene
00:28:18.199 [JavaFX Application Thread] DEBUG PrimaryStageWindow   - Pop state: DialogSubScene
00:28:18.199 [JavaFX Application Thread] DEBUG Input                - Clearing active input actions
00:28:18.199 [JavaFX Application Thread] DEBUG GameApplicationServi - Removing overlay from DialogSubScene and adding to GameScene
00:28:18.199 [JavaFX Application Thread] DEBUG PrimaryStageWindow   - GameScene <- DialogSubScene
00:28:19.433 [JavaFX Application Thread] DEBUG FXGLAssetLoaderServi - Loading from file system: file:/C:/Users/Lenovo/OneDrive%20-%20CUHK-Shenzhen/桌面/javaGame/target/classes/assets/textures/Stage3/Stage3%20Tap1.png
00:28:19.774 [JavaFX Application Thread] DEBUG FXGLAssetLoaderServi - Loading from file system: file:/C:/Users/Lenovo/OneDrive%20-%20CUHK-Shenzhen/桌面/javaGame/target/classes/assets/textures/Stage3/Stage3%20Tap2.png
00:28:20.014 [JavaFX Application Thread] DEBUG PrimaryStageWindow   - Push state: DialogSubScene
00:28:20.014 [JavaFX Application Thread] DEBUG Input                - Clearing active input actions
00:28:20.014 [JavaFX Application Thread] DEBUG GameApplicationServi - Removing overlay from GameScene and adding to DialogSubScene
00:28:20.014 [JavaFX Application Thread] DEBUG PrimaryStageWindow   - GameScene -> DialogSubScene
00:28:21.136 [JavaFX Application Thread] DEBUG PrimaryStageWindow   - Pop state: DialogSubScene
00:28:21.136 [JavaFX Application Thread] DEBUG Input                - Clearing active input actions
00:28:21.136 [JavaFX Application Thread] DEBUG GameApplicationServi - Removing overlay from DialogSubScene and adding to GameScene
00:28:21.136 [JavaFX Application Thread] DEBUG PrimaryStageWindow   - GameScene <- DialogSubScene
00:28:21.473 [JavaFX Application Thread] DEBUG PrimaryStageWindow   - Push state: DialogSubScene
00:28:21.473 [JavaFX Application Thread] DEBUG Input                - Clearing active input actions
00:28:21.473 [JavaFX Application Thread] DEBUG GameApplicationServi - Removing overlay from GameScene and adding to DialogSubScene
00:28:21.473 [JavaFX Application Thread] DEBUG PrimaryStageWindow   - GameScene -> DialogSubScene
00:28:22.026 [JavaFX Application Thread] DEBUG PrimaryStageWindow   - Pop state: DialogSubScene
00:28:22.026 [JavaFX Application Thread] DEBUG Input                - Clearing active input actions
00:28:22.026 [JavaFX Application Thread] DEBUG GameApplicationServi - Removing overlay from DialogSubScene and adding to GameScene
00:28:22.026 [JavaFX Application Thread] DEBUG PrimaryStageWindow   - GameScene <- DialogSubScene
00:28:22.853 [JavaFX Application Thread] DEBUG PrimaryStageWindow   - Push state: DialogSubScene
00:28:22.853 [JavaFX Application Thread] DEBUG Input                - Clearing active input actions
00:28:22.853 [JavaFX Application Thread] DEBUG GameApplicationServi - Removing overlay from GameScene and adding to DialogSubScene
00:28:22.853 [JavaFX Application Thread] DEBUG PrimaryStageWindow   - GameScene -> DialogSubScene
00:28:23.385 [JavaFX Application Thread] DEBUG PrimaryStageWindow   - Pop state: DialogSubScene
00:28:23.385 [JavaFX Application Thread] DEBUG Input                - Clearing active input actions
00:28:23.385 [JavaFX Application Thread] DEBUG GameApplicationServi - Removing overlay from DialogSubScene and adding to GameScene
00:28:23.385 [JavaFX Application Thread] DEBUG PrimaryStageWindow   - GameScene <- DialogSubScene
00:28:26.080 [JavaFX Application Thread] DEBUG PrimaryStageWindow   - Push state: DialogSubScene
00:28:26.081 [JavaFX Application Thread] DEBUG Input                - Clearing active input actions
00:28:26.081 [JavaFX Application Thread] DEBUG GameApplicationServi - Removing overlay from GameScene and adding to DialogSubScene
00:28:26.081 [JavaFX Application Thread] DEBUG PrimaryStageWindow   - GameScene -> DialogSubScene
00:28:26.690 [JavaFX Application Thread] DEBUG PrimaryStageWindow   - Pop state: DialogSubScene
00:28:26.690 [JavaFX Application Thread] DEBUG Input                - Clearing active input actions
00:28:26.691 [JavaFX Application Thread] DEBUG GameApplicationServi - Removing overlay from DialogSubScene and adding to GameScene
00:28:26.691 [JavaFX Application Thread] DEBUG PrimaryStageWindow   - GameScene <- DialogSubScene
00:28:27.021 [JavaFX Application Thread] DEBUG PrimaryStageWindow   - Push state: DialogSubScene
00:28:27.021 [JavaFX Application Thread] DEBUG Input                - Clearing active input actions
00:28:27.021 [JavaFX Application Thread] DEBUG GameApplicationServi - Removing overlay from GameScene and adding to DialogSubScene
00:28:27.021 [JavaFX Application Thread] DEBUG PrimaryStageWindow   - GameScene -> DialogSubScene
00:28:27.340 [JavaFX Application Thread] DEBUG PrimaryStageWindow   - Pop state: DialogSubScene
00:28:27.340 [JavaFX Application Thread] DEBUG Input                - Clearing active input actions
00:28:27.341 [JavaFX Application Thread] DEBUG GameApplicationServi - Removing overlay from DialogSubScene and adding to GameScene
00:28:27.341 [JavaFX Application Thread] DEBUG PrimaryStageWindow   - GameScene <- DialogSubScene
00:28:27.645 [JavaFX Application Thread] DEBUG PrimaryStageWindow   - Push state: DialogSubScene
00:28:27.645 [JavaFX Application Thread] DEBUG Input                - Clearing active input actions
00:28:27.646 [JavaFX Application Thread] DEBUG GameApplicationServi - Removing overlay from GameScene and adding to DialogSubScene
00:28:27.646 [JavaFX Application Thread] DEBUG PrimaryStageWindow   - GameScene -> DialogSubScene
00:28:27.939 [JavaFX Application Thread] DEBUG PrimaryStageWindow   - Pop state: DialogSubScene
00:28:27.939 [JavaFX Application Thread] DEBUG Input                - Clearing active input actions
00:28:27.939 [JavaFX Application Thread] DEBUG GameApplicationServi - Removing overlay from DialogSubScene and adding to GameScene
00:28:27.940 [JavaFX Application Thread] DEBUG PrimaryStageWindow   - GameScene <- DialogSubScene
00:28:28.245 [JavaFX Application Thread] DEBUG PrimaryStageWindow   - Push state: DialogSubScene
00:28:28.245 [JavaFX Application Thread] DEBUG Input                - Clearing active input actions
00:28:28.245 [JavaFX Application Thread] DEBUG GameApplicationServi - Removing overlay from GameScene and adding to DialogSubScene
00:28:28.245 [JavaFX Application Thread] DEBUG PrimaryStageWindow   - GameScene -> DialogSubScene
00:28:28.540 [JavaFX Application Thread] DEBUG PrimaryStageWindow   - Pop state: DialogSubScene
00:28:28.540 [JavaFX Application Thread] DEBUG Input                - Clearing active input actions
00:28:28.540 [JavaFX Application Thread] DEBUG GameApplicationServi - Removing overlay from DialogSubScene and adding to GameScene
00:28:28.541 [JavaFX Application Thread] DEBUG PrimaryStageWindow   - GameScene <- DialogSubScene
00:28:28.823 [JavaFX Application Thread] DEBUG PrimaryStageWindow   - Push state: DialogSubScene
00:28:28.823 [JavaFX Application Thread] DEBUG Input                - Clearing active input actions
00:28:28.823 [JavaFX Application Thread] DEBUG GameApplicationServi - Removing overlay from GameScene and adding to DialogSubScene
00:28:28.823 [JavaFX Application Thread] DEBUG PrimaryStageWindow   - GameScene -> DialogSubScene
00:28:29.126 [JavaFX Application Thread] DEBUG PrimaryStageWindow   - Pop state: DialogSubScene
00:28:29.126 [JavaFX Application Thread] DEBUG Input                - Clearing active input actions
00:28:29.126 [JavaFX Application Thread] DEBUG GameApplicationServi - Removing overlay from DialogSubScene and adding to GameScene
00:28:29.126 [JavaFX Application Thread] DEBUG PrimaryStageWindow   - GameScene <- DialogSubScene
00:28:29.408 [JavaFX Application Thread] DEBUG PrimaryStageWindow   - Push state: DialogSubScene
00:28:29.408 [JavaFX Application Thread] DEBUG Input                - Clearing active input actions
00:28:29.408 [JavaFX Application Thread] DEBUG GameApplicationServi - Removing overlay from GameScene and adding to DialogSubScene
00:28:29.408 [JavaFX Application Thread] DEBUG PrimaryStageWindow   - GameScene -> DialogSubScene
00:28:29.652 [JavaFX Application Thread] DEBUG PrimaryStageWindow   - Pop state: DialogSubScene
00:28:29.652 [JavaFX Application Thread] DEBUG Input                - Clearing active input actions
00:28:29.652 [JavaFX Application Thread] DEBUG GameApplicationServi - Removing overlay from DialogSubScene and adding to GameScene
00:28:29.652 [JavaFX Application Thread] DEBUG PrimaryStageWindow   - GameScene <- DialogSubScene
00:28:30.246 [JavaFX Application Thread] DEBUG FXGLAssetLoaderServi - Loading from file system: file:/C:/Users/Lenovo/OneDrive%20-%20CUHK-Shenzhen/桌面/javaGame/target/classes/assets/textures/Stage4/Stage4%20Bed.png
00:28:30.269 [JavaFX Application Thread] DEBUG FXGLAssetLoaderServi - Loading from file system: file:/C:/Users/Lenovo/OneDrive%20-%20CUHK-Shenzhen/桌面/javaGame/target/classes/assets/textures/Stage4/Stage4%20Box.png
00:28:30.275 [JavaFX Application Thread] DEBUG FXGLAssetLoaderServi - Loading from file system: file:/C:/Users/Lenovo/OneDrive%20-%20CUHK-Shenzhen/桌面/javaGame/target/classes/assets/textures/Stage4/Stage4%20Clock.png
00:28:31.365 [JavaFX Application Thread] DEBUG FXGLAssetLoaderServi - Loading from file system: file:/C:/Users/Lenovo/OneDrive%20-%20CUHK-Shenzhen/桌面/javaGame/target/classes/assets/textures/Stage4/C0.png
00:28:31.704 [JavaFX Application Thread] DEBUG FXGLAssetLoaderServi - Loading from file system: file:/C:/Users/Lenovo/OneDrive%20-%20CUHK-Shenzhen/桌面/javaGame/target/classes/assets/sounds/调钟表.wav
00:28:31.707 [JavaFX Application Thread] DEBUG FXGLAssetLoaderServi - Loading from file system: file:/C:/Users/Lenovo/OneDrive%20-%20CUHK-Shenzhen/桌面/javaGame/target/classes/assets/textures/Stage4/C1.png
00:28:32.422 [JavaFX Application Thread] DEBUG FXGLAssetLoaderServi - Loading from file system: file:/C:/Users/Lenovo/OneDrive%20-%20CUHK-Shenzhen/桌面/javaGame/target/classes/assets/textures/Stage4/C2.png
00:28:32.531 [JavaFX Application Thread] DEBUG FXGLAssetLoaderServi - Loading from file system: file:/C:/Users/Lenovo/OneDrive%20-%20CUHK-Shenzhen/桌面/javaGame/target/classes/assets/textures/Stage4/C3.png
00:28:32.656 [JavaFX Application Thread] DEBUG FXGLAssetLoaderServi - Loading from file system: file:/C:/Users/Lenovo/OneDrive%20-%20CUHK-Shenzhen/桌面/javaGame/target/classes/assets/textures/Stage4/C4.png
00:28:32.896 [JavaFX Application Thread] DEBUG FXGLAssetLoaderServi - Loading from file system: file:/C:/Users/Lenovo/OneDrive%20-%20CUHK-Shenzhen/桌面/javaGame/target/classes/assets/textures/Stage4/C5.png
00:28:33.156 [JavaFX Application Thread] DEBUG FXGLAssetLoaderServi - Loading from file system: file:/C:/Users/Lenovo/OneDrive%20-%20CUHK-Shenzhen/桌面/javaGame/target/classes/assets/textures/Stage4/C6.png
00:28:33.394 [JavaFX Application Thread] DEBUG FXGLAssetLoaderServi - Loading from file system: file:/C:/Users/Lenovo/OneDrive%20-%20CUHK-Shenzhen/桌面/javaGame/target/classes/assets/sounds/钟表开.wav
00:28:33.398 [JavaFX Application Thread] DEBUG FXGLAssetLoaderServi - Loading from file system: file:/C:/Users/Lenovo/OneDrive%20-%20CUHK-Shenzhen/桌面/javaGame/target/classes/assets/textures/Stage4/Cf.png
00:28:34.263 [JavaFX Application Thread] DEBUG FXGLAssetLoaderServi - Loading from file system: file:/C:/Users/Lenovo/OneDrive%20-%20CUHK-Shenzhen/桌面/javaGame/target/classes/assets/textures/Mengban.png
00:28:34.281 [JavaFX Application Thread] DEBUG FXGLAssetLoaderServi - Loading from file system: file:/C:/Users/Lenovo/OneDrive%20-%20CUHK-Shenzhen/桌面/javaGame/target/classes/assets/textures/Stage4/Painting.jpg
00:28:34.691 [JavaFX Application Thread] DEBUG PrimaryStageWindow   - Push state: DialogSubScene
00:28:34.691 [JavaFX Application Thread] DEBUG Input                - Clearing active input actions
00:28:34.691 [JavaFX Application Thread] DEBUG GameApplicationServi - Removing overlay from GameScene and adding to DialogSubScene
00:28:34.691 [JavaFX Application Thread] DEBUG PrimaryStageWindow   - GameScene -> DialogSubScene
00:28:35.391 [JavaFX Application Thread] DEBUG PrimaryStageWindow   - Pop state: DialogSubScene
00:28:35.391 [JavaFX Application Thread] DEBUG Input                - Clearing active input actions
00:28:35.391 [JavaFX Application Thread] DEBUG GameApplicationServi - Removing overlay from DialogSubScene and adding to GameScene
00:28:35.391 [JavaFX Application Thread] DEBUG PrimaryStageWindow   - GameScene <- DialogSubScene
00:28:36.163 [JavaFX Application Thread] DEBUG FXGLAssetLoaderServi - Loading from file system: file:/C:/Users/Lenovo/OneDrive%20-%20CUHK-Shenzhen/桌面/javaGame/target/classes/assets/sounds/被子声.wav
00:28:36.167 [JavaFX Application Thread] DEBUG FXGLAssetLoaderServi - Loading from file system: file:/C:/Users/Lenovo/OneDrive%20-%20CUHK-Shenzhen/桌面/javaGame/target/classes/assets/textures/Stage4/Bedc.png
00:28:36.192 [JavaFX Application Thread] DEBUG PrimaryStageWindow   - Push state: DialogSubScene
00:28:36.192 [JavaFX Application Thread] DEBUG Input                - Clearing active input actions
00:28:36.192 [JavaFX Application Thread] DEBUG GameApplicationServi - Removing overlay from GameScene and adding to DialogSubScene
00:28:36.192 [JavaFX Application Thread] DEBUG PrimaryStageWindow   - GameScene -> DialogSubScene
00:28:37.506 [JavaFX Application Thread] DEBUG PrimaryStageWindow   - Pop state: DialogSubScene
00:28:37.506 [JavaFX Application Thread] DEBUG Input                - Clearing active input actions
00:28:37.507 [JavaFX Application Thread] DEBUG GameApplicationServi - Removing overlay from DialogSubScene and adding to GameScene
00:28:37.507 [JavaFX Application Thread] DEBUG PrimaryStageWindow   - GameScene <- DialogSubScene
00:28:39.548 [JavaFX Application Thread] DEBUG PrimaryStageWindow   - Push state: DialogSubScene
00:28:39.548 [JavaFX Application Thread] DEBUG Input                - Clearing active input actions
00:28:39.548 [JavaFX Application Thread] DEBUG GameApplicationServi - Removing overlay from GameScene and adding to DialogSubScene
00:28:39.548 [JavaFX Application Thread] DEBUG PrimaryStageWindow   - GameScene -> DialogSubScene
00:28:41.237 [JavaFX Application Thread] DEBUG PrimaryStageWindow   - Pop state: DialogSubScene
00:28:41.237 [JavaFX Application Thread] DEBUG Input                - Clearing active input actions
00:28:41.237 [JavaFX Application Thread] DEBUG GameApplicationServi - Removing overlay from DialogSubScene and adding to GameScene
00:28:41.237 [JavaFX Application Thread] DEBUG PrimaryStageWindow   - GameScene <- DialogSubScene
00:28:41.631 [JavaFX Application Thread] DEBUG FXGLAssetLoaderServi - Loading from file system: file:/C:/Users/Lenovo/OneDrive%20-%20CUHK-Shenzhen/桌面/javaGame/target/classes/assets/textures/Stage1/DoorClick.jpg
00:28:41.652 [JavaFX Application Thread] DEBUG FXGLAssetLoaderServi - Loading from file system: file:/C:/Users/Lenovo/OneDrive%20-%20CUHK-Shenzhen/桌面/javaGame/target/classes/assets/textures/Stage1/DB.png
00:28:42.178 [JavaFX Application Thread] DEBUG PrimaryStageWindow   - Push state: DialogSubScene
00:28:42.178 [JavaFX Application Thread] DEBUG Input                - Clearing active input actions
00:28:42.178 [JavaFX Application Thread] DEBUG GameApplicationServi - Removing overlay from GameScene and adding to DialogSubScene
00:28:42.178 [JavaFX Application Thread] DEBUG PrimaryStageWindow   - GameScene -> DialogSubScene
00:28:42.179 [JavaFX Application Thread] DEBUG FXGLAssetLoaderServi - Loading from file system: file:/C:/Users/Lenovo/OneDrive%20-%20CUHK-Shenzhen/桌面/javaGame/target/classes/assets/sounds/敲门声.wav
00:28:42.680 [JavaFX Application Thread] DEBUG PrimaryStageWindow   - Pop state: DialogSubScene
00:28:42.680 [JavaFX Application Thread] DEBUG Input                - Clearing active input actions
00:28:42.681 [JavaFX Application Thread] DEBUG GameApplicationServi - Removing overlay from DialogSubScene and adding to GameScene
00:28:42.681 [JavaFX Application Thread] DEBUG PrimaryStageWindow   - GameScene <- DialogSubScene
00:28:43.137 [JavaFX Application Thread] DEBUG PrimaryStageWindow   - Push state: DialogSubScene
00:28:43.137 [JavaFX Application Thread] DEBUG Input                - Clearing active input actions
00:28:43.137 [JavaFX Application Thread] DEBUG GameApplicationServi - Removing overlay from GameScene and adding to DialogSubScene
00:28:43.137 [JavaFX Application Thread] DEBUG PrimaryStageWindow   - GameScene -> DialogSubScene
00:28:43.739 [JavaFX Application Thread] DEBUG PrimaryStageWindow   - Pop state: DialogSubScene
00:28:43.739 [JavaFX Application Thread] DEBUG Input                - Clearing active input actions
00:28:43.739 [JavaFX Application Thread] DEBUG GameApplicationServi - Removing overlay from DialogSubScene and adding to GameScene
00:28:43.739 [JavaFX Application Thread] DEBUG PrimaryStageWindow   - GameScene <- DialogSubScene
00:28:46.467 [JavaFX Application Thread] DEBUG FXGLAssetLoaderServi - Loading from file system: file:/C:/Users/Lenovo/OneDrive%20-%20CUHK-Shenzhen/桌面/javaGame/target/classes/assets/textures/f1.jpg
00:28:46.477 [JavaFX Application Thread] DEBUG FXGLAssetLoaderServi - Loading from file system: file:/C:/Users/Lenovo/OneDrive%20-%20CUHK-Shenzhen/桌面/javaGame/target/classes/assets/sounds/开门声.wav
00:28:47.203 [JavaFX Application Thread] DEBUG FXGLAssetLoaderServi - Loading from file system: file:/C:/Users/Lenovo/OneDrive%20-%20CUHK-Shenzhen/桌面/javaGame/target/classes/assets/textures/f2.jpg
00:28:47.406 [JavaFX Application Thread] DEBUG FXGLAssetLoaderServi - Loading from file system: file:/C:/Users/Lenovo/OneDrive%20-%20CUHK-Shenzhen/桌面/javaGame/target/classes/assets/textures/f3.jpg
00:28:47.546 [JavaFX Application Thread] DEBUG FXGLAssetLoaderServi - Loading from file system: file:/C:/Users/Lenovo/OneDrive%20-%20CUHK-Shenzhen/桌面/javaGame/target/classes/assets/textures/f4.jpg
00:28:47.670 [JavaFX Application Thread] DEBUG FXGLAssetLoaderServi - Loading from file system: file:/C:/Users/Lenovo/OneDrive%20-%20CUHK-Shenzhen/桌面/javaGame/target/classes/assets/textures/f5.jpg
00:28:47.908 [JavaFX Application Thread] DEBUG FXGLAssetLoaderServi - Loading from file system: file:/C:/Users/Lenovo/OneDrive%20-%20CUHK-Shenzhen/桌面/javaGame/target/classes/assets/textures/f6.jpg
00:28:48.186 [JavaFX Application Thread] DEBUG FXGLAssetLoaderServi - Loading from file system: file:/C:/Users/Lenovo/OneDrive%20-%20CUHK-Shenzhen/桌面/javaGame/target/classes/assets/textures/f.jpg
00:28:49.131 [JavaFX Application Thread] DEBUG PrimaryStageWindow   - Push state: DialogSubScene
00:28:49.131 [JavaFX Application Thread] DEBUG Input                - Clearing active input actions
00:28:49.131 [JavaFX Application Thread] DEBUG GameApplicationServi - Removing overlay from GameScene and adding to DialogSubScene
00:28:49.131 [JavaFX Application Thread] DEBUG PrimaryStageWindow   - GameScene -> DialogSubScene
00:28:49.717 [JavaFX Application Thread] DEBUG PrimaryStageWindow   - Pop state: DialogSubScene
00:28:49.717 [JavaFX Application Thread] DEBUG Input                - Clearing active input actions
00:28:49.718 [JavaFX Application Thread] DEBUG GameApplicationServi - Removing overlay from DialogSubScene and adding to GameScene
00:28:49.718 [JavaFX Application Thread] DEBUG PrimaryStageWindow   - GameScene <- DialogSubScene
00:28:50.496 [JavaFX Application Thread] DEBUG PrimaryStageWindow   - Push state: DialogSubScene
00:28:50.496 [JavaFX Application Thread] DEBUG Input                - Clearing active input actions
00:28:50.496 [JavaFX Application Thread] DEBUG GameApplicationServi - Removing overlay from GameScene and adding to DialogSubScene
00:28:50.496 [JavaFX Application Thread] DEBUG PrimaryStageWindow   - GameScene -> DialogSubScene
00:28:50.829 [JavaFX Application Thread] DEBUG FXGLApplication      - Exiting FXGL
00:28:50.829 [JavaFX Application Thread] DEBUG LoopRunner           - Stopping loop
00:28:50.829 [JavaFX Application Thread] DEBUG SystemBundleService  - Saving FXGL system data
00:28:50.830 [JavaFX Application Thread] DEBUG FileSystemAccess     - Writing to: C:\Users\Lenovo\OneDrive - CUHK-Shenzhen\桌面\javaGame\system\fxgl.bundle
00:28:50.832 [JavaFX Application Thread] DEBUG Async                - Shutting down background threads
00:28:50.832 [JavaFX Application Thread] DEBUG PrimaryStageWindow   - Closing main window
00:28:50.855 [JavaFX Application Thread] DEBUG Logger               - Closing Logger
