19:57:30.388 [AWT-EventQueue-0         ] DEBUG Logger               - Configured Logger
19:57:30.396 [AWT-EventQueue-0         ] DEBUG GameApplication      - Logging settings
Title: Escape
Version: 0.1
Width: 900
Height: 900
Fullscreen: false
Intro: false
Profiling: false
Single step:false
App Mode: DEVELOPER
Menu Key: ESCAPE
Stage Style: DECORATED
Scene Factory: class com.almasb.fxgl.app.scene.SceneFactory

19:57:30.625 [JavaFX Application Thread] DEBUG FXGLApplication      - Initializing FXGL
19:57:30.629 [JavaFX Application Thread] INFO  Engine               - FXGL-17.2 (20.08.2022 16.50) on WINDOWS (J:17.0.5 FX:18)
19:57:30.629 [JavaFX Application Thread] DEBUG Engine               - JRE Vendor Name: Oracle Corporation
19:57:30.629 [JavaFX Application Thread] DEBUG Engine               - Running on OS: Windows 11 version 10.0
19:57:30.629 [JavaFX Application Thread] DEBUG Engine               - Architecture: amd64
19:57:30.629 [JavaFX Application Thread] INFO  Engine               - Source code and latest versions at: https://github.com/AlmasB/FXGL
19:57:30.629 [JavaFX Application Thread] INFO  Engine               -       Ask questions and discuss at: https://github.com/AlmasB/FXGL/discussions
19:57:30.629 [JavaFX Application Thread] INFO  Engine               -              Join the FXGL chat at: https://gitter.im/AlmasB/FXGL
19:57:30.680 [JavaFX Application Thread] DEBUG PrimaryStageWindow   - Creating a JavaFX scene
19:57:30.710 [JavaFX Application Thread] DEBUG PrimaryStageWindow   - Target settings size: 900.0 x 900.0
19:57:30.710 [JavaFX Application Thread] DEBUG PrimaryStageWindow   - Scaled scene size:    900.0 x 900.0
19:57:30.710 [JavaFX Application Thread] DEBUG PrimaryStageWindow   - Scaled ratio: (1.0, 1.0)
19:57:30.712 [JavaFX Application Thread] DEBUG PrimaryStageWindow   - Set initial scene to FXGLStartupScene
19:57:30.716 [JavaFX Application Thread] DEBUG PrimaryStageWindow   - Opening main window
19:57:30.767 [JavaFX Application Thread] DEBUG PrimaryStageWindow   - Window border size: (14.66668701171875, 37.33331298828125)
19:57:30.768 [JavaFX Application Thread] DEBUG PrimaryStageWindow   - Scaled size: 900.0 x 900.0
19:57:30.768 [JavaFX Application Thread] DEBUG PrimaryStageWindow   - Scaled ratio: (1.0, 1.0)
19:57:30.768 [JavaFX Application Thread] DEBUG PrimaryStageWindow   - Scene size: 900.0 x 900.0
19:57:30.768 [JavaFX Application Thread] DEBUG PrimaryStageWindow   - Stage size: 914.6666870117188 x 937.3333129882812
19:57:30.773 [FXGL Background Thread 1 ] DEBUG Engine               - Initializing environment variables
19:57:30.793 [FXGL Background Thread 1 ] DEBUG FXGLAssetLoaderServi - User app class for loading assets: class com.Moonhalf.EscapeApp
19:57:30.793 [FXGL Background Thread 1 ] DEBUG GameApplicationServi - Applying CSS: fxgl_dark.css
19:57:30.794 [FXGL Background Thread 1 ] DEBUG FXGLAssetLoaderServi - Loading from file system: jar:file:///C:/Users/Lenovo/.m2/repository/com/github/almasb/fxgl/17.2/fxgl-17.2.jar!/fxglassets/ui/css/fxgl_dark.css
19:57:30.820 [FXGL Background Thread 1 ] DEBUG GameApplicationServi - Initializing application scenes
19:57:30.866 [FXGL Background Thread 1 ] DEBUG GameWorld            - Game world initialized
19:57:30.900 [FXGL Background Thread 1 ] DEBUG PhysicsWorld         - Physics world initialized: appHeight=900, physics.ppm=50.0
19:57:30.900 [FXGL Background Thread 1 ] DEBUG PhysicsWorld         - Using strategy: BRUTE_FORCE
19:57:30.902 [FXGL Background Thread 1 ] DEBUG GameScene            - Game scene initialized: 900x900
19:57:30.911 [FXGL Background Thread 1 ] DEBUG FXGL.DefaultMenu     - createMenuBodyGameMenu()
19:57:30.920 [FXGL Background Thread 1 ] DEBUG FXGL.DefaultMenu     - createOptionsMenu()
19:57:30.929 [FXGL Background Thread 1 ] DEBUG FXGLAssetLoaderServi - Loading from file system: jar:file:///C:/Users/Lenovo/.m2/repository/com/github/almasb/fxgl/17.2/fxgl-17.2.jar!/fxglassets/textures/particles/smoke.png
19:57:30.996 [FXGL Background Thread 1 ] DEBUG FXGLAssetLoaderServi - Loading from file system: jar:file:///C:/Users/Lenovo/.m2/repository/com/github/almasb/fxgl/17.2/fxgl-17.2.jar!/fxglassets/textures/particles/trace_horizontal.png
19:57:31.027 [FXGL Background Thread 1 ] DEBUG GameApplicationServi - Application scenes initialized
19:57:31.038 [FXGL Background Thread 1 ] DEBUG SystemBundleService  - Loading FXGL system data
19:57:31.041 [FXGL Background Thread 1 ] DEBUG FileSystemAccess     - Reading from: C:\Users\Lenovo\OneDrive - CUHK-Shenzhen\桌面\javaGame\system\fxgl.bundle
19:57:31.044 [FXGL Background Thread 1 ] DEBUG SystemBundleService  - Bundle FXGL: {}
19:57:31.044 [FXGL Background Thread 1 ] DEBUG UpdaterService       - Checking for updates
19:57:31.047 [FXGL Background Thread 4 ] DEBUG FXGLApplication      - Loading fonts
19:57:31.047 [FXGL Background Thread 1 ] DEBUG FXGLApplication      - Loading default localization
19:57:31.047 [FXGL Background Thread 4 ] DEBUG FXGLAssetLoaderServi - Loading from file system: jar:file:///C:/Users/Lenovo/.m2/repository/com/github/almasb/fxgl/17.2/fxgl-17.2.jar!/fxglassets/ui/fonts/VarelaRound-Regular.ttf
19:57:31.047 [FXGL Background Thread 1 ] DEBUG FXGLAssetLoaderServi - Loading from file system: jar:file:///C:/Users/Lenovo/.m2/repository/com/github/almasb/fxgl/17.2/fxgl-17.2.jar!/fxglassets/languages/english.lang
19:57:31.053 [FXGL Background Thread 4 ] DEBUG FXGLAssetLoaderServi - Loading from file system: jar:file:///C:/Users/Lenovo/.m2/repository/com/github/almasb/fxgl/17.2/fxgl-17.2.jar!/fxglassets/ui/fonts/Abel-Regular.ttf
19:57:31.055 [FXGL Background Thread 4 ] DEBUG FXGLAssetLoaderServi - Loading from file system: jar:file:///C:/Users/Lenovo/.m2/repository/com/github/almasb/fxgl/17.2/fxgl-17.2.jar!/fxglassets/ui/fonts/TerminalLandMono-Regular.otf
19:57:31.057 [FXGL Background Thread 4 ] DEBUG FXGLAssetLoaderServi - Loading from file system: jar:file:///C:/Users/Lenovo/.m2/repository/com/github/almasb/fxgl/17.2/fxgl-17.2.jar!/fxglassets/ui/fonts/Courier-Prime.ttf
19:57:31.061 [JavaFX Application Thread] DEBUG FXGLApplication      - Registering font factories with UI factory
19:57:31.064 [FXGL Background Thread 1 ] INFO  FXGLApplication      - FXGL initialization took: 0.291 sec
19:57:31.064 [JavaFX Application Thread] DEBUG FXGLAssetLoaderServi - Loading from file system: file:/C:/Users/Lenovo/OneDrive%20-%20CUHK-Shenzhen/桌面/javaGame/target/classes/assets/music/bg.mp3
19:57:31.318 [FXGL Background Thread 2 ] INFO  UpdaterService       - Your current version:  17.2
19:57:31.318 [FXGL Background Thread 2 ] INFO  UpdaterService       - Latest stable version: 17.3
19:57:31.464 [JavaFX Application Thread] DEBUG AudioPlayer          - Playing music com.almasb.fxgl.audio.Music@70548c1b
19:57:31.465 [JavaFX Application Thread] DEBUG FXGLAssetLoaderServi - Loading from file system: file:/C:/Users/Lenovo/OneDrive%20-%20CUHK-Shenzhen/桌面/javaGame/target/classes/assets/textures/Escape.png
19:57:31.471 [JavaFX Application Thread] DEBUG FXGLAssetLoaderServi - Loading from file system: jar:file:///C:/Users/Lenovo/.m2/repository/com/github/almasb/fxgl/17.2/fxgl-17.2.jar!/fxglassets/textures/fxgl_default_cursor.png
19:57:31.477 [JavaFX Application Thread] DEBUG Input                - Registered new binding: Screenshot - CTRL+8
19:57:31.477 [JavaFX Application Thread] DEBUG Input                - Registered new binding: System info dump - CTRL+9
19:57:31.478 [JavaFX Application Thread] DEBUG Input                - Registered new binding: Restart - CTRL+R
19:57:31.481 [JavaFX Application Thread] DEBUG Input                - Registered new binding: Toggle Debug Camera - CTRL+7
19:57:31.482 [JavaFX Application Thread] DEBUG LoopRunner           - Starting loop
19:57:31.482 [JavaFX Application Thread] DEBUG LoopRunner           - Initializing JavaFX AnimationTimerLoop
19:57:31.483 [JavaFX Application Thread] DEBUG GameApplicationServi - Starting new game
19:57:31.483 [JavaFX Application Thread] DEBUG Input                - Clearing active input actions
19:57:31.488 [JavaFX Application Thread] DEBUG GameApplicationServi - Removing overlay from FXGLStartupScene and adding to FXGLLoadingScene
19:57:31.489 [JavaFX Application Thread] DEBUG PrimaryStageWindow   - FXGLStartupScene -> FXGLLoadingScene
19:57:31.489 [JavaFX Application Thread] DEBUG GameApplicationServi - Clearing previous game
19:57:31.489 [JavaFX Application Thread] DEBUG GameScene            - Clearing game scene
19:57:31.489 [JavaFX Application Thread] DEBUG GameWorld            - Clearing game world
19:57:31.489 [JavaFX Application Thread] DEBUG PhysicsWorld         - Clearing physics world
19:57:31.490 [FXGL Background Thread 2 ] DEBUG FXGLApplication      - Initializing game
19:57:31.498 [FXGL Background Thread 2 ] DEBUG FXGLAssetLoaderServi - Loading from file system: file:/C:/Users/Lenovo/OneDrive%20-%20CUHK-Shenzhen/桌面/javaGame/target/classes/assets/textures/Background.jpg
19:57:31.505 [FXGL Background Thread 2 ] DEBUG FXGLAssetLoaderServi - Loading from file system: file:/C:/Users/Lenovo/OneDrive%20-%20CUHK-Shenzhen/桌面/javaGame/target/classes/assets/textures/ArrowR.png
19:57:31.515 [FXGL Background Thread 2 ] DEBUG FXGLAssetLoaderServi - Loading from file system: file:/C:/Users/Lenovo/OneDrive%20-%20CUHK-Shenzhen/桌面/javaGame/target/classes/assets/textures/Stage1/Stage1%20Door.png
19:57:31.541 [FXGL Background Thread 2 ] DEBUG FXGLAssetLoaderServi - Loading from file system: file:/C:/Users/Lenovo/OneDrive%20-%20CUHK-Shenzhen/桌面/javaGame/target/classes/assets/textures/Stage1/Stage1%20Curtain.png
19:57:31.554 [FXGL Background Thread 2 ] DEBUG FXGLAssetLoaderServi - Loading from file system: file:/C:/Users/Lenovo/OneDrive%20-%20CUHK-Shenzhen/桌面/javaGame/target/classes/assets/textures/Stage1/letter.png
19:57:31.559 [FXGL Background Thread 2 ] DEBUG FXGLAssetLoaderServi - Loading from file system: file:/C:/Users/Lenovo/OneDrive%20-%20CUHK-Shenzhen/桌面/javaGame/target/classes/assets/textures/s1.jpg
19:57:31.568 [FXGL Background Thread 2 ] INFO  FXGLApplication      - Game initialization took: 0.079 sec
19:57:31.573 [JavaFX Application Thread] DEBUG Input                - Clearing active input actions
19:57:31.576 [JavaFX Application Thread] DEBUG GameApplicationServi - Removing overlay from FXGLLoadingScene and adding to GameScene
19:57:31.576 [JavaFX Application Thread] DEBUG PrimaryStageWindow   - FXGLLoadingScene -> GameScene
19:57:32.249 [JavaFX Application Thread] DEBUG FXGLAssetLoaderServi - Loading from file system: file:/C:/Users/Lenovo/OneDrive%20-%20CUHK-Shenzhen/桌面/javaGame/target/classes/assets/textures/s2.jpg
19:57:32.401 [JavaFX Application Thread] DEBUG FXGLAssetLoaderServi - Loading from file system: file:/C:/Users/Lenovo/OneDrive%20-%20CUHK-Shenzhen/桌面/javaGame/target/classes/assets/textures/s3.jpg
19:57:32.999 [JavaFX Application Thread] DEBUG FXGLAssetLoaderServi - Loading from file system: file:/C:/Users/Lenovo/OneDrive%20-%20CUHK-Shenzhen/桌面/javaGame/target/classes/assets/textures/Stage1/DoorClick.jpg
19:57:33.004 [JavaFX Application Thread] DEBUG FXGLAssetLoaderServi - Loading from file system: file:/C:/Users/Lenovo/OneDrive%20-%20CUHK-Shenzhen/桌面/javaGame/target/classes/assets/textures/Stage1/DR.png
19:57:33.043 [JavaFX Application Thread] DEBUG FXGLAssetLoaderServi - Loading from file system: file:/C:/Users/Lenovo/OneDrive%20-%20CUHK-Shenzhen/桌面/javaGame/target/classes/assets/textures/Stage1/DY.png
19:57:33.059 [JavaFX Application Thread] DEBUG FXGLAssetLoaderServi - Loading from file system: file:/C:/Users/Lenovo/OneDrive%20-%20CUHK-Shenzhen/桌面/javaGame/target/classes/assets/textures/Stage1/DB.png
19:57:33.074 [JavaFX Application Thread] DEBUG FXGLAssetLoaderServi - Loading from file system: file:/C:/Users/Lenovo/OneDrive%20-%20CUHK-Shenzhen/桌面/javaGame/target/classes/assets/textures/Stage1/DG.png
19:57:33.092 [JavaFX Application Thread] DEBUG FXGLAssetLoaderServi - Loading from file system: file:/C:/Users/Lenovo/OneDrive%20-%20CUHK-Shenzhen/桌面/javaGame/target/classes/assets/textures/ArrowD.png
19:57:33.992 [JavaFX Application Thread] DEBUG PrimaryStageWindow   - Push state: DialogSubScene
19:57:33.993 [JavaFX Application Thread] DEBUG Input                - Clearing active input actions
19:57:33.995 [JavaFX Application Thread] DEBUG GameApplicationServi - Removing overlay from GameScene and adding to DialogSubScene
19:57:33.995 [JavaFX Application Thread] DEBUG PrimaryStageWindow   - GameScene -> DialogSubScene
19:57:33.997 [JavaFX Application Thread] DEBUG FXGLAssetLoaderServi - Loading from file system: file:/C:/Users/Lenovo/OneDrive%20-%20CUHK-Shenzhen/桌面/javaGame/target/classes/assets/sounds/敲门声.wav
19:57:34.047 [FXGL Background Thread 3 ] DEBUG Engine               - Logging environment variables
19:57:34.047 [FXGL Background Thread 3 ] DEBUG Engine               - achievements: []
19:57:34.047 [FXGL Background Thread 3 ] DEBUG Engine               - actualHeight: 900.0
19:57:34.047 [FXGL Background Thread 3 ] DEBUG Engine               - actualHeightProperty: ReadOnlyDoubleProperty [value: 900.0]
19:57:34.047 [FXGL Background Thread 3 ] DEBUG Engine               - actualWidth: 900.0
19:57:34.047 [FXGL Background Thread 3 ] DEBUG Engine               - actualWidthProperty: ReadOnlyDoubleProperty [value: 900.0]
19:57:34.047 [FXGL Background Thread 3 ] DEBUG Engine               - appIcon: Escape.png
19:57:34.047 [FXGL Background Thread 3 ] DEBUG Engine               - applicationMode: DEVELOPER
19:57:34.047 [FXGL Background Thread 3 ] DEBUG Engine               - cSSList: [fxgl_dark.css]
19:57:34.047 [FXGL Background Thread 3 ] DEBUG Engine               - collisionDetectionStrategy: BRUTE_FORCE
19:57:34.047 [FXGL Background Thread 3 ] DEBUG Engine               - configClass: Optional.empty
19:57:34.047 [FXGL Background Thread 3 ] DEBUG Engine               - credits: []
19:57:34.047 [FXGL Background Thread 3 ] DEBUG Engine               - defaultCursor: CursorInfo(imageName=fxgl_default_cursor.png, hotspotX=7.0, hotspotY=6.0)
19:57:34.048 [FXGL Background Thread 3 ] DEBUG Engine               - devBBoxColorProperty: ObjectProperty [value: 0xff0000ff]
19:57:34.048 [FXGL Background Thread 3 ] DEBUG Engine               - devEnableDebugCameraProperty: BooleanProperty [value: false]
19:57:34.048 [FXGL Background Thread 3 ] DEBUG Engine               - devSensorColorProperty: ObjectProperty [value: 0xffff00ff]
19:57:34.048 [FXGL Background Thread 3 ] DEBUG Engine               - devShowBBoxProperty: BooleanProperty [value: false]
19:57:34.048 [FXGL Background Thread 3 ] DEBUG Engine               - devShowPositionProperty: BooleanProperty [value: false]
19:57:34.048 [FXGL Background Thread 3 ] DEBUG Engine               - enabledMenuItems: []
19:57:34.048 [FXGL Background Thread 3 ] DEBUG Engine               - engineServices: [class com.almasb.fxgl.app.services.FXGLAssetLoaderService, class com.almasb.fxgl.app.FXGLApplication$GameApplicationService, class com.almasb.fxgl.app.services.FXGLDialogService, class com.almasb.fxgl.app.services.IOTaskExecutorService, class com.almasb.fxgl.io.FileSystemService, class com.almasb.fxgl.localization.LocalizationService, class com.almasb.fxgl.app.services.SystemBundleService, class com.almasb.fxgl.profile.SaveLoadService, class com.almasb.fxgl.ui.FXGLUIFactoryServiceProvider, class com.almasb.fxgl.ui.FXGLDialogFactoryServiceProvider, class com.almasb.fxgl.audio.AudioPlayer, class com.almasb.fxgl.notification.impl.NotificationServiceProvider, class com.almasb.fxgl.achievement.AchievementService, class com.almasb.fxgl.cutscene.CutsceneService, class com.almasb.fxgl.minigames.MiniGameService, class com.almasb.fxgl.net.NetService, class com.almasb.fxgl.app.services.UpdaterService, class com.almasb.fxgl.dev.DevService]
19:57:34.048 [FXGL Background Thread 3 ] DEBUG Engine               - fontGame: Abel-Regular.ttf
19:57:34.048 [FXGL Background Thread 3 ] DEBUG Engine               - fontMono: TerminalLandMono-Regular.otf
19:57:34.048 [FXGL Background Thread 3 ] DEBUG Engine               - fontText: Courier-Prime.ttf
19:57:34.048 [FXGL Background Thread 3 ] DEBUG Engine               - fontUI: VarelaRound-Regular.ttf
19:57:34.048 [FXGL Background Thread 3 ] DEBUG Engine               - fullScreen: BooleanProperty [value: false]
19:57:34.048 [FXGL Background Thread 3 ] DEBUG Engine               - gameDifficulty: MEDIUM
19:57:34.048 [FXGL Background Thread 3 ] DEBUG Engine               - gameDifficultyProperty: ObjectProperty [value: MEDIUM]
19:57:34.048 [FXGL Background Thread 3 ] DEBUG Engine               - globalMusicVolume: 0.5
19:57:34.048 [FXGL Background Thread 3 ] DEBUG Engine               - globalMusicVolumeProperty: DoubleProperty [value: 0.05]
19:57:34.048 [FXGL Background Thread 3 ] DEBUG Engine               - globalSoundVolume: 0.5
19:57:34.048 [FXGL Background Thread 3 ] DEBUG Engine               - globalSoundVolumeProperty: DoubleProperty [value: 1.0]
19:57:34.048 [FXGL Background Thread 3 ] DEBUG Engine               - height: 900
19:57:34.048 [FXGL Background Thread 3 ] DEBUG Engine               - is3D: false
19:57:34.048 [FXGL Background Thread 3 ] DEBUG Engine               - isAndroid: false
19:57:34.048 [FXGL Background Thread 3 ] DEBUG Engine               - isBrowser: false
19:57:34.048 [FXGL Background Thread 3 ] DEBUG Engine               - isClickFeedbackEnabled: false
19:57:34.048 [FXGL Background Thread 3 ] DEBUG Engine               - isCloseConfirmation: false
19:57:34.048 [FXGL Background Thread 3 ] DEBUG Engine               - isDesktop: true
19:57:34.048 [FXGL Background Thread 3 ] DEBUG Engine               - isDeveloperMenuEnabled: false
19:57:34.048 [FXGL Background Thread 3 ] DEBUG Engine               - isEmbedded: false
19:57:34.048 [FXGL Background Thread 3 ] DEBUG Engine               - isEntityPreloadEnabled: true
19:57:34.048 [FXGL Background Thread 3 ] DEBUG Engine               - isExperimentalTiledLargeMap: false
19:57:34.048 [FXGL Background Thread 3 ] DEBUG Engine               - isFileSystemWriteAllowed: true
19:57:34.048 [FXGL Background Thread 3 ] DEBUG Engine               - isFullScreenAllowed: false
19:57:34.048 [FXGL Background Thread 3 ] DEBUG Engine               - isFullScreenFromStart: false
19:57:34.048 [FXGL Background Thread 3 ] DEBUG Engine               - isGameMenuEnabled: true
19:57:34.048 [FXGL Background Thread 3 ] DEBUG Engine               - isIOS: false
19:57:34.049 [FXGL Background Thread 3 ] DEBUG Engine               - isIntroEnabled: false
19:57:34.049 [FXGL Background Thread 3 ] DEBUG Engine               - isLinux: false
19:57:34.049 [FXGL Background Thread 3 ] DEBUG Engine               - isMac: false
19:57:34.049 [FXGL Background Thread 3 ] DEBUG Engine               - isMainMenuEnabled: false
19:57:34.049 [FXGL Background Thread 3 ] DEBUG Engine               - isManualResizeEnabled: false
19:57:34.049 [FXGL Background Thread 3 ] DEBUG Engine               - isMobile: false
19:57:34.049 [FXGL Background Thread 3 ] DEBUG Engine               - isNative: false
19:57:34.049 [FXGL Background Thread 3 ] DEBUG Engine               - isPauseMusicWhenMinimized: true
19:57:34.049 [FXGL Background Thread 3 ] DEBUG Engine               - isPreserveResizeRatio: false
19:57:34.049 [FXGL Background Thread 3 ] DEBUG Engine               - isProfilingEnabled: false
19:57:34.049 [FXGL Background Thread 3 ] DEBUG Engine               - isScaleAffectedOnResize: true
19:57:34.049 [FXGL Background Thread 3 ] DEBUG Engine               - isSingleStep: false
19:57:34.049 [FXGL Background Thread 3 ] DEBUG Engine               - isUserProfileEnabled: false
19:57:34.049 [FXGL Background Thread 3 ] DEBUG Engine               - isWindows: true
19:57:34.049 [FXGL Background Thread 3 ] DEBUG Engine               - language: ObjectProperty [value: ENGLISH]
19:57:34.049 [FXGL Background Thread 3 ] DEBUG Engine               - menuKey: ESCAPE
19:57:34.049 [FXGL Background Thread 3 ] DEBUG Engine               - mouseSensitivity: 0.2
19:57:34.049 [FXGL Background Thread 3 ] DEBUG Engine               - notificationViewClass: class com.almasb.fxgl.notification.view.XboxNotificationView
19:57:34.049 [FXGL Background Thread 3 ] DEBUG Engine               - pixelsPerMeter: 50.0
19:57:34.049 [FXGL Background Thread 3 ] DEBUG Engine               - platform: WINDOWS
19:57:34.049 [FXGL Background Thread 3 ] DEBUG Engine               - prefHeightProperty: ReadOnlyDoubleProperty [value: 900.0]
19:57:34.049 [FXGL Background Thread 3 ] DEBUG Engine               - prefWidthProperty: ReadOnlyDoubleProperty [value: 900.0]
19:57:34.049 [FXGL Background Thread 3 ] DEBUG Engine               - profileDir: profiles/
19:57:34.049 [FXGL Background Thread 3 ] DEBUG Engine               - profileName: StringProperty [value: DEFAULT]
19:57:34.049 [FXGL Background Thread 3 ] DEBUG Engine               - randomSeed: -1
19:57:34.050 [FXGL Background Thread 3 ] DEBUG Engine               - runtimeInfo: RuntimeInfo(platform=WINDOWS, version=17.2, build=20.08.2022 16.50)
19:57:34.050 [FXGL Background Thread 3 ] DEBUG Engine               - saveFileExt: sav
19:57:34.050 [FXGL Background Thread 3 ] DEBUG Engine               - scaledHeightProp$fxgl: DoubleProperty [bound, value: 900.0]
19:57:34.050 [FXGL Background Thread 3 ] DEBUG Engine               - scaledWidthProp$fxgl: DoubleProperty [bound, value: 900.0]
19:57:34.050 [FXGL Background Thread 3 ] DEBUG Engine               - sceneFactory: com.almasb.fxgl.app.scene.SceneFactory@6faab7e
19:57:34.050 [FXGL Background Thread 3 ] DEBUG Engine               - secondsIn24h: 60
19:57:34.050 [FXGL Background Thread 3 ] DEBUG Engine               - soundMenuBack: menu/back.wav
19:57:34.050 [FXGL Background Thread 3 ] DEBUG Engine               - soundMenuPress: menu/press.wav
19:57:34.050 [FXGL Background Thread 3 ] DEBUG Engine               - soundMenuSelect: menu/select.wav
19:57:34.050 [FXGL Background Thread 3 ] DEBUG Engine               - soundNotification: core/notification.wav
19:57:34.050 [FXGL Background Thread 3 ] DEBUG Engine               - stageStyle: DECORATED
19:57:34.050 [FXGL Background Thread 3 ] DEBUG Engine               - supportedLanguages: [ENGLISH, FRENCH, GERMAN, HUNGARIAN, RUSSIAN]
19:57:34.050 [FXGL Background Thread 3 ] DEBUG Engine               - ticksPerSecond: -1
19:57:34.050 [FXGL Background Thread 3 ] DEBUG Engine               - title: Escape
19:57:34.050 [FXGL Background Thread 3 ] DEBUG Engine               - urlGithub: https://github.com/AlmasB/FXGL
19:57:34.050 [FXGL Background Thread 3 ] DEBUG Engine               - urlLeaderboard: http://fxgl-top.herokuapp.com/
19:57:34.050 [FXGL Background Thread 3 ] DEBUG Engine               - urlPOM: https://raw.githubusercontent.com/AlmasB/FXGL/release/README.md
19:57:34.050 [FXGL Background Thread 3 ] DEBUG Engine               - userAppClass: class com.Moonhalf.EscapeApp
19:57:34.050 [FXGL Background Thread 3 ] DEBUG Engine               - version: 0.1
19:57:34.050 [FXGL Background Thread 3 ] DEBUG Engine               - versionCheckDays: 7
19:57:34.050 [FXGL Background Thread 3 ] DEBUG Engine               - width: 900
19:57:34.050 [FXGL Background Thread 3 ] DEBUG Engine               - Logging services
19:57:34.050 [FXGL Background Thread 3 ] DEBUG Engine               - class com.almasb.fxgl.app.services.FXGLAssetLoaderService
19:57:34.050 [FXGL Background Thread 3 ] DEBUG Engine               - class com.almasb.fxgl.app.FXGLApplication$GameApplicationService
19:57:34.050 [FXGL Background Thread 3 ] DEBUG Engine               - class com.almasb.fxgl.app.services.FXGLDialogService
19:57:34.050 [FXGL Background Thread 3 ] DEBUG Engine               - class com.almasb.fxgl.app.services.IOTaskExecutorService
19:57:34.050 [FXGL Background Thread 3 ] DEBUG Engine               - class com.almasb.fxgl.io.FileSystemService
19:57:34.050 [FXGL Background Thread 3 ] DEBUG Engine               - class com.almasb.fxgl.localization.LocalizationService
19:57:34.050 [FXGL Background Thread 3 ] DEBUG Engine               - class com.almasb.fxgl.app.services.SystemBundleService
19:57:34.050 [FXGL Background Thread 3 ] DEBUG Engine               - class com.almasb.fxgl.profile.SaveLoadService
19:57:34.050 [FXGL Background Thread 3 ] DEBUG Engine               - class com.almasb.fxgl.ui.FXGLUIFactoryServiceProvider
19:57:34.050 [FXGL Background Thread 3 ] DEBUG Engine               - class com.almasb.fxgl.ui.FXGLDialogFactoryServiceProvider
19:57:34.050 [FXGL Background Thread 3 ] DEBUG Engine               - class com.almasb.fxgl.audio.AudioPlayer
19:57:34.050 [FXGL Background Thread 3 ] DEBUG Engine               - class com.almasb.fxgl.notification.impl.NotificationServiceProvider
19:57:34.050 [FXGL Background Thread 3 ] DEBUG Engine               - class com.almasb.fxgl.achievement.AchievementService
19:57:34.050 [FXGL Background Thread 3 ] DEBUG Engine               - class com.almasb.fxgl.cutscene.CutsceneService
19:57:34.050 [FXGL Background Thread 3 ] DEBUG Engine               - class com.almasb.fxgl.minigames.MiniGameService
19:57:34.050 [FXGL Background Thread 3 ] DEBUG Engine               - class com.almasb.fxgl.net.NetService
19:57:34.050 [FXGL Background Thread 3 ] DEBUG Engine               - class com.almasb.fxgl.app.services.UpdaterService
19:57:34.050 [FXGL Background Thread 3 ] DEBUG Engine               - class com.almasb.fxgl.dev.DevService
19:57:34.796 [JavaFX Application Thread] DEBUG PrimaryStageWindow   - Pop state: DialogSubScene
19:57:34.796 [JavaFX Application Thread] DEBUG Input                - Clearing active input actions
19:57:34.797 [JavaFX Application Thread] DEBUG GameApplicationServi - Removing overlay from DialogSubScene and adding to GameScene
19:57:34.797 [JavaFX Application Thread] DEBUG PrimaryStageWindow   - GameScene <- DialogSubScene
19:57:35.590 [JavaFX Application Thread] DEBUG PrimaryStageWindow   - Push state: DialogSubScene
19:57:35.590 [JavaFX Application Thread] DEBUG Input                - Clearing active input actions
19:57:35.591 [JavaFX Application Thread] DEBUG GameApplicationServi - Removing overlay from GameScene and adding to DialogSubScene
19:57:35.591 [JavaFX Application Thread] DEBUG PrimaryStageWindow   - GameScene -> DialogSubScene
19:57:36.853 [JavaFX Application Thread] DEBUG PrimaryStageWindow   - Pop state: DialogSubScene
19:57:36.853 [JavaFX Application Thread] DEBUG Input                - Clearing active input actions
19:57:36.853 [JavaFX Application Thread] DEBUG GameApplicationServi - Removing overlay from DialogSubScene and adding to GameScene
19:57:36.853 [JavaFX Application Thread] DEBUG PrimaryStageWindow   - GameScene <- DialogSubScene
19:57:40.795 [JavaFX Application Thread] DEBUG PrimaryStageWindow   - Push state: DialogSubScene
19:57:40.795 [JavaFX Application Thread] DEBUG Input                - Clearing active input actions
19:57:40.796 [JavaFX Application Thread] DEBUG GameApplicationServi - Removing overlay from GameScene and adding to DialogSubScene
19:57:40.796 [JavaFX Application Thread] DEBUG PrimaryStageWindow   - GameScene -> DialogSubScene
19:57:40.801 [JavaFX Application Thread] DEBUG FXGLAssetLoaderServi - Loading from file system: file:/C:/Users/Lenovo/OneDrive%20-%20CUHK-Shenzhen/桌面/javaGame/target/classes/assets/sounds/镜子布.wav
19:57:50.051 [JavaFX Application Thread] DEBUG PrimaryStageWindow   - Pop state: DialogSubScene
19:57:50.051 [JavaFX Application Thread] DEBUG Input                - Clearing active input actions
19:57:50.051 [JavaFX Application Thread] DEBUG GameApplicationServi - Removing overlay from DialogSubScene and adding to GameScene
19:57:50.051 [JavaFX Application Thread] DEBUG PrimaryStageWindow   - GameScene <- DialogSubScene
19:57:51.581 [JavaFX Application Thread] DEBUG FXGLAssetLoaderServi - Loading from file system: file:/C:/Users/Lenovo/OneDrive%20-%20CUHK-Shenzhen/桌面/javaGame/target/classes/assets/sounds/箱子%20纸声.wav
19:57:51.585 [JavaFX Application Thread] DEBUG FXGLAssetLoaderServi - Loading from file system: file:/C:/Users/Lenovo/OneDrive%20-%20CUHK-Shenzhen/桌面/javaGame/target/classes/assets/textures/Stage1/letterbg.png
19:57:51.606 [JavaFX Application Thread] DEBUG FXGLAssetLoaderServi - Loading from file system: file:/C:/Users/Lenovo/OneDrive%20-%20CUHK-Shenzhen/桌面/javaGame/target/classes/assets/textures/Stage1/paper.jpg
19:57:55.212 [JavaFX Application Thread] DEBUG PrimaryStageWindow   - Push state: DialogSubScene
19:57:55.212 [JavaFX Application Thread] DEBUG Input                - Clearing active input actions
19:57:55.212 [JavaFX Application Thread] DEBUG GameApplicationServi - Removing overlay from GameScene and adding to DialogSubScene
19:57:55.212 [JavaFX Application Thread] DEBUG PrimaryStageWindow   - GameScene -> DialogSubScene
19:57:58.781 [JavaFX Application Thread] DEBUG PrimaryStageWindow   - Pop state: DialogSubScene
19:57:58.781 [JavaFX Application Thread] DEBUG Input                - Clearing active input actions
19:57:58.781 [JavaFX Application Thread] DEBUG GameApplicationServi - Removing overlay from DialogSubScene and adding to GameScene
19:57:58.781 [JavaFX Application Thread] DEBUG PrimaryStageWindow   - GameScene <- DialogSubScene
19:58:00.849 [JavaFX Application Thread] DEBUG FXGLAssetLoaderServi - Loading from file system: file:/C:/Users/Lenovo/OneDrive%20-%20CUHK-Shenzhen/桌面/javaGame/target/classes/assets/textures/Stage2/Stage2%20Chair.png
19:58:00.855 [JavaFX Application Thread] DEBUG FXGLAssetLoaderServi - Loading from file system: file:/C:/Users/Lenovo/OneDrive%20-%20CUHK-Shenzhen/桌面/javaGame/target/classes/assets/textures/Stage2/Stage2%20Clock.png
19:58:00.860 [JavaFX Application Thread] DEBUG FXGLAssetLoaderServi - Loading from file system: file:/C:/Users/Lenovo/OneDrive%20-%20CUHK-Shenzhen/桌面/javaGame/target/classes/assets/textures/Stage2/Stage2%20Drawer.png
19:58:01.634 [JavaFX Application Thread] DEBUG FXGLAssetLoaderServi - Loading from file system: file:/C:/Users/Lenovo/OneDrive%20-%20CUHK-Shenzhen/桌面/javaGame/target/classes/assets/sounds/椅子.wav
19:58:01.637 [JavaFX Application Thread] DEBUG PrimaryStageWindow   - Push state: DialogSubScene
19:58:01.638 [JavaFX Application Thread] DEBUG Input                - Clearing active input actions
19:58:01.638 [JavaFX Application Thread] DEBUG GameApplicationServi - Removing overlay from GameScene and adding to DialogSubScene
19:58:01.638 [JavaFX Application Thread] DEBUG PrimaryStageWindow   - GameScene -> DialogSubScene
19:58:03.163 [JavaFX Application Thread] DEBUG PrimaryStageWindow   - Pop state: DialogSubScene
19:58:03.163 [JavaFX Application Thread] DEBUG Input                - Clearing active input actions
19:58:03.163 [JavaFX Application Thread] DEBUG GameApplicationServi - Removing overlay from DialogSubScene and adding to GameScene
19:58:03.164 [JavaFX Application Thread] DEBUG PrimaryStageWindow   - GameScene <- DialogSubScene
19:58:03.806 [JavaFX Application Thread] DEBUG FXGLAssetLoaderServi - Loading from file system: file:/C:/Users/Lenovo/OneDrive%20-%20CUHK-Shenzhen/桌面/javaGame/target/classes/assets/sounds/闹钟声.wav
19:58:03.810 [JavaFX Application Thread] DEBUG PrimaryStageWindow   - Push state: DialogSubScene
19:58:03.810 [JavaFX Application Thread] DEBUG Input                - Clearing active input actions
19:58:03.810 [JavaFX Application Thread] DEBUG GameApplicationServi - Removing overlay from GameScene and adding to DialogSubScene
19:58:03.811 [JavaFX Application Thread] DEBUG PrimaryStageWindow   - GameScene -> DialogSubScene
19:58:05.115 [JavaFX Application Thread] DEBUG PrimaryStageWindow   - Pop state: DialogSubScene
19:58:05.115 [JavaFX Application Thread] DEBUG Input                - Clearing active input actions
19:58:05.115 [JavaFX Application Thread] DEBUG GameApplicationServi - Removing overlay from DialogSubScene and adding to GameScene
19:58:05.115 [JavaFX Application Thread] DEBUG PrimaryStageWindow   - GameScene <- DialogSubScene
19:58:05.785 [JavaFX Application Thread] DEBUG FXGLAssetLoaderServi - Loading from file system: file:/C:/Users/Lenovo/OneDrive%20-%20CUHK-Shenzhen/桌面/javaGame/target/classes/assets/textures/Stage2/Drawer%20Click.jpg
19:58:05.793 [JavaFX Application Thread] DEBUG FXGLAssetLoaderServi - Loading from file system: file:/C:/Users/Lenovo/OneDrive%20-%20CUHK-Shenzhen/桌面/javaGame/target/classes/assets/textures/Stage2/D1.png
19:58:05.796 [JavaFX Application Thread] DEBUG FXGLAssetLoaderServi - Loading from file system: file:/C:/Users/Lenovo/OneDrive%20-%20CUHK-Shenzhen/桌面/javaGame/target/classes/assets/textures/Stage2/D2.png
19:58:05.797 [JavaFX Application Thread] DEBUG FXGLAssetLoaderServi - Loading from file system: file:/C:/Users/Lenovo/OneDrive%20-%20CUHK-Shenzhen/桌面/javaGame/target/classes/assets/textures/Stage2/D3.png
19:58:05.799 [JavaFX Application Thread] DEBUG FXGLAssetLoaderServi - Loading from file system: file:/C:/Users/Lenovo/OneDrive%20-%20CUHK-Shenzhen/桌面/javaGame/target/classes/assets/textures/Stage2/D4.png
19:58:06.816 [JavaFX Application Thread] DEBUG FXGLAssetLoaderServi - Loading from file system: file:/C:/Users/Lenovo/OneDrive%20-%20CUHK-Shenzhen/桌面/javaGame/target/classes/assets/sounds/柜子开.wav
19:58:06.819 [JavaFX Application Thread] DEBUG PrimaryStageWindow   - Push state: DialogSubScene
19:58:06.819 [JavaFX Application Thread] DEBUG Input                - Clearing active input actions
19:58:06.820 [JavaFX Application Thread] DEBUG GameApplicationServi - Removing overlay from GameScene and adding to DialogSubScene
19:58:06.820 [JavaFX Application Thread] DEBUG PrimaryStageWindow   - GameScene -> DialogSubScene
19:58:09.687 [JavaFX Application Thread] DEBUG PrimaryStageWindow   - Pop state: DialogSubScene
19:58:09.687 [JavaFX Application Thread] DEBUG Input                - Clearing active input actions
19:58:09.687 [JavaFX Application Thread] DEBUG GameApplicationServi - Removing overlay from DialogSubScene and adding to GameScene
19:58:09.688 [JavaFX Application Thread] DEBUG PrimaryStageWindow   - GameScene <- DialogSubScene
19:58:10.408 [JavaFX Application Thread] DEBUG PrimaryStageWindow   - Push state: DialogSubScene
19:58:10.408 [JavaFX Application Thread] DEBUG Input                - Clearing active input actions
19:58:10.409 [JavaFX Application Thread] DEBUG GameApplicationServi - Removing overlay from GameScene and adding to DialogSubScene
19:58:10.409 [JavaFX Application Thread] DEBUG PrimaryStageWindow   - GameScene -> DialogSubScene
19:58:12.850 [JavaFX Application Thread] DEBUG PrimaryStageWindow   - Pop state: DialogSubScene
19:58:12.850 [JavaFX Application Thread] DEBUG Input                - Clearing active input actions
19:58:12.850 [JavaFX Application Thread] DEBUG GameApplicationServi - Removing overlay from DialogSubScene and adding to GameScene
19:58:12.850 [JavaFX Application Thread] DEBUG PrimaryStageWindow   - GameScene <- DialogSubScene
19:58:13.267 [JavaFX Application Thread] DEBUG PrimaryStageWindow   - Push state: DialogSubScene
19:58:13.267 [JavaFX Application Thread] DEBUG Input                - Clearing active input actions
19:58:13.267 [JavaFX Application Thread] DEBUG GameApplicationServi - Removing overlay from GameScene and adding to DialogSubScene
19:58:13.267 [JavaFX Application Thread] DEBUG PrimaryStageWindow   - GameScene -> DialogSubScene
19:58:15.611 [JavaFX Application Thread] DEBUG PrimaryStageWindow   - Pop state: DialogSubScene
19:58:15.611 [JavaFX Application Thread] DEBUG Input                - Clearing active input actions
19:58:15.611 [JavaFX Application Thread] DEBUG GameApplicationServi - Removing overlay from DialogSubScene and adding to GameScene
19:58:15.611 [JavaFX Application Thread] DEBUG PrimaryStageWindow   - GameScene <- DialogSubScene
19:58:16.336 [JavaFX Application Thread] DEBUG PrimaryStageWindow   - Push state: DialogSubScene
19:58:16.336 [JavaFX Application Thread] DEBUG Input                - Clearing active input actions
19:58:16.337 [JavaFX Application Thread] DEBUG GameApplicationServi - Removing overlay from GameScene and adding to DialogSubScene
19:58:16.337 [JavaFX Application Thread] DEBUG PrimaryStageWindow   - GameScene -> DialogSubScene
19:58:17.505 [JavaFX Application Thread] DEBUG PrimaryStageWindow   - Pop state: DialogSubScene
19:58:17.505 [JavaFX Application Thread] DEBUG Input                - Clearing active input actions
19:58:17.505 [JavaFX Application Thread] DEBUG GameApplicationServi - Removing overlay from DialogSubScene and adding to GameScene
19:58:17.506 [JavaFX Application Thread] DEBUG PrimaryStageWindow   - GameScene <- DialogSubScene
19:58:18.912 [JavaFX Application Thread] DEBUG FXGLAssetLoaderServi - Loading from file system: file:/C:/Users/Lenovo/OneDrive%20-%20CUHK-Shenzhen/桌面/javaGame/target/classes/assets/textures/Stage3/Stage3%20Mirror.png
19:58:18.918 [JavaFX Application Thread] DEBUG FXGLAssetLoaderServi - Loading from file system: file:/C:/Users/Lenovo/OneDrive%20-%20CUHK-Shenzhen/桌面/javaGame/target/classes/assets/textures/Stage3/Stage3%20Tap.png
19:58:18.925 [JavaFX Application Thread] DEBUG FXGLAssetLoaderServi - Loading from file system: file:/C:/Users/Lenovo/OneDrive%20-%20CUHK-Shenzhen/桌面/javaGame/target/classes/assets/textures/Stage3/guahua.png
19:58:18.931 [JavaFX Application Thread] DEBUG FXGLAssetLoaderServi - Loading from file system: file:/C:/Users/Lenovo/OneDrive%20-%20CUHK-Shenzhen/桌面/javaGame/target/classes/assets/textures/Stage3/yugang.png
19:58:18.933 [JavaFX Application Thread] DEBUG FXGLAssetLoaderServi - Loading from file system: file:/C:/Users/Lenovo/OneDrive%20-%20CUHK-Shenzhen/桌面/javaGame/target/classes/assets/textures/Stage3/guizi.png
19:58:19.638 [JavaFX Application Thread] DEBUG FXGLAssetLoaderServi - Loading from file system: file:/C:/Users/Lenovo/OneDrive%20-%20CUHK-Shenzhen/桌面/javaGame/target/classes/assets/sounds/鱼缸.wav
19:58:19.641 [JavaFX Application Thread] DEBUG FXGLAssetLoaderServi - Loading from file system: file:/C:/Users/Lenovo/OneDrive%20-%20CUHK-Shenzhen/桌面/javaGame/target/classes/assets/textures/Stage3/yugangc.jpg
19:58:20.022 [JavaFX Application Thread] DEBUG PrimaryStageWindow   - Push state: DialogSubScene
19:58:20.022 [JavaFX Application Thread] DEBUG Input                - Clearing active input actions
19:58:20.022 [JavaFX Application Thread] DEBUG GameApplicationServi - Removing overlay from GameScene and adding to DialogSubScene
19:58:20.022 [JavaFX Application Thread] DEBUG PrimaryStageWindow   - GameScene -> DialogSubScene
19:58:25.845 [JavaFX Application Thread] DEBUG PrimaryStageWindow   - Pop state: DialogSubScene
19:58:25.845 [JavaFX Application Thread] DEBUG Input                - Clearing active input actions
19:58:25.846 [JavaFX Application Thread] DEBUG GameApplicationServi - Removing overlay from DialogSubScene and adding to GameScene
19:58:25.846 [JavaFX Application Thread] DEBUG PrimaryStageWindow   - GameScene <- DialogSubScene
19:58:27.035 [JavaFX Application Thread] DEBUG FXGLAssetLoaderServi - Loading from file system: file:/C:/Users/Lenovo/OneDrive%20-%20CUHK-Shenzhen/桌面/javaGame/target/classes/assets/textures/Stage3/guizic1.jpg
19:58:27.042 [JavaFX Application Thread] DEBUG FXGLAssetLoaderServi - Loading from file system: file:/C:/Users/Lenovo/OneDrive%20-%20CUHK-Shenzhen/桌面/javaGame/target/classes/assets/textures/Stage3/chouti.png
19:58:27.045 [JavaFX Application Thread] DEBUG FXGLAssetLoaderServi - Loading from file system: file:/C:/Users/Lenovo/OneDrive%20-%20CUHK-Shenzhen/桌面/javaGame/target/classes/assets/textures/Stage3/yinfu/Do.png
19:58:27.046 [JavaFX Application Thread] DEBUG FXGLAssetLoaderServi - Loading from file system: file:/C:/Users/Lenovo/OneDrive%20-%20CUHK-Shenzhen/桌面/javaGame/target/classes/assets/textures/Stage3/yinfu/Re.png
19:58:27.047 [JavaFX Application Thread] DEBUG FXGLAssetLoaderServi - Loading from file system: file:/C:/Users/Lenovo/OneDrive%20-%20CUHK-Shenzhen/桌面/javaGame/target/classes/assets/textures/Stage3/yinfu/Mi.png
19:58:27.048 [JavaFX Application Thread] DEBUG FXGLAssetLoaderServi - Loading from file system: file:/C:/Users/Lenovo/OneDrive%20-%20CUHK-Shenzhen/桌面/javaGame/target/classes/assets/textures/Stage3/yinfu/Fa.png
19:58:27.049 [JavaFX Application Thread] DEBUG FXGLAssetLoaderServi - Loading from file system: file:/C:/Users/Lenovo/OneDrive%20-%20CUHK-Shenzhen/桌面/javaGame/target/classes/assets/textures/Stage3/yinfu/So.png
19:58:27.051 [JavaFX Application Thread] DEBUG FXGLAssetLoaderServi - Loading from file system: file:/C:/Users/Lenovo/OneDrive%20-%20CUHK-Shenzhen/桌面/javaGame/target/classes/assets/textures/Stage3/yinfu/La.png
19:58:27.053 [JavaFX Application Thread] DEBUG FXGLAssetLoaderServi - Loading from file system: file:/C:/Users/Lenovo/OneDrive%20-%20CUHK-Shenzhen/桌面/javaGame/target/classes/assets/textures/Stage3/yinfu/Ti.png
19:58:27.054 [JavaFX Application Thread] DEBUG FXGLAssetLoaderServi - Loading from file system: file:/C:/Users/Lenovo/OneDrive%20-%20CUHK-Shenzhen/桌面/javaGame/target/classes/assets/textures/Stage3/yinfu/Do1.png
19:58:27.056 [JavaFX Application Thread] DEBUG FXGLAssetLoaderServi - Loading from file system: file:/C:/Users/Lenovo/OneDrive%20-%20CUHK-Shenzhen/桌面/javaGame/target/classes/assets/textures/Stage3/yinfu/Re1.png
19:58:27.056 [JavaFX Application Thread] DEBUG FXGLAssetLoaderServi - Loading from file system: file:/C:/Users/Lenovo/OneDrive%20-%20CUHK-Shenzhen/桌面/javaGame/target/classes/assets/textures/Stage3/yinfu/Mi1.png
19:58:27.057 [JavaFX Application Thread] DEBUG FXGLAssetLoaderServi - Loading from file system: file:/C:/Users/Lenovo/OneDrive%20-%20CUHK-Shenzhen/桌面/javaGame/target/classes/assets/textures/Stage3/yinfu/Fa1.png
19:58:27.058 [JavaFX Application Thread] DEBUG FXGLAssetLoaderServi - Loading from file system: file:/C:/Users/Lenovo/OneDrive%20-%20CUHK-Shenzhen/桌面/javaGame/target/classes/assets/textures/Stage3/yinfu/So1.png
19:58:28.105 [JavaFX Application Thread] DEBUG FXGLAssetLoaderServi - Loading from file system: file:/C:/Users/Lenovo/OneDrive%20-%20CUHK-Shenzhen/桌面/javaGame/target/classes/assets/sounds/Mi.wav
19:58:28.717 [JavaFX Application Thread] DEBUG FXGLAssetLoaderServi - Loading from file system: file:/C:/Users/Lenovo/OneDrive%20-%20CUHK-Shenzhen/桌面/javaGame/target/classes/assets/sounds/Fa.wav
19:58:29.463 [JavaFX Application Thread] DEBUG FXGLAssetLoaderServi - Loading from file system: file:/C:/Users/Lenovo/OneDrive%20-%20CUHK-Shenzhen/桌面/javaGame/target/classes/assets/sounds/So.wav
19:58:30.436 [JavaFX Application Thread] DEBUG FXGLAssetLoaderServi - Loading from file system: file:/C:/Users/Lenovo/OneDrive%20-%20CUHK-Shenzhen/桌面/javaGame/target/classes/assets/sounds/钥匙声.wav
19:58:30.439 [JavaFX Application Thread] DEBUG PrimaryStageWindow   - Push state: DialogSubScene
19:58:30.439 [JavaFX Application Thread] DEBUG Input                - Clearing active input actions
19:58:30.439 [JavaFX Application Thread] DEBUG GameApplicationServi - Removing overlay from GameScene and adding to DialogSubScene
19:58:30.440 [JavaFX Application Thread] DEBUG PrimaryStageWindow   - GameScene -> DialogSubScene
19:58:34.322 [JavaFX Application Thread] DEBUG PrimaryStageWindow   - Pop state: DialogSubScene
19:58:34.323 [JavaFX Application Thread] DEBUG Input                - Clearing active input actions
19:58:34.323 [JavaFX Application Thread] DEBUG GameApplicationServi - Removing overlay from DialogSubScene and adding to GameScene
19:58:34.323 [JavaFX Application Thread] DEBUG PrimaryStageWindow   - GameScene <- DialogSubScene
19:58:35.772 [JavaFX Application Thread] DEBUG FXGLAssetLoaderServi - Loading from file system: file:/C:/Users/Lenovo/OneDrive%20-%20CUHK-Shenzhen/桌面/javaGame/target/classes/assets/textures/Stage3/guahuac1.png
19:58:36.150 [JavaFX Application Thread] DEBUG PrimaryStageWindow   - Push state: DialogSubScene
19:58:36.150 [JavaFX Application Thread] DEBUG Input                - Clearing active input actions
19:58:36.150 [JavaFX Application Thread] DEBUG GameApplicationServi - Removing overlay from GameScene and adding to DialogSubScene
19:58:36.150 [JavaFX Application Thread] DEBUG PrimaryStageWindow   - GameScene -> DialogSubScene
19:58:36.151 [JavaFX Application Thread] DEBUG FXGLAssetLoaderServi - Loading from file system: file:/C:/Users/Lenovo/OneDrive%20-%20CUHK-Shenzhen/桌面/javaGame/target/classes/assets/sounds/挂画.wav
19:58:36.154 [JavaFX Application Thread] DEBUG FXGLAssetLoaderServi - Loading from file system: file:/C:/Users/Lenovo/OneDrive%20-%20CUHK-Shenzhen/桌面/javaGame/target/classes/assets/textures/Stage3/guahuac2.png
19:58:38.099 [JavaFX Application Thread] DEBUG PrimaryStageWindow   - Pop state: DialogSubScene
19:58:38.099 [JavaFX Application Thread] DEBUG Input                - Clearing active input actions
19:58:38.099 [JavaFX Application Thread] DEBUG GameApplicationServi - Removing overlay from DialogSubScene and adding to GameScene
19:58:38.099 [JavaFX Application Thread] DEBUG PrimaryStageWindow   - GameScene <- DialogSubScene
19:58:39.624 [JavaFX Application Thread] DEBUG PrimaryStageWindow   - Push state: DialogSubScene
19:58:39.624 [JavaFX Application Thread] DEBUG Input                - Clearing active input actions
19:58:39.625 [JavaFX Application Thread] DEBUG GameApplicationServi - Removing overlay from GameScene and adding to DialogSubScene
19:58:39.625 [JavaFX Application Thread] DEBUG PrimaryStageWindow   - GameScene -> DialogSubScene
19:58:40.638 [JavaFX Application Thread] DEBUG PrimaryStageWindow   - Pop state: DialogSubScene
19:58:40.638 [JavaFX Application Thread] DEBUG Input                - Clearing active input actions
19:58:40.638 [JavaFX Application Thread] DEBUG GameApplicationServi - Removing overlay from DialogSubScene and adding to GameScene
19:58:40.638 [JavaFX Application Thread] DEBUG PrimaryStageWindow   - GameScene <- DialogSubScene
19:58:42.577 [JavaFX Application Thread] DEBUG PrimaryStageWindow   - Push state: DialogSubScene
19:58:42.577 [JavaFX Application Thread] DEBUG Input                - Clearing active input actions
19:58:42.577 [JavaFX Application Thread] DEBUG GameApplicationServi - Removing overlay from GameScene and adding to DialogSubScene
19:58:42.577 [JavaFX Application Thread] DEBUG PrimaryStageWindow   - GameScene -> DialogSubScene
19:58:43.554 [JavaFX Application Thread] DEBUG PrimaryStageWindow   - Pop state: DialogSubScene
19:58:43.554 [JavaFX Application Thread] DEBUG Input                - Clearing active input actions
19:58:43.554 [JavaFX Application Thread] DEBUG GameApplicationServi - Removing overlay from DialogSubScene and adding to GameScene
19:58:43.554 [JavaFX Application Thread] DEBUG PrimaryStageWindow   - GameScene <- DialogSubScene
19:58:44.955 [JavaFX Application Thread] DEBUG PrimaryStageWindow   - Push state: DialogSubScene
19:58:44.955 [JavaFX Application Thread] DEBUG Input                - Clearing active input actions
19:58:44.955 [JavaFX Application Thread] DEBUG GameApplicationServi - Removing overlay from GameScene and adding to DialogSubScene
19:58:44.955 [JavaFX Application Thread] DEBUG PrimaryStageWindow   - GameScene -> DialogSubScene
19:58:46.893 [JavaFX Application Thread] DEBUG PrimaryStageWindow   - Pop state: DialogSubScene
19:58:46.893 [JavaFX Application Thread] DEBUG Input                - Clearing active input actions
19:58:46.893 [JavaFX Application Thread] DEBUG GameApplicationServi - Removing overlay from DialogSubScene and adding to GameScene
19:58:46.893 [JavaFX Application Thread] DEBUG PrimaryStageWindow   - GameScene <- DialogSubScene
19:58:49.007 [JavaFX Application Thread] DEBUG FXGLAssetLoaderServi - Loading from file system: file:/C:/Users/Lenovo/OneDrive%20-%20CUHK-Shenzhen/桌面/javaGame/target/classes/assets/textures/Stage3/Stage3%20Tap1.png
19:58:49.327 [JavaFX Application Thread] DEBUG FXGLAssetLoaderServi - Loading from file system: file:/C:/Users/Lenovo/OneDrive%20-%20CUHK-Shenzhen/桌面/javaGame/target/classes/assets/textures/Stage3/Stage3%20Tap2.png
19:58:49.635 [JavaFX Application Thread] DEBUG PrimaryStageWindow   - Push state: DialogSubScene
19:58:49.635 [JavaFX Application Thread] DEBUG Input                - Clearing active input actions
19:58:49.635 [JavaFX Application Thread] DEBUG GameApplicationServi - Removing overlay from GameScene and adding to DialogSubScene
19:58:49.635 [JavaFX Application Thread] DEBUG PrimaryStageWindow   - GameScene -> DialogSubScene
19:58:51.723 [JavaFX Application Thread] DEBUG PrimaryStageWindow   - Pop state: DialogSubScene
19:58:51.723 [JavaFX Application Thread] DEBUG Input                - Clearing active input actions
19:58:51.723 [JavaFX Application Thread] DEBUG GameApplicationServi - Removing overlay from DialogSubScene and adding to GameScene
19:58:51.723 [JavaFX Application Thread] DEBUG PrimaryStageWindow   - GameScene <- DialogSubScene
19:58:52.305 [JavaFX Application Thread] DEBUG PrimaryStageWindow   - Push state: DialogSubScene
19:58:52.305 [JavaFX Application Thread] DEBUG Input                - Clearing active input actions
19:58:52.305 [JavaFX Application Thread] DEBUG GameApplicationServi - Removing overlay from GameScene and adding to DialogSubScene
19:58:52.305 [JavaFX Application Thread] DEBUG PrimaryStageWindow   - GameScene -> DialogSubScene
19:58:54.861 [JavaFX Application Thread] DEBUG PrimaryStageWindow   - Pop state: DialogSubScene
19:58:54.861 [JavaFX Application Thread] DEBUG Input                - Clearing active input actions
19:58:54.861 [JavaFX Application Thread] DEBUG GameApplicationServi - Removing overlay from DialogSubScene and adding to GameScene
19:58:54.861 [JavaFX Application Thread] DEBUG PrimaryStageWindow   - GameScene <- DialogSubScene
19:58:55.840 [JavaFX Application Thread] DEBUG FXGLAssetLoaderServi - Loading from file system: file:/C:/Users/Lenovo/OneDrive%20-%20CUHK-Shenzhen/桌面/javaGame/target/classes/assets/textures/Stage4/Stage4%20Bed.png
19:58:55.865 [JavaFX Application Thread] DEBUG FXGLAssetLoaderServi - Loading from file system: file:/C:/Users/Lenovo/OneDrive%20-%20CUHK-Shenzhen/桌面/javaGame/target/classes/assets/textures/Stage4/Stage4%20Box.png
19:58:55.872 [JavaFX Application Thread] DEBUG FXGLAssetLoaderServi - Loading from file system: file:/C:/Users/Lenovo/OneDrive%20-%20CUHK-Shenzhen/桌面/javaGame/target/classes/assets/textures/Stage4/Stage4%20Clock.png
19:58:57.402 [JavaFX Application Thread] DEBUG FXGLAssetLoaderServi - Loading from file system: file:/C:/Users/Lenovo/OneDrive%20-%20CUHK-Shenzhen/桌面/javaGame/target/classes/assets/textures/Mengban.png
19:58:57.421 [JavaFX Application Thread] DEBUG FXGLAssetLoaderServi - Loading from file system: file:/C:/Users/Lenovo/OneDrive%20-%20CUHK-Shenzhen/桌面/javaGame/target/classes/assets/textures/Stage4/Painting.jpg
19:58:57.879 [JavaFX Application Thread] DEBUG PrimaryStageWindow   - Push state: DialogSubScene
19:58:57.879 [JavaFX Application Thread] DEBUG Input                - Clearing active input actions
19:58:57.880 [JavaFX Application Thread] DEBUG GameApplicationServi - Removing overlay from GameScene and adding to DialogSubScene
19:58:57.880 [JavaFX Application Thread] DEBUG PrimaryStageWindow   - GameScene -> DialogSubScene
19:58:59.679 [JavaFX Application Thread] DEBUG PrimaryStageWindow   - Pop state: DialogSubScene
19:58:59.679 [JavaFX Application Thread] DEBUG Input                - Clearing active input actions
19:58:59.679 [JavaFX Application Thread] DEBUG GameApplicationServi - Removing overlay from DialogSubScene and adding to GameScene
19:58:59.679 [JavaFX Application Thread] DEBUG PrimaryStageWindow   - GameScene <- DialogSubScene
19:59:00.953 [JavaFX Application Thread] DEBUG FXGLAssetLoaderServi - Loading from file system: file:/C:/Users/Lenovo/OneDrive%20-%20CUHK-Shenzhen/桌面/javaGame/target/classes/assets/sounds/被子声.wav
19:59:00.957 [JavaFX Application Thread] DEBUG FXGLAssetLoaderServi - Loading from file system: file:/C:/Users/Lenovo/OneDrive%20-%20CUHK-Shenzhen/桌面/javaGame/target/classes/assets/textures/Stage4/Bedc.png
19:59:00.981 [JavaFX Application Thread] DEBUG PrimaryStageWindow   - Push state: DialogSubScene
19:59:00.981 [JavaFX Application Thread] DEBUG Input                - Clearing active input actions
19:59:00.981 [JavaFX Application Thread] DEBUG GameApplicationServi - Removing overlay from GameScene and adding to DialogSubScene
19:59:00.981 [JavaFX Application Thread] DEBUG PrimaryStageWindow   - GameScene -> DialogSubScene
19:59:02.649 [JavaFX Application Thread] DEBUG PrimaryStageWindow   - Pop state: DialogSubScene
19:59:02.649 [JavaFX Application Thread] DEBUG Input                - Clearing active input actions
19:59:02.649 [JavaFX Application Thread] DEBUG GameApplicationServi - Removing overlay from DialogSubScene and adding to GameScene
19:59:02.649 [JavaFX Application Thread] DEBUG PrimaryStageWindow   - GameScene <- DialogSubScene
19:59:06.194 [JavaFX Application Thread] DEBUG FXGLApplication      - Exiting FXGL
19:59:06.194 [JavaFX Application Thread] DEBUG LoopRunner           - Stopping loop
19:59:06.194 [JavaFX Application Thread] DEBUG SystemBundleService  - Saving FXGL system data
19:59:06.196 [JavaFX Application Thread] DEBUG FileSystemAccess     - Writing to: C:\Users\Lenovo\OneDrive - CUHK-Shenzhen\桌面\javaGame\system\fxgl.bundle
19:59:06.198 [JavaFX Application Thread] DEBUG Async                - Shutting down background threads
19:59:06.198 [JavaFX Application Thread] DEBUG PrimaryStageWindow   - Closing main window
19:59:06.223 [JavaFX Application Thread] DEBUG Logger               - Closing Logger
