17:05:40.907 [main                     ] DEBUG Logger               - Configured Logger
17:05:40.927 [main                     ] DEBUG GameApplication      - Logging settings
Title: Escape
Version: 0.1
Width: 900
Height: 900
Fullscreen: false
Intro: false
Profiling: false
Single step:false
App Mode: DEVELOPER
Menu Key: ESCAPE
Stage Style: DECORATED
Scene Factory: class com.almasb.fxgl.app.scene.SceneFactory

17:05:41.190 [JavaFX Application Thread] DEBUG FXGLApplication      - Initializing FXGL
17:05:41.193 [JavaFX Application Thread] INFO  Engine               - FXGL-17.2 (20.08.2022 16.50) on WINDOWS (J:17.0.5 FX:18)
17:05:41.193 [JavaFX Application Thread] DEBUG Engine               - JRE Vendor Name: Oracle Corporation
17:05:41.193 [JavaFX Application Thread] DEBUG Engine               - Running on OS: Windows 11 version 10.0
17:05:41.194 [JavaFX Application Thread] DEBUG Engine               - Architecture: amd64
17:05:41.194 [JavaFX Application Thread] INFO  Engine               - Source code and latest versions at: https://github.com/AlmasB/FXGL
17:05:41.194 [JavaFX Application Thread] INFO  Engine               -       Ask questions and discuss at: https://github.com/AlmasB/FXGL/discussions
17:05:41.194 [JavaFX Application Thread] INFO  Engine               -              Join the FXGL chat at: https://gitter.im/AlmasB/FXGL
17:05:41.241 [JavaFX Application Thread] DEBUG PrimaryStageWindow   - Creating a JavaFX scene
17:05:41.264 [JavaFX Application Thread] DEBUG PrimaryStageWindow   - Target settings size: 900.0 x 900.0
17:05:41.264 [JavaFX Application Thread] DEBUG PrimaryStageWindow   - Scaled scene size:    900.0 x 900.0
17:05:41.265 [JavaFX Application Thread] DEBUG PrimaryStageWindow   - Scaled ratio: (1.0, 1.0)
17:05:41.265 [JavaFX Application Thread] DEBUG PrimaryStageWindow   - Set initial scene to FXGLStartupScene
17:05:41.269 [JavaFX Application Thread] DEBUG PrimaryStageWindow   - Opening main window
17:05:41.316 [JavaFX Application Thread] DEBUG PrimaryStageWindow   - Window border size: (14.66668701171875, 37.33331298828125)
17:05:41.316 [JavaFX Application Thread] DEBUG PrimaryStageWindow   - Scaled size: 900.0 x 900.0
17:05:41.316 [JavaFX Application Thread] DEBUG PrimaryStageWindow   - Scaled ratio: (1.0, 1.0)
17:05:41.316 [JavaFX Application Thread] DEBUG PrimaryStageWindow   - Scene size: 900.0 x 900.0
17:05:41.316 [JavaFX Application Thread] DEBUG PrimaryStageWindow   - Stage size: 914.6666870117188 x 937.3333129882812
17:05:41.321 [FXGL Background Thread 1 ] DEBUG Engine               - Initializing environment variables
17:05:41.342 [FXGL Background Thread 1 ] DEBUG FXGLAssetLoaderServi - User app class for loading assets: class com.Moonhalf.EscapeApp
17:05:41.342 [FXGL Background Thread 1 ] DEBUG GameApplicationServi - Applying CSS: fxgl_dark.css
17:05:41.342 [FXGL Background Thread 1 ] DEBUG FXGLAssetLoaderServi - Loading from file system: jar:file:///C:/Users/Lenovo/.m2/repository/com/github/almasb/fxgl/17.2/fxgl-17.2.jar!/fxglassets/ui/css/fxgl_dark.css
17:05:41.371 [FXGL Background Thread 1 ] DEBUG GameApplicationServi - Initializing application scenes
17:05:41.409 [FXGL Background Thread 1 ] DEBUG GameWorld            - Game world initialized
17:05:41.446 [FXGL Background Thread 1 ] DEBUG PhysicsWorld         - Physics world initialized: appHeight=900, physics.ppm=50.0
17:05:41.447 [FXGL Background Thread 1 ] DEBUG PhysicsWorld         - Using strategy: BRUTE_FORCE
17:05:41.449 [FXGL Background Thread 1 ] DEBUG GameScene            - Game scene initialized: 900x900
17:05:41.458 [FXGL Background Thread 1 ] DEBUG FXGL.DefaultMenu     - createMenuBodyGameMenu()
17:05:41.466 [FXGL Background Thread 1 ] DEBUG FXGL.DefaultMenu     - createOptionsMenu()
17:05:41.472 [FXGL Background Thread 1 ] DEBUG FXGLAssetLoaderServi - Loading from file system: jar:file:///C:/Users/Lenovo/.m2/repository/com/github/almasb/fxgl/17.2/fxgl-17.2.jar!/fxglassets/textures/particles/smoke.png
17:05:41.524 [FXGL Background Thread 1 ] DEBUG FXGLAssetLoaderServi - Loading from file system: jar:file:///C:/Users/Lenovo/.m2/repository/com/github/almasb/fxgl/17.2/fxgl-17.2.jar!/fxglassets/textures/particles/trace_horizontal.png
17:05:41.541 [FXGL Background Thread 1 ] DEBUG GameApplicationServi - Application scenes initialized
17:05:41.549 [FXGL Background Thread 1 ] DEBUG SystemBundleService  - Loading FXGL system data
17:05:41.552 [FXGL Background Thread 1 ] DEBUG FileSystemAccess     - Reading from: C:\Users\Lenovo\OneDrive - CUHK-Shenzhen\桌面\javaGame\system\fxgl.bundle
17:05:41.557 [FXGL Background Thread 1 ] DEBUG SystemBundleService  - Bundle FXGL: {}
17:05:41.557 [FXGL Background Thread 1 ] DEBUG UpdaterService       - Checking for updates
17:05:41.559 [FXGL Background Thread 4 ] DEBUG FXGLApplication      - Loading fonts
17:05:41.559 [FXGL Background Thread 1 ] DEBUG FXGLApplication      - Loading default localization
17:05:41.560 [FXGL Background Thread 4 ] DEBUG FXGLAssetLoaderServi - Loading from file system: jar:file:///C:/Users/Lenovo/.m2/repository/com/github/almasb/fxgl/17.2/fxgl-17.2.jar!/fxglassets/ui/fonts/VarelaRound-Regular.ttf
17:05:41.560 [FXGL Background Thread 1 ] DEBUG FXGLAssetLoaderServi - Loading from file system: jar:file:///C:/Users/Lenovo/.m2/repository/com/github/almasb/fxgl/17.2/fxgl-17.2.jar!/fxglassets/languages/english.lang
17:05:41.570 [FXGL Background Thread 1 ] INFO  FXGLApplication      - FXGL initialization took: 0.249 sec
17:05:41.573 [JavaFX Application Thread] DEBUG FXGLAssetLoaderServi - Loading from file system: file:/C:/Users/Lenovo/OneDrive%20-%20CUHK-Shenzhen/桌面/javaGame/target/classes/assets/textures/Escape.png
17:05:41.583 [JavaFX Application Thread] DEBUG FXGLAssetLoaderServi - Loading from file system: jar:file:///C:/Users/Lenovo/.m2/repository/com/github/almasb/fxgl/17.2/fxgl-17.2.jar!/fxglassets/textures/fxgl_default_cursor.png
17:05:41.604 [JavaFX Application Thread] DEBUG Input                - Registered new binding: Screenshot - CTRL+8
17:05:41.604 [FXGL Background Thread 4 ] DEBUG FXGLAssetLoaderServi - Loading from file system: jar:file:///C:/Users/Lenovo/.m2/repository/com/github/almasb/fxgl/17.2/fxgl-17.2.jar!/fxglassets/ui/fonts/Abel-Regular.ttf
17:05:41.605 [JavaFX Application Thread] DEBUG Input                - Registered new binding: System info dump - CTRL+9
17:05:41.605 [JavaFX Application Thread] DEBUG Input                - Registered new binding: Restart - CTRL+R
17:05:41.607 [JavaFX Application Thread] DEBUG Input                - Registered new binding: Toggle Debug Camera - CTRL+7
17:05:41.607 [FXGL Background Thread 4 ] DEBUG FXGLAssetLoaderServi - Loading from file system: jar:file:///C:/Users/Lenovo/.m2/repository/com/github/almasb/fxgl/17.2/fxgl-17.2.jar!/fxglassets/ui/fonts/TerminalLandMono-Regular.otf
17:05:41.609 [FXGL Background Thread 4 ] DEBUG FXGLAssetLoaderServi - Loading from file system: jar:file:///C:/Users/Lenovo/.m2/repository/com/github/almasb/fxgl/17.2/fxgl-17.2.jar!/fxglassets/ui/fonts/Courier-Prime.ttf
17:05:41.610 [JavaFX Application Thread] DEBUG LoopRunner           - Starting loop
17:05:41.610 [JavaFX Application Thread] DEBUG LoopRunner           - Initializing JavaFX AnimationTimerLoop
17:05:41.611 [JavaFX Application Thread] DEBUG GameApplicationServi - Starting new game
17:05:41.612 [JavaFX Application Thread] DEBUG Input                - Clearing active input actions
17:05:41.623 [JavaFX Application Thread] DEBUG GameApplicationServi - Removing overlay from FXGLStartupScene and adding to FXGLLoadingScene
17:05:41.623 [JavaFX Application Thread] DEBUG PrimaryStageWindow   - FXGLStartupScene -> FXGLLoadingScene
17:05:41.623 [JavaFX Application Thread] DEBUG GameApplicationServi - Clearing previous game
17:05:41.623 [JavaFX Application Thread] DEBUG GameScene            - Clearing game scene
17:05:41.624 [JavaFX Application Thread] DEBUG GameWorld            - Clearing game world
17:05:41.624 [JavaFX Application Thread] DEBUG PhysicsWorld         - Clearing physics world
17:05:41.626 [FXGL Background Thread 4 ] DEBUG FXGLApplication      - Initializing game
17:05:41.627 [JavaFX Application Thread] DEBUG FXGLApplication      - Registering font factories with UI factory
17:05:41.644 [FXGL Background Thread 4 ] DEBUG FXGLAssetLoaderServi - Loading from file system: file:/C:/Users/Lenovo/OneDrive%20-%20CUHK-Shenzhen/桌面/javaGame/target/classes/assets/textures/Background.jpg
17:05:41.662 [FXGL Background Thread 4 ] DEBUG FXGLAssetLoaderServi - Loading from file system: file:/C:/Users/Lenovo/OneDrive%20-%20CUHK-Shenzhen/桌面/javaGame/target/classes/assets/textures/ArrowR.png
17:05:41.676 [FXGL Background Thread 4 ] DEBUG FXGLAssetLoaderServi - Loading from file system: file:/C:/Users/Lenovo/OneDrive%20-%20CUHK-Shenzhen/桌面/javaGame/target/classes/assets/textures/Stage1/Stage1%20Door.png
17:05:41.701 [FXGL Background Thread 4 ] DEBUG FXGLAssetLoaderServi - Loading from file system: file:/C:/Users/Lenovo/OneDrive%20-%20CUHK-Shenzhen/桌面/javaGame/target/classes/assets/textures/Stage1/Stage1%20Curtain.png
17:05:41.715 [FXGL Background Thread 4 ] INFO  FXGLApplication      - Game initialization took: 0.089 sec
17:05:41.739 [JavaFX Application Thread] DEBUG Input                - Clearing active input actions
17:05:41.744 [JavaFX Application Thread] DEBUG GameApplicationServi - Removing overlay from FXGLLoadingScene and adding to GameScene
17:05:41.745 [JavaFX Application Thread] DEBUG PrimaryStageWindow   - FXGLLoadingScene -> GameScene
17:05:42.264 [FXGL Background Thread 2 ] INFO  UpdaterService       - Your current version:  17.2
17:05:42.264 [FXGL Background Thread 2 ] INFO  UpdaterService       - Latest stable version: 17.3
17:05:42.382 [JavaFX Application Thread] DEBUG FXGLAssetLoaderServi - Loading from file system: file:/C:/Users/Lenovo/OneDrive%20-%20CUHK-Shenzhen/桌面/javaGame/target/classes/assets/textures/Stage2/Stage2%20Chair.png
17:05:42.391 [JavaFX Application Thread] DEBUG FXGLAssetLoaderServi - Loading from file system: file:/C:/Users/Lenovo/OneDrive%20-%20CUHK-Shenzhen/桌面/javaGame/target/classes/assets/textures/Stage2/Stage2%20Clock.png
17:05:42.394 [JavaFX Application Thread] DEBUG FXGLAssetLoaderServi - Loading from file system: file:/C:/Users/Lenovo/OneDrive%20-%20CUHK-Shenzhen/桌面/javaGame/target/classes/assets/textures/Stage2/Stage2%20Drawer.png
17:05:42.894 [JavaFX Application Thread] DEBUG FXGLAssetLoaderServi - Loading from file system: file:/C:/Users/Lenovo/OneDrive%20-%20CUHK-Shenzhen/桌面/javaGame/target/classes/assets/textures/Stage2/Drawer%20Click.jpg
17:05:42.902 [JavaFX Application Thread] DEBUG FXGLAssetLoaderServi - Loading from file system: file:/C:/Users/Lenovo/OneDrive%20-%20CUHK-Shenzhen/桌面/javaGame/target/classes/assets/textures/Stage2/D1.png
17:05:42.905 [JavaFX Application Thread] DEBUG FXGLAssetLoaderServi - Loading from file system: file:/C:/Users/Lenovo/OneDrive%20-%20CUHK-Shenzhen/桌面/javaGame/target/classes/assets/textures/Stage2/D2.png
17:05:42.907 [JavaFX Application Thread] DEBUG FXGLAssetLoaderServi - Loading from file system: file:/C:/Users/Lenovo/OneDrive%20-%20CUHK-Shenzhen/桌面/javaGame/target/classes/assets/textures/Stage2/D3.png
17:05:42.909 [JavaFX Application Thread] DEBUG FXGLAssetLoaderServi - Loading from file system: file:/C:/Users/Lenovo/OneDrive%20-%20CUHK-Shenzhen/桌面/javaGame/target/classes/assets/textures/Stage2/D4.png
17:05:42.911 [JavaFX Application Thread] DEBUG FXGLAssetLoaderServi - Loading from file system: file:/C:/Users/Lenovo/OneDrive%20-%20CUHK-Shenzhen/桌面/javaGame/target/classes/assets/textures/ArrowD.png
17:05:43.186 [JavaFX Application Thread] DEBUG PrimaryStageWindow   - Push state: DialogSubScene
17:05:43.187 [JavaFX Application Thread] DEBUG Input                - Clearing active input actions
17:05:43.194 [JavaFX Application Thread] DEBUG GameApplicationServi - Removing overlay from GameScene and adding to DialogSubScene
17:05:43.195 [JavaFX Application Thread] DEBUG PrimaryStageWindow   - GameScene -> DialogSubScene
17:05:43.678 [JavaFX Application Thread] DEBUG PrimaryStageWindow   - Pop state: DialogSubScene
17:05:43.678 [JavaFX Application Thread] DEBUG Input                - Clearing active input actions
17:05:43.679 [JavaFX Application Thread] DEBUG GameApplicationServi - Removing overlay from DialogSubScene and adding to GameScene
17:05:43.679 [JavaFX Application Thread] DEBUG PrimaryStageWindow   - GameScene <- DialogSubScene
17:05:44.559 [FXGL Background Thread 3 ] DEBUG Engine               - Logging environment variables
17:05:44.560 [FXGL Background Thread 3 ] DEBUG Engine               - achievements: []
17:05:44.560 [FXGL Background Thread 3 ] DEBUG Engine               - actualHeight: 900.0
17:05:44.560 [FXGL Background Thread 3 ] DEBUG Engine               - actualHeightProperty: ReadOnlyDoubleProperty [value: 900.0]
17:05:44.560 [FXGL Background Thread 3 ] DEBUG Engine               - actualWidth: 900.0
17:05:44.560 [FXGL Background Thread 3 ] DEBUG Engine               - actualWidthProperty: ReadOnlyDoubleProperty [value: 900.0]
17:05:44.560 [FXGL Background Thread 3 ] DEBUG Engine               - appIcon: Escape.png
17:05:44.560 [FXGL Background Thread 3 ] DEBUG Engine               - applicationMode: DEVELOPER
17:05:44.561 [FXGL Background Thread 3 ] DEBUG Engine               - cSSList: [fxgl_dark.css]
17:05:44.561 [FXGL Background Thread 3 ] DEBUG Engine               - collisionDetectionStrategy: BRUTE_FORCE
17:05:44.561 [FXGL Background Thread 3 ] DEBUG Engine               - configClass: Optional.empty
17:05:44.561 [FXGL Background Thread 3 ] DEBUG Engine               - credits: []
17:05:44.561 [FXGL Background Thread 3 ] DEBUG Engine               - defaultCursor: CursorInfo(imageName=fxgl_default_cursor.png, hotspotX=7.0, hotspotY=6.0)
17:05:44.561 [FXGL Background Thread 3 ] DEBUG Engine               - devBBoxColorProperty: ObjectProperty [value: 0xff0000ff]
17:05:44.561 [FXGL Background Thread 3 ] DEBUG Engine               - devEnableDebugCameraProperty: BooleanProperty [value: false]
17:05:44.561 [FXGL Background Thread 3 ] DEBUG Engine               - devSensorColorProperty: ObjectProperty [value: 0xffff00ff]
17:05:44.561 [FXGL Background Thread 3 ] DEBUG Engine               - devShowBBoxProperty: BooleanProperty [value: false]
17:05:44.561 [FXGL Background Thread 3 ] DEBUG Engine               - devShowPositionProperty: BooleanProperty [value: false]
17:05:44.561 [FXGL Background Thread 3 ] DEBUG Engine               - enabledMenuItems: []
17:05:44.561 [FXGL Background Thread 3 ] DEBUG Engine               - engineServices: [class com.almasb.fxgl.app.services.FXGLAssetLoaderService, class com.almasb.fxgl.app.FXGLApplication$GameApplicationService, class com.almasb.fxgl.app.services.FXGLDialogService, class com.almasb.fxgl.app.services.IOTaskExecutorService, class com.almasb.fxgl.io.FileSystemService, class com.almasb.fxgl.localization.LocalizationService, class com.almasb.fxgl.app.services.SystemBundleService, class com.almasb.fxgl.profile.SaveLoadService, class com.almasb.fxgl.ui.FXGLUIFactoryServiceProvider, class com.almasb.fxgl.ui.FXGLDialogFactoryServiceProvider, class com.almasb.fxgl.audio.AudioPlayer, class com.almasb.fxgl.notification.impl.NotificationServiceProvider, class com.almasb.fxgl.achievement.AchievementService, class com.almasb.fxgl.cutscene.CutsceneService, class com.almasb.fxgl.minigames.MiniGameService, class com.almasb.fxgl.net.NetService, class com.almasb.fxgl.app.services.UpdaterService, class com.almasb.fxgl.dev.DevService]
17:05:44.561 [FXGL Background Thread 3 ] DEBUG Engine               - fontGame: Abel-Regular.ttf
17:05:44.561 [FXGL Background Thread 3 ] DEBUG Engine               - fontMono: TerminalLandMono-Regular.otf
17:05:44.561 [FXGL Background Thread 3 ] DEBUG Engine               - fontText: Courier-Prime.ttf
17:05:44.561 [FXGL Background Thread 3 ] DEBUG Engine               - fontUI: VarelaRound-Regular.ttf
17:05:44.561 [FXGL Background Thread 3 ] DEBUG Engine               - fullScreen: BooleanProperty [value: false]
17:05:44.561 [FXGL Background Thread 3 ] DEBUG Engine               - gameDifficulty: MEDIUM
17:05:44.561 [FXGL Background Thread 3 ] DEBUG Engine               - gameDifficultyProperty: ObjectProperty [value: MEDIUM]
17:05:44.563 [FXGL Background Thread 3 ] DEBUG Engine               - globalMusicVolume: 0.5
17:05:44.563 [FXGL Background Thread 3 ] DEBUG Engine               - globalMusicVolumeProperty: DoubleProperty [value: 0.5]
17:05:44.563 [FXGL Background Thread 3 ] DEBUG Engine               - globalSoundVolume: 0.5
17:05:44.563 [FXGL Background Thread 3 ] DEBUG Engine               - globalSoundVolumeProperty: DoubleProperty [value: 0.5]
17:05:44.563 [FXGL Background Thread 3 ] DEBUG Engine               - height: 900
17:05:44.563 [FXGL Background Thread 3 ] DEBUG Engine               - is3D: false
17:05:44.563 [FXGL Background Thread 3 ] DEBUG Engine               - isAndroid: false
17:05:44.563 [FXGL Background Thread 3 ] DEBUG Engine               - isBrowser: false
17:05:44.563 [FXGL Background Thread 3 ] DEBUG Engine               - isClickFeedbackEnabled: false
17:05:44.563 [FXGL Background Thread 3 ] DEBUG Engine               - isCloseConfirmation: false
17:05:44.563 [FXGL Background Thread 3 ] DEBUG Engine               - isDesktop: true
17:05:44.563 [FXGL Background Thread 3 ] DEBUG Engine               - isDeveloperMenuEnabled: false
17:05:44.563 [FXGL Background Thread 3 ] DEBUG Engine               - isEmbedded: false
17:05:44.563 [FXGL Background Thread 3 ] DEBUG Engine               - isEntityPreloadEnabled: true
17:05:44.563 [FXGL Background Thread 3 ] DEBUG Engine               - isExperimentalTiledLargeMap: false
17:05:44.563 [FXGL Background Thread 3 ] DEBUG Engine               - isFileSystemWriteAllowed: true
17:05:44.563 [FXGL Background Thread 3 ] DEBUG Engine               - isFullScreenAllowed: false
17:05:44.563 [FXGL Background Thread 3 ] DEBUG Engine               - isFullScreenFromStart: false
17:05:44.563 [FXGL Background Thread 3 ] DEBUG Engine               - isGameMenuEnabled: true
17:05:44.563 [FXGL Background Thread 3 ] DEBUG Engine               - isIOS: false
17:05:44.563 [FXGL Background Thread 3 ] DEBUG Engine               - isIntroEnabled: false
17:05:44.563 [FXGL Background Thread 3 ] DEBUG Engine               - isLinux: false
17:05:44.563 [FXGL Background Thread 3 ] DEBUG Engine               - isMac: false
17:05:44.563 [FXGL Background Thread 3 ] DEBUG Engine               - isMainMenuEnabled: false
17:05:44.563 [FXGL Background Thread 3 ] DEBUG Engine               - isManualResizeEnabled: false
17:05:44.563 [FXGL Background Thread 3 ] DEBUG Engine               - isMobile: false
17:05:44.563 [FXGL Background Thread 3 ] DEBUG Engine               - isNative: false
17:05:44.563 [FXGL Background Thread 3 ] DEBUG Engine               - isPauseMusicWhenMinimized: true
17:05:44.563 [FXGL Background Thread 3 ] DEBUG Engine               - isPreserveResizeRatio: false
17:05:44.563 [FXGL Background Thread 3 ] DEBUG Engine               - isProfilingEnabled: false
17:05:44.563 [FXGL Background Thread 3 ] DEBUG Engine               - isScaleAffectedOnResize: true
17:05:44.563 [FXGL Background Thread 3 ] DEBUG Engine               - isSingleStep: false
17:05:44.563 [FXGL Background Thread 3 ] DEBUG Engine               - isUserProfileEnabled: false
17:05:44.563 [FXGL Background Thread 3 ] DEBUG Engine               - isWindows: true
17:05:44.563 [FXGL Background Thread 3 ] DEBUG Engine               - language: ObjectProperty [value: ENGLISH]
17:05:44.563 [FXGL Background Thread 3 ] DEBUG Engine               - menuKey: ESCAPE
17:05:44.563 [FXGL Background Thread 3 ] DEBUG Engine               - mouseSensitivity: 0.2
17:05:44.563 [FXGL Background Thread 3 ] DEBUG Engine               - notificationViewClass: class com.almasb.fxgl.notification.view.XboxNotificationView
17:05:44.563 [FXGL Background Thread 3 ] DEBUG Engine               - pixelsPerMeter: 50.0
17:05:44.564 [FXGL Background Thread 3 ] DEBUG Engine               - platform: WINDOWS
17:05:44.564 [FXGL Background Thread 3 ] DEBUG Engine               - prefHeightProperty: ReadOnlyDoubleProperty [value: 900.0]
17:05:44.564 [FXGL Background Thread 3 ] DEBUG Engine               - prefWidthProperty: ReadOnlyDoubleProperty [value: 900.0]
17:05:44.564 [FXGL Background Thread 3 ] DEBUG Engine               - profileDir: profiles/
17:05:44.564 [FXGL Background Thread 3 ] DEBUG Engine               - profileName: StringProperty [value: DEFAULT]
17:05:44.564 [FXGL Background Thread 3 ] DEBUG Engine               - randomSeed: -1
17:05:44.564 [FXGL Background Thread 3 ] DEBUG Engine               - runtimeInfo: RuntimeInfo(platform=WINDOWS, version=17.2, build=20.08.2022 16.50)
17:05:44.564 [FXGL Background Thread 3 ] DEBUG Engine               - saveFileExt: sav
17:05:44.564 [FXGL Background Thread 3 ] DEBUG Engine               - scaledHeightProp$fxgl: DoubleProperty [bound, value: 900.0]
17:05:44.564 [FXGL Background Thread 3 ] DEBUG Engine               - scaledWidthProp$fxgl: DoubleProperty [bound, value: 900.0]
17:05:44.564 [FXGL Background Thread 3 ] DEBUG Engine               - sceneFactory: com.almasb.fxgl.app.scene.SceneFactory@3905898d
17:05:44.564 [FXGL Background Thread 3 ] DEBUG Engine               - secondsIn24h: 60
17:05:44.564 [FXGL Background Thread 3 ] DEBUG Engine               - soundMenuBack: menu/back.wav
17:05:44.564 [FXGL Background Thread 3 ] DEBUG Engine               - soundMenuPress: menu/press.wav
17:05:44.564 [FXGL Background Thread 3 ] DEBUG Engine               - soundMenuSelect: menu/select.wav
17:05:44.564 [FXGL Background Thread 3 ] DEBUG Engine               - soundNotification: core/notification.wav
17:05:44.564 [FXGL Background Thread 3 ] DEBUG Engine               - stageStyle: DECORATED
17:05:44.564 [FXGL Background Thread 3 ] DEBUG Engine               - supportedLanguages: [ENGLISH, FRENCH, GERMAN, HUNGARIAN, RUSSIAN]
17:05:44.564 [FXGL Background Thread 3 ] DEBUG Engine               - ticksPerSecond: -1
17:05:44.564 [FXGL Background Thread 3 ] DEBUG Engine               - title: Escape
17:05:44.564 [FXGL Background Thread 3 ] DEBUG Engine               - urlGithub: https://github.com/AlmasB/FXGL
17:05:44.564 [FXGL Background Thread 3 ] DEBUG Engine               - urlLeaderboard: http://fxgl-top.herokuapp.com/
17:05:44.564 [FXGL Background Thread 3 ] DEBUG Engine               - urlPOM: https://raw.githubusercontent.com/AlmasB/FXGL/release/README.md
17:05:44.564 [FXGL Background Thread 3 ] DEBUG Engine               - userAppClass: class com.Moonhalf.EscapeApp
17:05:44.566 [FXGL Background Thread 3 ] DEBUG Engine               - version: 0.1
17:05:44.566 [FXGL Background Thread 3 ] DEBUG Engine               - versionCheckDays: 7
17:05:44.566 [FXGL Background Thread 3 ] DEBUG Engine               - width: 900
17:05:44.566 [FXGL Background Thread 3 ] DEBUG Engine               - Logging services
17:05:44.566 [FXGL Background Thread 3 ] DEBUG Engine               - class com.almasb.fxgl.app.services.FXGLAssetLoaderService
17:05:44.566 [FXGL Background Thread 3 ] DEBUG Engine               - class com.almasb.fxgl.app.FXGLApplication$GameApplicationService
17:05:44.566 [FXGL Background Thread 3 ] DEBUG Engine               - class com.almasb.fxgl.app.services.FXGLDialogService
17:05:44.566 [FXGL Background Thread 3 ] DEBUG Engine               - class com.almasb.fxgl.app.services.IOTaskExecutorService
17:05:44.566 [FXGL Background Thread 3 ] DEBUG Engine               - class com.almasb.fxgl.io.FileSystemService
17:05:44.566 [FXGL Background Thread 3 ] DEBUG Engine               - class com.almasb.fxgl.localization.LocalizationService
17:05:44.566 [FXGL Background Thread 3 ] DEBUG Engine               - class com.almasb.fxgl.app.services.SystemBundleService
17:05:44.566 [FXGL Background Thread 3 ] DEBUG Engine               - class com.almasb.fxgl.profile.SaveLoadService
17:05:44.566 [FXGL Background Thread 3 ] DEBUG Engine               - class com.almasb.fxgl.ui.FXGLUIFactoryServiceProvider
17:05:44.566 [FXGL Background Thread 3 ] DEBUG Engine               - class com.almasb.fxgl.ui.FXGLDialogFactoryServiceProvider
17:05:44.566 [FXGL Background Thread 3 ] DEBUG Engine               - class com.almasb.fxgl.audio.AudioPlayer
17:05:44.566 [FXGL Background Thread 3 ] DEBUG Engine               - class com.almasb.fxgl.notification.impl.NotificationServiceProvider
17:05:44.566 [FXGL Background Thread 3 ] DEBUG Engine               - class com.almasb.fxgl.achievement.AchievementService
17:05:44.566 [FXGL Background Thread 3 ] DEBUG Engine               - class com.almasb.fxgl.cutscene.CutsceneService
17:05:44.566 [FXGL Background Thread 3 ] DEBUG Engine               - class com.almasb.fxgl.minigames.MiniGameService
17:05:44.566 [FXGL Background Thread 3 ] DEBUG Engine               - class com.almasb.fxgl.net.NetService
17:05:44.566 [FXGL Background Thread 3 ] DEBUG Engine               - class com.almasb.fxgl.app.services.UpdaterService
17:05:44.566 [FXGL Background Thread 3 ] DEBUG Engine               - class com.almasb.fxgl.dev.DevService
17:05:44.977 [JavaFX Application Thread] DEBUG FXGLAssetLoaderServi - Loading from file system: file:/C:/Users/Lenovo/OneDrive%20-%20CUHK-Shenzhen/桌面/javaGame/target/classes/assets/textures/Stage3/Stage3%20Mirror.png
17:05:44.986 [JavaFX Application Thread] DEBUG FXGLAssetLoaderServi - Loading from file system: file:/C:/Users/Lenovo/OneDrive%20-%20CUHK-Shenzhen/桌面/javaGame/target/classes/assets/textures/Stage3/Stage3%20Tap.png
17:05:44.992 [JavaFX Application Thread] DEBUG FXGLAssetLoaderServi - Loading from file system: file:/C:/Users/Lenovo/OneDrive%20-%20CUHK-Shenzhen/桌面/javaGame/target/classes/assets/textures/Stage3/guahua.png
17:05:44.999 [JavaFX Application Thread] DEBUG FXGLAssetLoaderServi - Loading from file system: file:/C:/Users/Lenovo/OneDrive%20-%20CUHK-Shenzhen/桌面/javaGame/target/classes/assets/textures/Stage3/guizi.png
17:05:45.009 [JavaFX Application Thread] DEBUG FXGLAssetLoaderServi - Loading from file system: file:/C:/Users/Lenovo/OneDrive%20-%20CUHK-Shenzhen/桌面/javaGame/target/classes/assets/textures/Stage3/yugang.png
17:05:45.443 [JavaFX Application Thread] DEBUG FXGLAssetLoaderServi - Loading from file system: file:/C:/Users/Lenovo/OneDrive%20-%20CUHK-Shenzhen/桌面/javaGame/target/classes/assets/textures/Stage3/guahuac1.png
17:05:45.748 [JavaFX Application Thread] DEBUG FXGLAssetLoaderServi - Loading from file system: file:/C:/Users/Lenovo/OneDrive%20-%20CUHK-Shenzhen/桌面/javaGame/target/classes/assets/textures/Stage3/guahuac2.png
17:05:45.762 [JavaFX Application Thread] DEBUG FXGLAssetLoaderServi - Loading from file system: file:/C:/Users/Lenovo/OneDrive%20-%20CUHK-Shenzhen/桌面/javaGame/target/classes/assets/textures/Stage1/DY.png
17:05:45.790 [JavaFX Application Thread] DEBUG FXGLAssetLoaderServi - Loading from file system: file:/C:/Users/Lenovo/OneDrive%20-%20CUHK-Shenzhen/桌面/javaGame/target/classes/assets/textures/Stage1/DG.png
17:05:45.803 [JavaFX Application Thread] DEBUG FXGLAssetLoaderServi - Loading from file system: file:/C:/Users/Lenovo/OneDrive%20-%20CUHK-Shenzhen/桌面/javaGame/target/classes/assets/textures/Stage1/DR.png
17:05:50.144 [JavaFX Application Thread] DEBUG PrimaryStageWindow   - Push state: DialogSubScene
17:05:50.144 [JavaFX Application Thread] DEBUG Input                - Clearing active input actions
17:05:50.144 [JavaFX Application Thread] DEBUG GameApplicationServi - Removing overlay from GameScene and adding to DialogSubScene
17:05:50.145 [JavaFX Application Thread] DEBUG PrimaryStageWindow   - GameScene -> DialogSubScene
17:05:50.805 [JavaFX Application Thread] DEBUG PrimaryStageWindow   - Pop state: DialogSubScene
17:05:50.805 [JavaFX Application Thread] DEBUG Input                - Clearing active input actions
17:05:50.806 [JavaFX Application Thread] DEBUG GameApplicationServi - Removing overlay from DialogSubScene and adding to GameScene
17:05:50.806 [JavaFX Application Thread] DEBUG PrimaryStageWindow   - GameScene <- DialogSubScene
17:05:54.704 [JavaFX Application Thread] DEBUG PrimaryStageWindow   - Push state: DialogSubScene
17:05:54.704 [JavaFX Application Thread] DEBUG Input                - Clearing active input actions
17:05:54.704 [JavaFX Application Thread] DEBUG GameApplicationServi - Removing overlay from GameScene and adding to DialogSubScene
17:05:54.704 [JavaFX Application Thread] DEBUG PrimaryStageWindow   - GameScene -> DialogSubScene
17:05:56.473 [JavaFX Application Thread] DEBUG PrimaryStageWindow   - Pop state: DialogSubScene
17:05:56.473 [JavaFX Application Thread] DEBUG Input                - Clearing active input actions
17:05:56.474 [JavaFX Application Thread] DEBUG GameApplicationServi - Removing overlay from DialogSubScene and adding to GameScene
17:05:56.474 [JavaFX Application Thread] DEBUG PrimaryStageWindow   - GameScene <- DialogSubScene
17:05:57.841 [JavaFX Application Thread] DEBUG PrimaryStageWindow   - Push state: DialogSubScene
17:05:57.841 [JavaFX Application Thread] DEBUG Input                - Clearing active input actions
17:05:57.841 [JavaFX Application Thread] DEBUG GameApplicationServi - Removing overlay from GameScene and adding to DialogSubScene
17:05:57.842 [JavaFX Application Thread] DEBUG PrimaryStageWindow   - GameScene -> DialogSubScene
17:05:58.723 [JavaFX Application Thread] DEBUG PrimaryStageWindow   - Pop state: DialogSubScene
17:05:58.724 [JavaFX Application Thread] DEBUG Input                - Clearing active input actions
17:05:58.724 [JavaFX Application Thread] DEBUG GameApplicationServi - Removing overlay from DialogSubScene and adding to GameScene
17:05:58.724 [JavaFX Application Thread] DEBUG PrimaryStageWindow   - GameScene <- DialogSubScene
17:05:59.095 [JavaFX Application Thread] DEBUG PrimaryStageWindow   - Push state: DialogSubScene
17:05:59.095 [JavaFX Application Thread] DEBUG Input                - Clearing active input actions
17:05:59.095 [JavaFX Application Thread] DEBUG GameApplicationServi - Removing overlay from GameScene and adding to DialogSubScene
17:05:59.095 [JavaFX Application Thread] DEBUG PrimaryStageWindow   - GameScene -> DialogSubScene
17:05:59.509 [JavaFX Application Thread] DEBUG PrimaryStageWindow   - Pop state: DialogSubScene
17:05:59.509 [JavaFX Application Thread] DEBUG Input                - Clearing active input actions
17:05:59.510 [JavaFX Application Thread] DEBUG GameApplicationServi - Removing overlay from DialogSubScene and adding to GameScene
17:05:59.510 [JavaFX Application Thread] DEBUG PrimaryStageWindow   - GameScene <- DialogSubScene
17:06:02.002 [JavaFX Application Thread] DEBUG FXGLApplication      - Exiting FXGL
17:06:02.002 [JavaFX Application Thread] DEBUG LoopRunner           - Stopping loop
17:06:02.002 [JavaFX Application Thread] DEBUG SystemBundleService  - Saving FXGL system data
17:06:02.005 [JavaFX Application Thread] DEBUG FileSystemAccess     - Writing to: C:\Users\Lenovo\OneDrive - CUHK-Shenzhen\桌面\javaGame\system\fxgl.bundle
17:06:02.007 [JavaFX Application Thread] DEBUG Async                - Shutting down background threads
17:06:02.007 [JavaFX Application Thread] DEBUG PrimaryStageWindow   - Closing main window
17:06:02.032 [JavaFX Application Thread] DEBUG Logger               - Closing Logger
