16:57:09.017 [main                     ] DEBUG Logger               - Configured Logger
16:57:09.037 [main                     ] DEBUG GameApplication      - Logging settings
Title: Escape
Version: 0.1
Width: 900
Height: 900
Fullscreen: false
Intro: false
Profiling: false
Single step:false
App Mode: DEVELOPER
Menu Key: ESCAPE
Stage Style: DECORATED
Scene Factory: class com.almasb.fxgl.app.scene.SceneFactory

16:57:09.299 [JavaFX Application Thread] DEBUG FXGLApplication      - Initializing FXGL
16:57:09.303 [JavaFX Application Thread] INFO  Engine               - FXGL-17.2 (20.08.2022 16.50) on WINDOWS (J:17.0.5 FX:18)
16:57:09.304 [JavaFX Application Thread] DEBUG Engine               - JRE Vendor Name: Oracle Corporation
16:57:09.304 [JavaFX Application Thread] DEBUG Engine               - Running on OS: Windows 11 version 10.0
16:57:09.304 [JavaFX Application Thread] DEBUG Engine               - Architecture: amd64
16:57:09.304 [JavaFX Application Thread] INFO  Engine               - Source code and latest versions at: https://github.com/AlmasB/FXGL
16:57:09.304 [JavaFX Application Thread] INFO  Engine               -       Ask questions and discuss at: https://github.com/AlmasB/FXGL/discussions
16:57:09.304 [JavaFX Application Thread] INFO  Engine               -              Join the FXGL chat at: https://gitter.im/AlmasB/FXGL
16:57:09.350 [JavaFX Application Thread] DEBUG PrimaryStageWindow   - Creating a JavaFX scene
16:57:09.374 [JavaFX Application Thread] DEBUG PrimaryStageWindow   - Target settings size: 900.0 x 900.0
16:57:09.374 [JavaFX Application Thread] DEBUG PrimaryStageWindow   - Scaled scene size:    900.0 x 900.0
16:57:09.375 [JavaFX Application Thread] DEBUG PrimaryStageWindow   - Scaled ratio: (1.0, 1.0)
16:57:09.375 [JavaFX Application Thread] DEBUG PrimaryStageWindow   - Set initial scene to FXGLStartupScene
16:57:09.379 [JavaFX Application Thread] DEBUG PrimaryStageWindow   - Opening main window
16:57:09.429 [JavaFX Application Thread] DEBUG PrimaryStageWindow   - Window border size: (14.66668701171875, 37.33331298828125)
16:57:09.429 [JavaFX Application Thread] DEBUG PrimaryStageWindow   - Scaled size: 900.0 x 900.0
16:57:09.429 [JavaFX Application Thread] DEBUG PrimaryStageWindow   - Scaled ratio: (1.0, 1.0)
16:57:09.429 [JavaFX Application Thread] DEBUG PrimaryStageWindow   - Scene size: 900.0 x 900.0
16:57:09.430 [JavaFX Application Thread] DEBUG PrimaryStageWindow   - Stage size: 914.6666870117188 x 937.3333129882812
16:57:09.434 [FXGL Background Thread 1 ] DEBUG Engine               - Initializing environment variables
16:57:09.455 [FXGL Background Thread 1 ] DEBUG FXGLAssetLoaderServi - User app class for loading assets: class com.Moonhalf.EscapeApp
16:57:09.455 [FXGL Background Thread 1 ] DEBUG GameApplicationServi - Applying CSS: fxgl_dark.css
16:57:09.456 [FXGL Background Thread 1 ] DEBUG FXGLAssetLoaderServi - Loading from file system: jar:file:///C:/Users/Lenovo/.m2/repository/com/github/almasb/fxgl/17.2/fxgl-17.2.jar!/fxglassets/ui/css/fxgl_dark.css
16:57:09.485 [FXGL Background Thread 1 ] DEBUG GameApplicationServi - Initializing application scenes
16:57:09.522 [FXGL Background Thread 1 ] DEBUG GameWorld            - Game world initialized
16:57:09.561 [FXGL Background Thread 1 ] DEBUG PhysicsWorld         - Physics world initialized: appHeight=900, physics.ppm=50.0
16:57:09.562 [FXGL Background Thread 1 ] DEBUG PhysicsWorld         - Using strategy: BRUTE_FORCE
16:57:09.564 [FXGL Background Thread 1 ] DEBUG GameScene            - Game scene initialized: 900x900
16:57:09.574 [FXGL Background Thread 1 ] DEBUG FXGL.DefaultMenu     - createMenuBodyGameMenu()
16:57:09.582 [FXGL Background Thread 1 ] DEBUG FXGL.DefaultMenu     - createOptionsMenu()
16:57:09.587 [FXGL Background Thread 1 ] DEBUG FXGLAssetLoaderServi - Loading from file system: jar:file:///C:/Users/Lenovo/.m2/repository/com/github/almasb/fxgl/17.2/fxgl-17.2.jar!/fxglassets/textures/particles/smoke.png
16:57:09.647 [FXGL Background Thread 1 ] DEBUG FXGLAssetLoaderServi - Loading from file system: jar:file:///C:/Users/Lenovo/.m2/repository/com/github/almasb/fxgl/17.2/fxgl-17.2.jar!/fxglassets/textures/particles/trace_horizontal.png
16:57:09.662 [FXGL Background Thread 1 ] DEBUG GameApplicationServi - Application scenes initialized
16:57:09.672 [FXGL Background Thread 1 ] DEBUG SystemBundleService  - Loading FXGL system data
16:57:09.675 [FXGL Background Thread 1 ] DEBUG FileSystemAccess     - Reading from: C:\Users\Lenovo\OneDrive - CUHK-Shenzhen\桌面\javaGame\system\fxgl.bundle
16:57:09.679 [FXGL Background Thread 1 ] DEBUG SystemBundleService  - Bundle FXGL: {}
16:57:09.679 [FXGL Background Thread 1 ] DEBUG UpdaterService       - Checking for updates
16:57:09.681 [FXGL Background Thread 4 ] DEBUG FXGLApplication      - Loading fonts
16:57:09.681 [FXGL Background Thread 1 ] DEBUG FXGLApplication      - Loading default localization
16:57:09.682 [FXGL Background Thread 1 ] DEBUG FXGLAssetLoaderServi - Loading from file system: jar:file:///C:/Users/Lenovo/.m2/repository/com/github/almasb/fxgl/17.2/fxgl-17.2.jar!/fxglassets/languages/english.lang
16:57:09.682 [FXGL Background Thread 4 ] DEBUG FXGLAssetLoaderServi - Loading from file system: jar:file:///C:/Users/Lenovo/.m2/repository/com/github/almasb/fxgl/17.2/fxgl-17.2.jar!/fxglassets/ui/fonts/VarelaRound-Regular.ttf
16:57:09.695 [FXGL Background Thread 1 ] INFO  FXGLApplication      - FXGL initialization took: 0.261 sec
16:57:09.697 [JavaFX Application Thread] DEBUG FXGLAssetLoaderServi - Loading from file system: file:/C:/Users/Lenovo/OneDrive%20-%20CUHK-Shenzhen/桌面/javaGame/target/classes/assets/textures/Escape.png
16:57:09.708 [JavaFX Application Thread] DEBUG FXGLAssetLoaderServi - Loading from file system: jar:file:///C:/Users/Lenovo/.m2/repository/com/github/almasb/fxgl/17.2/fxgl-17.2.jar!/fxglassets/textures/fxgl_default_cursor.png
16:57:09.717 [FXGL Background Thread 4 ] DEBUG FXGLAssetLoaderServi - Loading from file system: jar:file:///C:/Users/Lenovo/.m2/repository/com/github/almasb/fxgl/17.2/fxgl-17.2.jar!/fxglassets/ui/fonts/Abel-Regular.ttf
16:57:09.719 [FXGL Background Thread 4 ] DEBUG FXGLAssetLoaderServi - Loading from file system: jar:file:///C:/Users/Lenovo/.m2/repository/com/github/almasb/fxgl/17.2/fxgl-17.2.jar!/fxglassets/ui/fonts/TerminalLandMono-Regular.otf
16:57:09.721 [FXGL Background Thread 4 ] DEBUG FXGLAssetLoaderServi - Loading from file system: jar:file:///C:/Users/Lenovo/.m2/repository/com/github/almasb/fxgl/17.2/fxgl-17.2.jar!/fxglassets/ui/fonts/Courier-Prime.ttf
16:57:09.722 [JavaFX Application Thread] DEBUG Input                - Registered new binding: Screenshot - CTRL+8
16:57:09.723 [JavaFX Application Thread] DEBUG Input                - Registered new binding: System info dump - CTRL+9
16:57:09.723 [JavaFX Application Thread] DEBUG Input                - Registered new binding: Restart - CTRL+R
16:57:09.724 [JavaFX Application Thread] DEBUG Input                - Registered new binding: Toggle Debug Camera - CTRL+7
16:57:09.726 [JavaFX Application Thread] DEBUG LoopRunner           - Starting loop
16:57:09.727 [JavaFX Application Thread] DEBUG LoopRunner           - Initializing JavaFX AnimationTimerLoop
16:57:09.727 [JavaFX Application Thread] DEBUG GameApplicationServi - Starting new game
16:57:09.728 [JavaFX Application Thread] DEBUG Input                - Clearing active input actions
16:57:09.737 [JavaFX Application Thread] DEBUG GameApplicationServi - Removing overlay from FXGLStartupScene and adding to FXGLLoadingScene
16:57:09.737 [JavaFX Application Thread] DEBUG PrimaryStageWindow   - FXGLStartupScene -> FXGLLoadingScene
16:57:09.737 [JavaFX Application Thread] DEBUG GameApplicationServi - Clearing previous game
16:57:09.738 [JavaFX Application Thread] DEBUG GameScene            - Clearing game scene
16:57:09.738 [JavaFX Application Thread] DEBUG GameWorld            - Clearing game world
16:57:09.738 [JavaFX Application Thread] DEBUG PhysicsWorld         - Clearing physics world
16:57:09.739 [FXGL Background Thread 4 ] DEBUG FXGLApplication      - Initializing game
16:57:09.740 [JavaFX Application Thread] DEBUG FXGLApplication      - Registering font factories with UI factory
16:57:09.754 [FXGL Background Thread 4 ] DEBUG FXGLAssetLoaderServi - Loading from file system: file:/C:/Users/Lenovo/OneDrive%20-%20CUHK-Shenzhen/桌面/javaGame/target/classes/assets/textures/Background.jpg
16:57:09.772 [FXGL Background Thread 4 ] DEBUG FXGLAssetLoaderServi - Loading from file system: file:/C:/Users/Lenovo/OneDrive%20-%20CUHK-Shenzhen/桌面/javaGame/target/classes/assets/textures/ArrowR.png
16:57:09.786 [FXGL Background Thread 4 ] DEBUG FXGLAssetLoaderServi - Loading from file system: file:/C:/Users/Lenovo/OneDrive%20-%20CUHK-Shenzhen/桌面/javaGame/target/classes/assets/textures/Stage1/Stage1%20Door.png
16:57:09.845 [FXGL Background Thread 4 ] DEBUG FXGLAssetLoaderServi - Loading from file system: file:/C:/Users/Lenovo/OneDrive%20-%20CUHK-Shenzhen/桌面/javaGame/target/classes/assets/textures/Stage1/Stage1%20Curtain.png
16:57:09.857 [FXGL Background Thread 4 ] INFO  FXGLApplication      - Game initialization took: 0.118 sec
16:57:09.857 [JavaFX Application Thread] DEBUG Input                - Clearing active input actions
16:57:09.861 [JavaFX Application Thread] DEBUG GameApplicationServi - Removing overlay from FXGLLoadingScene and adding to GameScene
16:57:09.862 [JavaFX Application Thread] DEBUG PrimaryStageWindow   - FXGLLoadingScene -> GameScene
16:57:10.398 [FXGL Background Thread 2 ] INFO  UpdaterService       - Your current version:  17.2
16:57:10.398 [FXGL Background Thread 2 ] INFO  UpdaterService       - Latest stable version: 17.3
16:57:10.475 [JavaFX Application Thread] DEBUG FXGLAssetLoaderServi - Loading from file system: file:/C:/Users/Lenovo/OneDrive%20-%20CUHK-Shenzhen/桌面/javaGame/target/classes/assets/textures/Stage2/Stage2%20Chair.png
16:57:10.483 [JavaFX Application Thread] DEBUG FXGLAssetLoaderServi - Loading from file system: file:/C:/Users/Lenovo/OneDrive%20-%20CUHK-Shenzhen/桌面/javaGame/target/classes/assets/textures/Stage2/Stage2%20Clock.png
16:57:10.488 [JavaFX Application Thread] DEBUG FXGLAssetLoaderServi - Loading from file system: file:/C:/Users/Lenovo/OneDrive%20-%20CUHK-Shenzhen/桌面/javaGame/target/classes/assets/textures/Stage2/Stage2%20Drawer.png
16:57:11.025 [JavaFX Application Thread] DEBUG FXGLAssetLoaderServi - Loading from file system: file:/C:/Users/Lenovo/OneDrive%20-%20CUHK-Shenzhen/桌面/javaGame/target/classes/assets/textures/Stage3/Stage3%20Mirror.png
16:57:11.033 [JavaFX Application Thread] DEBUG FXGLAssetLoaderServi - Loading from file system: file:/C:/Users/Lenovo/OneDrive%20-%20CUHK-Shenzhen/桌面/javaGame/target/classes/assets/textures/Stage3/Stage3%20Tap.png
16:57:11.038 [JavaFX Application Thread] DEBUG FXGLAssetLoaderServi - Loading from file system: file:/C:/Users/Lenovo/OneDrive%20-%20CUHK-Shenzhen/桌面/javaGame/target/classes/assets/textures/Stage3/guahua.png
16:57:11.045 [JavaFX Application Thread] DEBUG FXGLAssetLoaderServi - Loading from file system: file:/C:/Users/Lenovo/OneDrive%20-%20CUHK-Shenzhen/桌面/javaGame/target/classes/assets/textures/Stage3/guizi.png
16:57:11.056 [JavaFX Application Thread] DEBUG FXGLAssetLoaderServi - Loading from file system: file:/C:/Users/Lenovo/OneDrive%20-%20CUHK-Shenzhen/桌面/javaGame/target/classes/assets/textures/Stage3/yugang.png
16:57:11.494 [JavaFX Application Thread] DEBUG FXGLAssetLoaderServi - Loading from file system: file:/C:/Users/Lenovo/OneDrive%20-%20CUHK-Shenzhen/桌面/javaGame/target/classes/assets/textures/Stage3/guahuac1.png
16:57:11.510 [JavaFX Application Thread] DEBUG FXGLAssetLoaderServi - Loading from file system: file:/C:/Users/Lenovo/OneDrive%20-%20CUHK-Shenzhen/桌面/javaGame/target/classes/assets/textures/ArrowD.png
16:57:11.950 [JavaFX Application Thread] DEBUG PrimaryStageWindow   - Push state: DialogSubScene
16:57:11.950 [JavaFX Application Thread] DEBUG Input                - Clearing active input actions
16:57:11.957 [JavaFX Application Thread] DEBUG GameApplicationServi - Removing overlay from GameScene and adding to DialogSubScene
16:57:11.957 [JavaFX Application Thread] DEBUG PrimaryStageWindow   - GameScene -> DialogSubScene
16:57:12.595 [JavaFX Application Thread] DEBUG PrimaryStageWindow   - Pop state: DialogSubScene
16:57:12.595 [JavaFX Application Thread] DEBUG Input                - Clearing active input actions
16:57:12.596 [JavaFX Application Thread] DEBUG GameApplicationServi - Removing overlay from DialogSubScene and adding to GameScene
16:57:12.596 [JavaFX Application Thread] DEBUG PrimaryStageWindow   - GameScene <- DialogSubScene
16:57:12.681 [FXGL Background Thread 3 ] DEBUG Engine               - Logging environment variables
16:57:12.681 [FXGL Background Thread 3 ] DEBUG Engine               - achievements: []
16:57:12.681 [FXGL Background Thread 3 ] DEBUG Engine               - actualHeight: 900.0
16:57:12.681 [FXGL Background Thread 3 ] DEBUG Engine               - actualHeightProperty: ReadOnlyDoubleProperty [value: 900.0]
16:57:12.681 [FXGL Background Thread 3 ] DEBUG Engine               - actualWidth: 900.0
16:57:12.681 [FXGL Background Thread 3 ] DEBUG Engine               - actualWidthProperty: ReadOnlyDoubleProperty [value: 900.0]
16:57:12.681 [FXGL Background Thread 3 ] DEBUG Engine               - appIcon: Escape.png
16:57:12.681 [FXGL Background Thread 3 ] DEBUG Engine               - applicationMode: DEVELOPER
16:57:12.681 [FXGL Background Thread 3 ] DEBUG Engine               - cSSList: [fxgl_dark.css]
16:57:12.681 [FXGL Background Thread 3 ] DEBUG Engine               - collisionDetectionStrategy: BRUTE_FORCE
16:57:12.681 [FXGL Background Thread 3 ] DEBUG Engine               - configClass: Optional.empty
16:57:12.682 [FXGL Background Thread 3 ] DEBUG Engine               - credits: []
16:57:12.682 [FXGL Background Thread 3 ] DEBUG Engine               - defaultCursor: CursorInfo(imageName=fxgl_default_cursor.png, hotspotX=7.0, hotspotY=6.0)
16:57:12.682 [FXGL Background Thread 3 ] DEBUG Engine               - devBBoxColorProperty: ObjectProperty [value: 0xff0000ff]
16:57:12.682 [FXGL Background Thread 3 ] DEBUG Engine               - devEnableDebugCameraProperty: BooleanProperty [value: false]
16:57:12.682 [FXGL Background Thread 3 ] DEBUG Engine               - devSensorColorProperty: ObjectProperty [value: 0xffff00ff]
16:57:12.682 [FXGL Background Thread 3 ] DEBUG Engine               - devShowBBoxProperty: BooleanProperty [value: false]
16:57:12.682 [FXGL Background Thread 3 ] DEBUG Engine               - devShowPositionProperty: BooleanProperty [value: false]
16:57:12.682 [FXGL Background Thread 3 ] DEBUG Engine               - enabledMenuItems: []
16:57:12.682 [FXGL Background Thread 3 ] DEBUG Engine               - engineServices: [class com.almasb.fxgl.app.services.FXGLAssetLoaderService, class com.almasb.fxgl.app.FXGLApplication$GameApplicationService, class com.almasb.fxgl.app.services.FXGLDialogService, class com.almasb.fxgl.app.services.IOTaskExecutorService, class com.almasb.fxgl.io.FileSystemService, class com.almasb.fxgl.localization.LocalizationService, class com.almasb.fxgl.app.services.SystemBundleService, class com.almasb.fxgl.profile.SaveLoadService, class com.almasb.fxgl.ui.FXGLUIFactoryServiceProvider, class com.almasb.fxgl.ui.FXGLDialogFactoryServiceProvider, class com.almasb.fxgl.audio.AudioPlayer, class com.almasb.fxgl.notification.impl.NotificationServiceProvider, class com.almasb.fxgl.achievement.AchievementService, class com.almasb.fxgl.cutscene.CutsceneService, class com.almasb.fxgl.minigames.MiniGameService, class com.almasb.fxgl.net.NetService, class com.almasb.fxgl.app.services.UpdaterService, class com.almasb.fxgl.dev.DevService]
16:57:12.682 [FXGL Background Thread 3 ] DEBUG Engine               - fontGame: Abel-Regular.ttf
16:57:12.682 [FXGL Background Thread 3 ] DEBUG Engine               - fontMono: TerminalLandMono-Regular.otf
16:57:12.682 [FXGL Background Thread 3 ] DEBUG Engine               - fontText: Courier-Prime.ttf
16:57:12.682 [FXGL Background Thread 3 ] DEBUG Engine               - fontUI: VarelaRound-Regular.ttf
16:57:12.682 [FXGL Background Thread 3 ] DEBUG Engine               - fullScreen: BooleanProperty [value: false]
16:57:12.682 [FXGL Background Thread 3 ] DEBUG Engine               - gameDifficulty: MEDIUM
16:57:12.682 [FXGL Background Thread 3 ] DEBUG Engine               - gameDifficultyProperty: ObjectProperty [value: MEDIUM]
16:57:12.682 [FXGL Background Thread 3 ] DEBUG Engine               - globalMusicVolume: 0.5
16:57:12.683 [FXGL Background Thread 3 ] DEBUG Engine               - globalMusicVolumeProperty: DoubleProperty [value: 0.5]
16:57:12.683 [FXGL Background Thread 3 ] DEBUG Engine               - globalSoundVolume: 0.5
16:57:12.683 [FXGL Background Thread 3 ] DEBUG Engine               - globalSoundVolumeProperty: DoubleProperty [value: 0.5]
16:57:12.683 [FXGL Background Thread 3 ] DEBUG Engine               - height: 900
16:57:12.683 [FXGL Background Thread 3 ] DEBUG Engine               - is3D: false
16:57:12.683 [FXGL Background Thread 3 ] DEBUG Engine               - isAndroid: false
16:57:12.683 [FXGL Background Thread 3 ] DEBUG Engine               - isBrowser: false
16:57:12.683 [FXGL Background Thread 3 ] DEBUG Engine               - isClickFeedbackEnabled: false
16:57:12.683 [FXGL Background Thread 3 ] DEBUG Engine               - isCloseConfirmation: false
16:57:12.683 [FXGL Background Thread 3 ] DEBUG Engine               - isDesktop: true
16:57:12.683 [FXGL Background Thread 3 ] DEBUG Engine               - isDeveloperMenuEnabled: false
16:57:12.683 [FXGL Background Thread 3 ] DEBUG Engine               - isEmbedded: false
16:57:12.683 [FXGL Background Thread 3 ] DEBUG Engine               - isEntityPreloadEnabled: true
16:57:12.683 [FXGL Background Thread 3 ] DEBUG Engine               - isExperimentalTiledLargeMap: false
16:57:12.683 [FXGL Background Thread 3 ] DEBUG Engine               - isFileSystemWriteAllowed: true
16:57:12.683 [FXGL Background Thread 3 ] DEBUG Engine               - isFullScreenAllowed: false
16:57:12.683 [FXGL Background Thread 3 ] DEBUG Engine               - isFullScreenFromStart: false
16:57:12.683 [FXGL Background Thread 3 ] DEBUG Engine               - isGameMenuEnabled: true
16:57:12.683 [FXGL Background Thread 3 ] DEBUG Engine               - isIOS: false
16:57:12.683 [FXGL Background Thread 3 ] DEBUG Engine               - isIntroEnabled: false
16:57:12.683 [FXGL Background Thread 3 ] DEBUG Engine               - isLinux: false
16:57:12.683 [FXGL Background Thread 3 ] DEBUG Engine               - isMac: false
16:57:12.683 [FXGL Background Thread 3 ] DEBUG Engine               - isMainMenuEnabled: false
16:57:12.683 [FXGL Background Thread 3 ] DEBUG Engine               - isManualResizeEnabled: false
16:57:12.683 [FXGL Background Thread 3 ] DEBUG Engine               - isMobile: false
16:57:12.683 [FXGL Background Thread 3 ] DEBUG Engine               - isNative: false
16:57:12.683 [FXGL Background Thread 3 ] DEBUG Engine               - isPauseMusicWhenMinimized: true
16:57:12.683 [FXGL Background Thread 3 ] DEBUG Engine               - isPreserveResizeRatio: false
16:57:12.683 [FXGL Background Thread 3 ] DEBUG Engine               - isProfilingEnabled: false
16:57:12.683 [FXGL Background Thread 3 ] DEBUG Engine               - isScaleAffectedOnResize: true
16:57:12.683 [FXGL Background Thread 3 ] DEBUG Engine               - isSingleStep: false
16:57:12.683 [FXGL Background Thread 3 ] DEBUG Engine               - isUserProfileEnabled: false
16:57:12.683 [FXGL Background Thread 3 ] DEBUG Engine               - isWindows: true
16:57:12.683 [FXGL Background Thread 3 ] DEBUG Engine               - language: ObjectProperty [value: ENGLISH]
16:57:12.683 [FXGL Background Thread 3 ] DEBUG Engine               - menuKey: ESCAPE
16:57:12.683 [FXGL Background Thread 3 ] DEBUG Engine               - mouseSensitivity: 0.2
16:57:12.683 [FXGL Background Thread 3 ] DEBUG Engine               - notificationViewClass: class com.almasb.fxgl.notification.view.XboxNotificationView
16:57:12.683 [FXGL Background Thread 3 ] DEBUG Engine               - pixelsPerMeter: 50.0
16:57:12.683 [FXGL Background Thread 3 ] DEBUG Engine               - platform: WINDOWS
16:57:12.685 [FXGL Background Thread 3 ] DEBUG Engine               - prefHeightProperty: ReadOnlyDoubleProperty [value: 900.0]
16:57:12.685 [FXGL Background Thread 3 ] DEBUG Engine               - prefWidthProperty: ReadOnlyDoubleProperty [value: 900.0]
16:57:12.685 [FXGL Background Thread 3 ] DEBUG Engine               - profileDir: profiles/
16:57:12.685 [FXGL Background Thread 3 ] DEBUG Engine               - profileName: StringProperty [value: DEFAULT]
16:57:12.685 [FXGL Background Thread 3 ] DEBUG Engine               - randomSeed: -1
16:57:12.685 [FXGL Background Thread 3 ] DEBUG Engine               - runtimeInfo: RuntimeInfo(platform=WINDOWS, version=17.2, build=20.08.2022 16.50)
16:57:12.685 [FXGL Background Thread 3 ] DEBUG Engine               - saveFileExt: sav
16:57:12.685 [FXGL Background Thread 3 ] DEBUG Engine               - scaledHeightProp$fxgl: DoubleProperty [bound, value: 900.0]
16:57:12.685 [FXGL Background Thread 3 ] DEBUG Engine               - scaledWidthProp$fxgl: DoubleProperty [bound, value: 900.0]
16:57:12.685 [FXGL Background Thread 3 ] DEBUG Engine               - sceneFactory: com.almasb.fxgl.app.scene.SceneFactory@23a5cc2f
16:57:12.685 [FXGL Background Thread 3 ] DEBUG Engine               - secondsIn24h: 60
16:57:12.685 [FXGL Background Thread 3 ] DEBUG Engine               - soundMenuBack: menu/back.wav
16:57:12.685 [FXGL Background Thread 3 ] DEBUG Engine               - soundMenuPress: menu/press.wav
16:57:12.685 [FXGL Background Thread 3 ] DEBUG Engine               - soundMenuSelect: menu/select.wav
16:57:12.685 [FXGL Background Thread 3 ] DEBUG Engine               - soundNotification: core/notification.wav
16:57:12.685 [FXGL Background Thread 3 ] DEBUG Engine               - stageStyle: DECORATED
16:57:12.685 [FXGL Background Thread 3 ] DEBUG Engine               - supportedLanguages: [ENGLISH, FRENCH, GERMAN, HUNGARIAN, RUSSIAN]
16:57:12.685 [FXGL Background Thread 3 ] DEBUG Engine               - ticksPerSecond: -1
16:57:12.685 [FXGL Background Thread 3 ] DEBUG Engine               - title: Escape
16:57:12.685 [FXGL Background Thread 3 ] DEBUG Engine               - urlGithub: https://github.com/AlmasB/FXGL
16:57:12.685 [FXGL Background Thread 3 ] DEBUG Engine               - urlLeaderboard: http://fxgl-top.herokuapp.com/
16:57:12.685 [FXGL Background Thread 3 ] DEBUG Engine               - urlPOM: https://raw.githubusercontent.com/AlmasB/FXGL/release/README.md
16:57:12.685 [FXGL Background Thread 3 ] DEBUG Engine               - userAppClass: class com.Moonhalf.EscapeApp
16:57:12.685 [FXGL Background Thread 3 ] DEBUG Engine               - version: 0.1
16:57:12.685 [FXGL Background Thread 3 ] DEBUG Engine               - versionCheckDays: 7
16:57:12.685 [FXGL Background Thread 3 ] DEBUG Engine               - width: 900
16:57:12.685 [FXGL Background Thread 3 ] DEBUG Engine               - Logging services
16:57:12.685 [FXGL Background Thread 3 ] DEBUG Engine               - class com.almasb.fxgl.app.services.FXGLAssetLoaderService
16:57:12.685 [FXGL Background Thread 3 ] DEBUG Engine               - class com.almasb.fxgl.app.FXGLApplication$GameApplicationService
16:57:12.685 [FXGL Background Thread 3 ] DEBUG Engine               - class com.almasb.fxgl.app.services.FXGLDialogService
16:57:12.685 [FXGL Background Thread 3 ] DEBUG Engine               - class com.almasb.fxgl.app.services.IOTaskExecutorService
16:57:12.685 [FXGL Background Thread 3 ] DEBUG Engine               - class com.almasb.fxgl.io.FileSystemService
16:57:12.685 [FXGL Background Thread 3 ] DEBUG Engine               - class com.almasb.fxgl.localization.LocalizationService
16:57:12.685 [FXGL Background Thread 3 ] DEBUG Engine               - class com.almasb.fxgl.app.services.SystemBundleService
16:57:12.685 [FXGL Background Thread 3 ] DEBUG Engine               - class com.almasb.fxgl.profile.SaveLoadService
16:57:12.685 [FXGL Background Thread 3 ] DEBUG Engine               - class com.almasb.fxgl.ui.FXGLUIFactoryServiceProvider
16:57:12.685 [FXGL Background Thread 3 ] DEBUG Engine               - class com.almasb.fxgl.ui.FXGLDialogFactoryServiceProvider
16:57:12.685 [FXGL Background Thread 3 ] DEBUG Engine               - class com.almasb.fxgl.audio.AudioPlayer
16:57:12.685 [FXGL Background Thread 3 ] DEBUG Engine               - class com.almasb.fxgl.notification.impl.NotificationServiceProvider
16:57:12.685 [FXGL Background Thread 3 ] DEBUG Engine               - class com.almasb.fxgl.achievement.AchievementService
16:57:12.685 [FXGL Background Thread 3 ] DEBUG Engine               - class com.almasb.fxgl.cutscene.CutsceneService
16:57:12.685 [FXGL Background Thread 3 ] DEBUG Engine               - class com.almasb.fxgl.minigames.MiniGameService
16:57:12.685 [FXGL Background Thread 3 ] DEBUG Engine               - class com.almasb.fxgl.net.NetService
16:57:12.685 [FXGL Background Thread 3 ] DEBUG Engine               - class com.almasb.fxgl.app.services.UpdaterService
16:57:12.685 [FXGL Background Thread 3 ] DEBUG Engine               - class com.almasb.fxgl.dev.DevService
16:57:14.352 [JavaFX Application Thread] DEBUG FXGLAssetLoaderServi - Loading from file system: file:/C:/Users/Lenovo/OneDrive%20-%20CUHK-Shenzhen/桌面/javaGame/target/classes/assets/textures/Stage2/Drawer%20Click.jpg
16:57:14.361 [JavaFX Application Thread] DEBUG FXGLAssetLoaderServi - Loading from file system: file:/C:/Users/Lenovo/OneDrive%20-%20CUHK-Shenzhen/桌面/javaGame/target/classes/assets/textures/Stage2/D1.png
16:57:14.364 [JavaFX Application Thread] DEBUG FXGLAssetLoaderServi - Loading from file system: file:/C:/Users/Lenovo/OneDrive%20-%20CUHK-Shenzhen/桌面/javaGame/target/classes/assets/textures/Stage2/D2.png
16:57:14.366 [JavaFX Application Thread] DEBUG FXGLAssetLoaderServi - Loading from file system: file:/C:/Users/Lenovo/OneDrive%20-%20CUHK-Shenzhen/桌面/javaGame/target/classes/assets/textures/Stage2/D3.png
16:57:14.368 [JavaFX Application Thread] DEBUG FXGLAssetLoaderServi - Loading from file system: file:/C:/Users/Lenovo/OneDrive%20-%20CUHK-Shenzhen/桌面/javaGame/target/classes/assets/textures/Stage2/D4.png
16:57:14.808 [JavaFX Application Thread] DEBUG PrimaryStageWindow   - Push state: DialogSubScene
16:57:14.808 [JavaFX Application Thread] DEBUG Input                - Clearing active input actions
16:57:14.809 [JavaFX Application Thread] DEBUG GameApplicationServi - Removing overlay from GameScene and adding to DialogSubScene
16:57:14.809 [JavaFX Application Thread] DEBUG PrimaryStageWindow   - GameScene -> DialogSubScene
16:57:15.411 [JavaFX Application Thread] DEBUG PrimaryStageWindow   - Pop state: DialogSubScene
16:57:15.412 [JavaFX Application Thread] DEBUG Input                - Clearing active input actions
16:57:15.412 [JavaFX Application Thread] DEBUG GameApplicationServi - Removing overlay from DialogSubScene and adding to GameScene
16:57:15.413 [JavaFX Application Thread] DEBUG PrimaryStageWindow   - GameScene <- DialogSubScene
16:57:18.066 [JavaFX Application Thread] DEBUG FXGLAssetLoaderServi - Loading from file system: file:/C:/Users/Lenovo/OneDrive%20-%20CUHK-Shenzhen/桌面/javaGame/target/classes/assets/textures/Stage3/guahuac2.png
16:57:18.080 [JavaFX Application Thread] DEBUG FXGLAssetLoaderServi - Loading from file system: file:/C:/Users/Lenovo/OneDrive%20-%20CUHK-Shenzhen/桌面/javaGame/target/classes/assets/textures/Stage1/DY.png
16:57:18.103 [JavaFX Application Thread] DEBUG FXGLAssetLoaderServi - Loading from file system: file:/C:/Users/Lenovo/OneDrive%20-%20CUHK-Shenzhen/桌面/javaGame/target/classes/assets/textures/Stage1/DG.png
16:57:18.116 [JavaFX Application Thread] DEBUG FXGLAssetLoaderServi - Loading from file system: file:/C:/Users/Lenovo/OneDrive%20-%20CUHK-Shenzhen/桌面/javaGame/target/classes/assets/textures/Stage1/DR.png
16:57:23.028 [JavaFX Application Thread] DEBUG PrimaryStageWindow   - Push state: DialogSubScene
16:57:23.028 [JavaFX Application Thread] DEBUG Input                - Clearing active input actions
16:57:23.029 [JavaFX Application Thread] DEBUG GameApplicationServi - Removing overlay from GameScene and adding to DialogSubScene
16:57:23.029 [JavaFX Application Thread] DEBUG PrimaryStageWindow   - GameScene -> DialogSubScene
16:57:23.575 [JavaFX Application Thread] DEBUG PrimaryStageWindow   - Pop state: DialogSubScene
16:57:23.575 [JavaFX Application Thread] DEBUG Input                - Clearing active input actions
16:57:23.575 [JavaFX Application Thread] DEBUG GameApplicationServi - Removing overlay from DialogSubScene and adding to GameScene
16:57:23.577 [JavaFX Application Thread] DEBUG PrimaryStageWindow   - GameScene <- DialogSubScene
16:58:26.075 [JavaFX Application Thread] DEBUG FXGLApplication      - Exiting FXGL
16:58:26.075 [JavaFX Application Thread] DEBUG LoopRunner           - Stopping loop
16:58:26.075 [JavaFX Application Thread] DEBUG SystemBundleService  - Saving FXGL system data
16:58:26.078 [JavaFX Application Thread] DEBUG FileSystemAccess     - Writing to: C:\Users\Lenovo\OneDrive - CUHK-Shenzhen\桌面\javaGame\system\fxgl.bundle
16:58:26.079 [JavaFX Application Thread] DEBUG Async                - Shutting down background threads
16:58:26.079 [JavaFX Application Thread] DEBUG PrimaryStageWindow   - Closing main window
16:58:26.101 [JavaFX Application Thread] DEBUG Logger               - Closing Logger
