19:56:52.315 [AWT-EventQueue-0         ] DEBUG Logger               - Configured Logger
19:56:52.323 [AWT-EventQueue-0         ] DEBUG GameApplication      - Logging settings
Title: Escape
Version: 0.1
Width: 900
Height: 900
Fullscreen: false
Intro: false
Profiling: false
Single step:false
App Mode: DEVELOPER
Menu Key: ESCAPE
Stage Style: DECORATED
Scene Factory: class com.almasb.fxgl.app.scene.SceneFactory

19:56:52.544 [JavaFX Application Thread] DEBUG FXGLApplication      - Initializing FXGL
19:56:52.548 [JavaFX Application Thread] INFO  Engine               - FXGL-17.2 (20.08.2022 16.50) on WINDOWS (J:17.0.5 FX:18)
19:56:52.548 [JavaFX Application Thread] DEBUG Engine               - JRE Vendor Name: Oracle Corporation
19:56:52.548 [JavaFX Application Thread] DEBUG Engine               - Running on OS: Windows 11 version 10.0
19:56:52.548 [JavaFX Application Thread] DEBUG Engine               - Architecture: amd64
19:56:52.548 [JavaFX Application Thread] INFO  Engine               - Source code and latest versions at: https://github.com/AlmasB/FXGL
19:56:52.548 [JavaFX Application Thread] INFO  Engine               -       Ask questions and discuss at: https://github.com/AlmasB/FXGL/discussions
19:56:52.549 [JavaFX Application Thread] INFO  Engine               -              Join the FXGL chat at: https://gitter.im/AlmasB/FXGL
19:56:52.604 [JavaFX Application Thread] DEBUG PrimaryStageWindow   - Creating a JavaFX scene
19:56:52.632 [JavaFX Application Thread] DEBUG PrimaryStageWindow   - Target settings size: 900.0 x 900.0
19:56:52.632 [JavaFX Application Thread] DEBUG PrimaryStageWindow   - Scaled scene size:    900.0 x 900.0
19:56:52.633 [JavaFX Application Thread] DEBUG PrimaryStageWindow   - Scaled ratio: (1.0, 1.0)
19:56:52.635 [JavaFX Application Thread] DEBUG PrimaryStageWindow   - Set initial scene to FXGLStartupScene
19:56:52.641 [JavaFX Application Thread] DEBUG PrimaryStageWindow   - Opening main window
19:56:52.690 [JavaFX Application Thread] DEBUG PrimaryStageWindow   - Window border size: (14.66668701171875, 37.33331298828125)
19:56:52.690 [JavaFX Application Thread] DEBUG PrimaryStageWindow   - Scaled size: 900.0 x 900.0
19:56:52.690 [JavaFX Application Thread] DEBUG PrimaryStageWindow   - Scaled ratio: (1.0, 1.0)
19:56:52.690 [JavaFX Application Thread] DEBUG PrimaryStageWindow   - Scene size: 900.0 x 900.0
19:56:52.691 [JavaFX Application Thread] DEBUG PrimaryStageWindow   - Stage size: 914.6666870117188 x 937.3333129882812
19:56:52.696 [FXGL Background Thread 1 ] DEBUG Engine               - Initializing environment variables
19:56:52.719 [FXGL Background Thread 1 ] DEBUG FXGLAssetLoaderServi - User app class for loading assets: class com.Moonhalf.EscapeApp
19:56:52.719 [FXGL Background Thread 1 ] DEBUG GameApplicationServi - Applying CSS: fxgl_dark.css
19:56:52.719 [FXGL Background Thread 1 ] DEBUG FXGLAssetLoaderServi - Loading from file system: jar:file:///C:/Users/Lenovo/.m2/repository/com/github/almasb/fxgl/17.2/fxgl-17.2.jar!/fxglassets/ui/css/fxgl_dark.css
19:56:52.742 [FXGL Background Thread 1 ] DEBUG GameApplicationServi - Initializing application scenes
19:56:52.778 [FXGL Background Thread 1 ] DEBUG GameWorld            - Game world initialized
19:56:52.811 [FXGL Background Thread 1 ] DEBUG PhysicsWorld         - Physics world initialized: appHeight=900, physics.ppm=50.0
19:56:52.811 [FXGL Background Thread 1 ] DEBUG PhysicsWorld         - Using strategy: BRUTE_FORCE
19:56:52.813 [FXGL Background Thread 1 ] DEBUG GameScene            - Game scene initialized: 900x900
19:56:52.820 [FXGL Background Thread 1 ] DEBUG FXGL.DefaultMenu     - createMenuBodyGameMenu()
19:56:52.831 [FXGL Background Thread 1 ] DEBUG FXGL.DefaultMenu     - createOptionsMenu()
19:56:52.839 [FXGL Background Thread 1 ] DEBUG FXGLAssetLoaderServi - Loading from file system: jar:file:///C:/Users/Lenovo/.m2/repository/com/github/almasb/fxgl/17.2/fxgl-17.2.jar!/fxglassets/textures/particles/smoke.png
19:56:52.911 [FXGL Background Thread 1 ] DEBUG FXGLAssetLoaderServi - Loading from file system: jar:file:///C:/Users/Lenovo/.m2/repository/com/github/almasb/fxgl/17.2/fxgl-17.2.jar!/fxglassets/textures/particles/trace_horizontal.png
19:56:52.947 [FXGL Background Thread 1 ] DEBUG GameApplicationServi - Application scenes initialized
19:56:52.956 [FXGL Background Thread 1 ] DEBUG SystemBundleService  - Loading FXGL system data
19:56:52.959 [FXGL Background Thread 1 ] DEBUG FileSystemAccess     - Reading from: C:\Users\Lenovo\OneDrive - CUHK-Shenzhen\桌面\javaGame\system\fxgl.bundle
19:56:52.962 [FXGL Background Thread 1 ] DEBUG SystemBundleService  - Bundle FXGL: {}
19:56:52.962 [FXGL Background Thread 1 ] DEBUG UpdaterService       - Checking for updates
19:56:52.964 [FXGL Background Thread 1 ] DEBUG FXGLApplication      - Loading default localization
19:56:52.965 [FXGL Background Thread 1 ] DEBUG FXGLAssetLoaderServi - Loading from file system: jar:file:///C:/Users/Lenovo/.m2/repository/com/github/almasb/fxgl/17.2/fxgl-17.2.jar!/fxglassets/languages/english.lang
19:56:52.964 [FXGL Background Thread 4 ] DEBUG FXGLApplication      - Loading fonts
19:56:52.966 [FXGL Background Thread 4 ] DEBUG FXGLAssetLoaderServi - Loading from file system: jar:file:///C:/Users/Lenovo/.m2/repository/com/github/almasb/fxgl/17.2/fxgl-17.2.jar!/fxglassets/ui/fonts/VarelaRound-Regular.ttf
19:56:52.972 [FXGL Background Thread 4 ] DEBUG FXGLAssetLoaderServi - Loading from file system: jar:file:///C:/Users/Lenovo/.m2/repository/com/github/almasb/fxgl/17.2/fxgl-17.2.jar!/fxglassets/ui/fonts/Abel-Regular.ttf
19:56:52.977 [FXGL Background Thread 4 ] DEBUG FXGLAssetLoaderServi - Loading from file system: jar:file:///C:/Users/Lenovo/.m2/repository/com/github/almasb/fxgl/17.2/fxgl-17.2.jar!/fxglassets/ui/fonts/TerminalLandMono-Regular.otf
19:56:52.981 [FXGL Background Thread 1 ] INFO  FXGLApplication      - FXGL initialization took: 0.284 sec
19:56:52.981 [FXGL Background Thread 4 ] DEBUG FXGLAssetLoaderServi - Loading from file system: jar:file:///C:/Users/Lenovo/.m2/repository/com/github/almasb/fxgl/17.2/fxgl-17.2.jar!/fxglassets/ui/fonts/Courier-Prime.ttf
19:56:52.982 [JavaFX Application Thread] DEBUG FXGLAssetLoaderServi - Loading from file system: file:/C:/Users/Lenovo/OneDrive%20-%20CUHK-Shenzhen/桌面/javaGame/target/classes/assets/music/bg.mp3
19:56:53.443 [JavaFX Application Thread] DEBUG AudioPlayer          - Playing music com.almasb.fxgl.audio.Music@1724db5c
19:56:53.444 [JavaFX Application Thread] DEBUG FXGLAssetLoaderServi - Loading from file system: file:/C:/Users/Lenovo/OneDrive%20-%20CUHK-Shenzhen/桌面/javaGame/target/classes/assets/textures/Escape.png
19:56:53.450 [JavaFX Application Thread] DEBUG FXGLAssetLoaderServi - Loading from file system: jar:file:///C:/Users/Lenovo/.m2/repository/com/github/almasb/fxgl/17.2/fxgl-17.2.jar!/fxglassets/textures/fxgl_default_cursor.png
19:56:53.461 [JavaFX Application Thread] DEBUG Input                - Registered new binding: Screenshot - CTRL+8
19:56:53.462 [JavaFX Application Thread] DEBUG Input                - Registered new binding: System info dump - CTRL+9
19:56:53.462 [JavaFX Application Thread] DEBUG Input                - Registered new binding: Restart - CTRL+R
19:56:53.462 [JavaFX Application Thread] DEBUG Input                - Registered new binding: Toggle Debug Camera - CTRL+7
19:56:53.463 [JavaFX Application Thread] DEBUG LoopRunner           - Starting loop
19:56:53.463 [JavaFX Application Thread] DEBUG LoopRunner           - Initializing JavaFX AnimationTimerLoop
19:56:53.464 [JavaFX Application Thread] DEBUG GameApplicationServi - Starting new game
19:56:53.464 [JavaFX Application Thread] DEBUG Input                - Clearing active input actions
19:56:53.470 [JavaFX Application Thread] DEBUG GameApplicationServi - Removing overlay from FXGLStartupScene and adding to FXGLLoadingScene
19:56:53.471 [JavaFX Application Thread] DEBUG PrimaryStageWindow   - FXGLStartupScene -> FXGLLoadingScene
19:56:53.471 [JavaFX Application Thread] DEBUG GameApplicationServi - Clearing previous game
19:56:53.471 [JavaFX Application Thread] DEBUG GameScene            - Clearing game scene
19:56:53.471 [JavaFX Application Thread] DEBUG GameWorld            - Clearing game world
19:56:53.471 [JavaFX Application Thread] DEBUG PhysicsWorld         - Clearing physics world
19:56:53.472 [FXGL Background Thread 4 ] DEBUG FXGLApplication      - Initializing game
19:56:53.472 [JavaFX Application Thread] DEBUG FXGLApplication      - Registering font factories with UI factory
19:56:53.481 [FXGL Background Thread 4 ] DEBUG FXGLAssetLoaderServi - Loading from file system: file:/C:/Users/Lenovo/OneDrive%20-%20CUHK-Shenzhen/桌面/javaGame/target/classes/assets/textures/Background.jpg
19:56:53.487 [FXGL Background Thread 4 ] DEBUG FXGLAssetLoaderServi - Loading from file system: file:/C:/Users/Lenovo/OneDrive%20-%20CUHK-Shenzhen/桌面/javaGame/target/classes/assets/textures/ArrowR.png
19:56:53.496 [FXGL Background Thread 4 ] DEBUG FXGLAssetLoaderServi - Loading from file system: file:/C:/Users/Lenovo/OneDrive%20-%20CUHK-Shenzhen/桌面/javaGame/target/classes/assets/textures/Stage1/Stage1%20Door.png
19:56:53.506 [FXGL Background Thread 2 ] INFO  UpdaterService       - Your current version:  17.2
19:56:53.506 [FXGL Background Thread 2 ] INFO  UpdaterService       - Latest stable version: 17.3
19:56:53.523 [FXGL Background Thread 4 ] DEBUG FXGLAssetLoaderServi - Loading from file system: file:/C:/Users/Lenovo/OneDrive%20-%20CUHK-Shenzhen/桌面/javaGame/target/classes/assets/textures/Stage1/Stage1%20Curtain.png
19:56:53.557 [FXGL Background Thread 4 ] DEBUG FXGLAssetLoaderServi - Loading from file system: file:/C:/Users/Lenovo/OneDrive%20-%20CUHK-Shenzhen/桌面/javaGame/target/classes/assets/textures/Stage1/letter.png
19:56:53.562 [FXGL Background Thread 4 ] DEBUG FXGLAssetLoaderServi - Loading from file system: file:/C:/Users/Lenovo/OneDrive%20-%20CUHK-Shenzhen/桌面/javaGame/target/classes/assets/textures/s1.jpg
19:56:53.574 [FXGL Background Thread 4 ] INFO  FXGLApplication      - Game initialization took: 0.102 sec
19:56:53.575 [JavaFX Application Thread] DEBUG Input                - Clearing active input actions
19:56:53.578 [JavaFX Application Thread] DEBUG GameApplicationServi - Removing overlay from FXGLLoadingScene and adding to GameScene
19:56:53.578 [JavaFX Application Thread] DEBUG PrimaryStageWindow   - FXGLLoadingScene -> GameScene
19:56:54.570 [JavaFX Application Thread] DEBUG FXGLAssetLoaderServi - Loading from file system: file:/C:/Users/Lenovo/OneDrive%20-%20CUHK-Shenzhen/桌面/javaGame/target/classes/assets/textures/s2.jpg
19:56:54.880 [JavaFX Application Thread] DEBUG FXGLAssetLoaderServi - Loading from file system: file:/C:/Users/Lenovo/OneDrive%20-%20CUHK-Shenzhen/桌面/javaGame/target/classes/assets/textures/s3.jpg
19:56:55.686 [JavaFX Application Thread] DEBUG FXGLAssetLoaderServi - Loading from file system: file:/C:/Users/Lenovo/OneDrive%20-%20CUHK-Shenzhen/桌面/javaGame/target/classes/assets/textures/Stage1/DoorClick.jpg
19:56:55.694 [JavaFX Application Thread] DEBUG FXGLAssetLoaderServi - Loading from file system: file:/C:/Users/Lenovo/OneDrive%20-%20CUHK-Shenzhen/桌面/javaGame/target/classes/assets/textures/Stage1/DR.png
19:56:55.726 [JavaFX Application Thread] DEBUG FXGLAssetLoaderServi - Loading from file system: file:/C:/Users/Lenovo/OneDrive%20-%20CUHK-Shenzhen/桌面/javaGame/target/classes/assets/textures/Stage1/DY.png
19:56:55.743 [JavaFX Application Thread] DEBUG FXGLAssetLoaderServi - Loading from file system: file:/C:/Users/Lenovo/OneDrive%20-%20CUHK-Shenzhen/桌面/javaGame/target/classes/assets/textures/Stage1/DB.png
19:56:55.759 [JavaFX Application Thread] DEBUG FXGLAssetLoaderServi - Loading from file system: file:/C:/Users/Lenovo/OneDrive%20-%20CUHK-Shenzhen/桌面/javaGame/target/classes/assets/textures/Stage1/DG.png
19:56:55.775 [JavaFX Application Thread] DEBUG FXGLAssetLoaderServi - Loading from file system: file:/C:/Users/Lenovo/OneDrive%20-%20CUHK-Shenzhen/桌面/javaGame/target/classes/assets/textures/ArrowD.png
19:56:55.964 [FXGL Background Thread 3 ] DEBUG Engine               - Logging environment variables
19:56:55.964 [FXGL Background Thread 3 ] DEBUG Engine               - achievements: []
19:56:55.964 [FXGL Background Thread 3 ] DEBUG Engine               - actualHeight: 900.0
19:56:55.964 [FXGL Background Thread 3 ] DEBUG Engine               - actualHeightProperty: ReadOnlyDoubleProperty [value: 900.0]
19:56:55.964 [FXGL Background Thread 3 ] DEBUG Engine               - actualWidth: 900.0
19:56:55.964 [FXGL Background Thread 3 ] DEBUG Engine               - actualWidthProperty: ReadOnlyDoubleProperty [value: 900.0]
19:56:55.964 [FXGL Background Thread 3 ] DEBUG Engine               - appIcon: Escape.png
19:56:55.964 [FXGL Background Thread 3 ] DEBUG Engine               - applicationMode: DEVELOPER
19:56:55.964 [FXGL Background Thread 3 ] DEBUG Engine               - cSSList: [fxgl_dark.css]
19:56:55.964 [FXGL Background Thread 3 ] DEBUG Engine               - collisionDetectionStrategy: BRUTE_FORCE
19:56:55.965 [FXGL Background Thread 3 ] DEBUG Engine               - configClass: Optional.empty
19:56:55.965 [FXGL Background Thread 3 ] DEBUG Engine               - credits: []
19:56:55.965 [FXGL Background Thread 3 ] DEBUG Engine               - defaultCursor: CursorInfo(imageName=fxgl_default_cursor.png, hotspotX=7.0, hotspotY=6.0)
19:56:55.965 [FXGL Background Thread 3 ] DEBUG Engine               - devBBoxColorProperty: ObjectProperty [value: 0xff0000ff]
19:56:55.965 [FXGL Background Thread 3 ] DEBUG Engine               - devEnableDebugCameraProperty: BooleanProperty [value: false]
19:56:55.965 [FXGL Background Thread 3 ] DEBUG Engine               - devSensorColorProperty: ObjectProperty [value: 0xffff00ff]
19:56:55.965 [FXGL Background Thread 3 ] DEBUG Engine               - devShowBBoxProperty: BooleanProperty [value: false]
19:56:55.965 [FXGL Background Thread 3 ] DEBUG Engine               - devShowPositionProperty: BooleanProperty [value: false]
19:56:55.965 [FXGL Background Thread 3 ] DEBUG Engine               - enabledMenuItems: []
19:56:55.965 [FXGL Background Thread 3 ] DEBUG Engine               - engineServices: [class com.almasb.fxgl.app.services.FXGLAssetLoaderService, class com.almasb.fxgl.app.FXGLApplication$GameApplicationService, class com.almasb.fxgl.app.services.FXGLDialogService, class com.almasb.fxgl.app.services.IOTaskExecutorService, class com.almasb.fxgl.io.FileSystemService, class com.almasb.fxgl.localization.LocalizationService, class com.almasb.fxgl.app.services.SystemBundleService, class com.almasb.fxgl.profile.SaveLoadService, class com.almasb.fxgl.ui.FXGLUIFactoryServiceProvider, class com.almasb.fxgl.ui.FXGLDialogFactoryServiceProvider, class com.almasb.fxgl.audio.AudioPlayer, class com.almasb.fxgl.notification.impl.NotificationServiceProvider, class com.almasb.fxgl.achievement.AchievementService, class com.almasb.fxgl.cutscene.CutsceneService, class com.almasb.fxgl.minigames.MiniGameService, class com.almasb.fxgl.net.NetService, class com.almasb.fxgl.app.services.UpdaterService, class com.almasb.fxgl.dev.DevService]
19:56:55.965 [FXGL Background Thread 3 ] DEBUG Engine               - fontGame: Abel-Regular.ttf
19:56:55.965 [FXGL Background Thread 3 ] DEBUG Engine               - fontMono: TerminalLandMono-Regular.otf
19:56:55.965 [FXGL Background Thread 3 ] DEBUG Engine               - fontText: Courier-Prime.ttf
19:56:55.965 [FXGL Background Thread 3 ] DEBUG Engine               - fontUI: VarelaRound-Regular.ttf
19:56:55.965 [FXGL Background Thread 3 ] DEBUG Engine               - fullScreen: BooleanProperty [value: false]
19:56:55.965 [FXGL Background Thread 3 ] DEBUG Engine               - gameDifficulty: MEDIUM
19:56:55.965 [FXGL Background Thread 3 ] DEBUG Engine               - gameDifficultyProperty: ObjectProperty [value: MEDIUM]
19:56:55.965 [FXGL Background Thread 3 ] DEBUG Engine               - globalMusicVolume: 0.5
19:56:55.965 [FXGL Background Thread 3 ] DEBUG Engine               - globalMusicVolumeProperty: DoubleProperty [value: 0.05]
19:56:55.966 [FXGL Background Thread 3 ] DEBUG Engine               - globalSoundVolume: 0.5
19:56:55.966 [FXGL Background Thread 3 ] DEBUG Engine               - globalSoundVolumeProperty: DoubleProperty [value: 1.0]
19:56:55.966 [FXGL Background Thread 3 ] DEBUG Engine               - height: 900
19:56:55.966 [FXGL Background Thread 3 ] DEBUG Engine               - is3D: false
19:56:55.966 [FXGL Background Thread 3 ] DEBUG Engine               - isAndroid: false
19:56:55.966 [FXGL Background Thread 3 ] DEBUG Engine               - isBrowser: false
19:56:55.966 [FXGL Background Thread 3 ] DEBUG Engine               - isClickFeedbackEnabled: false
19:56:55.966 [FXGL Background Thread 3 ] DEBUG Engine               - isCloseConfirmation: false
19:56:55.966 [FXGL Background Thread 3 ] DEBUG Engine               - isDesktop: true
19:56:55.966 [FXGL Background Thread 3 ] DEBUG Engine               - isDeveloperMenuEnabled: false
19:56:55.966 [FXGL Background Thread 3 ] DEBUG Engine               - isEmbedded: false
19:56:55.966 [FXGL Background Thread 3 ] DEBUG Engine               - isEntityPreloadEnabled: true
19:56:55.966 [FXGL Background Thread 3 ] DEBUG Engine               - isExperimentalTiledLargeMap: false
19:56:55.966 [FXGL Background Thread 3 ] DEBUG Engine               - isFileSystemWriteAllowed: true
19:56:55.966 [FXGL Background Thread 3 ] DEBUG Engine               - isFullScreenAllowed: false
19:56:55.966 [FXGL Background Thread 3 ] DEBUG Engine               - isFullScreenFromStart: false
19:56:55.966 [FXGL Background Thread 3 ] DEBUG Engine               - isGameMenuEnabled: true
19:56:55.966 [FXGL Background Thread 3 ] DEBUG Engine               - isIOS: false
19:56:55.966 [FXGL Background Thread 3 ] DEBUG Engine               - isIntroEnabled: false
19:56:55.966 [FXGL Background Thread 3 ] DEBUG Engine               - isLinux: false
19:56:55.966 [FXGL Background Thread 3 ] DEBUG Engine               - isMac: false
19:56:55.966 [FXGL Background Thread 3 ] DEBUG Engine               - isMainMenuEnabled: false
19:56:55.966 [FXGL Background Thread 3 ] DEBUG Engine               - isManualResizeEnabled: false
19:56:55.966 [FXGL Background Thread 3 ] DEBUG Engine               - isMobile: false
19:56:55.966 [FXGL Background Thread 3 ] DEBUG Engine               - isNative: false
19:56:55.966 [FXGL Background Thread 3 ] DEBUG Engine               - isPauseMusicWhenMinimized: true
19:56:55.966 [FXGL Background Thread 3 ] DEBUG Engine               - isPreserveResizeRatio: false
19:56:55.966 [FXGL Background Thread 3 ] DEBUG Engine               - isProfilingEnabled: false
19:56:55.966 [FXGL Background Thread 3 ] DEBUG Engine               - isScaleAffectedOnResize: true
19:56:55.966 [FXGL Background Thread 3 ] DEBUG Engine               - isSingleStep: false
19:56:55.966 [FXGL Background Thread 3 ] DEBUG Engine               - isUserProfileEnabled: false
19:56:55.966 [FXGL Background Thread 3 ] DEBUG Engine               - isWindows: true
19:56:55.966 [FXGL Background Thread 3 ] DEBUG Engine               - language: ObjectProperty [value: ENGLISH]
19:56:55.966 [FXGL Background Thread 3 ] DEBUG Engine               - menuKey: ESCAPE
19:56:55.966 [FXGL Background Thread 3 ] DEBUG Engine               - mouseSensitivity: 0.2
19:56:55.966 [FXGL Background Thread 3 ] DEBUG Engine               - notificationViewClass: class com.almasb.fxgl.notification.view.XboxNotificationView
19:56:55.966 [FXGL Background Thread 3 ] DEBUG Engine               - pixelsPerMeter: 50.0
19:56:55.966 [FXGL Background Thread 3 ] DEBUG Engine               - platform: WINDOWS
19:56:55.966 [FXGL Background Thread 3 ] DEBUG Engine               - prefHeightProperty: ReadOnlyDoubleProperty [value: 900.0]
19:56:55.966 [FXGL Background Thread 3 ] DEBUG Engine               - prefWidthProperty: ReadOnlyDoubleProperty [value: 900.0]
19:56:55.966 [FXGL Background Thread 3 ] DEBUG Engine               - profileDir: profiles/
19:56:55.967 [FXGL Background Thread 3 ] DEBUG Engine               - profileName: StringProperty [value: DEFAULT]
19:56:55.967 [FXGL Background Thread 3 ] DEBUG Engine               - randomSeed: -1
19:56:55.967 [FXGL Background Thread 3 ] DEBUG Engine               - runtimeInfo: RuntimeInfo(platform=WINDOWS, version=17.2, build=20.08.2022 16.50)
19:56:55.967 [FXGL Background Thread 3 ] DEBUG Engine               - saveFileExt: sav
19:56:55.967 [FXGL Background Thread 3 ] DEBUG Engine               - scaledHeightProp$fxgl: DoubleProperty [bound, value: 900.0]
19:56:55.967 [FXGL Background Thread 3 ] DEBUG Engine               - scaledWidthProp$fxgl: DoubleProperty [bound, value: 900.0]
19:56:55.967 [FXGL Background Thread 3 ] DEBUG Engine               - sceneFactory: com.almasb.fxgl.app.scene.SceneFactory@5e119055
19:56:55.967 [FXGL Background Thread 3 ] DEBUG Engine               - secondsIn24h: 60
19:56:55.967 [FXGL Background Thread 3 ] DEBUG Engine               - soundMenuBack: menu/back.wav
19:56:55.967 [FXGL Background Thread 3 ] DEBUG Engine               - soundMenuPress: menu/press.wav
19:56:55.967 [FXGL Background Thread 3 ] DEBUG Engine               - soundMenuSelect: menu/select.wav
19:56:55.967 [FXGL Background Thread 3 ] DEBUG Engine               - soundNotification: core/notification.wav
19:56:55.967 [FXGL Background Thread 3 ] DEBUG Engine               - stageStyle: DECORATED
19:56:55.967 [FXGL Background Thread 3 ] DEBUG Engine               - supportedLanguages: [ENGLISH, FRENCH, GERMAN, HUNGARIAN, RUSSIAN]
19:56:55.967 [FXGL Background Thread 3 ] DEBUG Engine               - ticksPerSecond: -1
19:56:55.967 [FXGL Background Thread 3 ] DEBUG Engine               - title: Escape
19:56:55.967 [FXGL Background Thread 3 ] DEBUG Engine               - urlGithub: https://github.com/AlmasB/FXGL
19:56:55.967 [FXGL Background Thread 3 ] DEBUG Engine               - urlLeaderboard: http://fxgl-top.herokuapp.com/
19:56:55.967 [FXGL Background Thread 3 ] DEBUG Engine               - urlPOM: https://raw.githubusercontent.com/AlmasB/FXGL/release/README.md
19:56:55.967 [FXGL Background Thread 3 ] DEBUG Engine               - userAppClass: class com.Moonhalf.EscapeApp
19:56:55.967 [FXGL Background Thread 3 ] DEBUG Engine               - version: 0.1
19:56:55.967 [FXGL Background Thread 3 ] DEBUG Engine               - versionCheckDays: 7
19:56:55.967 [FXGL Background Thread 3 ] DEBUG Engine               - width: 900
19:56:55.967 [FXGL Background Thread 3 ] DEBUG Engine               - Logging services
19:56:55.968 [FXGL Background Thread 3 ] DEBUG Engine               - class com.almasb.fxgl.app.services.FXGLAssetLoaderService
19:56:55.968 [FXGL Background Thread 3 ] DEBUG Engine               - class com.almasb.fxgl.app.FXGLApplication$GameApplicationService
19:56:55.968 [FXGL Background Thread 3 ] DEBUG Engine               - class com.almasb.fxgl.app.services.FXGLDialogService
19:56:55.968 [FXGL Background Thread 3 ] DEBUG Engine               - class com.almasb.fxgl.app.services.IOTaskExecutorService
19:56:55.968 [FXGL Background Thread 3 ] DEBUG Engine               - class com.almasb.fxgl.io.FileSystemService
19:56:55.968 [FXGL Background Thread 3 ] DEBUG Engine               - class com.almasb.fxgl.localization.LocalizationService
19:56:55.968 [FXGL Background Thread 3 ] DEBUG Engine               - class com.almasb.fxgl.app.services.SystemBundleService
19:56:55.968 [FXGL Background Thread 3 ] DEBUG Engine               - class com.almasb.fxgl.profile.SaveLoadService
19:56:55.968 [FXGL Background Thread 3 ] DEBUG Engine               - class com.almasb.fxgl.ui.FXGLUIFactoryServiceProvider
19:56:55.968 [FXGL Background Thread 3 ] DEBUG Engine               - class com.almasb.fxgl.ui.FXGLDialogFactoryServiceProvider
19:56:55.968 [FXGL Background Thread 3 ] DEBUG Engine               - class com.almasb.fxgl.audio.AudioPlayer
19:56:55.968 [FXGL Background Thread 3 ] DEBUG Engine               - class com.almasb.fxgl.notification.impl.NotificationServiceProvider
19:56:55.968 [FXGL Background Thread 3 ] DEBUG Engine               - class com.almasb.fxgl.achievement.AchievementService
19:56:55.968 [FXGL Background Thread 3 ] DEBUG Engine               - class com.almasb.fxgl.cutscene.CutsceneService
19:56:55.968 [FXGL Background Thread 3 ] DEBUG Engine               - class com.almasb.fxgl.minigames.MiniGameService
19:56:55.968 [FXGL Background Thread 3 ] DEBUG Engine               - class com.almasb.fxgl.net.NetService
19:56:55.968 [FXGL Background Thread 3 ] DEBUG Engine               - class com.almasb.fxgl.app.services.UpdaterService
19:56:55.968 [FXGL Background Thread 3 ] DEBUG Engine               - class com.almasb.fxgl.dev.DevService
19:56:56.602 [JavaFX Application Thread] DEBUG PrimaryStageWindow   - Push state: DialogSubScene
19:56:56.602 [JavaFX Application Thread] DEBUG Input                - Clearing active input actions
19:56:56.605 [JavaFX Application Thread] DEBUG GameApplicationServi - Removing overlay from GameScene and adding to DialogSubScene
19:56:56.606 [JavaFX Application Thread] DEBUG PrimaryStageWindow   - GameScene -> DialogSubScene
19:56:56.606 [JavaFX Application Thread] DEBUG FXGLAssetLoaderServi - Loading from file system: file:/C:/Users/Lenovo/OneDrive%20-%20CUHK-Shenzhen/桌面/javaGame/target/classes/assets/sounds/敲门声.wav
19:56:57.897 [JavaFX Application Thread] DEBUG PrimaryStageWindow   - Pop state: DialogSubScene
19:56:57.897 [JavaFX Application Thread] DEBUG Input                - Clearing active input actions
19:56:57.898 [JavaFX Application Thread] DEBUG GameApplicationServi - Removing overlay from DialogSubScene and adding to GameScene
19:56:57.898 [JavaFX Application Thread] DEBUG PrimaryStageWindow   - GameScene <- DialogSubScene
19:56:59.528 [JavaFX Application Thread] DEBUG PrimaryStageWindow   - Push state: DialogSubScene
19:56:59.528 [JavaFX Application Thread] DEBUG Input                - Clearing active input actions
19:56:59.528 [JavaFX Application Thread] DEBUG GameApplicationServi - Removing overlay from GameScene and adding to DialogSubScene
19:56:59.528 [JavaFX Application Thread] DEBUG PrimaryStageWindow   - GameScene -> DialogSubScene
19:57:00.277 [JavaFX Application Thread] DEBUG PrimaryStageWindow   - Pop state: DialogSubScene
19:57:00.277 [JavaFX Application Thread] DEBUG Input                - Clearing active input actions
19:57:00.277 [JavaFX Application Thread] DEBUG GameApplicationServi - Removing overlay from DialogSubScene and adding to GameScene
19:57:00.278 [JavaFX Application Thread] DEBUG PrimaryStageWindow   - GameScene <- DialogSubScene
19:57:00.823 [JavaFX Application Thread] DEBUG FXGLAssetLoaderServi - Loading from file system: file:/C:/Users/Lenovo/OneDrive%20-%20CUHK-Shenzhen/桌面/javaGame/target/classes/assets/sounds/箱子%20纸声.wav
19:57:00.826 [JavaFX Application Thread] DEBUG FXGLAssetLoaderServi - Loading from file system: file:/C:/Users/Lenovo/OneDrive%20-%20CUHK-Shenzhen/桌面/javaGame/target/classes/assets/textures/Stage1/letterbg.png
19:57:00.846 [JavaFX Application Thread] DEBUG FXGLAssetLoaderServi - Loading from file system: file:/C:/Users/Lenovo/OneDrive%20-%20CUHK-Shenzhen/桌面/javaGame/target/classes/assets/textures/Stage1/paper.jpg
19:57:02.890 [JavaFX Application Thread] DEBUG PrimaryStageWindow   - Push state: DialogSubScene
19:57:02.890 [JavaFX Application Thread] DEBUG Input                - Clearing active input actions
19:57:02.892 [JavaFX Application Thread] DEBUG GameApplicationServi - Removing overlay from GameScene and adding to DialogSubScene
19:57:02.892 [JavaFX Application Thread] DEBUG PrimaryStageWindow   - GameScene -> DialogSubScene
19:57:03.812 [JavaFX Application Thread] DEBUG PrimaryStageWindow   - Pop state: DialogSubScene
19:57:03.812 [JavaFX Application Thread] DEBUG Input                - Clearing active input actions
19:57:03.812 [JavaFX Application Thread] DEBUG GameApplicationServi - Removing overlay from DialogSubScene and adding to GameScene
19:57:03.812 [JavaFX Application Thread] DEBUG PrimaryStageWindow   - GameScene <- DialogSubScene
19:57:05.587 [JavaFX Application Thread] DEBUG FXGLAssetLoaderServi - Loading from file system: file:/C:/Users/Lenovo/OneDrive%20-%20CUHK-Shenzhen/桌面/javaGame/target/classes/assets/textures/Stage2/Stage2%20Chair.png
19:57:05.595 [JavaFX Application Thread] DEBUG FXGLAssetLoaderServi - Loading from file system: file:/C:/Users/Lenovo/OneDrive%20-%20CUHK-Shenzhen/桌面/javaGame/target/classes/assets/textures/Stage2/Stage2%20Clock.png
19:57:05.598 [JavaFX Application Thread] DEBUG FXGLAssetLoaderServi - Loading from file system: file:/C:/Users/Lenovo/OneDrive%20-%20CUHK-Shenzhen/桌面/javaGame/target/classes/assets/textures/Stage2/Stage2%20Drawer.png
19:57:06.464 [JavaFX Application Thread] DEBUG FXGLAssetLoaderServi - Loading from file system: file:/C:/Users/Lenovo/OneDrive%20-%20CUHK-Shenzhen/桌面/javaGame/target/classes/assets/sounds/闹钟声.wav
19:57:06.466 [JavaFX Application Thread] DEBUG PrimaryStageWindow   - Push state: DialogSubScene
19:57:06.466 [JavaFX Application Thread] DEBUG Input                - Clearing active input actions
19:57:06.467 [JavaFX Application Thread] DEBUG GameApplicationServi - Removing overlay from GameScene and adding to DialogSubScene
19:57:06.467 [JavaFX Application Thread] DEBUG PrimaryStageWindow   - GameScene -> DialogSubScene
19:57:07.201 [JavaFX Application Thread] DEBUG PrimaryStageWindow   - Pop state: DialogSubScene
19:57:07.202 [JavaFX Application Thread] DEBUG Input                - Clearing active input actions
19:57:07.202 [JavaFX Application Thread] DEBUG GameApplicationServi - Removing overlay from DialogSubScene and adding to GameScene
19:57:07.202 [JavaFX Application Thread] DEBUG PrimaryStageWindow   - GameScene <- DialogSubScene
19:57:09.691 [JavaFX Application Thread] DEBUG FXGLApplication      - Exiting FXGL
19:57:09.691 [JavaFX Application Thread] DEBUG LoopRunner           - Stopping loop
19:57:09.692 [JavaFX Application Thread] DEBUG SystemBundleService  - Saving FXGL system data
19:57:09.694 [JavaFX Application Thread] DEBUG FileSystemAccess     - Writing to: C:\Users\Lenovo\OneDrive - CUHK-Shenzhen\桌面\javaGame\system\fxgl.bundle
19:57:09.695 [JavaFX Application Thread] DEBUG Async                - Shutting down background threads
19:57:09.695 [JavaFX Application Thread] DEBUG PrimaryStageWindow   - Closing main window
19:57:09.719 [JavaFX Application Thread] DEBUG Logger               - Closing Logger
