23:06:41.636 [main                     ] DEBUG Logger               - Configured Logger
23:06:41.656 [main                     ] DEBUG GameApplication      - Logging settings
Title: Escape
Version: 0.1
Width: 900
Height: 900
Fullscreen: false
Intro: false
Profiling: false
Single step:false
App Mode: DEVELOPER
Menu Key: ESCAPE
Stage Style: DECORATED
Scene Factory: class com.almasb.fxgl.app.scene.SceneFactory

23:06:41.909 [JavaFX Application Thread] DEBUG FXGLApplication      - Initializing FXGL
23:06:41.914 [JavaFX Application Thread] INFO  Engine               - FXGL-17.2 (20.08.2022 16.50) on WINDOWS (J:17.0.5 FX:18)
23:06:41.914 [JavaFX Application Thread] DEBUG Engine               - JRE Vendor Name: Oracle Corporation
23:06:41.914 [JavaFX Application Thread] DEBUG Engine               - Running on OS: Windows 11 version 10.0
23:06:41.914 [JavaFX Application Thread] DEBUG Engine               - Architecture: amd64
23:06:41.914 [JavaFX Application Thread] INFO  Engine               - Source code and latest versions at: https://github.com/AlmasB/FXGL
23:06:41.914 [JavaFX Application Thread] INFO  Engine               -       Ask questions and discuss at: https://github.com/AlmasB/FXGL/discussions
23:06:41.915 [JavaFX Application Thread] INFO  Engine               -              Join the FXGL chat at: https://gitter.im/AlmasB/FXGL
23:06:41.965 [JavaFX Application Thread] DEBUG PrimaryStageWindow   - Creating a JavaFX scene
23:06:41.991 [JavaFX Application Thread] DEBUG PrimaryStageWindow   - Target settings size: 900.0 x 900.0
23:06:41.992 [JavaFX Application Thread] DEBUG PrimaryStageWindow   - Scaled scene size:    900.0 x 900.0
23:06:41.992 [JavaFX Application Thread] DEBUG PrimaryStageWindow   - Scaled ratio: (1.0, 1.0)
23:06:41.992 [JavaFX Application Thread] DEBUG PrimaryStageWindow   - Set initial scene to FXGLStartupScene
23:06:41.996 [JavaFX Application Thread] DEBUG PrimaryStageWindow   - Opening main window
23:06:42.046 [JavaFX Application Thread] DEBUG PrimaryStageWindow   - Window border size: (14.66668701171875, 37.33331298828125)
23:06:42.046 [JavaFX Application Thread] DEBUG PrimaryStageWindow   - Scaled size: 900.0 x 900.0
23:06:42.046 [JavaFX Application Thread] DEBUG PrimaryStageWindow   - Scaled ratio: (1.0, 1.0)
23:06:42.046 [JavaFX Application Thread] DEBUG PrimaryStageWindow   - Scene size: 900.0 x 900.0
23:06:42.047 [JavaFX Application Thread] DEBUG PrimaryStageWindow   - Stage size: 914.6666870117188 x 937.3333129882812
23:06:42.051 [FXGL Background Thread 1 ] DEBUG Engine               - Initializing environment variables
23:06:42.077 [FXGL Background Thread 1 ] DEBUG FXGLAssetLoaderServi - User app class for loading assets: class com.Moonhalf.EscapeApp
23:06:42.077 [FXGL Background Thread 1 ] DEBUG GameApplicationServi - Applying CSS: fxgl_dark.css
23:06:42.078 [FXGL Background Thread 1 ] DEBUG FXGLAssetLoaderServi - Loading from file system: jar:file:///C:/Users/Lenovo/.m2/repository/com/github/almasb/fxgl/17.2/fxgl-17.2.jar!/fxglassets/ui/css/fxgl_dark.css
23:06:42.107 [FXGL Background Thread 1 ] DEBUG GameApplicationServi - Initializing application scenes
23:06:42.143 [FXGL Background Thread 1 ] DEBUG GameWorld            - Game world initialized
23:06:42.191 [FXGL Background Thread 1 ] DEBUG PhysicsWorld         - Physics world initialized: appHeight=900, physics.ppm=50.0
23:06:42.191 [FXGL Background Thread 1 ] DEBUG PhysicsWorld         - Using strategy: BRUTE_FORCE
23:06:42.194 [FXGL Background Thread 1 ] DEBUG GameScene            - Game scene initialized: 900x900
23:06:42.203 [FXGL Background Thread 1 ] DEBUG FXGL.DefaultMenu     - createMenuBodyGameMenu()
23:06:42.212 [FXGL Background Thread 1 ] DEBUG FXGL.DefaultMenu     - createOptionsMenu()
23:06:42.218 [FXGL Background Thread 1 ] DEBUG FXGLAssetLoaderServi - Loading from file system: jar:file:///C:/Users/Lenovo/.m2/repository/com/github/almasb/fxgl/17.2/fxgl-17.2.jar!/fxglassets/textures/particles/smoke.png
23:06:42.285 [FXGL Background Thread 1 ] DEBUG FXGLAssetLoaderServi - Loading from file system: jar:file:///C:/Users/Lenovo/.m2/repository/com/github/almasb/fxgl/17.2/fxgl-17.2.jar!/fxglassets/textures/particles/trace_horizontal.png
23:06:42.307 [FXGL Background Thread 1 ] DEBUG GameApplicationServi - Application scenes initialized
23:06:42.315 [FXGL Background Thread 1 ] DEBUG SystemBundleService  - Loading FXGL system data
23:06:42.318 [FXGL Background Thread 1 ] DEBUG FileSystemAccess     - Reading from: C:\Users\Lenovo\OneDrive - CUHK-Shenzhen\桌面\javaGame\system\fxgl.bundle
23:06:42.323 [FXGL Background Thread 1 ] DEBUG SystemBundleService  - Bundle FXGL: {}
23:06:42.324 [FXGL Background Thread 1 ] DEBUG UpdaterService       - Checking for updates
23:06:42.326 [FXGL Background Thread 4 ] DEBUG FXGLApplication      - Loading fonts
23:06:42.326 [FXGL Background Thread 1 ] DEBUG FXGLApplication      - Loading default localization
23:06:42.326 [FXGL Background Thread 4 ] DEBUG FXGLAssetLoaderServi - Loading from file system: jar:file:///C:/Users/Lenovo/.m2/repository/com/github/almasb/fxgl/17.2/fxgl-17.2.jar!/fxglassets/ui/fonts/VarelaRound-Regular.ttf
23:06:42.326 [FXGL Background Thread 1 ] DEBUG FXGLAssetLoaderServi - Loading from file system: jar:file:///C:/Users/Lenovo/.m2/repository/com/github/almasb/fxgl/17.2/fxgl-17.2.jar!/fxglassets/languages/english.lang
23:06:42.342 [FXGL Background Thread 1 ] INFO  FXGLApplication      - FXGL initialization took: 0.290 sec
23:06:42.344 [JavaFX Application Thread] DEBUG FXGLAssetLoaderServi - Loading from file system: file:/C:/Users/Lenovo/OneDrive%20-%20CUHK-Shenzhen/桌面/javaGame/target/classes/assets/textures/Escape.png
23:06:42.356 [JavaFX Application Thread] DEBUG FXGLAssetLoaderServi - Loading from file system: jar:file:///C:/Users/Lenovo/.m2/repository/com/github/almasb/fxgl/17.2/fxgl-17.2.jar!/fxglassets/textures/fxgl_default_cursor.png
23:06:42.376 [FXGL Background Thread 4 ] DEBUG FXGLAssetLoaderServi - Loading from file system: jar:file:///C:/Users/Lenovo/.m2/repository/com/github/almasb/fxgl/17.2/fxgl-17.2.jar!/fxglassets/ui/fonts/Abel-Regular.ttf
23:06:42.377 [JavaFX Application Thread] DEBUG Input                - Registered new binding: Screenshot - CTRL+8
23:06:42.378 [JavaFX Application Thread] DEBUG Input                - Registered new binding: System info dump - CTRL+9
23:06:42.378 [FXGL Background Thread 4 ] DEBUG FXGLAssetLoaderServi - Loading from file system: jar:file:///C:/Users/Lenovo/.m2/repository/com/github/almasb/fxgl/17.2/fxgl-17.2.jar!/fxglassets/ui/fonts/TerminalLandMono-Regular.otf
23:06:42.379 [JavaFX Application Thread] DEBUG Input                - Registered new binding: Restart - CTRL+R
23:06:42.380 [FXGL Background Thread 4 ] DEBUG FXGLAssetLoaderServi - Loading from file system: jar:file:///C:/Users/Lenovo/.m2/repository/com/github/almasb/fxgl/17.2/fxgl-17.2.jar!/fxglassets/ui/fonts/Courier-Prime.ttf
23:06:42.380 [JavaFX Application Thread] DEBUG Input                - Registered new binding: Toggle Debug Camera - CTRL+7
23:06:42.385 [JavaFX Application Thread] DEBUG LoopRunner           - Starting loop
23:06:42.385 [JavaFX Application Thread] DEBUG LoopRunner           - Initializing JavaFX AnimationTimerLoop
23:06:42.388 [JavaFX Application Thread] DEBUG GameApplicationServi - Starting new game
23:06:42.388 [JavaFX Application Thread] DEBUG Input                - Clearing active input actions
23:06:42.399 [JavaFX Application Thread] DEBUG GameApplicationServi - Removing overlay from FXGLStartupScene and adding to FXGLLoadingScene
23:06:42.400 [JavaFX Application Thread] DEBUG PrimaryStageWindow   - FXGLStartupScene -> FXGLLoadingScene
23:06:42.400 [JavaFX Application Thread] DEBUG GameApplicationServi - Clearing previous game
23:06:42.400 [JavaFX Application Thread] DEBUG GameScene            - Clearing game scene
23:06:42.400 [JavaFX Application Thread] DEBUG GameWorld            - Clearing game world
23:06:42.400 [JavaFX Application Thread] DEBUG PhysicsWorld         - Clearing physics world
23:06:42.403 [JavaFX Application Thread] DEBUG FXGLApplication      - Registering font factories with UI factory
23:06:42.413 [FXGL Background Thread 4 ] DEBUG FXGLAssetLoaderServi - Loading from file system: file:/C:/Users/Lenovo/OneDrive%20-%20CUHK-Shenzhen/桌面/javaGame/target/classes/assets/textures/Background.jpg
23:06:42.432 [FXGL Background Thread 4 ] DEBUG FXGLAssetLoaderServi - Loading from file system: file:/C:/Users/Lenovo/OneDrive%20-%20CUHK-Shenzhen/桌面/javaGame/target/classes/assets/textures/Stage2%20chair.png
23:06:42.447 [FXGL Background Thread 4 ] INFO  FXGLApplication      - Game initialization took: 0.044 sec
23:06:42.447 [JavaFX Application Thread] DEBUG Input                - Clearing active input actions
23:06:42.451 [JavaFX Application Thread] DEBUG GameApplicationServi - Removing overlay from FXGLLoadingScene and adding to GameScene
23:06:42.451 [JavaFX Application Thread] DEBUG PrimaryStageWindow   - FXGLLoadingScene -> GameScene
23:06:43.093 [FXGL Background Thread 2 ] INFO  UpdaterService       - Your current version:  17.2
23:06:43.093 [FXGL Background Thread 2 ] INFO  UpdaterService       - Latest stable version: 17.3
23:06:45.327 [FXGL Background Thread 3 ] DEBUG Engine               - Logging environment variables
23:06:45.327 [FXGL Background Thread 3 ] DEBUG Engine               - achievements: []
23:06:45.327 [FXGL Background Thread 3 ] DEBUG Engine               - actualHeight: 900.0
23:06:45.327 [FXGL Background Thread 3 ] DEBUG Engine               - actualHeightProperty: ReadOnlyDoubleProperty [value: 900.0]
23:06:45.328 [FXGL Background Thread 3 ] DEBUG Engine               - actualWidth: 900.0
23:06:45.328 [FXGL Background Thread 3 ] DEBUG Engine               - actualWidthProperty: ReadOnlyDoubleProperty [value: 900.0]
23:06:45.328 [FXGL Background Thread 3 ] DEBUG Engine               - appIcon: Escape.png
23:06:45.328 [FXGL Background Thread 3 ] DEBUG Engine               - applicationMode: DEVELOPER
23:06:45.328 [FXGL Background Thread 3 ] DEBUG Engine               - cSSList: [fxgl_dark.css]
23:06:45.328 [FXGL Background Thread 3 ] DEBUG Engine               - collisionDetectionStrategy: BRUTE_FORCE
23:06:45.328 [FXGL Background Thread 3 ] DEBUG Engine               - configClass: Optional.empty
23:06:45.328 [FXGL Background Thread 3 ] DEBUG Engine               - credits: []
23:06:45.329 [FXGL Background Thread 3 ] DEBUG Engine               - defaultCursor: CursorInfo(imageName=fxgl_default_cursor.png, hotspotX=7.0, hotspotY=6.0)
23:06:45.329 [FXGL Background Thread 3 ] DEBUG Engine               - devBBoxColorProperty: ObjectProperty [value: 0xff0000ff]
23:06:45.330 [FXGL Background Thread 3 ] DEBUG Engine               - devEnableDebugCameraProperty: BooleanProperty [value: false]
23:06:45.330 [FXGL Background Thread 3 ] DEBUG Engine               - devSensorColorProperty: ObjectProperty [value: 0xffff00ff]
23:06:45.330 [FXGL Background Thread 3 ] DEBUG Engine               - devShowBBoxProperty: BooleanProperty [value: false]
23:06:45.330 [FXGL Background Thread 3 ] DEBUG Engine               - devShowPositionProperty: BooleanProperty [value: false]
23:06:45.331 [FXGL Background Thread 3 ] DEBUG Engine               - enabledMenuItems: []
23:06:45.331 [FXGL Background Thread 3 ] DEBUG Engine               - engineServices: [class com.almasb.fxgl.app.services.FXGLAssetLoaderService, class com.almasb.fxgl.app.FXGLApplication$GameApplicationService, class com.almasb.fxgl.app.services.FXGLDialogService, class com.almasb.fxgl.app.services.IOTaskExecutorService, class com.almasb.fxgl.io.FileSystemService, class com.almasb.fxgl.localization.LocalizationService, class com.almasb.fxgl.app.services.SystemBundleService, class com.almasb.fxgl.profile.SaveLoadService, class com.almasb.fxgl.ui.FXGLUIFactoryServiceProvider, class com.almasb.fxgl.ui.FXGLDialogFactoryServiceProvider, class com.almasb.fxgl.audio.AudioPlayer, class com.almasb.fxgl.notification.impl.NotificationServiceProvider, class com.almasb.fxgl.achievement.AchievementService, class com.almasb.fxgl.cutscene.CutsceneService, class com.almasb.fxgl.minigames.MiniGameService, class com.almasb.fxgl.net.NetService, class com.almasb.fxgl.app.services.UpdaterService, class com.almasb.fxgl.dev.DevService]
23:06:45.331 [FXGL Background Thread 3 ] DEBUG Engine               - fontGame: Abel-Regular.ttf
23:06:45.331 [FXGL Background Thread 3 ] DEBUG Engine               - fontMono: TerminalLandMono-Regular.otf
23:06:45.331 [FXGL Background Thread 3 ] DEBUG Engine               - fontText: Courier-Prime.ttf
23:06:45.331 [FXGL Background Thread 3 ] DEBUG Engine               - fontUI: VarelaRound-Regular.ttf
23:06:45.331 [FXGL Background Thread 3 ] DEBUG Engine               - fullScreen: BooleanProperty [value: false]
23:06:45.332 [FXGL Background Thread 3 ] DEBUG Engine               - gameDifficulty: MEDIUM
23:06:45.332 [FXGL Background Thread 3 ] DEBUG Engine               - gameDifficultyProperty: ObjectProperty [value: MEDIUM]
23:06:45.332 [FXGL Background Thread 3 ] DEBUG Engine               - globalMusicVolume: 0.5
23:06:45.332 [FXGL Background Thread 3 ] DEBUG Engine               - globalMusicVolumeProperty: DoubleProperty [value: 0.5]
23:06:45.332 [FXGL Background Thread 3 ] DEBUG Engine               - globalSoundVolume: 0.5
23:06:45.332 [FXGL Background Thread 3 ] DEBUG Engine               - globalSoundVolumeProperty: DoubleProperty [value: 0.5]
23:06:45.332 [FXGL Background Thread 3 ] DEBUG Engine               - height: 900
23:06:45.332 [FXGL Background Thread 3 ] DEBUG Engine               - is3D: false
23:06:45.332 [FXGL Background Thread 3 ] DEBUG Engine               - isAndroid: false
23:06:45.332 [FXGL Background Thread 3 ] DEBUG Engine               - isBrowser: false
23:06:45.332 [FXGL Background Thread 3 ] DEBUG Engine               - isClickFeedbackEnabled: false
23:06:45.332 [FXGL Background Thread 3 ] DEBUG Engine               - isCloseConfirmation: false
23:06:45.332 [FXGL Background Thread 3 ] DEBUG Engine               - isDesktop: true
23:06:45.332 [FXGL Background Thread 3 ] DEBUG Engine               - isDeveloperMenuEnabled: false
23:06:45.332 [FXGL Background Thread 3 ] DEBUG Engine               - isEmbedded: false
23:06:45.332 [FXGL Background Thread 3 ] DEBUG Engine               - isEntityPreloadEnabled: true
23:06:45.332 [FXGL Background Thread 3 ] DEBUG Engine               - isExperimentalTiledLargeMap: false
23:06:45.332 [FXGL Background Thread 3 ] DEBUG Engine               - isFileSystemWriteAllowed: true
23:06:45.333 [FXGL Background Thread 3 ] DEBUG Engine               - isFullScreenAllowed: false
23:06:45.333 [FXGL Background Thread 3 ] DEBUG Engine               - isFullScreenFromStart: false
23:06:45.333 [FXGL Background Thread 3 ] DEBUG Engine               - isGameMenuEnabled: true
23:06:45.333 [FXGL Background Thread 3 ] DEBUG Engine               - isIOS: false
23:06:45.333 [FXGL Background Thread 3 ] DEBUG Engine               - isIntroEnabled: false
23:06:45.333 [FXGL Background Thread 3 ] DEBUG Engine               - isLinux: false
23:06:45.333 [FXGL Background Thread 3 ] DEBUG Engine               - isMac: false
23:06:45.333 [FXGL Background Thread 3 ] DEBUG Engine               - isMainMenuEnabled: false
23:06:45.333 [FXGL Background Thread 3 ] DEBUG Engine               - isManualResizeEnabled: false
23:06:45.333 [FXGL Background Thread 3 ] DEBUG Engine               - isMobile: false
23:06:45.333 [FXGL Background Thread 3 ] DEBUG Engine               - isNative: false
23:06:45.333 [FXGL Background Thread 3 ] DEBUG Engine               - isPauseMusicWhenMinimized: true
23:06:45.333 [FXGL Background Thread 3 ] DEBUG Engine               - isPreserveResizeRatio: false
23:06:45.333 [FXGL Background Thread 3 ] DEBUG Engine               - isProfilingEnabled: false
23:06:45.333 [FXGL Background Thread 3 ] DEBUG Engine               - isScaleAffectedOnResize: true
23:06:45.333 [FXGL Background Thread 3 ] DEBUG Engine               - isSingleStep: false
23:06:45.333 [FXGL Background Thread 3 ] DEBUG Engine               - isUserProfileEnabled: false
23:06:45.333 [FXGL Background Thread 3 ] DEBUG Engine               - isWindows: true
23:06:45.333 [FXGL Background Thread 3 ] DEBUG Engine               - language: ObjectProperty [value: ENGLISH]
23:06:45.333 [FXGL Background Thread 3 ] DEBUG Engine               - menuKey: ESCAPE
23:06:45.333 [FXGL Background Thread 3 ] DEBUG Engine               - mouseSensitivity: 0.2
23:06:45.333 [FXGL Background Thread 3 ] DEBUG Engine               - notificationViewClass: class com.almasb.fxgl.notification.view.XboxNotificationView
23:06:45.333 [FXGL Background Thread 3 ] DEBUG Engine               - pixelsPerMeter: 50.0
23:06:45.333 [FXGL Background Thread 3 ] DEBUG Engine               - platform: WINDOWS
23:06:45.333 [FXGL Background Thread 3 ] DEBUG Engine               - prefHeightProperty: ReadOnlyDoubleProperty [value: 900.0]
23:06:45.334 [FXGL Background Thread 3 ] DEBUG Engine               - prefWidthProperty: ReadOnlyDoubleProperty [value: 900.0]
23:06:45.334 [FXGL Background Thread 3 ] DEBUG Engine               - profileDir: profiles/
23:06:45.334 [FXGL Background Thread 3 ] DEBUG Engine               - profileName: StringProperty [value: DEFAULT]
23:06:45.334 [FXGL Background Thread 3 ] DEBUG Engine               - randomSeed: -1
23:06:45.334 [FXGL Background Thread 3 ] DEBUG Engine               - runtimeInfo: RuntimeInfo(platform=WINDOWS, version=17.2, build=20.08.2022 16.50)
23:06:45.334 [FXGL Background Thread 3 ] DEBUG Engine               - saveFileExt: sav
23:06:45.334 [FXGL Background Thread 3 ] DEBUG Engine               - scaledHeightProp$fxgl: DoubleProperty [bound, value: 900.0]
23:06:45.334 [FXGL Background Thread 3 ] DEBUG Engine               - scaledWidthProp$fxgl: DoubleProperty [bound, value: 900.0]
23:06:45.335 [FXGL Background Thread 3 ] DEBUG Engine               - sceneFactory: com.almasb.fxgl.app.scene.SceneFactory@1a50e7c2
23:06:45.335 [FXGL Background Thread 3 ] DEBUG Engine               - secondsIn24h: 60
23:06:45.335 [FXGL Background Thread 3 ] DEBUG Engine               - soundMenuBack: menu/back.wav
23:06:45.335 [FXGL Background Thread 3 ] DEBUG Engine               - soundMenuPress: menu/press.wav
23:06:45.335 [FXGL Background Thread 3 ] DEBUG Engine               - soundMenuSelect: menu/select.wav
23:06:45.335 [FXGL Background Thread 3 ] DEBUG Engine               - soundNotification: core/notification.wav
23:06:45.335 [FXGL Background Thread 3 ] DEBUG Engine               - stageStyle: DECORATED
23:06:45.335 [FXGL Background Thread 3 ] DEBUG Engine               - supportedLanguages: [ENGLISH, FRENCH, GERMAN, HUNGARIAN, RUSSIAN]
23:06:45.335 [FXGL Background Thread 3 ] DEBUG Engine               - ticksPerSecond: -1
23:06:45.335 [FXGL Background Thread 3 ] DEBUG Engine               - title: Escape
23:06:45.335 [FXGL Background Thread 3 ] DEBUG Engine               - urlGithub: https://github.com/AlmasB/FXGL
23:06:45.335 [FXGL Background Thread 3 ] DEBUG Engine               - urlLeaderboard: http://fxgl-top.herokuapp.com/
23:06:45.335 [FXGL Background Thread 3 ] DEBUG Engine               - urlPOM: https://raw.githubusercontent.com/AlmasB/FXGL/release/README.md
23:06:45.335 [FXGL Background Thread 3 ] DEBUG Engine               - userAppClass: class com.Moonhalf.EscapeApp
23:06:45.335 [FXGL Background Thread 3 ] DEBUG Engine               - version: 0.1
23:06:45.335 [FXGL Background Thread 3 ] DEBUG Engine               - versionCheckDays: 7
23:06:45.335 [FXGL Background Thread 3 ] DEBUG Engine               - width: 900
23:06:45.335 [FXGL Background Thread 3 ] DEBUG Engine               - Logging services
23:06:45.335 [FXGL Background Thread 3 ] DEBUG Engine               - class com.almasb.fxgl.app.services.FXGLAssetLoaderService
23:06:45.335 [FXGL Background Thread 3 ] DEBUG Engine               - class com.almasb.fxgl.app.FXGLApplication$GameApplicationService
23:06:45.335 [FXGL Background Thread 3 ] DEBUG Engine               - class com.almasb.fxgl.app.services.FXGLDialogService
23:06:45.335 [FXGL Background Thread 3 ] DEBUG Engine               - class com.almasb.fxgl.app.services.IOTaskExecutorService
23:06:45.335 [FXGL Background Thread 3 ] DEBUG Engine               - class com.almasb.fxgl.io.FileSystemService
23:06:45.335 [FXGL Background Thread 3 ] DEBUG Engine               - class com.almasb.fxgl.localization.LocalizationService
23:06:45.335 [FXGL Background Thread 3 ] DEBUG Engine               - class com.almasb.fxgl.app.services.SystemBundleService
23:06:45.335 [FXGL Background Thread 3 ] DEBUG Engine               - class com.almasb.fxgl.profile.SaveLoadService
23:06:45.335 [FXGL Background Thread 3 ] DEBUG Engine               - class com.almasb.fxgl.ui.FXGLUIFactoryServiceProvider
23:06:45.335 [FXGL Background Thread 3 ] DEBUG Engine               - class com.almasb.fxgl.ui.FXGLDialogFactoryServiceProvider
23:06:45.335 [FXGL Background Thread 3 ] DEBUG Engine               - class com.almasb.fxgl.audio.AudioPlayer
23:06:45.336 [FXGL Background Thread 3 ] DEBUG Engine               - class com.almasb.fxgl.notification.impl.NotificationServiceProvider
23:06:45.336 [FXGL Background Thread 3 ] DEBUG Engine               - class com.almasb.fxgl.achievement.AchievementService
23:06:45.336 [FXGL Background Thread 3 ] DEBUG Engine               - class com.almasb.fxgl.cutscene.CutsceneService
23:06:45.336 [FXGL Background Thread 3 ] DEBUG Engine               - class com.almasb.fxgl.minigames.MiniGameService
23:06:45.336 [FXGL Background Thread 3 ] DEBUG Engine               - class com.almasb.fxgl.net.NetService
23:06:45.336 [FXGL Background Thread 3 ] DEBUG Engine               - class com.almasb.fxgl.app.services.UpdaterService
23:06:45.336 [FXGL Background Thread 3 ] DEBUG Engine               - class com.almasb.fxgl.dev.DevService
23:06:46.209 [JavaFX Application Thread] DEBUG FXGLApplication      - Exiting FXGL
23:06:46.209 [JavaFX Application Thread] DEBUG LoopRunner           - Stopping loop
23:06:46.209 [JavaFX Application Thread] DEBUG SystemBundleService  - Saving FXGL system data
23:06:46.211 [JavaFX Application Thread] DEBUG FileSystemAccess     - Writing to: C:\Users\Lenovo\OneDrive - CUHK-Shenzhen\桌面\javaGame\system\fxgl.bundle
23:06:46.213 [JavaFX Application Thread] DEBUG Async                - Shutting down background threads
23:06:46.213 [JavaFX Application Thread] DEBUG PrimaryStageWindow   - Closing main window
23:06:46.232 [JavaFX Application Thread] DEBUG Logger               - Closing Logger
