17:11:44.703 [main                     ] DEBUG Logger               - Configured Logger
17:11:44.722 [main                     ] DEBUG GameApplication      - Logging settings
Title: Escape
Version: 0.1
Width: 900
Height: 900
Fullscreen: false
Intro: false
Profiling: false
Single step:false
App Mode: DEVELOPER
Menu Key: ESCAPE
Stage Style: DECORATED
Scene Factory: class com.almasb.fxgl.app.scene.SceneFactory

17:11:44.984 [JavaFX Application Thread] DEBUG FXGLApplication      - Initializing FXGL
17:11:44.987 [JavaFX Application Thread] INFO  Engine               - FXGL-17.2 (20.08.2022 16.50) on WINDOWS (J:17.0.5 FX:18)
17:11:44.988 [JavaFX Application Thread] DEBUG Engine               - JRE Vendor Name: Oracle Corporation
17:11:44.988 [JavaFX Application Thread] DEBUG Engine               - Running on OS: Windows 11 version 10.0
17:11:44.988 [JavaFX Application Thread] DEBUG Engine               - Architecture: amd64
17:11:44.988 [JavaFX Application Thread] INFO  Engine               - Source code and latest versions at: https://github.com/AlmasB/FXGL
17:11:44.988 [JavaFX Application Thread] INFO  Engine               -       Ask questions and discuss at: https://github.com/AlmasB/FXGL/discussions
17:11:44.988 [JavaFX Application Thread] INFO  Engine               -              Join the FXGL chat at: https://gitter.im/AlmasB/FXGL
17:11:45.036 [JavaFX Application Thread] DEBUG PrimaryStageWindow   - Creating a JavaFX scene
17:11:45.060 [JavaFX Application Thread] DEBUG PrimaryStageWindow   - Target settings size: 900.0 x 900.0
17:11:45.060 [JavaFX Application Thread] DEBUG PrimaryStageWindow   - Scaled scene size:    900.0 x 900.0
17:11:45.060 [JavaFX Application Thread] DEBUG PrimaryStageWindow   - Scaled ratio: (1.0, 1.0)
17:11:45.061 [JavaFX Application Thread] DEBUG PrimaryStageWindow   - Set initial scene to FXGLStartupScene
17:11:45.064 [JavaFX Application Thread] DEBUG PrimaryStageWindow   - Opening main window
17:11:45.115 [JavaFX Application Thread] DEBUG PrimaryStageWindow   - Window border size: (14.66668701171875, 37.33331298828125)
17:11:45.115 [JavaFX Application Thread] DEBUG PrimaryStageWindow   - Scaled size: 900.0 x 900.0
17:11:45.115 [JavaFX Application Thread] DEBUG PrimaryStageWindow   - Scaled ratio: (1.0, 1.0)
17:11:45.115 [JavaFX Application Thread] DEBUG PrimaryStageWindow   - Scene size: 900.0 x 900.0
17:11:45.115 [JavaFX Application Thread] DEBUG PrimaryStageWindow   - Stage size: 914.6666870117188 x 937.3333129882812
17:11:45.120 [FXGL Background Thread 1 ] DEBUG Engine               - Initializing environment variables
17:11:45.142 [FXGL Background Thread 1 ] DEBUG FXGLAssetLoaderServi - User app class for loading assets: class com.Moonhalf.EscapeApp
17:11:45.143 [FXGL Background Thread 1 ] DEBUG GameApplicationServi - Applying CSS: fxgl_dark.css
17:11:45.143 [FXGL Background Thread 1 ] DEBUG FXGLAssetLoaderServi - Loading from file system: jar:file:///C:/Users/Lenovo/.m2/repository/com/github/almasb/fxgl/17.2/fxgl-17.2.jar!/fxglassets/ui/css/fxgl_dark.css
17:11:45.170 [FXGL Background Thread 1 ] DEBUG GameApplicationServi - Initializing application scenes
17:11:45.210 [FXGL Background Thread 1 ] DEBUG GameWorld            - Game world initialized
17:11:45.251 [FXGL Background Thread 1 ] DEBUG PhysicsWorld         - Physics world initialized: appHeight=900, physics.ppm=50.0
17:11:45.252 [FXGL Background Thread 1 ] DEBUG PhysicsWorld         - Using strategy: BRUTE_FORCE
17:11:45.254 [FXGL Background Thread 1 ] DEBUG GameScene            - Game scene initialized: 900x900
17:11:45.262 [FXGL Background Thread 1 ] DEBUG FXGL.DefaultMenu     - createMenuBodyGameMenu()
17:11:45.271 [FXGL Background Thread 1 ] DEBUG FXGL.DefaultMenu     - createOptionsMenu()
17:11:45.277 [FXGL Background Thread 1 ] DEBUG FXGLAssetLoaderServi - Loading from file system: jar:file:///C:/Users/Lenovo/.m2/repository/com/github/almasb/fxgl/17.2/fxgl-17.2.jar!/fxglassets/textures/particles/smoke.png
17:11:45.331 [FXGL Background Thread 1 ] DEBUG FXGLAssetLoaderServi - Loading from file system: jar:file:///C:/Users/Lenovo/.m2/repository/com/github/almasb/fxgl/17.2/fxgl-17.2.jar!/fxglassets/textures/particles/trace_horizontal.png
17:11:45.348 [FXGL Background Thread 1 ] DEBUG GameApplicationServi - Application scenes initialized
17:11:45.355 [FXGL Background Thread 1 ] DEBUG SystemBundleService  - Loading FXGL system data
17:11:45.358 [FXGL Background Thread 1 ] DEBUG FileSystemAccess     - Reading from: C:\Users\Lenovo\OneDrive - CUHK-Shenzhen\桌面\javaGame\system\fxgl.bundle
17:11:45.363 [FXGL Background Thread 1 ] DEBUG SystemBundleService  - Bundle FXGL: {}
17:11:45.363 [FXGL Background Thread 1 ] DEBUG UpdaterService       - Checking for updates
17:11:45.365 [FXGL Background Thread 4 ] DEBUG FXGLApplication      - Loading fonts
17:11:45.365 [FXGL Background Thread 1 ] DEBUG FXGLApplication      - Loading default localization
17:11:45.366 [FXGL Background Thread 1 ] DEBUG FXGLAssetLoaderServi - Loading from file system: jar:file:///C:/Users/Lenovo/.m2/repository/com/github/almasb/fxgl/17.2/fxgl-17.2.jar!/fxglassets/languages/english.lang
17:11:45.366 [FXGL Background Thread 4 ] DEBUG FXGLAssetLoaderServi - Loading from file system: jar:file:///C:/Users/Lenovo/.m2/repository/com/github/almasb/fxgl/17.2/fxgl-17.2.jar!/fxglassets/ui/fonts/VarelaRound-Regular.ttf
17:11:45.378 [FXGL Background Thread 1 ] INFO  FXGLApplication      - FXGL initialization took: 0.258 sec
17:11:45.379 [JavaFX Application Thread] DEBUG FXGLAssetLoaderServi - Loading from file system: file:/C:/Users/Lenovo/OneDrive%20-%20CUHK-Shenzhen/桌面/javaGame/target/classes/assets/textures/Escape.png
17:11:45.389 [JavaFX Application Thread] DEBUG FXGLAssetLoaderServi - Loading from file system: jar:file:///C:/Users/Lenovo/.m2/repository/com/github/almasb/fxgl/17.2/fxgl-17.2.jar!/fxglassets/textures/fxgl_default_cursor.png
17:11:45.407 [JavaFX Application Thread] DEBUG Input                - Registered new binding: Screenshot - CTRL+8
17:11:45.408 [JavaFX Application Thread] DEBUG Input                - Registered new binding: System info dump - CTRL+9
17:11:45.408 [JavaFX Application Thread] DEBUG Input                - Registered new binding: Restart - CTRL+R
17:11:45.408 [FXGL Background Thread 4 ] DEBUG FXGLAssetLoaderServi - Loading from file system: jar:file:///C:/Users/Lenovo/.m2/repository/com/github/almasb/fxgl/17.2/fxgl-17.2.jar!/fxglassets/ui/fonts/Abel-Regular.ttf
17:11:45.409 [JavaFX Application Thread] DEBUG Input                - Registered new binding: Toggle Debug Camera - CTRL+7
17:11:45.411 [FXGL Background Thread 4 ] DEBUG FXGLAssetLoaderServi - Loading from file system: jar:file:///C:/Users/Lenovo/.m2/repository/com/github/almasb/fxgl/17.2/fxgl-17.2.jar!/fxglassets/ui/fonts/TerminalLandMono-Regular.otf
17:11:45.412 [JavaFX Application Thread] DEBUG LoopRunner           - Starting loop
17:11:45.412 [JavaFX Application Thread] DEBUG LoopRunner           - Initializing JavaFX AnimationTimerLoop
17:11:45.413 [JavaFX Application Thread] DEBUG GameApplicationServi - Starting new game
17:11:45.413 [JavaFX Application Thread] DEBUG Input                - Clearing active input actions
17:11:45.414 [FXGL Background Thread 4 ] DEBUG FXGLAssetLoaderServi - Loading from file system: jar:file:///C:/Users/Lenovo/.m2/repository/com/github/almasb/fxgl/17.2/fxgl-17.2.jar!/fxglassets/ui/fonts/Courier-Prime.ttf
17:11:45.423 [JavaFX Application Thread] DEBUG GameApplicationServi - Removing overlay from FXGLStartupScene and adding to FXGLLoadingScene
17:11:45.423 [JavaFX Application Thread] DEBUG PrimaryStageWindow   - FXGLStartupScene -> FXGLLoadingScene
17:11:45.423 [JavaFX Application Thread] DEBUG GameApplicationServi - Clearing previous game
17:11:45.423 [JavaFX Application Thread] DEBUG GameScene            - Clearing game scene
17:11:45.423 [JavaFX Application Thread] DEBUG GameWorld            - Clearing game world
17:11:45.424 [JavaFX Application Thread] DEBUG PhysicsWorld         - Clearing physics world
17:11:45.426 [FXGL Background Thread 4 ] DEBUG FXGLApplication      - Initializing game
17:11:45.427 [JavaFX Application Thread] DEBUG FXGLApplication      - Registering font factories with UI factory
17:11:45.438 [FXGL Background Thread 4 ] DEBUG FXGLAssetLoaderServi - Loading from file system: file:/C:/Users/Lenovo/OneDrive%20-%20CUHK-Shenzhen/桌面/javaGame/target/classes/assets/textures/Background.jpg
17:11:45.452 [FXGL Background Thread 4 ] DEBUG FXGLAssetLoaderServi - Loading from file system: file:/C:/Users/Lenovo/OneDrive%20-%20CUHK-Shenzhen/桌面/javaGame/target/classes/assets/textures/ArrowR.png
17:11:45.465 [FXGL Background Thread 4 ] DEBUG FXGLAssetLoaderServi - Loading from file system: file:/C:/Users/Lenovo/OneDrive%20-%20CUHK-Shenzhen/桌面/javaGame/target/classes/assets/textures/Stage1/Stage1%20Door.png
17:11:45.485 [FXGL Background Thread 4 ] DEBUG FXGLAssetLoaderServi - Loading from file system: file:/C:/Users/Lenovo/OneDrive%20-%20CUHK-Shenzhen/桌面/javaGame/target/classes/assets/textures/Stage1/Stage1%20Curtain.png
17:11:45.498 [FXGL Background Thread 4 ] INFO  FXGLApplication      - Game initialization took: 0.072 sec
17:11:45.519 [JavaFX Application Thread] DEBUG Input                - Clearing active input actions
17:11:45.523 [JavaFX Application Thread] DEBUG GameApplicationServi - Removing overlay from FXGLLoadingScene and adding to GameScene
17:11:45.524 [JavaFX Application Thread] DEBUG PrimaryStageWindow   - FXGLLoadingScene -> GameScene
17:11:45.994 [JavaFX Application Thread] DEBUG FXGLAssetLoaderServi - Loading from file system: file:/C:/Users/Lenovo/OneDrive%20-%20CUHK-Shenzhen/桌面/javaGame/target/classes/assets/textures/Stage2/Stage2%20Chair.png
17:11:46.003 [JavaFX Application Thread] DEBUG FXGLAssetLoaderServi - Loading from file system: file:/C:/Users/Lenovo/OneDrive%20-%20CUHK-Shenzhen/桌面/javaGame/target/classes/assets/textures/Stage2/Stage2%20Clock.png
17:11:46.007 [JavaFX Application Thread] DEBUG FXGLAssetLoaderServi - Loading from file system: file:/C:/Users/Lenovo/OneDrive%20-%20CUHK-Shenzhen/桌面/javaGame/target/classes/assets/textures/Stage2/Stage2%20Drawer.png
17:11:46.127 [FXGL Background Thread 2 ] INFO  UpdaterService       - Your current version:  17.2
17:11:46.127 [FXGL Background Thread 2 ] INFO  UpdaterService       - Latest stable version: 17.3
17:11:46.457 [JavaFX Application Thread] DEBUG FXGLAssetLoaderServi - Loading from file system: file:/C:/Users/Lenovo/OneDrive%20-%20CUHK-Shenzhen/桌面/javaGame/target/classes/assets/textures/Stage2/Drawer%20Click.jpg
17:11:46.466 [JavaFX Application Thread] DEBUG FXGLAssetLoaderServi - Loading from file system: file:/C:/Users/Lenovo/OneDrive%20-%20CUHK-Shenzhen/桌面/javaGame/target/classes/assets/textures/Stage2/D1.png
17:11:46.468 [JavaFX Application Thread] DEBUG FXGLAssetLoaderServi - Loading from file system: file:/C:/Users/Lenovo/OneDrive%20-%20CUHK-Shenzhen/桌面/javaGame/target/classes/assets/textures/Stage2/D2.png
17:11:46.471 [JavaFX Application Thread] DEBUG FXGLAssetLoaderServi - Loading from file system: file:/C:/Users/Lenovo/OneDrive%20-%20CUHK-Shenzhen/桌面/javaGame/target/classes/assets/textures/Stage2/D3.png
17:11:46.473 [JavaFX Application Thread] DEBUG FXGLAssetLoaderServi - Loading from file system: file:/C:/Users/Lenovo/OneDrive%20-%20CUHK-Shenzhen/桌面/javaGame/target/classes/assets/textures/Stage2/D4.png
17:11:46.475 [JavaFX Application Thread] DEBUG FXGLAssetLoaderServi - Loading from file system: file:/C:/Users/Lenovo/OneDrive%20-%20CUHK-Shenzhen/桌面/javaGame/target/classes/assets/textures/ArrowD.png
17:11:46.862 [JavaFX Application Thread] DEBUG PrimaryStageWindow   - Push state: DialogSubScene
17:11:46.862 [JavaFX Application Thread] DEBUG Input                - Clearing active input actions
17:11:46.871 [JavaFX Application Thread] DEBUG GameApplicationServi - Removing overlay from GameScene and adding to DialogSubScene
17:11:46.871 [JavaFX Application Thread] DEBUG PrimaryStageWindow   - GameScene -> DialogSubScene
17:11:47.454 [JavaFX Application Thread] DEBUG PrimaryStageWindow   - Pop state: DialogSubScene
17:11:47.454 [JavaFX Application Thread] DEBUG Input                - Clearing active input actions
17:11:47.455 [JavaFX Application Thread] DEBUG GameApplicationServi - Removing overlay from DialogSubScene and adding to GameScene
17:11:47.455 [JavaFX Application Thread] DEBUG PrimaryStageWindow   - GameScene <- DialogSubScene
17:11:48.365 [FXGL Background Thread 3 ] DEBUG Engine               - Logging environment variables
17:11:48.365 [FXGL Background Thread 3 ] DEBUG Engine               - achievements: []
17:11:48.365 [FXGL Background Thread 3 ] DEBUG Engine               - actualHeight: 900.0
17:11:48.365 [FXGL Background Thread 3 ] DEBUG Engine               - actualHeightProperty: ReadOnlyDoubleProperty [value: 900.0]
17:11:48.365 [FXGL Background Thread 3 ] DEBUG Engine               - actualWidth: 900.0
17:11:48.365 [FXGL Background Thread 3 ] DEBUG Engine               - actualWidthProperty: ReadOnlyDoubleProperty [value: 900.0]
17:11:48.366 [FXGL Background Thread 3 ] DEBUG Engine               - appIcon: Escape.png
17:11:48.366 [FXGL Background Thread 3 ] DEBUG Engine               - applicationMode: DEVELOPER
17:11:48.366 [FXGL Background Thread 3 ] DEBUG Engine               - cSSList: [fxgl_dark.css]
17:11:48.366 [FXGL Background Thread 3 ] DEBUG Engine               - collisionDetectionStrategy: BRUTE_FORCE
17:11:48.366 [FXGL Background Thread 3 ] DEBUG Engine               - configClass: Optional.empty
17:11:48.366 [FXGL Background Thread 3 ] DEBUG Engine               - credits: []
17:11:48.368 [FXGL Background Thread 3 ] DEBUG Engine               - defaultCursor: CursorInfo(imageName=fxgl_default_cursor.png, hotspotX=7.0, hotspotY=6.0)
17:11:48.368 [FXGL Background Thread 3 ] DEBUG Engine               - devBBoxColorProperty: ObjectProperty [value: 0xff0000ff]
17:11:48.368 [FXGL Background Thread 3 ] DEBUG Engine               - devEnableDebugCameraProperty: BooleanProperty [value: false]
17:11:48.368 [FXGL Background Thread 3 ] DEBUG Engine               - devSensorColorProperty: ObjectProperty [value: 0xffff00ff]
17:11:48.368 [FXGL Background Thread 3 ] DEBUG Engine               - devShowBBoxProperty: BooleanProperty [value: false]
17:11:48.368 [FXGL Background Thread 3 ] DEBUG Engine               - devShowPositionProperty: BooleanProperty [value: false]
17:11:48.368 [FXGL Background Thread 3 ] DEBUG Engine               - enabledMenuItems: []
17:11:48.368 [FXGL Background Thread 3 ] DEBUG Engine               - engineServices: [class com.almasb.fxgl.app.services.FXGLAssetLoaderService, class com.almasb.fxgl.app.FXGLApplication$GameApplicationService, class com.almasb.fxgl.app.services.FXGLDialogService, class com.almasb.fxgl.app.services.IOTaskExecutorService, class com.almasb.fxgl.io.FileSystemService, class com.almasb.fxgl.localization.LocalizationService, class com.almasb.fxgl.app.services.SystemBundleService, class com.almasb.fxgl.profile.SaveLoadService, class com.almasb.fxgl.ui.FXGLUIFactoryServiceProvider, class com.almasb.fxgl.ui.FXGLDialogFactoryServiceProvider, class com.almasb.fxgl.audio.AudioPlayer, class com.almasb.fxgl.notification.impl.NotificationServiceProvider, class com.almasb.fxgl.achievement.AchievementService, class com.almasb.fxgl.cutscene.CutsceneService, class com.almasb.fxgl.minigames.MiniGameService, class com.almasb.fxgl.net.NetService, class com.almasb.fxgl.app.services.UpdaterService, class com.almasb.fxgl.dev.DevService]
17:11:48.368 [FXGL Background Thread 3 ] DEBUG Engine               - fontGame: Abel-Regular.ttf
17:11:48.368 [FXGL Background Thread 3 ] DEBUG Engine               - fontMono: TerminalLandMono-Regular.otf
17:11:48.368 [FXGL Background Thread 3 ] DEBUG Engine               - fontText: Courier-Prime.ttf
17:11:48.368 [FXGL Background Thread 3 ] DEBUG Engine               - fontUI: VarelaRound-Regular.ttf
17:11:48.368 [FXGL Background Thread 3 ] DEBUG Engine               - fullScreen: BooleanProperty [value: false]
17:11:48.368 [FXGL Background Thread 3 ] DEBUG Engine               - gameDifficulty: MEDIUM
17:11:48.368 [FXGL Background Thread 3 ] DEBUG Engine               - gameDifficultyProperty: ObjectProperty [value: MEDIUM]
17:11:48.368 [FXGL Background Thread 3 ] DEBUG Engine               - globalMusicVolume: 0.5
17:11:48.368 [FXGL Background Thread 3 ] DEBUG Engine               - globalMusicVolumeProperty: DoubleProperty [value: 0.5]
17:11:48.369 [FXGL Background Thread 3 ] DEBUG Engine               - globalSoundVolume: 0.5
17:11:48.369 [FXGL Background Thread 3 ] DEBUG Engine               - globalSoundVolumeProperty: DoubleProperty [value: 0.5]
17:11:48.369 [FXGL Background Thread 3 ] DEBUG Engine               - height: 900
17:11:48.369 [FXGL Background Thread 3 ] DEBUG Engine               - is3D: false
17:11:48.369 [FXGL Background Thread 3 ] DEBUG Engine               - isAndroid: false
17:11:48.369 [FXGL Background Thread 3 ] DEBUG Engine               - isBrowser: false
17:11:48.369 [FXGL Background Thread 3 ] DEBUG Engine               - isClickFeedbackEnabled: false
17:11:48.369 [FXGL Background Thread 3 ] DEBUG Engine               - isCloseConfirmation: false
17:11:48.369 [FXGL Background Thread 3 ] DEBUG Engine               - isDesktop: true
17:11:48.369 [FXGL Background Thread 3 ] DEBUG Engine               - isDeveloperMenuEnabled: false
17:11:48.369 [FXGL Background Thread 3 ] DEBUG Engine               - isEmbedded: false
17:11:48.369 [FXGL Background Thread 3 ] DEBUG Engine               - isEntityPreloadEnabled: true
17:11:48.369 [FXGL Background Thread 3 ] DEBUG Engine               - isExperimentalTiledLargeMap: false
17:11:48.369 [FXGL Background Thread 3 ] DEBUG Engine               - isFileSystemWriteAllowed: true
17:11:48.369 [FXGL Background Thread 3 ] DEBUG Engine               - isFullScreenAllowed: false
17:11:48.369 [FXGL Background Thread 3 ] DEBUG Engine               - isFullScreenFromStart: false
17:11:48.369 [FXGL Background Thread 3 ] DEBUG Engine               - isGameMenuEnabled: true
17:11:48.369 [FXGL Background Thread 3 ] DEBUG Engine               - isIOS: false
17:11:48.369 [FXGL Background Thread 3 ] DEBUG Engine               - isIntroEnabled: false
17:11:48.369 [FXGL Background Thread 3 ] DEBUG Engine               - isLinux: false
17:11:48.369 [FXGL Background Thread 3 ] DEBUG Engine               - isMac: false
17:11:48.369 [FXGL Background Thread 3 ] DEBUG Engine               - isMainMenuEnabled: false
17:11:48.369 [FXGL Background Thread 3 ] DEBUG Engine               - isManualResizeEnabled: false
17:11:48.369 [FXGL Background Thread 3 ] DEBUG Engine               - isMobile: false
17:11:48.369 [FXGL Background Thread 3 ] DEBUG Engine               - isNative: false
17:11:48.369 [FXGL Background Thread 3 ] DEBUG Engine               - isPauseMusicWhenMinimized: true
17:11:48.369 [FXGL Background Thread 3 ] DEBUG Engine               - isPreserveResizeRatio: false
17:11:48.370 [FXGL Background Thread 3 ] DEBUG Engine               - isProfilingEnabled: false
17:11:48.370 [FXGL Background Thread 3 ] DEBUG Engine               - isScaleAffectedOnResize: true
17:11:48.370 [FXGL Background Thread 3 ] DEBUG Engine               - isSingleStep: false
17:11:48.370 [FXGL Background Thread 3 ] DEBUG Engine               - isUserProfileEnabled: false
17:11:48.370 [FXGL Background Thread 3 ] DEBUG Engine               - isWindows: true
17:11:48.370 [FXGL Background Thread 3 ] DEBUG Engine               - language: ObjectProperty [value: ENGLISH]
17:11:48.370 [FXGL Background Thread 3 ] DEBUG Engine               - menuKey: ESCAPE
17:11:48.370 [FXGL Background Thread 3 ] DEBUG Engine               - mouseSensitivity: 0.2
17:11:48.370 [FXGL Background Thread 3 ] DEBUG Engine               - notificationViewClass: class com.almasb.fxgl.notification.view.XboxNotificationView
17:11:48.370 [FXGL Background Thread 3 ] DEBUG Engine               - pixelsPerMeter: 50.0
17:11:48.370 [FXGL Background Thread 3 ] DEBUG Engine               - platform: WINDOWS
17:11:48.370 [FXGL Background Thread 3 ] DEBUG Engine               - prefHeightProperty: ReadOnlyDoubleProperty [value: 900.0]
17:11:48.370 [FXGL Background Thread 3 ] DEBUG Engine               - prefWidthProperty: ReadOnlyDoubleProperty [value: 900.0]
17:11:48.370 [FXGL Background Thread 3 ] DEBUG Engine               - profileDir: profiles/
17:11:48.370 [FXGL Background Thread 3 ] DEBUG Engine               - profileName: StringProperty [value: DEFAULT]
17:11:48.370 [FXGL Background Thread 3 ] DEBUG Engine               - randomSeed: -1
17:11:48.370 [FXGL Background Thread 3 ] DEBUG Engine               - runtimeInfo: RuntimeInfo(platform=WINDOWS, version=17.2, build=20.08.2022 16.50)
17:11:48.370 [FXGL Background Thread 3 ] DEBUG Engine               - saveFileExt: sav
17:11:48.370 [FXGL Background Thread 3 ] DEBUG Engine               - scaledHeightProp$fxgl: DoubleProperty [bound, value: 900.0]
17:11:48.370 [FXGL Background Thread 3 ] DEBUG Engine               - scaledWidthProp$fxgl: DoubleProperty [bound, value: 900.0]
17:11:48.370 [FXGL Background Thread 3 ] DEBUG Engine               - sceneFactory: com.almasb.fxgl.app.scene.SceneFactory@78241487
17:11:48.370 [FXGL Background Thread 3 ] DEBUG Engine               - secondsIn24h: 60
17:11:48.370 [FXGL Background Thread 3 ] DEBUG Engine               - soundMenuBack: menu/back.wav
17:11:48.370 [FXGL Background Thread 3 ] DEBUG Engine               - soundMenuPress: menu/press.wav
17:11:48.370 [FXGL Background Thread 3 ] DEBUG Engine               - soundMenuSelect: menu/select.wav
17:11:48.370 [FXGL Background Thread 3 ] DEBUG Engine               - soundNotification: core/notification.wav
17:11:48.370 [FXGL Background Thread 3 ] DEBUG Engine               - stageStyle: DECORATED
17:11:48.370 [FXGL Background Thread 3 ] DEBUG Engine               - supportedLanguages: [ENGLISH, FRENCH, GERMAN, HUNGARIAN, RUSSIAN]
17:11:48.370 [FXGL Background Thread 3 ] DEBUG Engine               - ticksPerSecond: -1
17:11:48.370 [FXGL Background Thread 3 ] DEBUG Engine               - title: Escape
17:11:48.370 [FXGL Background Thread 3 ] DEBUG Engine               - urlGithub: https://github.com/AlmasB/FXGL
17:11:48.371 [FXGL Background Thread 3 ] DEBUG Engine               - urlLeaderboard: http://fxgl-top.herokuapp.com/
17:11:48.371 [FXGL Background Thread 3 ] DEBUG Engine               - urlPOM: https://raw.githubusercontent.com/AlmasB/FXGL/release/README.md
17:11:48.371 [FXGL Background Thread 3 ] DEBUG Engine               - userAppClass: class com.Moonhalf.EscapeApp
17:11:48.371 [FXGL Background Thread 3 ] DEBUG Engine               - version: 0.1
17:11:48.371 [FXGL Background Thread 3 ] DEBUG Engine               - versionCheckDays: 7
17:11:48.371 [FXGL Background Thread 3 ] DEBUG Engine               - width: 900
17:11:48.371 [FXGL Background Thread 3 ] DEBUG Engine               - Logging services
17:11:48.371 [FXGL Background Thread 3 ] DEBUG Engine               - class com.almasb.fxgl.app.services.FXGLAssetLoaderService
17:11:48.371 [FXGL Background Thread 3 ] DEBUG Engine               - class com.almasb.fxgl.app.FXGLApplication$GameApplicationService
17:11:48.371 [FXGL Background Thread 3 ] DEBUG Engine               - class com.almasb.fxgl.app.services.FXGLDialogService
17:11:48.371 [FXGL Background Thread 3 ] DEBUG Engine               - class com.almasb.fxgl.app.services.IOTaskExecutorService
17:11:48.371 [FXGL Background Thread 3 ] DEBUG Engine               - class com.almasb.fxgl.io.FileSystemService
17:11:48.371 [FXGL Background Thread 3 ] DEBUG Engine               - class com.almasb.fxgl.localization.LocalizationService
17:11:48.371 [FXGL Background Thread 3 ] DEBUG Engine               - class com.almasb.fxgl.app.services.SystemBundleService
17:11:48.371 [FXGL Background Thread 3 ] DEBUG Engine               - class com.almasb.fxgl.profile.SaveLoadService
17:11:48.371 [FXGL Background Thread 3 ] DEBUG Engine               - class com.almasb.fxgl.ui.FXGLUIFactoryServiceProvider
17:11:48.371 [FXGL Background Thread 3 ] DEBUG Engine               - class com.almasb.fxgl.ui.FXGLDialogFactoryServiceProvider
17:11:48.371 [FXGL Background Thread 3 ] DEBUG Engine               - class com.almasb.fxgl.audio.AudioPlayer
17:11:48.371 [FXGL Background Thread 3 ] DEBUG Engine               - class com.almasb.fxgl.notification.impl.NotificationServiceProvider
17:11:48.371 [FXGL Background Thread 3 ] DEBUG Engine               - class com.almasb.fxgl.achievement.AchievementService
17:11:48.371 [FXGL Background Thread 3 ] DEBUG Engine               - class com.almasb.fxgl.cutscene.CutsceneService
17:11:48.371 [FXGL Background Thread 3 ] DEBUG Engine               - class com.almasb.fxgl.minigames.MiniGameService
17:11:48.371 [FXGL Background Thread 3 ] DEBUG Engine               - class com.almasb.fxgl.net.NetService
17:11:48.371 [FXGL Background Thread 3 ] DEBUG Engine               - class com.almasb.fxgl.app.services.UpdaterService
17:11:48.371 [FXGL Background Thread 3 ] DEBUG Engine               - class com.almasb.fxgl.dev.DevService
17:11:48.581 [JavaFX Application Thread] DEBUG FXGLAssetLoaderServi - Loading from file system: file:/C:/Users/Lenovo/OneDrive%20-%20CUHK-Shenzhen/桌面/javaGame/target/classes/assets/textures/Stage3/Stage3%20Mirror.png
17:11:48.588 [JavaFX Application Thread] DEBUG FXGLAssetLoaderServi - Loading from file system: file:/C:/Users/Lenovo/OneDrive%20-%20CUHK-Shenzhen/桌面/javaGame/target/classes/assets/textures/Stage3/Stage3%20Tap.png
17:11:48.593 [JavaFX Application Thread] DEBUG FXGLAssetLoaderServi - Loading from file system: file:/C:/Users/Lenovo/OneDrive%20-%20CUHK-Shenzhen/桌面/javaGame/target/classes/assets/textures/Stage3/guahua.png
17:11:48.601 [JavaFX Application Thread] DEBUG FXGLAssetLoaderServi - Loading from file system: file:/C:/Users/Lenovo/OneDrive%20-%20CUHK-Shenzhen/桌面/javaGame/target/classes/assets/textures/Stage3/guizi.png
17:11:48.611 [JavaFX Application Thread] DEBUG FXGLAssetLoaderServi - Loading from file system: file:/C:/Users/Lenovo/OneDrive%20-%20CUHK-Shenzhen/桌面/javaGame/target/classes/assets/textures/Stage3/yugang.png
17:11:49.054 [JavaFX Application Thread] DEBUG FXGLAssetLoaderServi - Loading from file system: file:/C:/Users/Lenovo/OneDrive%20-%20CUHK-Shenzhen/桌面/javaGame/target/classes/assets/textures/Stage3/guahuac1.png
17:11:49.356 [JavaFX Application Thread] DEBUG FXGLAssetLoaderServi - Loading from file system: file:/C:/Users/Lenovo/OneDrive%20-%20CUHK-Shenzhen/桌面/javaGame/target/classes/assets/textures/Stage3/guahuac2.png
17:11:49.369 [JavaFX Application Thread] DEBUG FXGLAssetLoaderServi - Loading from file system: file:/C:/Users/Lenovo/OneDrive%20-%20CUHK-Shenzhen/桌面/javaGame/target/classes/assets/textures/Stage1/DY.png
17:11:49.397 [JavaFX Application Thread] DEBUG FXGLAssetLoaderServi - Loading from file system: file:/C:/Users/Lenovo/OneDrive%20-%20CUHK-Shenzhen/桌面/javaGame/target/classes/assets/textures/Stage1/DG.png
17:11:49.408 [JavaFX Application Thread] DEBUG FXGLAssetLoaderServi - Loading from file system: file:/C:/Users/Lenovo/OneDrive%20-%20CUHK-Shenzhen/桌面/javaGame/target/classes/assets/textures/Stage1/DR.png
17:11:52.592 [JavaFX Application Thread] DEBUG PrimaryStageWindow   - Push state: DialogSubScene
17:11:52.592 [JavaFX Application Thread] DEBUG Input                - Clearing active input actions
17:11:52.592 [JavaFX Application Thread] DEBUG GameApplicationServi - Removing overlay from GameScene and adding to DialogSubScene
17:11:52.592 [JavaFX Application Thread] DEBUG PrimaryStageWindow   - GameScene -> DialogSubScene
17:11:53.054 [JavaFX Application Thread] DEBUG PrimaryStageWindow   - Pop state: DialogSubScene
17:11:53.054 [JavaFX Application Thread] DEBUG Input                - Clearing active input actions
17:11:53.055 [JavaFX Application Thread] DEBUG GameApplicationServi - Removing overlay from DialogSubScene and adding to GameScene
17:11:53.055 [JavaFX Application Thread] DEBUG PrimaryStageWindow   - GameScene <- DialogSubScene
17:11:53.668 [JavaFX Application Thread] DEBUG PrimaryStageWindow   - Push state: DialogSubScene
17:11:53.668 [JavaFX Application Thread] DEBUG Input                - Clearing active input actions
17:11:53.669 [JavaFX Application Thread] DEBUG GameApplicationServi - Removing overlay from GameScene and adding to DialogSubScene
17:11:53.669 [JavaFX Application Thread] DEBUG PrimaryStageWindow   - GameScene -> DialogSubScene
17:11:54.349 [JavaFX Application Thread] DEBUG PrimaryStageWindow   - Pop state: DialogSubScene
17:11:54.349 [JavaFX Application Thread] DEBUG Input                - Clearing active input actions
17:11:54.349 [JavaFX Application Thread] DEBUG GameApplicationServi - Removing overlay from DialogSubScene and adding to GameScene
17:11:54.349 [JavaFX Application Thread] DEBUG PrimaryStageWindow   - GameScene <- DialogSubScene
17:11:55.578 [JavaFX Application Thread] DEBUG PrimaryStageWindow   - Push state: DialogSubScene
17:11:55.578 [JavaFX Application Thread] DEBUG Input                - Clearing active input actions
17:11:55.579 [JavaFX Application Thread] DEBUG GameApplicationServi - Removing overlay from GameScene and adding to DialogSubScene
17:11:55.579 [JavaFX Application Thread] DEBUG PrimaryStageWindow   - GameScene -> DialogSubScene
17:11:56.340 [JavaFX Application Thread] DEBUG PrimaryStageWindow   - Pop state: DialogSubScene
17:11:56.340 [JavaFX Application Thread] DEBUG Input                - Clearing active input actions
17:11:56.340 [JavaFX Application Thread] DEBUG GameApplicationServi - Removing overlay from DialogSubScene and adding to GameScene
17:11:56.341 [JavaFX Application Thread] DEBUG PrimaryStageWindow   - GameScene <- DialogSubScene
17:11:59.154 [JavaFX Application Thread] DEBUG FXGLApplication      - Exiting FXGL
17:11:59.154 [JavaFX Application Thread] DEBUG LoopRunner           - Stopping loop
17:11:59.154 [JavaFX Application Thread] DEBUG SystemBundleService  - Saving FXGL system data
17:11:59.156 [JavaFX Application Thread] DEBUG FileSystemAccess     - Writing to: C:\Users\Lenovo\OneDrive - CUHK-Shenzhen\桌面\javaGame\system\fxgl.bundle
17:11:59.158 [JavaFX Application Thread] DEBUG Async                - Shutting down background threads
17:11:59.158 [JavaFX Application Thread] DEBUG PrimaryStageWindow   - Closing main window
17:11:59.190 [JavaFX Application Thread] DEBUG Logger               - Closing Logger
