16:46:03.963 [main                     ] DEBUG Logger               - Configured Logger
16:46:03.985 [main                     ] DEBUG GameApplication      - Logging settings
Title: Escape
Version: 0.1
Width: 900
Height: 900
Fullscreen: false
Intro: false
Profiling: false
Single step:false
App Mode: DEVELOPER
Menu Key: ESCAPE
Stage Style: DECORATED
Scene Factory: class com.almasb.fxgl.app.scene.SceneFactory

16:46:04.240 [JavaFX Application Thread] DEBUG FXGLApplication      - Initializing FXGL
16:46:04.244 [JavaFX Application Thread] INFO  Engine               - FXGL-17.2 (20.08.2022 16.50) on WINDOWS (J:17.0.5 FX:18)
16:46:04.244 [JavaFX Application Thread] DEBUG Engine               - JRE Vendor Name: Oracle Corporation
16:46:04.244 [JavaFX Application Thread] DEBUG Engine               - Running on OS: Windows 11 version 10.0
16:46:04.244 [JavaFX Application Thread] DEBUG Engine               - Architecture: amd64
16:46:04.244 [JavaFX Application Thread] INFO  Engine               - Source code and latest versions at: https://github.com/AlmasB/FXGL
16:46:04.244 [JavaFX Application Thread] INFO  Engine               -       Ask questions and discuss at: https://github.com/AlmasB/FXGL/discussions
16:46:04.244 [JavaFX Application Thread] INFO  Engine               -              Join the FXGL chat at: https://gitter.im/AlmasB/FXGL
16:46:04.292 [JavaFX Application Thread] DEBUG PrimaryStageWindow   - Creating a JavaFX scene
16:46:04.315 [JavaFX Application Thread] DEBUG PrimaryStageWindow   - Target settings size: 900.0 x 900.0
16:46:04.315 [JavaFX Application Thread] DEBUG PrimaryStageWindow   - Scaled scene size:    900.0 x 900.0
16:46:04.315 [JavaFX Application Thread] DEBUG PrimaryStageWindow   - Scaled ratio: (1.0, 1.0)
16:46:04.316 [JavaFX Application Thread] DEBUG PrimaryStageWindow   - Set initial scene to FXGLStartupScene
16:46:04.319 [JavaFX Application Thread] DEBUG PrimaryStageWindow   - Opening main window
16:46:04.372 [JavaFX Application Thread] DEBUG PrimaryStageWindow   - Window border size: (14.66668701171875, 37.33331298828125)
16:46:04.372 [JavaFX Application Thread] DEBUG PrimaryStageWindow   - Scaled size: 900.0 x 900.0
16:46:04.372 [JavaFX Application Thread] DEBUG PrimaryStageWindow   - Scaled ratio: (1.0, 1.0)
16:46:04.372 [JavaFX Application Thread] DEBUG PrimaryStageWindow   - Scene size: 900.0 x 900.0
16:46:04.373 [JavaFX Application Thread] DEBUG PrimaryStageWindow   - Stage size: 914.6666870117188 x 937.3333129882812
16:46:04.377 [FXGL Background Thread 1 ] DEBUG Engine               - Initializing environment variables
16:46:04.398 [FXGL Background Thread 1 ] DEBUG FXGLAssetLoaderServi - User app class for loading assets: class com.Moonhalf.EscapeApp
16:46:04.398 [FXGL Background Thread 1 ] DEBUG GameApplicationServi - Applying CSS: fxgl_dark.css
16:46:04.399 [FXGL Background Thread 1 ] DEBUG FXGLAssetLoaderServi - Loading from file system: jar:file:///C:/Users/Lenovo/.m2/repository/com/github/almasb/fxgl/17.2/fxgl-17.2.jar!/fxglassets/ui/css/fxgl_dark.css
16:46:04.428 [FXGL Background Thread 1 ] DEBUG GameApplicationServi - Initializing application scenes
16:46:04.467 [FXGL Background Thread 1 ] DEBUG GameWorld            - Game world initialized
16:46:04.503 [FXGL Background Thread 1 ] DEBUG PhysicsWorld         - Physics world initialized: appHeight=900, physics.ppm=50.0
16:46:04.503 [FXGL Background Thread 1 ] DEBUG PhysicsWorld         - Using strategy: BRUTE_FORCE
16:46:04.506 [FXGL Background Thread 1 ] DEBUG GameScene            - Game scene initialized: 900x900
16:46:04.517 [FXGL Background Thread 1 ] DEBUG FXGL.DefaultMenu     - createMenuBodyGameMenu()
16:46:04.525 [FXGL Background Thread 1 ] DEBUG FXGL.DefaultMenu     - createOptionsMenu()
16:46:04.531 [FXGL Background Thread 1 ] DEBUG FXGLAssetLoaderServi - Loading from file system: jar:file:///C:/Users/Lenovo/.m2/repository/com/github/almasb/fxgl/17.2/fxgl-17.2.jar!/fxglassets/textures/particles/smoke.png
16:46:04.592 [FXGL Background Thread 1 ] DEBUG FXGLAssetLoaderServi - Loading from file system: jar:file:///C:/Users/Lenovo/.m2/repository/com/github/almasb/fxgl/17.2/fxgl-17.2.jar!/fxglassets/textures/particles/trace_horizontal.png
16:46:04.609 [FXGL Background Thread 1 ] DEBUG GameApplicationServi - Application scenes initialized
16:46:04.619 [FXGL Background Thread 1 ] DEBUG SystemBundleService  - Loading FXGL system data
16:46:04.622 [FXGL Background Thread 1 ] DEBUG FileSystemAccess     - Reading from: C:\Users\Lenovo\OneDrive - CUHK-Shenzhen\桌面\javaGame\system\fxgl.bundle
16:46:04.626 [FXGL Background Thread 1 ] DEBUG SystemBundleService  - Bundle FXGL: {}
16:46:04.626 [FXGL Background Thread 1 ] DEBUG UpdaterService       - Checking for updates
16:46:04.628 [FXGL Background Thread 4 ] DEBUG FXGLApplication      - Loading fonts
16:46:04.628 [FXGL Background Thread 1 ] DEBUG FXGLApplication      - Loading default localization
16:46:04.629 [FXGL Background Thread 4 ] DEBUG FXGLAssetLoaderServi - Loading from file system: jar:file:///C:/Users/Lenovo/.m2/repository/com/github/almasb/fxgl/17.2/fxgl-17.2.jar!/fxglassets/ui/fonts/VarelaRound-Regular.ttf
16:46:04.629 [FXGL Background Thread 1 ] DEBUG FXGLAssetLoaderServi - Loading from file system: jar:file:///C:/Users/Lenovo/.m2/repository/com/github/almasb/fxgl/17.2/fxgl-17.2.jar!/fxglassets/languages/english.lang
16:46:04.640 [FXGL Background Thread 1 ] INFO  FXGLApplication      - FXGL initialization took: 0.263 sec
16:46:04.641 [JavaFX Application Thread] DEBUG FXGLAssetLoaderServi - Loading from file system: file:/C:/Users/Lenovo/OneDrive%20-%20CUHK-Shenzhen/桌面/javaGame/target/classes/assets/textures/Escape.png
16:46:04.651 [JavaFX Application Thread] DEBUG FXGLAssetLoaderServi - Loading from file system: jar:file:///C:/Users/Lenovo/.m2/repository/com/github/almasb/fxgl/17.2/fxgl-17.2.jar!/fxglassets/textures/fxgl_default_cursor.png
16:46:04.670 [JavaFX Application Thread] DEBUG Input                - Registered new binding: Screenshot - CTRL+8
16:46:04.671 [JavaFX Application Thread] DEBUG Input                - Registered new binding: System info dump - CTRL+9
16:46:04.672 [JavaFX Application Thread] DEBUG Input                - Registered new binding: Restart - CTRL+R
16:46:04.673 [FXGL Background Thread 4 ] DEBUG FXGLAssetLoaderServi - Loading from file system: jar:file:///C:/Users/Lenovo/.m2/repository/com/github/almasb/fxgl/17.2/fxgl-17.2.jar!/fxglassets/ui/fonts/Abel-Regular.ttf
16:46:04.673 [JavaFX Application Thread] DEBUG Input                - Registered new binding: Toggle Debug Camera - CTRL+7
16:46:04.674 [FXGL Background Thread 4 ] DEBUG FXGLAssetLoaderServi - Loading from file system: jar:file:///C:/Users/Lenovo/.m2/repository/com/github/almasb/fxgl/17.2/fxgl-17.2.jar!/fxglassets/ui/fonts/TerminalLandMono-Regular.otf
16:46:04.676 [FXGL Background Thread 4 ] DEBUG FXGLAssetLoaderServi - Loading from file system: jar:file:///C:/Users/Lenovo/.m2/repository/com/github/almasb/fxgl/17.2/fxgl-17.2.jar!/fxglassets/ui/fonts/Courier-Prime.ttf
16:46:04.677 [JavaFX Application Thread] DEBUG LoopRunner           - Starting loop
16:46:04.677 [JavaFX Application Thread] DEBUG LoopRunner           - Initializing JavaFX AnimationTimerLoop
16:46:04.679 [JavaFX Application Thread] DEBUG GameApplicationServi - Starting new game
16:46:04.680 [JavaFX Application Thread] DEBUG Input                - Clearing active input actions
16:46:04.688 [JavaFX Application Thread] DEBUG GameApplicationServi - Removing overlay from FXGLStartupScene and adding to FXGLLoadingScene
16:46:04.689 [JavaFX Application Thread] DEBUG PrimaryStageWindow   - FXGLStartupScene -> FXGLLoadingScene
16:46:04.689 [JavaFX Application Thread] DEBUG GameApplicationServi - Clearing previous game
16:46:04.689 [JavaFX Application Thread] DEBUG GameScene            - Clearing game scene
16:46:04.689 [JavaFX Application Thread] DEBUG GameWorld            - Clearing game world
16:46:04.689 [JavaFX Application Thread] DEBUG PhysicsWorld         - Clearing physics world
16:46:04.692 [FXGL Background Thread 4 ] DEBUG FXGLApplication      - Initializing game
16:46:04.692 [JavaFX Application Thread] DEBUG FXGLApplication      - Registering font factories with UI factory
16:46:04.714 [FXGL Background Thread 4 ] DEBUG FXGLAssetLoaderServi - Loading from file system: file:/C:/Users/Lenovo/OneDrive%20-%20CUHK-Shenzhen/桌面/javaGame/target/classes/assets/textures/Background.jpg
16:46:04.732 [FXGL Background Thread 4 ] DEBUG FXGLAssetLoaderServi - Loading from file system: file:/C:/Users/Lenovo/OneDrive%20-%20CUHK-Shenzhen/桌面/javaGame/target/classes/assets/textures/ArrowR.png
16:46:04.745 [FXGL Background Thread 4 ] DEBUG FXGLAssetLoaderServi - Loading from file system: file:/C:/Users/Lenovo/OneDrive%20-%20CUHK-Shenzhen/桌面/javaGame/target/classes/assets/textures/Stage1/Stage1%20Door.png
16:46:04.781 [FXGL Background Thread 4 ] DEBUG FXGLAssetLoaderServi - Loading from file system: file:/C:/Users/Lenovo/OneDrive%20-%20CUHK-Shenzhen/桌面/javaGame/target/classes/assets/textures/Stage1/Stage1%20Curtain.png
16:46:04.815 [FXGL Background Thread 4 ] INFO  FXGLApplication      - Game initialization took: 0.123 sec
16:46:04.815 [JavaFX Application Thread] DEBUG Input                - Clearing active input actions
16:46:04.824 [JavaFX Application Thread] DEBUG GameApplicationServi - Removing overlay from FXGLLoadingScene and adding to GameScene
16:46:04.824 [JavaFX Application Thread] DEBUG PrimaryStageWindow   - FXGLLoadingScene -> GameScene
16:46:05.112 [FXGL Background Thread 2 ] INFO  UpdaterService       - Your current version:  17.2
16:46:05.113 [FXGL Background Thread 2 ] INFO  UpdaterService       - Latest stable version: 17.3
16:46:05.231 [JavaFX Application Thread] DEBUG FXGLAssetLoaderServi - Loading from file system: file:/C:/Users/Lenovo/OneDrive%20-%20CUHK-Shenzhen/桌面/javaGame/target/classes/assets/textures/Stage2/Stage2%20Chair.png
16:46:05.239 [JavaFX Application Thread] DEBUG FXGLAssetLoaderServi - Loading from file system: file:/C:/Users/Lenovo/OneDrive%20-%20CUHK-Shenzhen/桌面/javaGame/target/classes/assets/textures/Stage2/Stage2%20Clock.png
16:46:05.243 [JavaFX Application Thread] DEBUG FXGLAssetLoaderServi - Loading from file system: file:/C:/Users/Lenovo/OneDrive%20-%20CUHK-Shenzhen/桌面/javaGame/target/classes/assets/textures/Stage2/Stage2%20Drawer.png
16:46:06.051 [JavaFX Application Thread] DEBUG FXGLAssetLoaderServi - Loading from file system: file:/C:/Users/Lenovo/OneDrive%20-%20CUHK-Shenzhen/桌面/javaGame/target/classes/assets/textures/Stage3/Stage3%20Mirror.png
16:46:06.059 [JavaFX Application Thread] DEBUG FXGLAssetLoaderServi - Loading from file system: file:/C:/Users/Lenovo/OneDrive%20-%20CUHK-Shenzhen/桌面/javaGame/target/classes/assets/textures/Stage3/Stage3%20Tap.png
16:46:06.065 [JavaFX Application Thread] DEBUG FXGLAssetLoaderServi - Loading from file system: file:/C:/Users/Lenovo/OneDrive%20-%20CUHK-Shenzhen/桌面/javaGame/target/classes/assets/textures/Stage3/guahua.png
16:46:06.076 [JavaFX Application Thread] DEBUG FXGLAssetLoaderServi - Loading from file system: file:/C:/Users/Lenovo/OneDrive%20-%20CUHK-Shenzhen/桌面/javaGame/target/classes/assets/textures/Stage3/guizi.png
16:46:06.087 [JavaFX Application Thread] DEBUG FXGLAssetLoaderServi - Loading from file system: file:/C:/Users/Lenovo/OneDrive%20-%20CUHK-Shenzhen/桌面/javaGame/target/classes/assets/textures/Stage3/yugang.png
16:46:06.683 [JavaFX Application Thread] DEBUG FXGLAssetLoaderServi - Loading from file system: file:/C:/Users/Lenovo/OneDrive%20-%20CUHK-Shenzhen/桌面/javaGame/target/classes/assets/textures/Stage3/guahuac1.png
16:46:06.700 [JavaFX Application Thread] DEBUG FXGLAssetLoaderServi - Loading from file system: file:/C:/Users/Lenovo/OneDrive%20-%20CUHK-Shenzhen/桌面/javaGame/target/classes/assets/textures/ArrowD.png
16:46:06.702 [JavaFX Application Thread] DEBUG PrimaryStageWindow   - Push state: DialogSubScene
16:46:06.702 [JavaFX Application Thread] DEBUG Input                - Clearing active input actions
16:46:06.706 [JavaFX Application Thread] DEBUG GameApplicationServi - Removing overlay from GameScene and adding to DialogSubScene
16:46:06.706 [JavaFX Application Thread] DEBUG PrimaryStageWindow   - GameScene -> DialogSubScene
16:46:07.628 [FXGL Background Thread 3 ] DEBUG Engine               - Logging environment variables
16:46:07.631 [FXGL Background Thread 3 ] DEBUG Engine               - achievements: []
16:46:07.631 [FXGL Background Thread 3 ] DEBUG Engine               - actualHeight: 900.0
16:46:07.631 [FXGL Background Thread 3 ] DEBUG Engine               - actualHeightProperty: ReadOnlyDoubleProperty [value: 900.0]
16:46:07.631 [FXGL Background Thread 3 ] DEBUG Engine               - actualWidth: 900.0
16:46:07.632 [FXGL Background Thread 3 ] DEBUG Engine               - actualWidthProperty: ReadOnlyDoubleProperty [value: 900.0]
16:46:07.632 [FXGL Background Thread 3 ] DEBUG Engine               - appIcon: Escape.png
16:46:07.632 [FXGL Background Thread 3 ] DEBUG Engine               - applicationMode: DEVELOPER
16:46:07.632 [FXGL Background Thread 3 ] DEBUG Engine               - cSSList: [fxgl_dark.css]
16:46:07.632 [FXGL Background Thread 3 ] DEBUG Engine               - collisionDetectionStrategy: BRUTE_FORCE
16:46:07.632 [FXGL Background Thread 3 ] DEBUG Engine               - configClass: Optional.empty
16:46:07.632 [FXGL Background Thread 3 ] DEBUG Engine               - credits: []
16:46:07.633 [FXGL Background Thread 3 ] DEBUG Engine               - defaultCursor: CursorInfo(imageName=fxgl_default_cursor.png, hotspotX=7.0, hotspotY=6.0)
16:46:07.633 [FXGL Background Thread 3 ] DEBUG Engine               - devBBoxColorProperty: ObjectProperty [value: 0xff0000ff]
16:46:07.633 [FXGL Background Thread 3 ] DEBUG Engine               - devEnableDebugCameraProperty: BooleanProperty [value: false]
16:46:07.633 [FXGL Background Thread 3 ] DEBUG Engine               - devSensorColorProperty: ObjectProperty [value: 0xffff00ff]
16:46:07.633 [FXGL Background Thread 3 ] DEBUG Engine               - devShowBBoxProperty: BooleanProperty [value: false]
16:46:07.634 [FXGL Background Thread 3 ] DEBUG Engine               - devShowPositionProperty: BooleanProperty [value: false]
16:46:07.634 [FXGL Background Thread 3 ] DEBUG Engine               - enabledMenuItems: []
16:46:07.634 [FXGL Background Thread 3 ] DEBUG Engine               - engineServices: [class com.almasb.fxgl.app.services.FXGLAssetLoaderService, class com.almasb.fxgl.app.FXGLApplication$GameApplicationService, class com.almasb.fxgl.app.services.FXGLDialogService, class com.almasb.fxgl.app.services.IOTaskExecutorService, class com.almasb.fxgl.io.FileSystemService, class com.almasb.fxgl.localization.LocalizationService, class com.almasb.fxgl.app.services.SystemBundleService, class com.almasb.fxgl.profile.SaveLoadService, class com.almasb.fxgl.ui.FXGLUIFactoryServiceProvider, class com.almasb.fxgl.ui.FXGLDialogFactoryServiceProvider, class com.almasb.fxgl.audio.AudioPlayer, class com.almasb.fxgl.notification.impl.NotificationServiceProvider, class com.almasb.fxgl.achievement.AchievementService, class com.almasb.fxgl.cutscene.CutsceneService, class com.almasb.fxgl.minigames.MiniGameService, class com.almasb.fxgl.net.NetService, class com.almasb.fxgl.app.services.UpdaterService, class com.almasb.fxgl.dev.DevService]
16:46:07.634 [FXGL Background Thread 3 ] DEBUG Engine               - fontGame: Abel-Regular.ttf
16:46:07.634 [FXGL Background Thread 3 ] DEBUG Engine               - fontMono: TerminalLandMono-Regular.otf
16:46:07.634 [FXGL Background Thread 3 ] DEBUG Engine               - fontText: Courier-Prime.ttf
16:46:07.634 [FXGL Background Thread 3 ] DEBUG Engine               - fontUI: VarelaRound-Regular.ttf
16:46:07.634 [FXGL Background Thread 3 ] DEBUG Engine               - fullScreen: BooleanProperty [value: false]
16:46:07.634 [FXGL Background Thread 3 ] DEBUG Engine               - gameDifficulty: MEDIUM
16:46:07.634 [FXGL Background Thread 3 ] DEBUG Engine               - gameDifficultyProperty: ObjectProperty [value: MEDIUM]
16:46:07.635 [FXGL Background Thread 3 ] DEBUG Engine               - globalMusicVolume: 0.5
16:46:07.635 [FXGL Background Thread 3 ] DEBUG Engine               - globalMusicVolumeProperty: DoubleProperty [value: 0.5]
16:46:07.635 [FXGL Background Thread 3 ] DEBUG Engine               - globalSoundVolume: 0.5
16:46:07.635 [FXGL Background Thread 3 ] DEBUG Engine               - globalSoundVolumeProperty: DoubleProperty [value: 0.5]
16:46:07.635 [FXGL Background Thread 3 ] DEBUG Engine               - height: 900
16:46:07.635 [FXGL Background Thread 3 ] DEBUG Engine               - is3D: false
16:46:07.635 [FXGL Background Thread 3 ] DEBUG Engine               - isAndroid: false
16:46:07.635 [FXGL Background Thread 3 ] DEBUG Engine               - isBrowser: false
16:46:07.635 [FXGL Background Thread 3 ] DEBUG Engine               - isClickFeedbackEnabled: false
16:46:07.635 [FXGL Background Thread 3 ] DEBUG Engine               - isCloseConfirmation: false
16:46:07.636 [FXGL Background Thread 3 ] DEBUG Engine               - isDesktop: true
16:46:07.636 [FXGL Background Thread 3 ] DEBUG Engine               - isDeveloperMenuEnabled: false
16:46:07.636 [FXGL Background Thread 3 ] DEBUG Engine               - isEmbedded: false
16:46:07.636 [FXGL Background Thread 3 ] DEBUG Engine               - isEntityPreloadEnabled: true
16:46:07.636 [FXGL Background Thread 3 ] DEBUG Engine               - isExperimentalTiledLargeMap: false
16:46:07.636 [FXGL Background Thread 3 ] DEBUG Engine               - isFileSystemWriteAllowed: true
16:46:07.636 [FXGL Background Thread 3 ] DEBUG Engine               - isFullScreenAllowed: false
16:46:07.636 [FXGL Background Thread 3 ] DEBUG Engine               - isFullScreenFromStart: false
16:46:07.636 [FXGL Background Thread 3 ] DEBUG Engine               - isGameMenuEnabled: true
16:46:07.636 [FXGL Background Thread 3 ] DEBUG Engine               - isIOS: false
16:46:07.636 [FXGL Background Thread 3 ] DEBUG Engine               - isIntroEnabled: false
16:46:07.636 [FXGL Background Thread 3 ] DEBUG Engine               - isLinux: false
16:46:07.636 [FXGL Background Thread 3 ] DEBUG Engine               - isMac: false
16:46:07.636 [FXGL Background Thread 3 ] DEBUG Engine               - isMainMenuEnabled: false
16:46:07.636 [FXGL Background Thread 3 ] DEBUG Engine               - isManualResizeEnabled: false
16:46:07.636 [FXGL Background Thread 3 ] DEBUG Engine               - isMobile: false
16:46:07.636 [FXGL Background Thread 3 ] DEBUG Engine               - isNative: false
16:46:07.636 [FXGL Background Thread 3 ] DEBUG Engine               - isPauseMusicWhenMinimized: true
16:46:07.638 [FXGL Background Thread 3 ] DEBUG Engine               - isPreserveResizeRatio: false
16:46:07.638 [FXGL Background Thread 3 ] DEBUG Engine               - isProfilingEnabled: false
16:46:07.638 [FXGL Background Thread 3 ] DEBUG Engine               - isScaleAffectedOnResize: true
16:46:07.638 [FXGL Background Thread 3 ] DEBUG Engine               - isSingleStep: false
16:46:07.638 [FXGL Background Thread 3 ] DEBUG Engine               - isUserProfileEnabled: false
16:46:07.638 [FXGL Background Thread 3 ] DEBUG Engine               - isWindows: true
16:46:07.638 [FXGL Background Thread 3 ] DEBUG Engine               - language: ObjectProperty [value: ENGLISH]
16:46:07.638 [FXGL Background Thread 3 ] DEBUG Engine               - menuKey: ESCAPE
16:46:07.638 [FXGL Background Thread 3 ] DEBUG Engine               - mouseSensitivity: 0.2
16:46:07.638 [FXGL Background Thread 3 ] DEBUG Engine               - notificationViewClass: class com.almasb.fxgl.notification.view.XboxNotificationView
16:46:07.638 [FXGL Background Thread 3 ] DEBUG Engine               - pixelsPerMeter: 50.0
16:46:07.638 [FXGL Background Thread 3 ] DEBUG Engine               - platform: WINDOWS
16:46:07.638 [FXGL Background Thread 3 ] DEBUG Engine               - prefHeightProperty: ReadOnlyDoubleProperty [value: 900.0]
16:46:07.638 [FXGL Background Thread 3 ] DEBUG Engine               - prefWidthProperty: ReadOnlyDoubleProperty [value: 900.0]
16:46:07.638 [FXGL Background Thread 3 ] DEBUG Engine               - profileDir: profiles/
16:46:07.638 [FXGL Background Thread 3 ] DEBUG Engine               - profileName: StringProperty [value: DEFAULT]
16:46:07.638 [FXGL Background Thread 3 ] DEBUG Engine               - randomSeed: -1
16:46:07.638 [FXGL Background Thread 3 ] DEBUG Engine               - runtimeInfo: RuntimeInfo(platform=WINDOWS, version=17.2, build=20.08.2022 16.50)
16:46:07.638 [FXGL Background Thread 3 ] DEBUG Engine               - saveFileExt: sav
16:46:07.639 [FXGL Background Thread 3 ] DEBUG Engine               - scaledHeightProp$fxgl: DoubleProperty [bound, value: 900.0]
16:46:07.639 [FXGL Background Thread 3 ] DEBUG Engine               - scaledWidthProp$fxgl: DoubleProperty [bound, value: 900.0]
16:46:07.639 [FXGL Background Thread 3 ] DEBUG Engine               - sceneFactory: com.almasb.fxgl.app.scene.SceneFactory@7cfb0726
16:46:07.639 [FXGL Background Thread 3 ] DEBUG Engine               - secondsIn24h: 60
16:46:07.639 [FXGL Background Thread 3 ] DEBUG Engine               - soundMenuBack: menu/back.wav
16:46:07.639 [FXGL Background Thread 3 ] DEBUG Engine               - soundMenuPress: menu/press.wav
16:46:07.639 [FXGL Background Thread 3 ] DEBUG Engine               - soundMenuSelect: menu/select.wav
16:46:07.639 [FXGL Background Thread 3 ] DEBUG Engine               - soundNotification: core/notification.wav
16:46:07.639 [FXGL Background Thread 3 ] DEBUG Engine               - stageStyle: DECORATED
16:46:07.639 [FXGL Background Thread 3 ] DEBUG Engine               - supportedLanguages: [ENGLISH, FRENCH, GERMAN, HUNGARIAN, RUSSIAN]
16:46:07.639 [FXGL Background Thread 3 ] DEBUG Engine               - ticksPerSecond: -1
16:46:07.639 [FXGL Background Thread 3 ] DEBUG Engine               - title: Escape
16:46:07.639 [FXGL Background Thread 3 ] DEBUG Engine               - urlGithub: https://github.com/AlmasB/FXGL
16:46:07.639 [FXGL Background Thread 3 ] DEBUG Engine               - urlLeaderboard: http://fxgl-top.herokuapp.com/
16:46:07.639 [FXGL Background Thread 3 ] DEBUG Engine               - urlPOM: https://raw.githubusercontent.com/AlmasB/FXGL/release/README.md
16:46:07.639 [FXGL Background Thread 3 ] DEBUG Engine               - userAppClass: class com.Moonhalf.EscapeApp
16:46:07.639 [FXGL Background Thread 3 ] DEBUG Engine               - version: 0.1
16:46:07.639 [FXGL Background Thread 3 ] DEBUG Engine               - versionCheckDays: 7
16:46:07.639 [FXGL Background Thread 3 ] DEBUG Engine               - width: 900
16:46:07.639 [FXGL Background Thread 3 ] DEBUG Engine               - Logging services
16:46:07.639 [FXGL Background Thread 3 ] DEBUG Engine               - class com.almasb.fxgl.app.services.FXGLAssetLoaderService
16:46:07.639 [FXGL Background Thread 3 ] DEBUG Engine               - class com.almasb.fxgl.app.FXGLApplication$GameApplicationService
16:46:07.639 [FXGL Background Thread 3 ] DEBUG Engine               - class com.almasb.fxgl.app.services.FXGLDialogService
16:46:07.639 [FXGL Background Thread 3 ] DEBUG Engine               - class com.almasb.fxgl.app.services.IOTaskExecutorService
16:46:07.639 [FXGL Background Thread 3 ] DEBUG Engine               - class com.almasb.fxgl.io.FileSystemService
16:46:07.639 [FXGL Background Thread 3 ] DEBUG Engine               - class com.almasb.fxgl.localization.LocalizationService
16:46:07.639 [FXGL Background Thread 3 ] DEBUG Engine               - class com.almasb.fxgl.app.services.SystemBundleService
16:46:07.639 [FXGL Background Thread 3 ] DEBUG Engine               - class com.almasb.fxgl.profile.SaveLoadService
16:46:07.639 [FXGL Background Thread 3 ] DEBUG Engine               - class com.almasb.fxgl.ui.FXGLUIFactoryServiceProvider
16:46:07.639 [FXGL Background Thread 3 ] DEBUG Engine               - class com.almasb.fxgl.ui.FXGLDialogFactoryServiceProvider
16:46:07.639 [FXGL Background Thread 3 ] DEBUG Engine               - class com.almasb.fxgl.audio.AudioPlayer
16:46:07.639 [FXGL Background Thread 3 ] DEBUG Engine               - class com.almasb.fxgl.notification.impl.NotificationServiceProvider
16:46:07.639 [FXGL Background Thread 3 ] DEBUG Engine               - class com.almasb.fxgl.achievement.AchievementService
16:46:07.639 [FXGL Background Thread 3 ] DEBUG Engine               - class com.almasb.fxgl.cutscene.CutsceneService
16:46:07.639 [FXGL Background Thread 3 ] DEBUG Engine               - class com.almasb.fxgl.minigames.MiniGameService
16:46:07.639 [FXGL Background Thread 3 ] DEBUG Engine               - class com.almasb.fxgl.net.NetService
16:46:07.640 [FXGL Background Thread 3 ] DEBUG Engine               - class com.almasb.fxgl.app.services.UpdaterService
16:46:07.640 [FXGL Background Thread 3 ] DEBUG Engine               - class com.almasb.fxgl.dev.DevService
16:46:07.954 [JavaFX Application Thread] DEBUG PrimaryStageWindow   - Pop state: DialogSubScene
16:46:07.954 [JavaFX Application Thread] DEBUG Input                - Clearing active input actions
16:46:07.955 [JavaFX Application Thread] DEBUG GameApplicationServi - Removing overlay from DialogSubScene and adding to GameScene
16:46:07.955 [JavaFX Application Thread] DEBUG PrimaryStageWindow   - GameScene <- DialogSubScene
16:46:11.176 [JavaFX Application Thread] DEBUG PrimaryStageWindow   - Push state: DialogSubScene
16:46:11.176 [JavaFX Application Thread] DEBUG Input                - Clearing active input actions
16:46:11.177 [JavaFX Application Thread] DEBUG GameApplicationServi - Removing overlay from GameScene and adding to DialogSubScene
16:46:11.177 [JavaFX Application Thread] DEBUG PrimaryStageWindow   - GameScene -> DialogSubScene
16:46:12.873 [JavaFX Application Thread] DEBUG PrimaryStageWindow   - Pop state: DialogSubScene
16:46:12.873 [JavaFX Application Thread] DEBUG Input                - Clearing active input actions
16:46:12.874 [JavaFX Application Thread] DEBUG GameApplicationServi - Removing overlay from DialogSubScene and adding to GameScene
16:46:12.874 [JavaFX Application Thread] DEBUG PrimaryStageWindow   - GameScene <- DialogSubScene
16:46:22.386 [JavaFX Application Thread] DEBUG FXGLAssetLoaderServi - Loading from file system: file:/C:/Users/Lenovo/OneDrive%20-%20CUHK-Shenzhen/桌面/javaGame/target/classes/assets/textures/Stage2/Drawer%20Click.jpg
16:46:22.396 [JavaFX Application Thread] DEBUG FXGLAssetLoaderServi - Loading from file system: file:/C:/Users/Lenovo/OneDrive%20-%20CUHK-Shenzhen/桌面/javaGame/target/classes/assets/textures/Stage2/D1.png
16:46:22.399 [JavaFX Application Thread] DEBUG FXGLAssetLoaderServi - Loading from file system: file:/C:/Users/Lenovo/OneDrive%20-%20CUHK-Shenzhen/桌面/javaGame/target/classes/assets/textures/Stage2/D2.png
16:46:22.401 [JavaFX Application Thread] DEBUG FXGLAssetLoaderServi - Loading from file system: file:/C:/Users/Lenovo/OneDrive%20-%20CUHK-Shenzhen/桌面/javaGame/target/classes/assets/textures/Stage2/D3.png
16:46:22.403 [JavaFX Application Thread] DEBUG FXGLAssetLoaderServi - Loading from file system: file:/C:/Users/Lenovo/OneDrive%20-%20CUHK-Shenzhen/桌面/javaGame/target/classes/assets/textures/Stage2/D4.png
16:46:22.940 [JavaFX Application Thread] DEBUG PrimaryStageWindow   - Push state: DialogSubScene
16:46:22.941 [JavaFX Application Thread] DEBUG Input                - Clearing active input actions
16:46:22.941 [JavaFX Application Thread] DEBUG GameApplicationServi - Removing overlay from GameScene and adding to DialogSubScene
16:46:22.941 [JavaFX Application Thread] DEBUG PrimaryStageWindow   - GameScene -> DialogSubScene
16:46:23.544 [JavaFX Application Thread] DEBUG PrimaryStageWindow   - Pop state: DialogSubScene
16:46:23.545 [JavaFX Application Thread] DEBUG Input                - Clearing active input actions
16:46:23.545 [JavaFX Application Thread] DEBUG GameApplicationServi - Removing overlay from DialogSubScene and adding to GameScene
16:46:23.545 [JavaFX Application Thread] DEBUG PrimaryStageWindow   - GameScene <- DialogSubScene
16:46:23.800 [JavaFX Application Thread] DEBUG PrimaryStageWindow   - Push state: DialogSubScene
16:46:23.800 [JavaFX Application Thread] DEBUG Input                - Clearing active input actions
16:46:23.800 [JavaFX Application Thread] DEBUG GameApplicationServi - Removing overlay from GameScene and adding to DialogSubScene
16:46:23.800 [JavaFX Application Thread] DEBUG PrimaryStageWindow   - GameScene -> DialogSubScene
16:46:24.371 [JavaFX Application Thread] DEBUG PrimaryStageWindow   - Pop state: DialogSubScene
16:46:24.371 [JavaFX Application Thread] DEBUG Input                - Clearing active input actions
16:46:24.371 [JavaFX Application Thread] DEBUG GameApplicationServi - Removing overlay from DialogSubScene and adding to GameScene
16:46:24.372 [JavaFX Application Thread] DEBUG PrimaryStageWindow   - GameScene <- DialogSubScene
16:46:26.568 [JavaFX Application Thread] DEBUG FXGLAssetLoaderServi - Loading from file system: file:/C:/Users/Lenovo/OneDrive%20-%20CUHK-Shenzhen/桌面/javaGame/target/classes/assets/textures/Stage3/guahuac2.png
16:46:26.581 [JavaFX Application Thread] DEBUG FXGLAssetLoaderServi - Loading from file system: file:/C:/Users/Lenovo/OneDrive%20-%20CUHK-Shenzhen/桌面/javaGame/target/classes/assets/textures/Stage1/DY.png
16:46:26.604 [JavaFX Application Thread] DEBUG FXGLAssetLoaderServi - Loading from file system: file:/C:/Users/Lenovo/OneDrive%20-%20CUHK-Shenzhen/桌面/javaGame/target/classes/assets/textures/Stage1/DG.png
16:46:26.616 [JavaFX Application Thread] DEBUG FXGLAssetLoaderServi - Loading from file system: file:/C:/Users/Lenovo/OneDrive%20-%20CUHK-Shenzhen/桌面/javaGame/target/classes/assets/textures/Stage1/DR.png
16:46:33.132 [JavaFX Application Thread] DEBUG PrimaryStageWindow   - Push state: DialogSubScene
16:46:33.132 [JavaFX Application Thread] DEBUG Input                - Clearing active input actions
16:46:33.133 [JavaFX Application Thread] DEBUG GameApplicationServi - Removing overlay from GameScene and adding to DialogSubScene
16:46:33.133 [JavaFX Application Thread] DEBUG PrimaryStageWindow   - GameScene -> DialogSubScene
16:46:34.185 [JavaFX Application Thread] DEBUG PrimaryStageWindow   - Pop state: DialogSubScene
16:46:34.185 [JavaFX Application Thread] DEBUG Input                - Clearing active input actions
16:46:34.185 [JavaFX Application Thread] DEBUG GameApplicationServi - Removing overlay from DialogSubScene and adding to GameScene
16:46:34.186 [JavaFX Application Thread] DEBUG PrimaryStageWindow   - GameScene <- DialogSubScene
16:46:34.837 [JavaFX Application Thread] DEBUG PrimaryStageWindow   - Push state: DialogSubScene
16:46:34.837 [JavaFX Application Thread] DEBUG Input                - Clearing active input actions
16:46:34.838 [JavaFX Application Thread] DEBUG GameApplicationServi - Removing overlay from GameScene and adding to DialogSubScene
16:46:34.838 [JavaFX Application Thread] DEBUG PrimaryStageWindow   - GameScene -> DialogSubScene
16:46:35.777 [JavaFX Application Thread] DEBUG PrimaryStageWindow   - Pop state: DialogSubScene
16:46:35.777 [JavaFX Application Thread] DEBUG Input                - Clearing active input actions
16:46:35.777 [JavaFX Application Thread] DEBUG GameApplicationServi - Removing overlay from DialogSubScene and adding to GameScene
16:46:35.777 [JavaFX Application Thread] DEBUG PrimaryStageWindow   - GameScene <- DialogSubScene
16:46:38.107 [JavaFX Application Thread] DEBUG PrimaryStageWindow   - Push state: DialogSubScene
16:46:38.107 [JavaFX Application Thread] DEBUG Input                - Clearing active input actions
16:46:38.107 [JavaFX Application Thread] DEBUG GameApplicationServi - Removing overlay from GameScene and adding to DialogSubScene
16:46:38.107 [JavaFX Application Thread] DEBUG PrimaryStageWindow   - GameScene -> DialogSubScene
16:46:38.849 [JavaFX Application Thread] DEBUG PrimaryStageWindow   - Pop state: DialogSubScene
16:46:38.849 [JavaFX Application Thread] DEBUG Input                - Clearing active input actions
16:46:38.849 [JavaFX Application Thread] DEBUG GameApplicationServi - Removing overlay from DialogSubScene and adding to GameScene
16:46:38.849 [JavaFX Application Thread] DEBUG PrimaryStageWindow   - GameScene <- DialogSubScene
16:46:55.067 [JavaFX Application Thread] DEBUG PrimaryStageWindow   - Push state: DialogSubScene
16:46:55.067 [JavaFX Application Thread] DEBUG Input                - Clearing active input actions
16:46:55.067 [JavaFX Application Thread] DEBUG GameApplicationServi - Removing overlay from GameScene and adding to DialogSubScene
16:46:55.069 [JavaFX Application Thread] DEBUG PrimaryStageWindow   - GameScene -> DialogSubScene
16:46:56.397 [JavaFX Application Thread] DEBUG PrimaryStageWindow   - Pop state: DialogSubScene
16:46:56.397 [JavaFX Application Thread] DEBUG Input                - Clearing active input actions
16:46:56.397 [JavaFX Application Thread] DEBUG GameApplicationServi - Removing overlay from DialogSubScene and adding to GameScene
16:46:56.397 [JavaFX Application Thread] DEBUG PrimaryStageWindow   - GameScene <- DialogSubScene
16:46:56.746 [JavaFX Application Thread] DEBUG PrimaryStageWindow   - Push state: DialogSubScene
16:46:56.746 [JavaFX Application Thread] DEBUG Input                - Clearing active input actions
16:46:56.746 [JavaFX Application Thread] DEBUG GameApplicationServi - Removing overlay from GameScene and adding to DialogSubScene
16:46:56.746 [JavaFX Application Thread] DEBUG PrimaryStageWindow   - GameScene -> DialogSubScene
16:46:57.365 [JavaFX Application Thread] DEBUG PrimaryStageWindow   - Pop state: DialogSubScene
16:46:57.365 [JavaFX Application Thread] DEBUG Input                - Clearing active input actions
16:46:57.365 [JavaFX Application Thread] DEBUG GameApplicationServi - Removing overlay from DialogSubScene and adding to GameScene
16:46:57.365 [JavaFX Application Thread] DEBUG PrimaryStageWindow   - GameScene <- DialogSubScene
16:46:59.102 [JavaFX Application Thread] DEBUG FXGLApplication      - Exiting FXGL
16:46:59.102 [JavaFX Application Thread] DEBUG LoopRunner           - Stopping loop
16:46:59.102 [JavaFX Application Thread] DEBUG SystemBundleService  - Saving FXGL system data
16:46:59.106 [JavaFX Application Thread] DEBUG FileSystemAccess     - Writing to: C:\Users\Lenovo\OneDrive - CUHK-Shenzhen\桌面\javaGame\system\fxgl.bundle
16:46:59.108 [JavaFX Application Thread] DEBUG Async                - Shutting down background threads
16:46:59.108 [JavaFX Application Thread] DEBUG PrimaryStageWindow   - Closing main window
16:46:59.131 [JavaFX Application Thread] DEBUG Logger               - Closing Logger
