22:49:24.309 [main                     ] DEBUG Logger               - Configured Logger
22:49:24.330 [main                     ] DEBUG GameApplication      - Logging settings
Title: Escape
Version: 0.1
Width: 900
Height: 900
Fullscreen: false
Intro: false
Profiling: false
Single step:false
App Mode: DEVELOPER
Menu Key: ESCAPE
Stage Style: DECORATED
Scene Factory: class com.almasb.fxgl.app.scene.SceneFactory

22:49:24.660 [JavaFX Application Thread] DEBUG FXGLApplication      - Initializing FXGL
22:49:24.665 [JavaFX Application Thread] INFO  Engine               - FXGL-17.2 (20.08.2022 16.50) on WINDOWS (J:17.0.5 FX:18)
22:49:24.665 [JavaFX Application Thread] DEBUG Engine               - JRE Vendor Name: Oracle Corporation
22:49:24.666 [JavaFX Application Thread] DEBUG Engine               - Running on OS: Windows 11 version 10.0
22:49:24.666 [JavaFX Application Thread] DEBUG Engine               - Architecture: amd64
22:49:24.666 [JavaFX Application Thread] INFO  Engine               - Source code and latest versions at: https://github.com/AlmasB/FXGL
22:49:24.666 [JavaFX Application Thread] INFO  Engine               -       Ask questions and discuss at: https://github.com/AlmasB/FXGL/discussions
22:49:24.666 [JavaFX Application Thread] INFO  Engine               -              Join the FXGL chat at: https://gitter.im/AlmasB/FXGL
22:49:24.735 [JavaFX Application Thread] DEBUG PrimaryStageWindow   - Creating a JavaFX scene
22:49:24.768 [JavaFX Application Thread] DEBUG PrimaryStageWindow   - Target settings size: 900.0 x 900.0
22:49:24.768 [JavaFX Application Thread] DEBUG PrimaryStageWindow   - Scaled scene size:    900.0 x 900.0
22:49:24.768 [JavaFX Application Thread] DEBUG PrimaryStageWindow   - Scaled ratio: (1.0, 1.0)
22:49:24.770 [JavaFX Application Thread] DEBUG PrimaryStageWindow   - Set initial scene to FXGLStartupScene
22:49:24.774 [JavaFX Application Thread] DEBUG PrimaryStageWindow   - Opening main window
22:49:24.833 [JavaFX Application Thread] DEBUG PrimaryStageWindow   - Window border size: (14.66668701171875, 37.33331298828125)
22:49:24.833 [JavaFX Application Thread] DEBUG PrimaryStageWindow   - Scaled size: 900.0 x 900.0
22:49:24.833 [JavaFX Application Thread] DEBUG PrimaryStageWindow   - Scaled ratio: (1.0, 1.0)
22:49:24.833 [JavaFX Application Thread] DEBUG PrimaryStageWindow   - Scene size: 900.0 x 900.0
22:49:24.834 [JavaFX Application Thread] DEBUG PrimaryStageWindow   - Stage size: 914.6666870117188 x 937.3333129882812
22:49:24.839 [FXGL Background Thread 1 ] DEBUG Engine               - Initializing environment variables
22:49:24.863 [FXGL Background Thread 1 ] DEBUG FXGLAssetLoaderServi - User app class for loading assets: class com.Moonhalf.EscapeApp
22:49:24.863 [FXGL Background Thread 1 ] DEBUG GameApplicationServi - Applying CSS: fxgl_dark.css
22:49:24.864 [FXGL Background Thread 1 ] DEBUG FXGLAssetLoaderServi - Loading from file system: jar:file:///C:/Users/Lenovo/.m2/repository/com/github/almasb/fxgl/17.2/fxgl-17.2.jar!/fxglassets/ui/css/fxgl_dark.css
22:49:24.898 [FXGL Background Thread 1 ] DEBUG GameApplicationServi - Initializing application scenes
22:49:24.972 [FXGL Background Thread 1 ] DEBUG GameWorld            - Game world initialized
22:49:25.018 [FXGL Background Thread 1 ] DEBUG PhysicsWorld         - Physics world initialized: appHeight=900, physics.ppm=50.0
22:49:25.018 [FXGL Background Thread 1 ] DEBUG PhysicsWorld         - Using strategy: BRUTE_FORCE
22:49:25.021 [FXGL Background Thread 1 ] DEBUG GameScene            - Game scene initialized: 900x900
22:49:25.029 [FXGL Background Thread 1 ] DEBUG FXGL.DefaultMenu     - createMenuBodyGameMenu()
22:49:25.039 [FXGL Background Thread 1 ] DEBUG FXGL.DefaultMenu     - createOptionsMenu()
22:49:25.047 [FXGL Background Thread 1 ] DEBUG FXGLAssetLoaderServi - Loading from file system: jar:file:///C:/Users/Lenovo/.m2/repository/com/github/almasb/fxgl/17.2/fxgl-17.2.jar!/fxglassets/textures/particles/smoke.png
22:49:25.113 [FXGL Background Thread 1 ] DEBUG FXGLAssetLoaderServi - Loading from file system: jar:file:///C:/Users/Lenovo/.m2/repository/com/github/almasb/fxgl/17.2/fxgl-17.2.jar!/fxglassets/textures/particles/trace_horizontal.png
22:49:25.133 [FXGL Background Thread 1 ] DEBUG GameApplicationServi - Application scenes initialized
22:49:25.142 [FXGL Background Thread 1 ] DEBUG SystemBundleService  - Loading FXGL system data
22:49:25.145 [FXGL Background Thread 1 ] DEBUG FileSystemAccess     - Reading from: C:\Users\Lenovo\OneDrive - CUHK-Shenzhen\桌面\javaGame\system\fxgl.bundle
22:49:25.149 [FXGL Background Thread 1 ] DEBUG SystemBundleService  - Bundle FXGL: {}
22:49:25.149 [FXGL Background Thread 1 ] DEBUG UpdaterService       - Checking for updates
22:49:25.151 [FXGL Background Thread 4 ] DEBUG FXGLApplication      - Loading fonts
22:49:25.151 [FXGL Background Thread 1 ] DEBUG FXGLApplication      - Loading default localization
22:49:25.152 [FXGL Background Thread 4 ] DEBUG FXGLAssetLoaderServi - Loading from file system: jar:file:///C:/Users/Lenovo/.m2/repository/com/github/almasb/fxgl/17.2/fxgl-17.2.jar!/fxglassets/ui/fonts/VarelaRound-Regular.ttf
22:49:25.152 [FXGL Background Thread 1 ] DEBUG FXGLAssetLoaderServi - Loading from file system: jar:file:///C:/Users/Lenovo/.m2/repository/com/github/almasb/fxgl/17.2/fxgl-17.2.jar!/fxglassets/languages/english.lang
22:49:25.171 [FXGL Background Thread 1 ] INFO  FXGLApplication      - FXGL initialization took: 0.332 sec
22:49:25.172 [JavaFX Application Thread] DEBUG FXGLAssetLoaderServi - Loading from file system: file:/C:/Users/Lenovo/OneDrive%20-%20CUHK-Shenzhen/桌面/javaGame/target/classes/assets/textures/Escape.png
22:49:25.188 [JavaFX Application Thread] DEBUG FXGLAssetLoaderServi - Loading from file system: jar:file:///C:/Users/Lenovo/.m2/repository/com/github/almasb/fxgl/17.2/fxgl-17.2.jar!/fxglassets/textures/fxgl_default_cursor.png
22:49:25.198 [FXGL Background Thread 4 ] DEBUG FXGLAssetLoaderServi - Loading from file system: jar:file:///C:/Users/Lenovo/.m2/repository/com/github/almasb/fxgl/17.2/fxgl-17.2.jar!/fxglassets/ui/fonts/Abel-Regular.ttf
22:49:25.200 [FXGL Background Thread 4 ] DEBUG FXGLAssetLoaderServi - Loading from file system: jar:file:///C:/Users/Lenovo/.m2/repository/com/github/almasb/fxgl/17.2/fxgl-17.2.jar!/fxglassets/ui/fonts/TerminalLandMono-Regular.otf
22:49:25.202 [JavaFX Application Thread] DEBUG Input                - Registered new binding: Screenshot - CTRL+8
22:49:25.202 [FXGL Background Thread 4 ] DEBUG FXGLAssetLoaderServi - Loading from file system: jar:file:///C:/Users/Lenovo/.m2/repository/com/github/almasb/fxgl/17.2/fxgl-17.2.jar!/fxglassets/ui/fonts/Courier-Prime.ttf
22:49:25.202 [JavaFX Application Thread] DEBUG Input                - Registered new binding: System info dump - CTRL+9
22:49:25.203 [JavaFX Application Thread] DEBUG Input                - Registered new binding: Restart - CTRL+R
22:49:25.204 [JavaFX Application Thread] DEBUG Input                - Registered new binding: Toggle Debug Camera - CTRL+7
22:49:25.206 [JavaFX Application Thread] DEBUG LoopRunner           - Starting loop
22:49:25.207 [JavaFX Application Thread] DEBUG LoopRunner           - Initializing JavaFX AnimationTimerLoop
22:49:25.208 [JavaFX Application Thread] DEBUG GameApplicationServi - Starting new game
22:49:25.208 [JavaFX Application Thread] DEBUG Input                - Clearing active input actions
22:49:25.217 [JavaFX Application Thread] DEBUG GameApplicationServi - Removing overlay from FXGLStartupScene and adding to FXGLLoadingScene
22:49:25.218 [JavaFX Application Thread] DEBUG PrimaryStageWindow   - FXGLStartupScene -> FXGLLoadingScene
22:49:25.218 [JavaFX Application Thread] DEBUG GameApplicationServi - Clearing previous game
22:49:25.218 [JavaFX Application Thread] DEBUG GameScene            - Clearing game scene
22:49:25.218 [JavaFX Application Thread] DEBUG GameWorld            - Clearing game world
22:49:25.218 [JavaFX Application Thread] DEBUG PhysicsWorld         - Clearing physics world
22:49:25.220 [FXGL Background Thread 4 ] DEBUG FXGLApplication      - Initializing game
22:49:25.220 [JavaFX Application Thread] DEBUG FXGLApplication      - Registering font factories with UI factory
22:49:25.227 [FXGL Background Thread 4 ] DEBUG FXGLAssetLoaderServi - Loading from file system: file:/C:/Users/Lenovo/OneDrive%20-%20CUHK-Shenzhen/桌面/javaGame/target/classes/assets/textures/Background.jpg
22:49:25.244 [FXGL Background Thread 4 ] INFO  FXGLApplication      - Game initialization took: 0.024 sec
22:49:25.254 [JavaFX Application Thread] DEBUG Input                - Clearing active input actions
22:49:25.259 [JavaFX Application Thread] DEBUG GameApplicationServi - Removing overlay from FXGLLoadingScene and adding to GameScene
22:49:25.259 [JavaFX Application Thread] DEBUG PrimaryStageWindow   - FXGLLoadingScene -> GameScene
22:49:25.935 [FXGL Background Thread 2 ] INFO  UpdaterService       - Your current version:  17.2
22:49:25.935 [FXGL Background Thread 2 ] INFO  UpdaterService       - Latest stable version: 17.3
22:49:27.115 [JavaFX Application Thread] DEBUG FXGLApplication      - Exiting FXGL
22:49:27.115 [JavaFX Application Thread] DEBUG LoopRunner           - Stopping loop
22:49:27.115 [JavaFX Application Thread] DEBUG SystemBundleService  - Saving FXGL system data
22:49:27.118 [JavaFX Application Thread] DEBUG FileSystemAccess     - Writing to: C:\Users\Lenovo\OneDrive - CUHK-Shenzhen\桌面\javaGame\system\fxgl.bundle
22:49:27.120 [JavaFX Application Thread] DEBUG Async                - Shutting down background threads
22:49:27.120 [JavaFX Application Thread] DEBUG PrimaryStageWindow   - Closing main window
22:49:27.147 [JavaFX Application Thread] DEBUG Logger               - Closing Logger
