21:19:47.600 [main                     ] DEBUG Logger               - Configured Logger
21:19:47.618 [main                     ] DEBUG GameApplication      - Logging settings
Title: Escape
Version: 0.1
Width: 800
Height: 500
Fullscreen: false
Intro: false
Profiling: false
Single step:false
App Mode: DEVELOPER
Menu Key: ESCAPE
Stage Style: DECORATED
Scene Factory: class com.almasb.fxgl.app.scene.SceneFactory

21:19:47.880 [JavaFX Application Thread] DEBUG FXGLApplication      - Initializing FXGL
21:19:47.883 [JavaFX Application Thread] INFO  Engine               - FXGL-17.2 (20.08.2022 16.50) on WINDOWS (J:17.0.5 FX:18)
21:19:47.884 [JavaFX Application Thread] DEBUG Engine               - JRE Vendor Name: Oracle Corporation
21:19:47.884 [JavaFX Application Thread] DEBUG Engine               - Running on OS: Windows 11 version 10.0
21:19:47.884 [JavaFX Application Thread] DEBUG Engine               - Architecture: amd64
21:19:47.884 [JavaFX Application Thread] INFO  Engine               - Source code and latest versions at: https://github.com/AlmasB/FXGL
21:19:47.884 [JavaFX Application Thread] INFO  Engine               -       Ask questions and discuss at: https://github.com/AlmasB/FXGL/discussions
21:19:47.884 [JavaFX Application Thread] INFO  Engine               -              Join the FXGL chat at: https://gitter.im/AlmasB/FXGL
21:19:47.934 [JavaFX Application Thread] DEBUG PrimaryStageWindow   - Creating a JavaFX scene
21:19:47.959 [JavaFX Application Thread] DEBUG PrimaryStageWindow   - Target settings size: 800.0 x 500.0
21:19:47.959 [JavaFX Application Thread] DEBUG PrimaryStageWindow   - Scaled scene size:    800.0 x 500.0
21:19:47.959 [JavaFX Application Thread] DEBUG PrimaryStageWindow   - Scaled ratio: (1.0, 1.0)
21:19:47.960 [JavaFX Application Thread] DEBUG PrimaryStageWindow   - Set initial scene to FXGLStartupScene
21:19:47.963 [JavaFX Application Thread] DEBUG PrimaryStageWindow   - Opening main window
21:19:48.017 [JavaFX Application Thread] DEBUG PrimaryStageWindow   - Window border size: (14.66668701171875, 37.33331298828125)
21:19:48.017 [JavaFX Application Thread] DEBUG PrimaryStageWindow   - Scaled size: 800.0 x 500.0
21:19:48.017 [JavaFX Application Thread] DEBUG PrimaryStageWindow   - Scaled ratio: (1.0, 1.0)
21:19:48.017 [JavaFX Application Thread] DEBUG PrimaryStageWindow   - Scene size: 800.0 x 500.0
21:19:48.018 [JavaFX Application Thread] DEBUG PrimaryStageWindow   - Stage size: 814.6666870117188 x 537.3333129882812
21:19:48.022 [FXGL Background Thread 1 ] DEBUG Engine               - Initializing environment variables
21:19:48.047 [FXGL Background Thread 1 ] DEBUG FXGLAssetLoaderServi - User app class for loading assets: class com.Moonhalf.JavaGame.Escape
21:19:48.048 [FXGL Background Thread 1 ] DEBUG GameApplicationServi - Applying CSS: fxgl_dark.css
21:19:48.049 [FXGL Background Thread 1 ] DEBUG FXGLAssetLoaderServi - Loading from file system: jar:file:///C:/Users/Lenovo/.m2/repository/com/github/almasb/fxgl/17.2/fxgl-17.2.jar!/fxglassets/ui/css/fxgl_dark.css
21:19:48.079 [FXGL Background Thread 1 ] DEBUG GameApplicationServi - Initializing application scenes
21:19:48.124 [FXGL Background Thread 1 ] DEBUG GameWorld            - Game world initialized
21:19:48.157 [FXGL Background Thread 1 ] DEBUG PhysicsWorld         - Physics world initialized: appHeight=500, physics.ppm=50.0
21:19:48.157 [FXGL Background Thread 1 ] DEBUG PhysicsWorld         - Using strategy: BRUTE_FORCE
21:19:48.160 [FXGL Background Thread 1 ] DEBUG GameScene            - Game scene initialized: 800x500
21:19:48.168 [FXGL Background Thread 1 ] WARN  FXGL.DefaultMenu     - FXGLDefaultMenu is not designed for resolutions < 800x600
21:19:48.169 [FXGL Background Thread 1 ] DEBUG FXGL.DefaultMenu     - createMenuBodyGameMenu()
21:19:48.175 [FXGL Background Thread 1 ] DEBUG FXGL.DefaultMenu     - createOptionsMenu()
21:19:48.182 [FXGL Background Thread 1 ] DEBUG FXGLAssetLoaderServi - Loading from file system: jar:file:///C:/Users/Lenovo/.m2/repository/com/github/almasb/fxgl/17.2/fxgl-17.2.jar!/fxglassets/textures/particles/smoke.png
21:19:48.235 [FXGL Background Thread 1 ] DEBUG FXGLAssetLoaderServi - Loading from file system: jar:file:///C:/Users/Lenovo/.m2/repository/com/github/almasb/fxgl/17.2/fxgl-17.2.jar!/fxglassets/textures/particles/trace_horizontal.png
21:19:48.254 [FXGL Background Thread 1 ] DEBUG GameApplicationServi - Application scenes initialized
21:19:48.262 [FXGL Background Thread 1 ] DEBUG SystemBundleService  - Loading FXGL system data
21:19:48.265 [FXGL Background Thread 1 ] DEBUG FileSystemAccess     - Reading from: C:\Users\Lenovo\OneDrive - CUHK-Shenzhen\桌面\javaGame\system\fxgl.bundle
21:19:48.270 [FXGL Background Thread 1 ] DEBUG SystemBundleService  - Bundle FXGL: {}
21:19:48.270 [FXGL Background Thread 1 ] DEBUG UpdaterService       - Checking for updates
21:19:48.272 [FXGL Background Thread 4 ] DEBUG FXGLApplication      - Loading fonts
21:19:48.272 [FXGL Background Thread 1 ] DEBUG FXGLApplication      - Loading default localization
21:19:48.272 [FXGL Background Thread 4 ] DEBUG FXGLAssetLoaderServi - Loading from file system: jar:file:///C:/Users/Lenovo/.m2/repository/com/github/almasb/fxgl/17.2/fxgl-17.2.jar!/fxglassets/ui/fonts/VarelaRound-Regular.ttf
21:19:48.273 [FXGL Background Thread 1 ] DEBUG FXGLAssetLoaderServi - Loading from file system: jar:file:///C:/Users/Lenovo/.m2/repository/com/github/almasb/fxgl/17.2/fxgl-17.2.jar!/fxglassets/languages/english.lang
21:19:48.287 [FXGL Background Thread 1 ] INFO  FXGLApplication      - FXGL initialization took: 0.266 sec
21:19:48.288 [JavaFX Application Thread] DEBUG FXGLAssetLoaderServi - Loading from file system: file:/C:/Users/Lenovo/OneDrive%20-%20CUHK-Shenzhen/桌面/javaGame/target/classes/assets/textures/Escape.png
21:19:48.301 [JavaFX Application Thread] DEBUG FXGLAssetLoaderServi - Loading from file system: jar:file:///C:/Users/Lenovo/.m2/repository/com/github/almasb/fxgl/17.2/fxgl-17.2.jar!/fxglassets/textures/fxgl_default_cursor.png
21:19:48.304 [FXGL Background Thread 4 ] DEBUG FXGLAssetLoaderServi - Loading from file system: jar:file:///C:/Users/Lenovo/.m2/repository/com/github/almasb/fxgl/17.2/fxgl-17.2.jar!/fxglassets/ui/fonts/Abel-Regular.ttf
21:19:48.307 [FXGL Background Thread 4 ] DEBUG FXGLAssetLoaderServi - Loading from file system: jar:file:///C:/Users/Lenovo/.m2/repository/com/github/almasb/fxgl/17.2/fxgl-17.2.jar!/fxglassets/ui/fonts/TerminalLandMono-Regular.otf
21:19:48.309 [FXGL Background Thread 4 ] DEBUG FXGLAssetLoaderServi - Loading from file system: jar:file:///C:/Users/Lenovo/.m2/repository/com/github/almasb/fxgl/17.2/fxgl-17.2.jar!/fxglassets/ui/fonts/Courier-Prime.ttf
21:19:48.316 [JavaFX Application Thread] DEBUG Input                - Registered new binding: Screenshot - CTRL+8
21:19:48.317 [JavaFX Application Thread] DEBUG Input                - Registered new binding: System info dump - CTRL+9
21:19:48.317 [JavaFX Application Thread] DEBUG Input                - Registered new binding: Restart - CTRL+R
21:19:48.318 [JavaFX Application Thread] DEBUG Input                - Registered new binding: Toggle Debug Camera - CTRL+7
21:19:48.320 [JavaFX Application Thread] DEBUG LoopRunner           - Starting loop
21:19:48.320 [JavaFX Application Thread] DEBUG LoopRunner           - Initializing JavaFX AnimationTimerLoop
21:19:48.321 [JavaFX Application Thread] DEBUG GameApplicationServi - Starting new game
21:19:48.321 [JavaFX Application Thread] DEBUG Input                - Clearing active input actions
21:19:48.328 [JavaFX Application Thread] DEBUG GameApplicationServi - Removing overlay from FXGLStartupScene and adding to FXGLLoadingScene
21:19:48.329 [JavaFX Application Thread] DEBUG PrimaryStageWindow   - FXGLStartupScene -> FXGLLoadingScene
21:19:48.329 [JavaFX Application Thread] DEBUG GameApplicationServi - Clearing previous game
21:19:48.329 [JavaFX Application Thread] DEBUG GameScene            - Clearing game scene
21:19:48.329 [JavaFX Application Thread] DEBUG GameWorld            - Clearing game world
21:19:48.329 [JavaFX Application Thread] DEBUG PhysicsWorld         - Clearing physics world
21:19:48.331 [JavaFX Application Thread] DEBUG FXGLApplication      - Registering font factories with UI factory
21:19:48.331 [FXGL Background Thread 4 ] DEBUG FXGLApplication      - Initializing game
21:19:48.332 [FXGL Background Thread 4 ] INFO  FXGLApplication      - Game initialization took: 0.001 sec
21:19:48.362 [JavaFX Application Thread] DEBUG Input                - Clearing active input actions
21:19:48.367 [JavaFX Application Thread] DEBUG GameApplicationServi - Removing overlay from FXGLLoadingScene and adding to GameScene
21:19:48.367 [JavaFX Application Thread] DEBUG PrimaryStageWindow   - FXGLLoadingScene -> GameScene
21:19:51.272 [FXGL Background Thread 3 ] DEBUG Engine               - Logging environment variables
21:19:51.273 [FXGL Background Thread 3 ] DEBUG Engine               - achievements: []
21:19:51.273 [FXGL Background Thread 3 ] DEBUG Engine               - actualHeight: 500.0
21:19:51.273 [FXGL Background Thread 3 ] DEBUG Engine               - actualHeightProperty: ReadOnlyDoubleProperty [value: 500.0]
21:19:51.273 [FXGL Background Thread 3 ] DEBUG Engine               - actualWidth: 800.0
21:19:51.274 [FXGL Background Thread 3 ] DEBUG Engine               - actualWidthProperty: ReadOnlyDoubleProperty [value: 800.0]
21:19:51.274 [FXGL Background Thread 3 ] DEBUG Engine               - appIcon: Escape.png
21:19:51.274 [FXGL Background Thread 3 ] DEBUG Engine               - applicationMode: DEVELOPER
21:19:51.274 [FXGL Background Thread 3 ] DEBUG Engine               - cSSList: [fxgl_dark.css]
21:19:51.274 [FXGL Background Thread 3 ] DEBUG Engine               - collisionDetectionStrategy: BRUTE_FORCE
21:19:51.274 [FXGL Background Thread 3 ] DEBUG Engine               - configClass: Optional.empty
21:19:51.275 [FXGL Background Thread 3 ] DEBUG Engine               - credits: []
21:19:51.275 [FXGL Background Thread 3 ] DEBUG Engine               - defaultCursor: CursorInfo(imageName=fxgl_default_cursor.png, hotspotX=7.0, hotspotY=6.0)
21:19:51.275 [FXGL Background Thread 3 ] DEBUG Engine               - devBBoxColorProperty: ObjectProperty [value: 0xff0000ff]
21:19:51.275 [FXGL Background Thread 3 ] DEBUG Engine               - devEnableDebugCameraProperty: BooleanProperty [value: false]
21:19:51.276 [FXGL Background Thread 3 ] DEBUG Engine               - devSensorColorProperty: ObjectProperty [value: 0xffff00ff]
21:19:51.276 [FXGL Background Thread 3 ] DEBUG Engine               - devShowBBoxProperty: BooleanProperty [value: false]
21:19:51.276 [FXGL Background Thread 3 ] DEBUG Engine               - devShowPositionProperty: BooleanProperty [value: false]
21:19:51.276 [FXGL Background Thread 3 ] DEBUG Engine               - enabledMenuItems: []
21:19:51.276 [FXGL Background Thread 3 ] DEBUG Engine               - engineServices: [class com.almasb.fxgl.app.services.FXGLAssetLoaderService, class com.almasb.fxgl.app.FXGLApplication$GameApplicationService, class com.almasb.fxgl.app.services.FXGLDialogService, class com.almasb.fxgl.app.services.IOTaskExecutorService, class com.almasb.fxgl.io.FileSystemService, class com.almasb.fxgl.localization.LocalizationService, class com.almasb.fxgl.app.services.SystemBundleService, class com.almasb.fxgl.profile.SaveLoadService, class com.almasb.fxgl.ui.FXGLUIFactoryServiceProvider, class com.almasb.fxgl.ui.FXGLDialogFactoryServiceProvider, class com.almasb.fxgl.audio.AudioPlayer, class com.almasb.fxgl.notification.impl.NotificationServiceProvider, class com.almasb.fxgl.achievement.AchievementService, class com.almasb.fxgl.cutscene.CutsceneService, class com.almasb.fxgl.minigames.MiniGameService, class com.almasb.fxgl.net.NetService, class com.almasb.fxgl.app.services.UpdaterService, class com.almasb.fxgl.dev.DevService]
21:19:51.276 [FXGL Background Thread 3 ] DEBUG Engine               - fontGame: Abel-Regular.ttf
21:19:51.276 [FXGL Background Thread 3 ] DEBUG Engine               - fontMono: TerminalLandMono-Regular.otf
21:19:51.276 [FXGL Background Thread 3 ] DEBUG Engine               - fontText: Courier-Prime.ttf
21:19:51.277 [FXGL Background Thread 3 ] DEBUG Engine               - fontUI: VarelaRound-Regular.ttf
21:19:51.277 [FXGL Background Thread 3 ] DEBUG Engine               - fullScreen: BooleanProperty [value: false]
21:19:51.277 [FXGL Background Thread 3 ] DEBUG Engine               - gameDifficulty: MEDIUM
21:19:51.277 [FXGL Background Thread 3 ] DEBUG Engine               - gameDifficultyProperty: ObjectProperty [value: MEDIUM]
21:19:51.277 [FXGL Background Thread 3 ] DEBUG Engine               - globalMusicVolume: 0.5
21:19:51.277 [FXGL Background Thread 3 ] DEBUG Engine               - globalMusicVolumeProperty: DoubleProperty [value: 0.5]
21:19:51.277 [FXGL Background Thread 3 ] DEBUG Engine               - globalSoundVolume: 0.5
21:19:51.277 [FXGL Background Thread 3 ] DEBUG Engine               - globalSoundVolumeProperty: DoubleProperty [value: 0.5]
21:19:51.277 [FXGL Background Thread 3 ] DEBUG Engine               - height: 500
21:19:51.277 [FXGL Background Thread 3 ] DEBUG Engine               - is3D: false
21:19:51.277 [FXGL Background Thread 3 ] DEBUG Engine               - isAndroid: false
21:19:51.277 [FXGL Background Thread 3 ] DEBUG Engine               - isBrowser: false
21:19:51.278 [FXGL Background Thread 3 ] DEBUG Engine               - isClickFeedbackEnabled: false
21:19:51.278 [FXGL Background Thread 3 ] DEBUG Engine               - isCloseConfirmation: false
21:19:51.278 [FXGL Background Thread 3 ] DEBUG Engine               - isDesktop: true
21:19:51.278 [FXGL Background Thread 3 ] DEBUG Engine               - isDeveloperMenuEnabled: false
21:19:51.278 [FXGL Background Thread 3 ] DEBUG Engine               - isEmbedded: false
21:19:51.278 [FXGL Background Thread 3 ] DEBUG Engine               - isEntityPreloadEnabled: true
21:19:51.278 [FXGL Background Thread 3 ] DEBUG Engine               - isExperimentalTiledLargeMap: false
21:19:51.278 [FXGL Background Thread 3 ] DEBUG Engine               - isFileSystemWriteAllowed: true
21:19:51.278 [FXGL Background Thread 3 ] DEBUG Engine               - isFullScreenAllowed: false
21:19:51.278 [FXGL Background Thread 3 ] DEBUG Engine               - isFullScreenFromStart: false
21:19:51.278 [FXGL Background Thread 3 ] DEBUG Engine               - isGameMenuEnabled: true
21:19:51.278 [FXGL Background Thread 3 ] DEBUG Engine               - isIOS: false
21:19:51.278 [FXGL Background Thread 3 ] DEBUG Engine               - isIntroEnabled: false
21:19:51.278 [FXGL Background Thread 3 ] DEBUG Engine               - isLinux: false
21:19:51.278 [FXGL Background Thread 3 ] DEBUG Engine               - isMac: false
21:19:51.278 [FXGL Background Thread 3 ] DEBUG Engine               - isMainMenuEnabled: false
21:19:51.278 [FXGL Background Thread 3 ] DEBUG Engine               - isManualResizeEnabled: false
21:19:51.278 [FXGL Background Thread 3 ] DEBUG Engine               - isMobile: false
21:19:51.278 [FXGL Background Thread 3 ] DEBUG Engine               - isNative: false
21:19:51.278 [FXGL Background Thread 3 ] DEBUG Engine               - isPauseMusicWhenMinimized: true
21:19:51.278 [FXGL Background Thread 3 ] DEBUG Engine               - isPreserveResizeRatio: false
21:19:51.278 [FXGL Background Thread 3 ] DEBUG Engine               - isProfilingEnabled: false
21:19:51.278 [FXGL Background Thread 3 ] DEBUG Engine               - isScaleAffectedOnResize: true
21:19:51.278 [FXGL Background Thread 3 ] DEBUG Engine               - isSingleStep: false
21:19:51.278 [FXGL Background Thread 3 ] DEBUG Engine               - isUserProfileEnabled: false
21:19:51.278 [FXGL Background Thread 3 ] DEBUG Engine               - isWindows: true
21:19:51.278 [FXGL Background Thread 3 ] DEBUG Engine               - language: ObjectProperty [value: ENGLISH]
21:19:51.278 [FXGL Background Thread 3 ] DEBUG Engine               - menuKey: ESCAPE
21:19:51.278 [FXGL Background Thread 3 ] DEBUG Engine               - mouseSensitivity: 0.2
21:19:51.278 [FXGL Background Thread 3 ] DEBUG Engine               - notificationViewClass: class com.almasb.fxgl.notification.view.XboxNotificationView
21:19:51.279 [FXGL Background Thread 3 ] DEBUG Engine               - pixelsPerMeter: 50.0
21:19:51.279 [FXGL Background Thread 3 ] DEBUG Engine               - platform: WINDOWS
21:19:51.279 [FXGL Background Thread 3 ] DEBUG Engine               - prefHeightProperty: ReadOnlyDoubleProperty [value: 500.0]
21:19:51.279 [FXGL Background Thread 3 ] DEBUG Engine               - prefWidthProperty: ReadOnlyDoubleProperty [value: 800.0]
21:19:51.279 [FXGL Background Thread 3 ] DEBUG Engine               - profileDir: profiles/
21:19:51.279 [FXGL Background Thread 3 ] DEBUG Engine               - profileName: StringProperty [value: DEFAULT]
21:19:51.279 [FXGL Background Thread 3 ] DEBUG Engine               - randomSeed: -1
21:19:51.279 [FXGL Background Thread 3 ] DEBUG Engine               - runtimeInfo: RuntimeInfo(platform=WINDOWS, version=17.2, build=20.08.2022 16.50)
21:19:51.279 [FXGL Background Thread 3 ] DEBUG Engine               - saveFileExt: sav
21:19:51.279 [FXGL Background Thread 3 ] DEBUG Engine               - scaledHeightProp$fxgl: DoubleProperty [bound, value: 500.0]
21:19:51.280 [FXGL Background Thread 3 ] DEBUG Engine               - scaledWidthProp$fxgl: DoubleProperty [bound, value: 800.0]
21:19:51.280 [FXGL Background Thread 3 ] DEBUG Engine               - sceneFactory: com.almasb.fxgl.app.scene.SceneFactory@4594b49b
21:19:51.280 [FXGL Background Thread 3 ] DEBUG Engine               - secondsIn24h: 60
21:19:51.280 [FXGL Background Thread 3 ] DEBUG Engine               - soundMenuBack: menu/back.wav
21:19:51.280 [FXGL Background Thread 3 ] DEBUG Engine               - soundMenuPress: menu/press.wav
21:19:51.280 [FXGL Background Thread 3 ] DEBUG Engine               - soundMenuSelect: menu/select.wav
21:19:51.280 [FXGL Background Thread 3 ] DEBUG Engine               - soundNotification: core/notification.wav
21:19:51.280 [FXGL Background Thread 3 ] DEBUG Engine               - stageStyle: DECORATED
21:19:51.280 [FXGL Background Thread 3 ] DEBUG Engine               - supportedLanguages: [ENGLISH, FRENCH, GERMAN, HUNGARIAN, RUSSIAN]
21:19:51.280 [FXGL Background Thread 3 ] DEBUG Engine               - ticksPerSecond: -1
21:19:51.280 [FXGL Background Thread 3 ] DEBUG Engine               - title: Escape
21:19:51.280 [FXGL Background Thread 3 ] DEBUG Engine               - urlGithub: https://github.com/AlmasB/FXGL
21:19:51.280 [FXGL Background Thread 3 ] DEBUG Engine               - urlLeaderboard: http://fxgl-top.herokuapp.com/
21:19:51.280 [FXGL Background Thread 3 ] DEBUG Engine               - urlPOM: https://raw.githubusercontent.com/AlmasB/FXGL/release/README.md
21:19:51.280 [FXGL Background Thread 3 ] DEBUG Engine               - userAppClass: class com.Moonhalf.JavaGame.Escape
21:19:51.280 [FXGL Background Thread 3 ] DEBUG Engine               - version: 0.1
21:19:51.280 [FXGL Background Thread 3 ] DEBUG Engine               - versionCheckDays: 7
21:19:51.280 [FXGL Background Thread 3 ] DEBUG Engine               - width: 800
21:19:51.280 [FXGL Background Thread 3 ] DEBUG Engine               - Logging services
21:19:51.280 [FXGL Background Thread 3 ] DEBUG Engine               - class com.almasb.fxgl.app.services.FXGLAssetLoaderService
21:19:51.280 [FXGL Background Thread 3 ] DEBUG Engine               - class com.almasb.fxgl.app.FXGLApplication$GameApplicationService
21:19:51.280 [FXGL Background Thread 3 ] DEBUG Engine               - class com.almasb.fxgl.app.services.FXGLDialogService
21:19:51.280 [FXGL Background Thread 3 ] DEBUG Engine               - class com.almasb.fxgl.app.services.IOTaskExecutorService
21:19:51.280 [FXGL Background Thread 3 ] DEBUG Engine               - class com.almasb.fxgl.io.FileSystemService
21:19:51.280 [FXGL Background Thread 3 ] DEBUG Engine               - class com.almasb.fxgl.localization.LocalizationService
21:19:51.280 [FXGL Background Thread 3 ] DEBUG Engine               - class com.almasb.fxgl.app.services.SystemBundleService
21:19:51.280 [FXGL Background Thread 3 ] DEBUG Engine               - class com.almasb.fxgl.profile.SaveLoadService
21:19:51.280 [FXGL Background Thread 3 ] DEBUG Engine               - class com.almasb.fxgl.ui.FXGLUIFactoryServiceProvider
21:19:51.280 [FXGL Background Thread 3 ] DEBUG Engine               - class com.almasb.fxgl.ui.FXGLDialogFactoryServiceProvider
21:19:51.280 [FXGL Background Thread 3 ] DEBUG Engine               - class com.almasb.fxgl.audio.AudioPlayer
21:19:51.280 [FXGL Background Thread 3 ] DEBUG Engine               - class com.almasb.fxgl.notification.impl.NotificationServiceProvider
21:19:51.280 [FXGL Background Thread 3 ] DEBUG Engine               - class com.almasb.fxgl.achievement.AchievementService
21:19:51.280 [FXGL Background Thread 3 ] DEBUG Engine               - class com.almasb.fxgl.cutscene.CutsceneService
21:19:51.280 [FXGL Background Thread 3 ] DEBUG Engine               - class com.almasb.fxgl.minigames.MiniGameService
21:19:51.281 [FXGL Background Thread 3 ] DEBUG Engine               - class com.almasb.fxgl.net.NetService
21:19:51.281 [FXGL Background Thread 3 ] DEBUG Engine               - class com.almasb.fxgl.app.services.UpdaterService
21:19:51.281 [FXGL Background Thread 3 ] DEBUG Engine               - class com.almasb.fxgl.dev.DevService
21:19:58.488 [JavaFX Application Thread] DEBUG FXGLApplication      - Exiting FXGL
21:19:58.488 [JavaFX Application Thread] DEBUG LoopRunner           - Stopping loop
21:19:58.488 [JavaFX Application Thread] DEBUG SystemBundleService  - Saving FXGL system data
21:19:58.490 [JavaFX Application Thread] DEBUG FileSystemAccess     - Writing to: C:\Users\Lenovo\OneDrive - CUHK-Shenzhen\桌面\javaGame\system\fxgl.bundle
21:19:58.492 [JavaFX Application Thread] DEBUG Async                - Shutting down background threads
21:19:58.492 [JavaFX Application Thread] DEBUG PrimaryStageWindow   - Closing main window
21:19:58.520 [JavaFX Application Thread] DEBUG Logger               - Closing Logger
